Running Sparkless Test Suite (Overhauled)
==========================================
Backend: robin
Running with Robin backend (Sparkless + robin-sparkless)

âœ… pytest-xdist available - using parallel execution (10 workers)
Running unit tests...
============================= test session starts ==============================
platform darwin -- Python 3.11.13, pytest-8.4.2, pluggy-1.6.0 -- /Users/odosmatthews/.pyenv/versions/3.11.13/bin/python3
cachedir: .pytest_cache
hypothesis profile 'ci' -> database=None, deadline=None, print_blob=True, derandomize=True, suppress_health_check=(HealthCheck.too_slow,)
rootdir: /Users/odosmatthews/Documents/coding/sparkless
configfile: pyproject.toml
plugins: anyio-4.11.0, cov-7.0.0, green-light-0.2.0, asyncio-1.2.0, xdist-3.8.0, timeout-2.4.0, hypothesis-6.148.7, alt-pytest-asyncio-0.9.3, async-sqlalchemy-0.2.0
asyncio: mode=Mode.STRICT, debug=False, asyncio_default_fixture_loop_scope=None, asyncio_default_test_loop_scope=function
timeout: 300.0s
timeout method: thread
timeout func_only: False
created: 10/10 workers
10 workers [1035 items]

scheduling tests via LoadFileScheduling

tests/unit/test_issues_225_231.py::TestIssue225StringToNumericCoercion::test_string_eq_numeric_int 
tests/unit/dataframe/test_withfield.py::TestWithField::test_withfield_add_new_field 
tests/unit/dataframe/test_column_astype.py::TestColumnAstype::test_basic_astype_string 
tests/unit/dataframe/test_inferschema_parity.py::TestInferSchemaParity::test_csv_default_no_infer_schema 
tests/unit/test_column_case_variations.py::TestColumnCaseVariations::test_select_all_case_variations 
tests/unit/test_create_map.py::TestCreateMap::test_create_map_with_literals 
tests/unit/dataframe/test_fillna_subset.py::TestFillnaSubset::test_fillna_subset_string_single_column 
tests/unit/functions/test_column_ordering.py::TestColumnOrderingNulls::test_desc_nulls_last_basic 
tests/unit/dataframe/test_union_type_coercion.py::TestUnionTypeCoercion::test_union_int64_with_string 
tests/unit/dataframe/test_chained_arithmetic.py::TestChainedArithmetic::test_reverse_multiplication 
[gw0] [  0%] PASSED tests/unit/dataframe/test_inferschema_parity.py::TestInferSchemaParity::test_csv_default_no_infer_schema 
[gw2] [  0%] PASSED tests/unit/dataframe/test_fillna_subset.py::TestFillnaSubset::test_fillna_subset_string_single_column 
tests/unit/dataframe/test_inferschema_parity.py::TestInferSchemaParity::test_csv_explicit_infer_schema_false 
[gw9] [  0%] PASSED tests/unit/dataframe/test_union_type_coercion.py::TestUnionTypeCoercion::test_union_int64_with_string 
[gw0] [  0%] PASSED tests/unit/dataframe/test_inferschema_parity.py::TestInferSchemaParity::test_csv_explicit_infer_schema_false 
tests/unit/dataframe/test_fillna_subset.py::TestFillnaSubset::test_fillna_subset_list_multiple_columns 
[gw2] [  0%] PASSED tests/unit/dataframe/test_fillna_subset.py::TestFillnaSubset::test_fillna_subset_list_multiple_columns 
tests/unit/dataframe/test_inferschema_parity.py::TestInferSchemaParity::test_csv_explicit_infer_schema_true 
tests/unit/dataframe/test_union_type_coercion.py::TestUnionTypeCoercion::test_union_string_with_int64 
[gw6] [  0%] FAILED tests/unit/dataframe/test_column_astype.py::TestColumnAstype::test_basic_astype_string 
[gw7] [  0%] FAILED tests/unit/functions/test_column_ordering.py::TestColumnOrderingNulls::test_desc_nulls_last_basic 
[gw0] [  0%] PASSED tests/unit/dataframe/test_inferschema_parity.py::TestInferSchemaParity::test_csv_explicit_infer_schema_true 
[gw3] [  0%] FAILED tests/unit/test_create_map.py::TestCreateMap::test_create_map_with_literals 
tests/unit/dataframe/test_fillna_subset.py::TestFillnaSubset::test_fillna_subset_tuple_multiple_columns 
[gw2] [  0%] PASSED tests/unit/dataframe/test_fillna_subset.py::TestFillnaSubset::test_fillna_subset_tuple_multiple_columns 
[gw1] [  1%] FAILED tests/unit/test_issues_225_231.py::TestIssue225StringToNumericCoercion::test_string_eq_numeric_int 
[gw4] [  1%] FAILED tests/unit/dataframe/test_chained_arithmetic.py::TestChainedArithmetic::test_reverse_multiplication 
tests/unit/dataframe/test_chained_arithmetic.py::TestChainedArithmetic::test_reverse_addition 
tests/unit/test_issues_225_231.py::TestIssue225StringToNumericCoercion::test_string_eq_numeric_float 
[gw9] [  1%] FAILED tests/unit/dataframe/test_union_type_coercion.py::TestUnionTypeCoercion::test_union_string_with_int64 
[gw5] [  1%] FAILED tests/unit/dataframe/test_withfield.py::TestWithField::test_withfield_add_new_field 
tests/unit/dataframe/test_inferschema_parity.py::TestInferSchemaParity::test_csv_no_header_default_behavior 
[gw8] [  1%] FAILED tests/unit/test_column_case_variations.py::TestColumnCaseVariations::test_select_all_case_variations 
tests/unit/test_create_map.py::TestCreateMap::test_create_map_with_column_values 
tests/unit/dataframe/test_fillna_subset.py::TestFillnaSubset::test_fillna_subset_only_specified_columns_filled 
[gw3] [  1%] FAILED tests/unit/test_create_map.py::TestCreateMap::test_create_map_with_column_values 
tests/unit/test_create_map.py::TestCreateMap::test_create_map_multiple_pairs 
tests/unit/test_column_case_variations.py::TestColumnCaseVariations::test_select_with_f_col_all_cases 
[gw8] [  1%] FAILED tests/unit/test_column_case_variations.py::TestColumnCaseVariations::test_select_with_f_col_all_cases 
tests/unit/test_column_case_variations.py::TestColumnCaseVariations::test_filter_all_case_variations 
tests/unit/dataframe/test_withfield.py::TestWithField::test_withfield_replace_existing_field 
[gw5] [  1%] FAILED tests/unit/dataframe/test_withfield.py::TestWithField::test_withfield_replace_existing_field 
tests/unit/dataframe/test_union_type_coercion.py::TestUnionTypeCoercion::test_union_int32_with_string 
[gw9] [  1%] PASSED tests/unit/dataframe/test_union_type_coercion.py::TestUnionTypeCoercion::test_union_int32_with_string 
[gw4] [  1%] FAILED tests/unit/dataframe/test_chained_arithmetic.py::TestChainedArithmetic::test_reverse_addition 
tests/unit/dataframe/test_column_astype.py::TestColumnAstype::test_basic_astype_int 
[gw6] [  2%] FAILED tests/unit/dataframe/test_column_astype.py::TestColumnAstype::test_basic_astype_int 
tests/unit/dataframe/test_column_astype.py::TestColumnAstype::test_astype_on_column_operation 
[gw2] [  2%] PASSED tests/unit/dataframe/test_fillna_subset.py::TestFillnaSubset::test_fillna_subset_only_specified_columns_filled 
tests/unit/functions/test_column_ordering.py::TestColumnOrderingNulls::test_desc_nulls_first 
[gw0] [  2%] PASSED tests/unit/dataframe/test_inferschema_parity.py::TestInferSchemaParity::test_csv_no_header_default_behavior 
tests/unit/dataframe/test_fillna_subset.py::TestFillnaSubset::test_fillna_subset_other_columns_unchanged 
[gw2] [  2%] PASSED tests/unit/dataframe/test_fillna_subset.py::TestFillnaSubset::test_fillna_subset_other_columns_unchanged 
[gw1] [  2%] FAILED tests/unit/test_issues_225_231.py::TestIssue225StringToNumericCoercion::test_string_eq_numeric_float 
[gw7] [  2%] FAILED tests/unit/functions/test_column_ordering.py::TestColumnOrderingNulls::test_desc_nulls_first 
[gw3] [  2%] FAILED tests/unit/test_create_map.py::TestCreateMap::test_create_map_multiple_pairs 
[gw6] [  2%] FAILED tests/unit/dataframe/test_column_astype.py::TestColumnAstype::test_astype_on_column_operation 
tests/unit/test_issues_225_231.py::TestIssue225StringToNumericCoercion::test_string_lt_numeric 
tests/unit/functions/test_column_ordering.py::TestColumnOrderingNulls::test_asc_nulls_last 
tests/unit/dataframe/test_withfield.py::TestWithField::test_withfield_with_column_expression 
tests/unit/dataframe/test_union_type_coercion.py::TestUnionTypeCoercion::test_union_float_with_string 
[gw9] [  2%] PASSED tests/unit/dataframe/test_union_type_coercion.py::TestUnionTypeCoercion::test_union_float_with_string 
tests/unit/dataframe/test_union_type_coercion.py::TestUnionTypeCoercion::test_union_int32_with_int64 
[gw5] [  2%] FAILED tests/unit/dataframe/test_withfield.py::TestWithField::test_withfield_with_column_expression 
tests/unit/dataframe/test_inferschema_parity.py::TestInferSchemaParity::test_mixed_int_float_raises_error 
[gw8] [  2%] FAILED tests/unit/test_column_case_variations.py::TestColumnCaseVariations::test_filter_all_case_variations 
tests/unit/test_column_case_variations.py::TestColumnCaseVariations::test_groupBy_all_case_variations 
[gw8] [  3%] PASSED tests/unit/test_column_case_variations.py::TestColumnCaseVariations::test_groupBy_all_case_variations 
tests/unit/test_column_case_variations.py::TestColumnCaseVariations::test_agg_all_case_variations 
[gw8] [  3%] PASSED tests/unit/test_column_case_variations.py::TestColumnCaseVariations::test_agg_all_case_variations 
[gw9] [  3%] PASSED tests/unit/dataframe/test_union_type_coercion.py::TestUnionTypeCoercion::test_union_int32_with_int64 
[gw0] [  3%] PASSED tests/unit/dataframe/test_inferschema_parity.py::TestInferSchemaParity::test_mixed_int_float_raises_error 
tests/unit/test_column_case_variations.py::TestColumnCaseVariations::test_orderBy_all_case_variations 
tests/unit/dataframe/test_inferschema_parity.py::TestInferSchemaParity::test_create_dataframe_type_inference 
[gw0] [  3%] PASSED tests/unit/dataframe/test_inferschema_parity.py::TestInferSchemaParity::test_create_dataframe_type_inference 
tests/unit/dataframe/test_inferschema_parity.py::TestInferSchemaParity::test_csv_infer_schema_with_numeric_strings 
[gw1] [  3%] FAILED tests/unit/test_issues_225_231.py::TestIssue225StringToNumericCoercion::test_string_lt_numeric 
tests/unit/dataframe/test_column_astype.py::TestColumnAstype::test_astype_issue_239_example 
tests/unit/dataframe/test_chained_arithmetic.py::TestChainedArithmetic::test_reverse_subtraction 
[gw4] [  3%] FAILED tests/unit/dataframe/test_chained_arithmetic.py::TestChainedArithmetic::test_reverse_subtraction 
[gw7] [  3%] FAILED tests/unit/functions/test_column_ordering.py::TestColumnOrderingNulls::test_asc_nulls_last 
tests/unit/dataframe/test_chained_arithmetic.py::TestChainedArithmetic::test_reverse_division 
tests/unit/dataframe/test_withfield.py::TestWithField::test_withfield_with_computed_expression 
tests/unit/dataframe/test_union_type_coercion.py::TestUnionTypeCoercion::test_union_int_with_float 
[gw9] [  3%] PASSED tests/unit/dataframe/test_union_type_coercion.py::TestUnionTypeCoercion::test_union_int_with_float 
tests/unit/dataframe/test_fillna_subset.py::TestFillnaSubset::test_fillna_dict_value_ignores_subset 
tests/unit/test_create_map.py::TestCreateMap::test_create_map_with_null_values 
[gw2] [  3%] PASSED tests/unit/dataframe/test_fillna_subset.py::TestFillnaSubset::test_fillna_dict_value_ignores_subset 
[gw3] [  4%] FAILED tests/unit/test_create_map.py::TestCreateMap::test_create_map_with_null_values 
tests/unit/test_create_map.py::TestCreateMap::test_create_map_validation_odd_args 
[gw3] [  4%] PASSED tests/unit/test_create_map.py::TestCreateMap::test_create_map_validation_odd_args 
tests/unit/test_create_map.py::TestCreateMap::test_create_map_empty_returns_empty_map 
tests/unit/dataframe/test_union_type_coercion.py::TestUnionTypeCoercion::test_union_issue_242_exact_scenario 
[gw9] [  4%] PASSED tests/unit/dataframe/test_union_type_coercion.py::TestUnionTypeCoercion::test_union_issue_242_exact_scenario 
[gw0] [  4%] PASSED tests/unit/dataframe/test_inferschema_parity.py::TestInferSchemaParity::test_csv_infer_schema_with_numeric_strings 
[gw5] [  4%] FAILED tests/unit/dataframe/test_withfield.py::TestWithField::test_withfield_with_computed_expression 
tests/unit/dataframe/test_fillna_subset.py::TestFillnaSubset::test_fillna_subset_nonexistent_column_raises_error 
[gw2] [  4%] PASSED tests/unit/dataframe/test_fillna_subset.py::TestFillnaSubset::test_fillna_subset_nonexistent_column_raises_error 
[gw8] [  4%] FAILED tests/unit/test_column_case_variations.py::TestColumnCaseVariations::test_orderBy_all_case_variations 
[gw6] [  4%] FAILED tests/unit/dataframe/test_column_astype.py::TestColumnAstype::test_astype_issue_239_example 
tests/unit/dataframe/test_inferschema_parity.py::TestInferSchemaParity::test_csv_infer_schema_boolean_strings 
[gw0] [  4%] PASSED tests/unit/dataframe/test_inferschema_parity.py::TestInferSchemaParity::test_csv_infer_schema_boolean_strings 
[gw3] [  4%] FAILED tests/unit/test_create_map.py::TestCreateMap::test_create_map_empty_returns_empty_map 
tests/unit/dataframe/test_union_type_coercion.py::TestUnionTypeCoercionParity::test_pyspark_parity_int64_string 
[gw9] [  5%] PASSED tests/unit/dataframe/test_union_type_coercion.py::TestUnionTypeCoercionParity::test_pyspark_parity_int64_string 
tests/unit/dataframe/test_withfield.py::TestWithField::test_withfield_multiple_chained 
tests/unit/dataframe/test_fillna_subset.py::TestFillnaSubset::test_fillna_subset_multiple_nonexistent_columns_raises_error 
[gw2] [  5%] PASSED tests/unit/dataframe/test_fillna_subset.py::TestFillnaSubset::test_fillna_subset_multiple_nonexistent_columns_raises_error 
tests/unit/test_column_case_variations.py::TestColumnCaseVariations::test_withColumn_all_case_variations 
tests/unit/test_create_map.py::TestCreateMap::test_create_map_empty_list_returns_empty_map 
[gw4] [  5%] FAILED tests/unit/dataframe/test_chained_arithmetic.py::TestChainedArithmetic::test_reverse_division 
tests/unit/functions/test_column_ordering.py::TestColumnOrderingNulls::test_asc_nulls_first 
tests/unit/dataframe/test_column_astype.py::TestColumnAstype::test_astype_with_datatype_object 
tests/unit/test_issues_225_231.py::TestIssue225StringToNumericCoercion::test_string_le_numeric 
tests/unit/dataframe/test_inferschema_parity.py::TestInferSchemaParity::test_csv_with_leading_zeros 
tests/unit/dataframe/test_union_type_coercion.py::TestUnionTypeCoercionParity::test_pyspark_parity_string_int64 
tests/unit/dataframe/test_chained_arithmetic.py::TestChainedArithmetic::test_reverse_modulo 
tests/unit/dataframe/test_fillna_subset.py::TestFillnaSubset::test_fillna_subset_empty_list 
[gw2] [  5%] PASSED tests/unit/dataframe/test_fillna_subset.py::TestFillnaSubset::test_fillna_subset_empty_list 
[gw5] [  5%] FAILED tests/unit/dataframe/test_withfield.py::TestWithField::test_withfield_multiple_chained 
[gw6] [  5%] FAILED tests/unit/dataframe/test_column_astype.py::TestColumnAstype::test_astype_with_datatype_object 
[gw4] [  5%] FAILED tests/unit/dataframe/test_chained_arithmetic.py::TestChainedArithmetic::test_reverse_modulo 
[gw3] [  5%] FAILED tests/unit/test_create_map.py::TestCreateMap::test_create_map_empty_list_returns_empty_map 
[gw8] [  5%] FAILED tests/unit/test_column_case_variations.py::TestColumnCaseVariations::test_withColumn_all_case_variations 
tests/unit/dataframe/test_column_astype.py::TestColumnAstype::test_astype_equals_cast 
tests/unit/test_create_map.py::TestCreateMap::test_create_map_in_withcolumn 
[gw9] [  5%] FAILED tests/unit/dataframe/test_union_type_coercion.py::TestUnionTypeCoercionParity::test_pyspark_parity_string_int64 
[gw7] [  5%] FAILED tests/unit/functions/test_column_ordering.py::TestColumnOrderingNulls::test_asc_nulls_first 
[gw1] [  6%] FAILED tests/unit/test_issues_225_231.py::TestIssue225StringToNumericCoercion::test_string_le_numeric 
tests/unit/dataframe/test_chained_arithmetic.py::TestChainedArithmetic::test_chained_arithmetic_issue_237_example 
tests/unit/dataframe/test_fillna_subset.py::TestFillnaSubset::test_fillna_subset_all_columns 
tests/unit/dataframe/test_union_type_coercion.py::TestUnionTypeCoercionParity::test_pyspark_parity_multiple_numeric_string_columns 
[gw0] [  6%] PASSED tests/unit/dataframe/test_inferschema_parity.py::TestInferSchemaParity::test_csv_with_leading_zeros 
[gw2] [  6%] PASSED tests/unit/dataframe/test_fillna_subset.py::TestFillnaSubset::test_fillna_subset_all_columns 
tests/unit/test_column_case_variations.py::TestColumnCaseVariations::test_withColumnRenamed_all_case_variations 
[gw9] [  6%] PASSED tests/unit/dataframe/test_union_type_coercion.py::TestUnionTypeCoercionParity::test_pyspark_parity_multiple_numeric_string_columns 
tests/unit/dataframe/test_withfield.py::TestWithField::test_withfield_null_struct 
tests/unit/dataframe/test_fillna_subset.py::TestFillnaSubset::test_fillna_no_subset_backward_compatibility 
tests/unit/dataframe/test_union_type_coercion.py::TestUnionTypeCoercionParity::test_pyspark_parity_null_values 
tests/unit/functions/test_column_ordering.py::TestColumnOrderingNulls::test_desc_nulls_last_integers 
[gw4] [  6%] FAILED tests/unit/dataframe/test_chained_arithmetic.py::TestChainedArithmetic::test_chained_arithmetic_issue_237_example 
tests/unit/dataframe/test_chained_arithmetic.py::TestChainedArithmetic::test_complex_chained_operations 
[gw2] [  6%] PASSED tests/unit/dataframe/test_fillna_subset.py::TestFillnaSubset::test_fillna_no_subset_backward_compatibility 
tests/unit/dataframe/test_fillna_subset.py::TestFillnaSubset::test_fillna_subset_issue_234_example 
[gw2] [  6%] PASSED tests/unit/dataframe/test_fillna_subset.py::TestFillnaSubset::test_fillna_subset_issue_234_example 
tests/unit/dataframe/test_fillna_subset.py::TestFillnaSubset::test_fillna_subset_issue_234_string_variant 
[gw2] [  6%] PASSED tests/unit/dataframe/test_fillna_subset.py::TestFillnaSubset::test_fillna_subset_issue_234_string_variant 
tests/unit/dataframe/test_fillna_subset.py::TestFillnaSubset::test_fillna_subset_numeric_value 
[gw8] [  6%] PASSED tests/unit/test_column_case_variations.py::TestColumnCaseVariations::test_withColumnRenamed_all_case_variations 
tests/unit/test_column_case_variations.py::TestColumnCaseVariations::test_drop_all_case_variations 
[gw8] [  6%] PASSED tests/unit/test_column_case_variations.py::TestColumnCaseVariations::test_drop_all_case_variations 
tests/unit/test_column_case_variations.py::TestColumnCaseVariations::test_join_all_case_variations 
[gw8] [  7%] FAILED tests/unit/test_column_case_variations.py::TestColumnCaseVariations::test_join_all_case_variations 
[gw6] [  7%] FAILED tests/unit/dataframe/test_column_astype.py::TestColumnAstype::test_astype_equals_cast 
tests/unit/dataframe/test_column_astype.py::TestColumnAstype::test_astype_in_select 
[gw7] [  7%] FAILED tests/unit/functions/test_column_ordering.py::TestColumnOrderingNulls::test_desc_nulls_last_integers 
tests/unit/functions/test_column_ordering.py::TestColumnOrderingNulls::test_desc_nulls_last_all_nulls 
[gw3] [  7%] FAILED tests/unit/test_create_map.py::TestCreateMap::test_create_map_in_withcolumn 
tests/unit/test_create_map.py::TestCreateMap::test_create_map_after_filter 
[gw9] [  7%] PASSED tests/unit/dataframe/test_union_type_coercion.py::TestUnionTypeCoercionParity::test_pyspark_parity_null_values 
tests/unit/test_issues_225_231.py::TestIssue225StringToNumericCoercion::test_string_gt_numeric 
[gw1] [  7%] FAILED tests/unit/test_issues_225_231.py::TestIssue225StringToNumericCoercion::test_string_gt_numeric 
[gw5] [  7%] FAILED tests/unit/dataframe/test_withfield.py::TestWithField::test_withfield_null_struct 
tests/unit/dataframe/test_withfield.py::TestWithField::test_withfield_issue_235_example 
tests/unit/dataframe/test_inferschema_parity.py::TestInferSchemaParity::test_csv_with_negative_numbers 
[gw0] [  7%] PASSED tests/unit/dataframe/test_inferschema_parity.py::TestInferSchemaParity::test_csv_with_negative_numbers 
tests/unit/dataframe/test_inferschema_parity.py::TestInferSchemaParity::test_csv_with_scientific_notation 
[gw2] [  7%] PASSED tests/unit/dataframe/test_fillna_subset.py::TestFillnaSubset::test_fillna_subset_numeric_value 
[gw6] [  7%] FAILED tests/unit/dataframe/test_column_astype.py::TestColumnAstype::test_astype_in_select 
tests/unit/test_column_case_variations.py::TestColumnCaseVariations::test_unionByName_all_case_variations 
[gw8] [  8%] PASSED tests/unit/test_column_case_variations.py::TestColumnCaseVariations::test_unionByName_all_case_variations 
[gw0] [  8%] PASSED tests/unit/dataframe/test_inferschema_parity.py::TestInferSchemaParity::test_csv_with_scientific_notation 
tests/unit/dataframe/test_fillna_subset.py::TestFillnaSubset::test_fillna_subset_boolean_values 
[gw2] [  8%] PASSED tests/unit/dataframe/test_fillna_subset.py::TestFillnaSubset::test_fillna_subset_boolean_values 
[gw5] [  8%] FAILED tests/unit/dataframe/test_withfield.py::TestWithField::test_withfield_issue_235_example 
tests/unit/test_issues_225_231.py::TestIssue225StringToNumericCoercion::test_string_ge_numeric 
[gw4] [  8%] FAILED tests/unit/dataframe/test_chained_arithmetic.py::TestChainedArithmetic::test_complex_chained_operations 
[gw3] [  8%] FAILED tests/unit/test_create_map.py::TestCreateMap::test_create_map_after_filter 
[gw7] [  8%] FAILED tests/unit/functions/test_column_ordering.py::TestColumnOrderingNulls::test_desc_nulls_last_all_nulls 
tests/unit/dataframe/test_withfield.py::TestWithField::test_withfield_different_data_types 
tests/unit/dataframe/test_union_type_coercion.py::TestUnionTypeCoercionParity::test_pyspark_parity_union_by_name 
tests/unit/test_create_map.py::TestCreateMap::test_create_map_all_literals 
tests/unit/dataframe/test_inferschema_parity.py::TestInferSchemaParity::test_csv_with_empty_strings 
[gw0] [  8%] PASSED tests/unit/dataframe/test_inferschema_parity.py::TestInferSchemaParity::test_csv_with_empty_strings 
tests/unit/dataframe/test_inferschema_parity.py::TestInferSchemaParity::test_csv_with_null_values 
tests/unit/dataframe/test_chained_arithmetic.py::TestChainedArithmetic::test_all_reverse_operations 
[gw1] [  8%] FAILED tests/unit/test_issues_225_231.py::TestIssue225StringToNumericCoercion::test_string_ge_numeric 
[gw0] [  8%] PASSED tests/unit/dataframe/test_inferschema_parity.py::TestInferSchemaParity::test_csv_with_null_values 
tests/unit/functions/test_column_ordering.py::TestColumnOrderingNulls::test_desc_nulls_last_no_nulls 
tests/unit/dataframe/test_column_astype.py::TestColumnAstype::test_astype_in_withColumn 
[gw6] [  8%] PASSED tests/unit/dataframe/test_column_astype.py::TestColumnAstype::test_astype_in_withColumn 
tests/unit/dataframe/test_column_astype.py::TestColumnAstype::test_astype_in_filter 
[gw3] [  9%] FAILED tests/unit/test_create_map.py::TestCreateMap::test_create_map_all_literals 
tests/unit/test_column_case_variations.py::TestColumnCaseVariations::test_selectExpr_all_case_variations 
[gw8] [  9%] FAILED tests/unit/test_column_case_variations.py::TestColumnCaseVariations::test_selectExpr_all_case_variations 
[gw9] [  9%] PASSED tests/unit/dataframe/test_union_type_coercion.py::TestUnionTypeCoercionParity::test_pyspark_parity_union_by_name 
tests/unit/dataframe/test_union_type_coercion.py::TestUnionTypeCoercionEdgeCases::test_union_double_with_string 
[gw9] [  9%] PASSED tests/unit/dataframe/test_union_type_coercion.py::TestUnionTypeCoercionEdgeCases::test_union_double_with_string 
tests/unit/test_issues_225_231.py::TestIssue225StringToNumericCoercion::test_numeric_eq_string 
tests/unit/dataframe/test_fillna_subset.py::TestFillnaSubset::test_fillna_subset_float_values 
[gw2] [  9%] PASSED tests/unit/dataframe/test_fillna_subset.py::TestFillnaSubset::test_fillna_subset_float_values 
[gw5] [  9%] FAILED tests/unit/dataframe/test_withfield.py::TestWithField::test_withfield_different_data_types 
tests/unit/test_create_map.py::TestCreateMap::test_create_map_with_numeric_types 
tests/unit/dataframe/test_fillna_subset.py::TestFillnaSubset::test_fillna_subset_multiple_nulls_same_column 
[gw2] [  9%] PASSED tests/unit/dataframe/test_fillna_subset.py::TestFillnaSubset::test_fillna_subset_multiple_nulls_same_column 
tests/unit/dataframe/test_inferschema_parity.py::TestInferSchemaParity::test_csv_with_unicode_characters 
[gw1] [  9%] FAILED tests/unit/test_issues_225_231.py::TestIssue225StringToNumericCoercion::test_numeric_eq_string 
[gw7] [  9%] FAILED tests/unit/functions/test_column_ordering.py::TestColumnOrderingNulls::test_desc_nulls_last_no_nulls 
tests/unit/test_column_case_variations.py::TestColumnCaseVariations::test_chained_operations_all_cases 
tests/unit/dataframe/test_union_type_coercion.py::TestUnionTypeCoercionEdgeCases::test_union_float_with_double 
[gw9] [  9%] PASSED tests/unit/dataframe/test_union_type_coercion.py::TestUnionTypeCoercionEdgeCases::test_union_float_with_double 
[gw0] [ 10%] PASSED tests/unit/dataframe/test_inferschema_parity.py::TestInferSchemaParity::test_csv_with_unicode_characters 
tests/unit/dataframe/test_fillna_subset.py::TestFillnaSubset::test_fillna_subset_all_nulls_in_column 
[gw4] [ 10%] FAILED tests/unit/dataframe/test_chained_arithmetic.py::TestChainedArithmetic::test_all_reverse_operations 
[gw2] [ 10%] PASSED tests/unit/dataframe/test_fillna_subset.py::TestFillnaSubset::test_fillna_subset_all_nulls_in_column 
tests/unit/dataframe/test_withfield.py::TestWithField::test_withfield_nested_struct 
[gw3] [ 10%] FAILED tests/unit/test_create_map.py::TestCreateMap::test_create_map_with_numeric_types 
[gw6] [ 10%] FAILED tests/unit/dataframe/test_column_astype.py::TestColumnAstype::test_astype_in_filter 
tests/unit/dataframe/test_inferschema_parity.py::TestInferSchemaParity::test_csv_with_special_characters 
tests/unit/test_issues_225_231.py::TestIssue225StringToNumericCoercion::test_coercion_with_null 
tests/unit/dataframe/test_chained_arithmetic.py::TestChainedArithmetic::test_reverse_operations_with_integers 
tests/unit/dataframe/test_union_type_coercion.py::TestUnionTypeCoercionEdgeCases::test_union_negative_numbers 
[gw9] [ 10%] PASSED tests/unit/dataframe/test_union_type_coercion.py::TestUnionTypeCoercionEdgeCases::test_union_negative_numbers 
tests/unit/functions/test_column_ordering.py::TestColumnOrderingNulls::test_desc_nulls_last_multiple_nulls 
tests/unit/test_create_map.py::TestCreateMap::test_create_map_with_boolean_values 
tests/unit/dataframe/test_fillna_subset.py::TestFillnaSubset::test_fillna_subset_no_nulls_in_subset_columns 
[gw2] [ 10%] PASSED tests/unit/dataframe/test_fillna_subset.py::TestFillnaSubset::test_fillna_subset_no_nulls_in_subset_columns 
tests/unit/dataframe/test_column_astype.py::TestColumnAstype::test_astype_with_null 
[gw8] [ 10%] FAILED tests/unit/test_column_case_variations.py::TestColumnCaseVariations::test_chained_operations_all_cases 
[gw0] [ 10%] PASSED tests/unit/dataframe/test_inferschema_parity.py::TestInferSchemaParity::test_csv_with_special_characters 
[gw6] [ 10%] FAILED tests/unit/dataframe/test_column_astype.py::TestColumnAstype::test_astype_with_null 
[gw3] [ 11%] FAILED tests/unit/test_create_map.py::TestCreateMap::test_create_map_with_boolean_values 
[gw1] [ 11%] FAILED tests/unit/test_issues_225_231.py::TestIssue225StringToNumericCoercion::test_coercion_with_null 
tests/unit/dataframe/test_union_type_coercion.py::TestUnionTypeCoercionEdgeCases::test_union_zero_values 
tests/unit/dataframe/test_fillna_subset.py::TestFillnaSubset::test_fillna_subset_mixed_data_types 
[gw2] [ 11%] PASSED tests/unit/dataframe/test_fillna_subset.py::TestFillnaSubset::test_fillna_subset_mixed_data_types 
tests/unit/test_column_case_variations.py::TestColumnCaseVariations::test_expressions_with_case_variations 
[gw9] [ 11%] PASSED tests/unit/dataframe/test_union_type_coercion.py::TestUnionTypeCoercionEdgeCases::test_union_zero_values 
[gw7] [ 11%] FAILED tests/unit/functions/test_column_ordering.py::TestColumnOrderingNulls::test_desc_nulls_last_multiple_nulls 
[gw5] [ 11%] FAILED tests/unit/dataframe/test_withfield.py::TestWithField::test_withfield_nested_struct 
tests/unit/dataframe/test_inferschema_parity.py::TestInferSchemaParity::test_csv_with_very_large_numbers 
[gw0] [ 11%] PASSED tests/unit/dataframe/test_inferschema_parity.py::TestInferSchemaParity::test_csv_with_very_large_numbers 
[gw4] [ 11%] FAILED tests/unit/dataframe/test_chained_arithmetic.py::TestChainedArithmetic::test_reverse_operations_with_integers 
tests/unit/dataframe/test_withfield.py::TestWithField::test_withfield_empty_struct 
tests/unit/dataframe/test_fillna_subset.py::TestFillnaSubset::test_fillna_subset_empty_dataframe 
[gw2] [ 11%] PASSED tests/unit/dataframe/test_fillna_subset.py::TestFillnaSubset::test_fillna_subset_empty_dataframe 
tests/unit/dataframe/test_chained_arithmetic.py::TestChainedArithmetic::test_reverse_operations_with_floats 
tests/unit/test_create_map.py::TestCreateMap::test_create_map_with_computed_values 
tests/unit/dataframe/test_inferschema_parity.py::TestInferSchemaParity::test_csv_with_decimal_precision 
tests/unit/test_issues_225_231.py::TestIssue225StringToNumericCoercion::test_coercion_invalid_string 
[gw8] [ 11%] FAILED tests/unit/test_column_case_variations.py::TestColumnCaseVariations::test_expressions_with_case_variations 
tests/unit/functions/test_column_ordering.py::TestColumnOrderingNulls::test_asc_nulls_first_multiple_nulls 
tests/unit/dataframe/test_column_astype.py::TestColumnAstype::test_astype_double 
tests/unit/dataframe/test_union_type_coercion.py::TestUnionTypeCoercionEdgeCases::test_union_large_numbers 
[gw9] [ 11%] PASSED tests/unit/dataframe/test_union_type_coercion.py::TestUnionTypeCoercionEdgeCases::test_union_large_numbers 
[gw3] [ 12%] FAILED tests/unit/test_create_map.py::TestCreateMap::test_create_map_with_computed_values 
tests/unit/test_column_case_variations.py::TestColumnCaseVariations::test_window_functions_with_case_variations 
[gw1] [ 12%] FAILED tests/unit/test_issues_225_231.py::TestIssue225StringToNumericCoercion::test_coercion_invalid_string 
[gw6] [ 12%] FAILED tests/unit/dataframe/test_column_astype.py::TestColumnAstype::test_astype_double 
[gw7] [ 12%] FAILED tests/unit/functions/test_column_ordering.py::TestColumnOrderingNulls::test_asc_nulls_first_multiple_nulls 
tests/unit/dataframe/test_union_type_coercion.py::TestUnionTypeCoercionEdgeCases::test_union_decimal_precision 
[gw0] [ 12%] PASSED tests/unit/dataframe/test_inferschema_parity.py::TestInferSchemaParity::test_csv_with_decimal_precision 
[gw5] [ 12%] FAILED tests/unit/dataframe/test_withfield.py::TestWithField::test_withfield_empty_struct 
tests/unit/test_issues_225_231.py::TestIssue226IsinWithValues::test_isin_with_list 
[gw4] [ 12%] FAILED tests/unit/dataframe/test_chained_arithmetic.py::TestChainedArithmetic::test_reverse_operations_with_floats 
tests/unit/dataframe/test_column_astype.py::TestColumnAstype::test_astype_boolean 
tests/unit/dataframe/test_withfield.py::TestWithField::test_withfield_replace_then_add 
tests/unit/dataframe/test_fillna_subset.py::TestFillnaSubset::test_fillna_subset_single_row 
[gw2] [ 12%] PASSED tests/unit/dataframe/test_fillna_subset.py::TestFillnaSubset::test_fillna_subset_single_row 
tests/unit/dataframe/test_fillna_subset.py::TestFillnaSubset::test_fillna_subset_chained_operations 
[gw2] [ 12%] PASSED tests/unit/dataframe/test_fillna_subset.py::TestFillnaSubset::test_fillna_subset_chained_operations 
tests/unit/dataframe/test_chained_arithmetic.py::TestChainedArithmetic::test_nested_chained_operations 
tests/unit/dataframe/test_inferschema_parity.py::TestInferSchemaParity::test_csv_mixed_boolean_strings 
[gw6] [ 12%] FAILED tests/unit/dataframe/test_column_astype.py::TestColumnAstype::test_astype_boolean 
tests/unit/test_create_map.py::TestCreateMap::test_create_map_multiple_maps_in_select 
[gw3] [ 13%] FAILED tests/unit/test_create_map.py::TestCreateMap::test_create_map_multiple_maps_in_select 
[gw8] [ 13%] FAILED tests/unit/test_column_case_variations.py::TestColumnCaseVariations::test_window_functions_with_case_variations 
tests/unit/test_create_map.py::TestCreateMap::test_create_map_in_groupby_agg 
tests/unit/test_column_case_variations.py::TestColumnCaseVariations::test_distinct_with_case_variations 
[gw1] [ 13%] FAILED tests/unit/test_issues_225_231.py::TestIssue226IsinWithValues::test_isin_with_list 
tests/unit/test_issues_225_231.py::TestIssue226IsinWithValues::test_isin_with_star_args 
tests/unit/functions/test_column_ordering.py::TestColumnOrderingNulls::test_desc_nulls_last_with_sort_method 
[gw7] [ 13%] FAILED tests/unit/functions/test_column_ordering.py::TestColumnOrderingNulls::test_desc_nulls_last_with_sort_method 
[gw5] [ 13%] FAILED tests/unit/dataframe/test_withfield.py::TestWithField::test_withfield_replace_then_add 
[gw8] [ 13%] FAILED tests/unit/test_column_case_variations.py::TestColumnCaseVariations::test_distinct_with_case_variations 
tests/unit/dataframe/test_fillna_subset.py::TestFillnaSubset::test_fillna_subset_unicode_and_special_characters 
[gw2] [ 13%] PASSED tests/unit/dataframe/test_fillna_subset.py::TestFillnaSubset::test_fillna_subset_unicode_and_special_characters 
tests/unit/dataframe/test_fillna_subset.py::TestFillnaSubset::test_fillna_subset_large_dataset 
[gw2] [ 13%] PASSED tests/unit/dataframe/test_fillna_subset.py::TestFillnaSubset::test_fillna_subset_large_dataset 
tests/unit/dataframe/test_column_astype.py::TestColumnAstype::test_astype_chained_operations 
[gw6] [ 13%] FAILED tests/unit/dataframe/test_column_astype.py::TestColumnAstype::test_astype_chained_operations 
[gw0] [ 13%] PASSED tests/unit/dataframe/test_inferschema_parity.py::TestInferSchemaParity::test_csv_mixed_boolean_strings 
tests/unit/dataframe/test_inferschema_parity.py::TestInferSchemaParity::test_create_dataframe_with_all_null_column 
[gw0] [ 14%] PASSED tests/unit/dataframe/test_inferschema_parity.py::TestInferSchemaParity::test_create_dataframe_with_all_null_column 
tests/unit/dataframe/test_inferschema_parity.py::TestInferSchemaParity::test_create_dataframe_with_partial_nulls 
[gw0] [ 14%] PASSED tests/unit/dataframe/test_inferschema_parity.py::TestInferSchemaParity::test_create_dataframe_with_partial_nulls 
tests/unit/dataframe/test_inferschema_parity.py::TestInferSchemaParity::test_create_dataframe_with_complex_types 
tests/unit/test_column_case_variations.py::TestColumnCaseVariations::test_subset_operations_with_case_variations 
[gw8] [ 14%] PASSED tests/unit/test_column_case_variations.py::TestColumnCaseVariations::test_subset_operations_with_case_variations 
[gw9] [ 14%] PASSED tests/unit/dataframe/test_union_type_coercion.py::TestUnionTypeCoercionEdgeCases::test_union_decimal_precision 
tests/unit/dataframe/test_union_type_coercion.py::TestUnionTypeCoercionEdgeCases::test_union_scientific_notation_strings 
[gw9] [ 14%] PASSED tests/unit/dataframe/test_union_type_coercion.py::TestUnionTypeCoercionEdgeCases::test_union_scientific_notation_strings 
tests/unit/dataframe/test_union_type_coercion.py::TestUnionTypeCoercionEdgeCases::test_union_multiple_numeric_types 
[gw9] [ 14%] FAILED tests/unit/dataframe/test_union_type_coercion.py::TestUnionTypeCoercionEdgeCases::test_union_multiple_numeric_types 
[gw0] [ 14%] PASSED tests/unit/dataframe/test_inferschema_parity.py::TestInferSchemaParity::test_create_dataframe_with_complex_types 
[gw3] [ 14%] FAILED tests/unit/test_create_map.py::TestCreateMap::test_create_map_in_groupby_agg 
tests/unit/test_create_map.py::TestCreateMap::test_create_map_with_special_characters_in_keys 
tests/unit/functions/test_column_ordering.py::TestColumnOrderingNulls::test_column_methods_exist 
[gw7] [ 14%] PASSED tests/unit/functions/test_column_ordering.py::TestColumnOrderingNulls::test_column_methods_exist 
tests/unit/dataframe/test_withfield.py::TestWithField::test_withfield_deeply_nested_struct 
tests/unit/dataframe/test_column_astype.py::TestColumnAstype::test_astype_on_literal 
[gw1] [ 14%] FAILED tests/unit/test_issues_225_231.py::TestIssue226IsinWithValues::test_isin_with_star_args 
tests/unit/dataframe/test_fillna_subset.py::TestFillnaSubset::test_fillna_subset_single_column_all_rows 
[gw4] [ 14%] FAILED tests/unit/dataframe/test_chained_arithmetic.py::TestChainedArithmetic::test_nested_chained_operations 
tests/unit/dataframe/test_chained_arithmetic.py::TestChainedArithmetic::test_reverse_operations_in_select 
[gw4] [ 15%] FAILED tests/unit/dataframe/test_chained_arithmetic.py::TestChainedArithmetic::test_reverse_operations_in_select 
[gw2] [ 15%] PASSED tests/unit/dataframe/test_fillna_subset.py::TestFillnaSubset::test_fillna_subset_single_column_all_rows 
tests/unit/test_column_case_variations.py::TestColumnCaseVariations::test_schema_access_with_case_variations 
[gw8] [ 15%] PASSED tests/unit/test_column_case_variations.py::TestColumnCaseVariations::test_schema_access_with_case_variations 
[gw3] [ 15%] FAILED tests/unit/test_create_map.py::TestCreateMap::test_create_map_with_special_characters_in_keys 
tests/unit/functions/test_column_ordering.py::TestColumnOrderingNulls::test_multiple_columns_ordering 
[gw5] [ 15%] FAILED tests/unit/dataframe/test_withfield.py::TestWithField::test_withfield_deeply_nested_struct 
tests/unit/dataframe/test_union_type_coercion.py::TestUnionTypeCoercionEdgeCases::test_union_chained_unions 
tests/unit/test_issues_225_231.py::TestIssue226IsinWithValues::test_isin_with_strings 
tests/unit/test_column_case_variations.py::TestColumnCaseVariations::test_empty_dataframe_with_case_variations 
[gw8] [ 15%] PASSED tests/unit/test_column_case_variations.py::TestColumnCaseVariations::test_empty_dataframe_with_case_variations 
tests/unit/dataframe/test_inferschema_parity.py::TestInferSchemaParity::test_csv_with_date_strings 
tests/unit/dataframe/test_fillna_subset.py::TestFillnaSubset::test_fillna_subset_zero_value 
[gw2] [ 15%] PASSED tests/unit/dataframe/test_fillna_subset.py::TestFillnaSubset::test_fillna_subset_zero_value 
tests/unit/test_column_case_variations.py::TestColumnCaseVariations::test_complex_query_all_case_variations 
tests/unit/test_create_map.py::TestCreateMap::test_create_map_nested_in_expressions 
[gw0] [ 15%] PASSED tests/unit/dataframe/test_inferschema_parity.py::TestInferSchemaParity::test_csv_with_date_strings 
tests/unit/dataframe/test_withfield.py::TestWithField::test_withfield_with_complex_expression 
[gw3] [ 15%] FAILED tests/unit/test_create_map.py::TestCreateMap::test_create_map_nested_in_expressions 
tests/unit/dataframe/test_chained_arithmetic.py::TestChainedArithmetic::test_reverse_operations_in_filter 
[gw4] [ 15%] FAILED tests/unit/dataframe/test_chained_arithmetic.py::TestChainedArithmetic::test_reverse_operations_in_filter 
[gw9] [ 16%] FAILED tests/unit/dataframe/test_union_type_coercion.py::TestUnionTypeCoercionEdgeCases::test_union_chained_unions 
tests/unit/dataframe/test_inferschema_parity.py::TestInferSchemaParity::test_csv_with_mixed_numeric_strings 
tests/unit/dataframe/test_fillna_subset.py::TestFillnaSubset::test_fillna_subset_negative_value 
[gw2] [ 16%] PASSED tests/unit/dataframe/test_fillna_subset.py::TestFillnaSubset::test_fillna_subset_negative_value 
[gw7] [ 16%] FAILED tests/unit/functions/test_column_ordering.py::TestColumnOrderingNulls::test_multiple_columns_ordering 
[gw1] [ 16%] FAILED tests/unit/test_issues_225_231.py::TestIssue226IsinWithValues::test_isin_with_strings 
[gw6] [ 16%] FAILED tests/unit/dataframe/test_column_astype.py::TestColumnAstype::test_astype_on_literal 
tests/unit/dataframe/test_column_astype.py::TestColumnAstype::test_astype_date_from_string 
tests/unit/dataframe/test_fillna_subset.py::TestFillnaSubset::test_fillna_subset_empty_string 
[gw2] [ 16%] PASSED tests/unit/dataframe/test_fillna_subset.py::TestFillnaSubset::test_fillna_subset_empty_string 
tests/unit/test_create_map.py::TestCreateMap::test_create_map_with_empty_string_keys 
[gw5] [ 16%] FAILED tests/unit/dataframe/test_withfield.py::TestWithField::test_withfield_with_complex_expression 
tests/unit/test_issues_225_231.py::TestIssue226IsinWithValues::test_isin_with_mixed_types 
tests/unit/functions/test_column_ordering.py::TestColumnOrderingNulls::test_desc_nulls_last_float 
tests/unit/dataframe/test_chained_arithmetic.py::TestChainedArithmetic::test_mixed_forward_and_reverse_operations 
[gw6] [ 16%] FAILED tests/unit/dataframe/test_column_astype.py::TestColumnAstype::test_astype_date_from_string 
[gw8] [ 16%] FAILED tests/unit/test_column_case_variations.py::TestColumnCaseVariations::test_complex_query_all_case_variations 
[gw0] [ 16%] PASSED tests/unit/dataframe/test_inferschema_parity.py::TestInferSchemaParity::test_csv_with_mixed_numeric_strings 
tests/unit/dataframe/test_fillna_subset.py::TestFillnaSubset::test_fillna_subset_whitespace_string 
[gw4] [ 17%] FAILED tests/unit/dataframe/test_chained_arithmetic.py::TestChainedArithmetic::test_mixed_forward_and_reverse_operations 
[gw7] [ 17%] FAILED tests/unit/functions/test_column_ordering.py::TestColumnOrderingNulls::test_desc_nulls_last_float 
[gw1] [ 17%] FAILED tests/unit/test_issues_225_231.py::TestIssue226IsinWithValues::test_isin_with_mixed_types 
tests/unit/dataframe/test_inferschema_parity.py::TestInferSchemaParity::test_csv_empty_file 
[gw0] [ 17%] PASSED tests/unit/dataframe/test_inferschema_parity.py::TestInferSchemaParity::test_csv_empty_file 
tests/unit/dataframe/test_union_type_coercion.py::TestUnionTypeCoercionEdgeCases::test_union_empty_dataframe 
[gw9] [ 17%] PASSED tests/unit/dataframe/test_union_type_coercion.py::TestUnionTypeCoercionEdgeCases::test_union_empty_dataframe 
tests/unit/dataframe/test_union_type_coercion.py::TestUnionTypeCoercionEdgeCases::test_union_all_null_columns 
[gw9] [ 17%] PASSED tests/unit/dataframe/test_union_type_coercion.py::TestUnionTypeCoercionEdgeCases::test_union_all_null_columns 
tests/unit/dataframe/test_union_type_coercion.py::TestUnionTypeCoercionEdgeCases::test_union_mixed_nulls_and_values 
[gw9] [ 17%] PASSED tests/unit/dataframe/test_union_type_coercion.py::TestUnionTypeCoercionEdgeCases::test_union_mixed_nulls_and_values 
[gw3] [ 17%] FAILED tests/unit/test_create_map.py::TestCreateMap::test_create_map_with_empty_string_keys 
tests/unit/test_create_map.py::TestCreateMap::test_create_map_after_union 
[gw3] [ 17%] FAILED tests/unit/test_create_map.py::TestCreateMap::test_create_map_after_union 
[gw2] [ 17%] PASSED tests/unit/dataframe/test_fillna_subset.py::TestFillnaSubset::test_fillna_subset_whitespace_string 
tests/unit/dataframe/test_fillna_subset.py::TestFillnaSubset::test_fillna_subset_very_long_string 
[gw2] [ 17%] PASSED tests/unit/dataframe/test_fillna_subset.py::TestFillnaSubset::test_fillna_subset_very_long_string 
tests/unit/dataframe/test_fillna_subset.py::TestFillnaSubset::test_fillna_subset_partial_column_fill 
[gw2] [ 18%] PASSED tests/unit/dataframe/test_fillna_subset.py::TestFillnaSubset::test_fillna_subset_partial_column_fill 
tests/unit/functions/test_column_ordering.py::TestColumnOrderingNulls::test_desc_nulls_last_negative_numbers 
[gw7] [ 18%] FAILED tests/unit/functions/test_column_ordering.py::TestColumnOrderingNulls::test_desc_nulls_last_negative_numbers 
tests/unit/dataframe/test_column_astype.py::TestColumnAstype::test_astype_substring_to_date 
[gw6] [ 18%] FAILED tests/unit/dataframe/test_column_astype.py::TestColumnAstype::test_astype_substring_to_date 
tests/unit/dataframe/test_inferschema_parity.py::TestInferSchemaParity::test_csv_single_row 
tests/unit/test_issues_225_231.py::TestIssue226IsinWithValues::test_isin_with_empty_list 
tests/unit/dataframe/test_chained_arithmetic.py::TestChainedArithmetic::test_reverse_operations_with_null_values 
tests/unit/test_column_case_variations.py::TestColumnCaseVariations::test_attribute_access_all_case_variations 
[gw8] [ 18%] PASSED tests/unit/test_column_case_variations.py::TestColumnCaseVariations::test_attribute_access_all_case_variations 
tests/unit/test_column_case_variations.py::TestColumnCaseVariations::test_fillna_all_case_variations 
[gw8] [ 18%] PASSED tests/unit/test_column_case_variations.py::TestColumnCaseVariations::test_fillna_all_case_variations 
tests/unit/test_column_case_variations.py::TestColumnCaseVariations::test_replace_all_case_variations 
[gw8] [ 18%] PASSED tests/unit/test_column_case_variations.py::TestColumnCaseVariations::test_replace_all_case_variations 
[gw0] [ 18%] PASSED tests/unit/dataframe/test_inferschema_parity.py::TestInferSchemaParity::test_csv_single_row 
tests/unit/dataframe/test_withfield.py::TestWithField::test_withfield_with_conditional_expression 
[gw5] [ 18%] FAILED tests/unit/dataframe/test_withfield.py::TestWithField::test_withfield_with_conditional_expression 
tests/unit/test_column_case_variations.py::TestColumnCaseVariations::test_pivot_all_case_variations 
[gw8] [ 18%] PASSED tests/unit/test_column_case_variations.py::TestColumnCaseVariations::test_pivot_all_case_variations 
tests/unit/test_create_map.py::TestCreateMap::test_create_map_with_null_keys 
tests/unit/dataframe/test_withfield.py::TestWithField::test_withfield_with_cast_operation 
tests/unit/dataframe/test_column_astype.py::TestColumnAstype::test_astype_multiple_types 
tests/unit/dataframe/test_fillna_subset.py::TestFillnaSubset::test_fillna_subset_with_filter_operation 
tests/unit/dataframe/test_inferschema_parity.py::TestInferSchemaParity::test_create_dataframe_empty_list 
[gw0] [ 18%] PASSED tests/unit/dataframe/test_inferschema_parity.py::TestInferSchemaParity::test_create_dataframe_empty_list 
tests/unit/dataframe/test_union_type_coercion.py::TestUnionTypeCoercionEdgeCases::test_union_three_dataframes 
tests/unit/functions/test_column_ordering.py::TestColumnOrderingNulls::test_asc_nulls_last_empty_dataframe 
[gw2] [ 19%] PASSED tests/unit/dataframe/test_fillna_subset.py::TestFillnaSubset::test_fillna_subset_with_filter_operation 
[gw1] [ 19%] FAILED tests/unit/test_issues_225_231.py::TestIssue226IsinWithValues::test_isin_with_empty_list 
[gw3] [ 19%] FAILED tests/unit/test_create_map.py::TestCreateMap::test_create_map_with_null_keys 
[gw9] [ 19%] FAILED tests/unit/dataframe/test_union_type_coercion.py::TestUnionTypeCoercionEdgeCases::test_union_three_dataframes 
tests/unit/test_create_map.py::TestCreateMap::test_create_map_large_number_of_pairs 
tests/unit/test_issues_225_231.py::TestIssue226IsinWithValues::test_isin_with_single_value 
[gw1] [ 19%] PASSED tests/unit/test_issues_225_231.py::TestIssue226IsinWithValues::test_isin_with_single_value 
[gw6] [ 19%] FAILED tests/unit/dataframe/test_column_astype.py::TestColumnAstype::test_astype_multiple_types 
tests/unit/dataframe/test_union_type_coercion.py::TestUnionTypeCoercionParityRobust::test_pyspark_parity_exact_output_match 
[gw9] [ 19%] PASSED tests/unit/dataframe/test_union_type_coercion.py::TestUnionTypeCoercionParityRobust::test_pyspark_parity_exact_output_match 
[gw5] [ 19%] FAILED tests/unit/dataframe/test_withfield.py::TestWithField::test_withfield_with_cast_operation 
[gw4] [ 19%] FAILED tests/unit/dataframe/test_chained_arithmetic.py::TestChainedArithmetic::test_reverse_operations_with_null_values 
tests/unit/dataframe/test_chained_arithmetic.py::TestChainedArithmetic::test_reverse_operations_with_negative_numbers 
tests/unit/dataframe/test_column_astype.py::TestColumnAstype::test_astype_preserves_column_name 
[gw4] [ 19%] FAILED tests/unit/dataframe/test_chained_arithmetic.py::TestChainedArithmetic::test_reverse_operations_with_negative_numbers 
tests/unit/test_column_case_variations.py::TestColumnCaseVariations::test_coalesce_all_case_variations 
[gw8] [ 20%] FAILED tests/unit/test_column_case_variations.py::TestColumnCaseVariations::test_coalesce_all_case_variations 
tests/unit/dataframe/test_inferschema_parity.py::TestInferSchemaParity::test_create_dataframe_sparse_data 
[gw0] [ 20%] PASSED tests/unit/dataframe/test_inferschema_parity.py::TestInferSchemaParity::test_create_dataframe_sparse_data 
tests/unit/dataframe/test_inferschema_parity.py::TestInferSchemaParity::test_create_dataframe_type_conflict_raises_error 
[gw0] [ 20%] PASSED tests/unit/dataframe/test_inferschema_parity.py::TestInferSchemaParity::test_create_dataframe_type_conflict_raises_error 
tests/unit/dataframe/test_inferschema_parity.py::TestInferSchemaParity::test_csv_with_trailing_whitespace 
[gw7] [ 20%] FAILED tests/unit/functions/test_column_ordering.py::TestColumnOrderingNulls::test_asc_nulls_last_empty_dataframe 
tests/unit/functions/test_column_ordering.py::TestColumnOrderingNulls::test_desc_nulls_last_single_row 
tests/unit/dataframe/test_fillna_subset.py::TestFillnaSubset::test_fillna_subset_with_select_operation 
[gw3] [ 20%] FAILED tests/unit/test_create_map.py::TestCreateMap::test_create_map_large_number_of_pairs 
tests/unit/test_issues_225_231.py::TestIssue226IsinWithValues::test_isin_with_column_method 
tests/unit/test_column_case_variations.py::TestColumnCaseVariations::test_dropna_all_case_variations 
tests/unit/dataframe/test_union_type_coercion.py::TestUnionTypeCoercionParityRobust::test_pyspark_parity_float_string_decimal_values 
[gw8] [ 20%] PASSED tests/unit/test_column_case_variations.py::TestColumnCaseVariations::test_dropna_all_case_variations 
[gw0] [ 20%] PASSED tests/unit/dataframe/test_inferschema_parity.py::TestInferSchemaParity::test_csv_with_trailing_whitespace 
[gw7] [ 20%] FAILED tests/unit/functions/test_column_ordering.py::TestColumnOrderingNulls::test_desc_nulls_last_single_row 
tests/unit/dataframe/test_withfield.py::TestWithField::test_withfield_replace_with_different_type 
[gw9] [ 20%] PASSED tests/unit/dataframe/test_union_type_coercion.py::TestUnionTypeCoercionParityRobust::test_pyspark_parity_float_string_decimal_values 
[gw2] [ 20%] FAILED tests/unit/dataframe/test_fillna_subset.py::TestFillnaSubset::test_fillna_subset_with_select_operation 
[gw6] [ 20%] FAILED tests/unit/dataframe/test_column_astype.py::TestColumnAstype::test_astype_preserves_column_name 
tests/unit/test_create_map.py::TestCreateMap::test_create_map_empty_in_select 
tests/unit/test_column_case_variations.py::TestColumnCaseVariations::test_nested_struct_field_access_all_cases 
tests/unit/dataframe/test_inferschema_parity.py::TestInferSchemaParity::test_csv_with_custom_delimiter 
tests/unit/functions/test_column_ordering.py::TestColumnOrderingNulls::test_desc_nulls_last_single_null_row 
[gw3] [ 21%] FAILED tests/unit/test_create_map.py::TestCreateMap::test_create_map_empty_in_select 
tests/unit/dataframe/test_union_type_coercion.py::TestUnionTypeCoercionParityRobust::test_pyspark_parity_schema_verification 
[gw5] [ 21%] FAILED tests/unit/dataframe/test_withfield.py::TestWithField::test_withfield_replace_with_different_type 
tests/unit/dataframe/test_chained_arithmetic.py::TestChainedArithmetic::test_reverse_operations_chained_with_arithmetic 
tests/unit/dataframe/test_column_astype.py::TestColumnAstype::test_astype_with_alias 
tests/unit/dataframe/test_fillna_subset.py::TestFillnaSubset::test_fillna_subset_preserves_data_types 
[gw2] [ 21%] PASSED tests/unit/dataframe/test_fillna_subset.py::TestFillnaSubset::test_fillna_subset_preserves_data_types 
[gw9] [ 21%] PASSED tests/unit/dataframe/test_union_type_coercion.py::TestUnionTypeCoercionParityRobust::test_pyspark_parity_schema_verification 
[gw1] [ 21%] FAILED tests/unit/test_issues_225_231.py::TestIssue226IsinWithValues::test_isin_with_column_method 
[gw8] [ 21%] FAILED tests/unit/test_column_case_variations.py::TestColumnCaseVariations::test_nested_struct_field_access_all_cases 
tests/unit/test_column_case_variations.py::TestColumnCaseVariations::test_sql_queries_all_case_variations 
[gw0] [ 21%] PASSED tests/unit/dataframe/test_inferschema_parity.py::TestInferSchemaParity::test_csv_with_custom_delimiter 
tests/unit/dataframe/test_inferschema_parity.py::TestInferSchemaParity::test_create_dataframe_zero_values 
[gw0] [ 21%] PASSED tests/unit/dataframe/test_inferschema_parity.py::TestInferSchemaParity::test_create_dataframe_zero_values 
tests/unit/dataframe/test_inferschema_parity.py::TestInferSchemaParity::test_csv_with_only_boolean_column 
tests/unit/dataframe/test_fillna_subset.py::TestFillnaSubset::test_fillna_subset_type_mismatch_int_column_string_fill 
[gw2] [ 21%] PASSED tests/unit/dataframe/test_fillna_subset.py::TestFillnaSubset::test_fillna_subset_type_mismatch_int_column_string_fill 
[gw7] [ 21%] FAILED tests/unit/functions/test_column_ordering.py::TestColumnOrderingNulls::test_desc_nulls_last_single_null_row 
tests/unit/functions/test_column_ordering.py::TestColumnOrderingNulls::test_nulls_at_beginning_middle_end 
tests/unit/dataframe/test_union_type_coercion.py::TestUnionTypeCoercionParityRobust::test_pyspark_parity_multiple_columns_comprehensive 
[gw9] [ 22%] PASSED tests/unit/dataframe/test_union_type_coercion.py::TestUnionTypeCoercionParityRobust::test_pyspark_parity_multiple_columns_comprehensive 
tests/unit/test_issues_225_231.py::TestIssue227GetItem::test_getItem_with_array_index 
[gw4] [ 22%] FAILED tests/unit/dataframe/test_chained_arithmetic.py::TestChainedArithmetic::test_reverse_operations_chained_with_arithmetic 
tests/unit/test_create_map.py::TestCreateMap::test_create_map_empty_with_different_data_types 
tests/unit/dataframe/test_withfield.py::TestWithField::test_withfield_multiple_fields_in_sequence 
[gw6] [ 22%] FAILED tests/unit/dataframe/test_column_astype.py::TestColumnAstype::test_astype_with_alias 
tests/unit/dataframe/test_column_astype.py::TestColumnAstype::test_astype_on_complex_expressions 
[gw0] [ 22%] PASSED tests/unit/dataframe/test_inferschema_parity.py::TestInferSchemaParity::test_csv_with_only_boolean_column 
[gw1] [ 22%] FAILED tests/unit/test_issues_225_231.py::TestIssue227GetItem::test_getItem_with_array_index 
[gw5] [ 22%] FAILED tests/unit/dataframe/test_withfield.py::TestWithField::test_withfield_multiple_fields_in_sequence 
tests/unit/dataframe/test_chained_arithmetic.py::TestChainedArithmetic::test_operator_precedence 
tests/unit/dataframe/test_fillna_subset.py::TestFillnaSubset::test_fillna_subset_type_mismatch_string_column_int_fill 
[gw2] [ 22%] PASSED tests/unit/dataframe/test_fillna_subset.py::TestFillnaSubset::test_fillna_subset_type_mismatch_string_column_int_fill 
[gw3] [ 22%] FAILED tests/unit/test_create_map.py::TestCreateMap::test_create_map_empty_with_different_data_types 
[gw6] [ 22%] FAILED tests/unit/dataframe/test_column_astype.py::TestColumnAstype::test_astype_on_complex_expressions 
tests/unit/dataframe/test_inferschema_parity.py::TestInferSchemaParity::test_csv_with_only_integer_column 
[gw7] [ 22%] FAILED tests/unit/functions/test_column_ordering.py::TestColumnOrderingNulls::test_nulls_at_beginning_middle_end 
tests/unit/test_create_map.py::TestCreateMap::test_create_map_empty_after_filter 
tests/unit/dataframe/test_fillna_subset.py::TestFillnaSubset::test_fillna_subset_type_mismatch_float_column_string_fill 
[gw2] [ 22%] PASSED tests/unit/dataframe/test_fillna_subset.py::TestFillnaSubset::test_fillna_subset_type_mismatch_float_column_string_fill 
tests/unit/test_issues_225_231.py::TestIssue227GetItem::test_getItem_with_split_result 
[gw0] [ 23%] PASSED tests/unit/dataframe/test_inferschema_parity.py::TestInferSchemaParity::test_csv_with_only_integer_column 
tests/unit/dataframe/test_withfield.py::TestWithField::test_withfield_with_null_literal 
tests/unit/functions/test_column_ordering.py::TestColumnOrderingNulls::test_unicode_characters 
tests/unit/dataframe/test_fillna_subset.py::TestFillnaSubset::test_fillna_subset_type_mismatch_boolean_column_string_fill 
tests/unit/dataframe/test_column_astype.py::TestColumnAstype::test_astype_invalid_string_to_int 
[gw2] [ 23%] PASSED tests/unit/dataframe/test_fillna_subset.py::TestFillnaSubset::test_fillna_subset_type_mismatch_boolean_column_string_fill 
[gw4] [ 23%] FAILED tests/unit/dataframe/test_chained_arithmetic.py::TestChainedArithmetic::test_operator_precedence 
[gw3] [ 23%] FAILED tests/unit/test_create_map.py::TestCreateMap::test_create_map_empty_after_filter 
tests/unit/dataframe/test_union_type_coercion.py::TestUnionTypeCoercionParityRobust::test_pyspark_parity_order_preservation 
[gw9] [ 23%] PASSED tests/unit/dataframe/test_union_type_coercion.py::TestUnionTypeCoercionParityRobust::test_pyspark_parity_order_preservation 
[gw1] [ 23%] FAILED tests/unit/test_issues_225_231.py::TestIssue227GetItem::test_getItem_with_split_result 
tests/unit/dataframe/test_inferschema_parity.py::TestInferSchemaParity::test_csv_with_only_float_column 
[gw0] [ 23%] PASSED tests/unit/dataframe/test_inferschema_parity.py::TestInferSchemaParity::test_csv_with_only_float_column 
[gw5] [ 23%] FAILED tests/unit/dataframe/test_withfield.py::TestWithField::test_withfield_with_null_literal 
[gw7] [ 23%] FAILED tests/unit/functions/test_column_ordering.py::TestColumnOrderingNulls::test_unicode_characters 
tests/unit/test_create_map.py::TestCreateMap::test_create_map_empty_in_groupby_context 
tests/unit/test_issues_225_231.py::TestIssue227GetItem::test_getItem_with_map_key 
[gw6] [ 23%] FAILED tests/unit/dataframe/test_column_astype.py::TestColumnAstype::test_astype_invalid_string_to_int 
tests/unit/dataframe/test_union_type_coercion.py::TestUnionTypeCoercionParityRobust::test_pyspark_parity_union_by_name_with_type_mismatch 
[gw9] [ 24%] PASSED tests/unit/dataframe/test_union_type_coercion.py::TestUnionTypeCoercionParityRobust::test_pyspark_parity_union_by_name_with_type_mismatch 
tests/unit/dataframe/test_fillna_subset.py::TestFillnaSubset::test_fillna_subset_type_compatible_string_column_string_fill 
[gw2] [ 24%] PASSED tests/unit/dataframe/test_fillna_subset.py::TestFillnaSubset::test_fillna_subset_type_compatible_string_column_string_fill 
tests/unit/dataframe/test_inferschema_parity.py::TestInferSchemaParity::test_create_dataframe_large_dataset 
[gw0] [ 24%] PASSED tests/unit/dataframe/test_inferschema_parity.py::TestInferSchemaParity::test_create_dataframe_large_dataset 
tests/unit/dataframe/test_chained_arithmetic.py::TestChainedArithmetic::test_operator_precedence_with_parentheses_equivalent 
tests/unit/dataframe/test_inferschema_parity.py::TestInferSchemaParity::test_csv_column_order_preserved 
tests/unit/functions/test_column_ordering.py::TestColumnOrderingNulls::test_mixed_asc_desc_nulls_variants 
tests/unit/dataframe/test_withfield.py::TestWithField::test_withfield_with_array_field 
tests/unit/dataframe/test_fillna_subset.py::TestFillnaSubset::test_fillna_subset_type_compatible_int_column_int_fill 
[gw2] [ 24%] PASSED tests/unit/dataframe/test_fillna_subset.py::TestFillnaSubset::test_fillna_subset_type_compatible_int_column_int_fill 
tests/unit/dataframe/test_union_type_coercion.py::TestUnionTypeCoercionParityRobust::test_pyspark_parity_large_dataset 
[gw9] [ 24%] PASSED tests/unit/dataframe/test_union_type_coercion.py::TestUnionTypeCoercionParityRobust::test_pyspark_parity_large_dataset 
tests/unit/dataframe/test_column_astype.py::TestColumnAstype::test_astype_double_to_int 
[gw0] [ 24%] PASSED tests/unit/dataframe/test_inferschema_parity.py::TestInferSchemaParity::test_csv_column_order_preserved 
[gw1] [ 24%] FAILED tests/unit/test_issues_225_231.py::TestIssue227GetItem::test_getItem_with_map_key 
[gw3] [ 24%] FAILED tests/unit/test_create_map.py::TestCreateMap::test_create_map_empty_in_groupby_context 
tests/unit/test_create_map.py::TestCreateMap::test_create_map_empty_in_join 
[gw7] [ 24%] FAILED tests/unit/functions/test_column_ordering.py::TestColumnOrderingNulls::test_mixed_asc_desc_nulls_variants 
[gw5] [ 24%] FAILED tests/unit/dataframe/test_withfield.py::TestWithField::test_withfield_with_array_field 
tests/unit/dataframe/test_inferschema_parity.py::TestInferSchemaParity::test_create_dataframe_column_order_alphabetical 
[gw0] [ 25%] PASSED tests/unit/dataframe/test_inferschema_parity.py::TestInferSchemaParity::test_create_dataframe_column_order_alphabetical 
[gw4] [ 25%] FAILED tests/unit/dataframe/test_chained_arithmetic.py::TestChainedArithmetic::test_operator_precedence_with_parentheses_equivalent 
tests/unit/dataframe/test_inferschema_parity.py::TestInferSchemaParity::test_csv_with_very_small_numbers 
[gw6] [ 25%] FAILED tests/unit/dataframe/test_column_astype.py::TestColumnAstype::test_astype_double_to_int 
tests/unit/test_issues_225_231.py::TestIssue227GetItem::test_getItem_out_of_bounds 
tests/unit/dataframe/test_column_astype.py::TestColumnAstype::test_astype_string_to_boolean 
tests/unit/functions/test_column_ordering.py::TestColumnOrderingNulls::test_very_large_numbers 
tests/unit/dataframe/test_fillna_subset.py::TestFillnaSubset::test_fillna_subset_type_compatible_float_column_float_fill 
[gw3] [ 25%] FAILED tests/unit/test_create_map.py::TestCreateMap::test_create_map_empty_in_join 
[gw2] [ 25%] PASSED tests/unit/dataframe/test_fillna_subset.py::TestFillnaSubset::test_fillna_subset_type_compatible_float_column_float_fill 
tests/unit/dataframe/test_chained_arithmetic.py::TestChainedArithmetic::test_all_operators_in_single_expression 
[gw0] [ 25%] PASSED tests/unit/dataframe/test_inferschema_parity.py::TestInferSchemaParity::test_csv_with_very_small_numbers 
tests/unit/dataframe/test_withfield.py::TestWithField::test_withfield_combined_with_filter 
tests/unit/dataframe/test_fillna_subset.py::TestFillnaSubset::test_fillna_subset_type_compatible_float_column_int_fill 
tests/unit/dataframe/test_union_type_coercion.py::TestUnionTypeCoercionParityRobust::test_pyspark_parity_numeric_promotion_order 
[gw9] [ 25%] PASSED tests/unit/dataframe/test_union_type_coercion.py::TestUnionTypeCoercionParityRobust::test_pyspark_parity_numeric_promotion_order 
tests/unit/test_create_map.py::TestCreateMap::test_create_map_empty_with_window_functions 
[gw7] [ 25%] FAILED tests/unit/functions/test_column_ordering.py::TestColumnOrderingNulls::test_very_large_numbers 
[gw1] [ 25%] FAILED tests/unit/test_issues_225_231.py::TestIssue227GetItem::test_getItem_out_of_bounds 
[gw6] [ 25%] FAILED tests/unit/dataframe/test_column_astype.py::TestColumnAstype::test_astype_string_to_boolean 
[gw2] [ 25%] PASSED tests/unit/dataframe/test_fillna_subset.py::TestFillnaSubset::test_fillna_subset_type_compatible_float_column_int_fill 
tests/unit/dataframe/test_fillna_subset.py::TestFillnaSubset::test_fillna_subset_type_mismatch_dict_value 
[gw2] [ 26%] PASSED tests/unit/dataframe/test_fillna_subset.py::TestFillnaSubset::test_fillna_subset_type_mismatch_dict_value 
tests/unit/dataframe/test_inferschema_parity.py::TestInferSchemaParity::test_csv_with_mixed_boolean_and_string 
[gw4] [ 26%] FAILED tests/unit/dataframe/test_chained_arithmetic.py::TestChainedArithmetic::test_all_operators_in_single_expression 
tests/unit/dataframe/test_string_arithmetic.py::TestStringArithmetic::test_string_division_by_numeric_literal 
[gw9] [ 26%] FAILED tests/unit/dataframe/test_string_arithmetic.py::TestStringArithmetic::test_string_division_by_numeric_literal 
[gw3] [ 26%] FAILED tests/unit/test_create_map.py::TestCreateMap::test_create_map_empty_with_window_functions 
tests/unit/functions/test_column_ordering.py::TestColumnOrderingNulls::test_all_four_methods_comprehensive 
tests/unit/dataframe/test_chained_arithmetic.py::TestChainedArithmetic::test_reverse_operations_with_zero 
tests/unit/dataframe/test_column_astype.py::TestColumnAstype::test_astype_in_orderBy 
[gw6] [ 26%] FAILED tests/unit/dataframe/test_column_astype.py::TestColumnAstype::test_astype_in_orderBy 
tests/unit/dataframe/test_column_astype.py::TestColumnAstype::test_astype_in_groupBy 
[gw6] [ 26%] PASSED tests/unit/dataframe/test_column_astype.py::TestColumnAstype::test_astype_in_groupBy 
tests/unit/test_issues_225_231.py::TestIssue227GetItem::test_getItem_negative_index 
[gw1] [ 26%] FAILED tests/unit/test_issues_225_231.py::TestIssue227GetItem::test_getItem_negative_index 
tests/unit/dataframe/test_column_astype.py::TestColumnAstype::test_astype_multiple_chained 
[gw0] [ 26%] PASSED tests/unit/dataframe/test_inferschema_parity.py::TestInferSchemaParity::test_csv_with_mixed_boolean_and_string 
[gw5] [ 26%] FAILED tests/unit/dataframe/test_withfield.py::TestWithField::test_withfield_combined_with_filter 
[gw7] [ 26%] FAILED tests/unit/functions/test_column_ordering.py::TestColumnOrderingNulls::test_all_four_methods_comprehensive 
tests/unit/dataframe/test_inferschema_parity.py::TestInferSchemaParity::test_csv_with_mixed_int_and_string 
tests/unit/dataframe/test_withfield.py::TestWithField::test_withfield_combined_with_select 
[gw5] [ 27%] FAILED tests/unit/dataframe/test_withfield.py::TestWithField::test_withfield_combined_with_select 
tests/unit/dataframe/test_string_arithmetic.py::TestStringArithmetic::test_numeric_literal_divided_by_string 
tests/unit/session/test_sql_optimizer.py::TestSQLQueryOptimizer::test_optimizer_init 
[gw2] [ 27%] PASSED tests/unit/session/test_sql_optimizer.py::TestSQLQueryOptimizer::test_optimizer_init 
tests/unit/session/test_sql_optimizer.py::TestSQLQueryOptimizer::test_optimize_simple_select 
[gw2] [ 27%] PASSED tests/unit/session/test_sql_optimizer.py::TestSQLQueryOptimizer::test_optimize_simple_select 
tests/unit/session/test_sql_optimizer.py::TestSQLQueryOptimizer::test_optimize_with_predicate_pushdown 
[gw2] [ 27%] PASSED tests/unit/session/test_sql_optimizer.py::TestSQLQueryOptimizer::test_optimize_with_predicate_pushdown 
tests/unit/session/test_sql_optimizer.py::TestSQLQueryOptimizer::test_optimize_with_projection_elimination 
[gw2] [ 27%] PASSED tests/unit/session/test_sql_optimizer.py::TestSQLQueryOptimizer::test_optimize_with_projection_elimination 
tests/unit/test_create_map.py::TestCreateMap::test_create_map_empty_in_nested_expressions 
[gw9] [ 27%] FAILED tests/unit/dataframe/test_string_arithmetic.py::TestStringArithmetic::test_numeric_literal_divided_by_string 
tests/unit/functions/test_column_ordering.py::TestColumnOrderingNulls::test_comparison_with_default_desc_asc 
[gw7] [ 27%] FAILED tests/unit/functions/test_column_ordering.py::TestColumnOrderingNulls::test_comparison_with_default_desc_asc 
[gw0] [ 27%] PASSED tests/unit/dataframe/test_inferschema_parity.py::TestInferSchemaParity::test_csv_with_mixed_int_and_string 
tests/unit/dataframe/test_withfield.py::TestWithField::test_withfield_all_null_structs 
tests/unit/functions/test_column_ordering.py::TestColumnOrderingNulls::test_three_column_ordering 
[gw3] [ 27%] FAILED tests/unit/test_create_map.py::TestCreateMap::test_create_map_empty_in_nested_expressions 
tests/unit/test_issues_225_231.py::TestIssue228RegexLookAheadLookBehind::test_regexp_extract_with_lookbehind 
[gw1] [ 27%] FAILED tests/unit/test_issues_225_231.py::TestIssue228RegexLookAheadLookBehind::test_regexp_extract_with_lookbehind 
tests/unit/test_issues_225_231.py::TestIssue228RegexLookAheadLookBehind::test_regexp_extract_with_lookahead 
tests/unit/dataframe/test_inferschema_parity.py::TestInferSchemaParity::test_csv_with_mixed_float_and_string 
tests/unit/test_create_map.py::TestCreateMap::test_create_map_empty_with_null_handling 
[gw3] [ 28%] FAILED tests/unit/test_create_map.py::TestCreateMap::test_create_map_empty_with_null_handling 
tests/unit/test_create_map.py::TestCreateMap::test_create_map_empty_multiple_times 
[gw6] [ 28%] FAILED tests/unit/dataframe/test_column_astype.py::TestColumnAstype::test_astype_multiple_chained 
tests/unit/dataframe/test_column_astype.py::TestColumnAstype::test_astype_on_all_column_operations 
tests/unit/session/test_sql_optimizer.py::TestSQLQueryOptimizer::test_optimize_with_join_reordering 
[gw2] [ 28%] PASSED tests/unit/session/test_sql_optimizer.py::TestSQLQueryOptimizer::test_optimize_with_join_reordering 
tests/unit/session/test_sql_optimizer.py::TestSQLQueryOptimizer::test_optimize_with_constant_folding 
[gw2] [ 28%] PASSED tests/unit/session/test_sql_optimizer.py::TestSQLQueryOptimizer::test_optimize_with_constant_folding 
[gw4] [ 28%] FAILED tests/unit/dataframe/test_chained_arithmetic.py::TestChainedArithmetic::test_reverse_operations_with_zero 
tests/unit/dataframe/test_chained_arithmetic.py::TestChainedArithmetic::test_reverse_operations_with_one 
[gw4] [ 28%] FAILED tests/unit/dataframe/test_chained_arithmetic.py::TestChainedArithmetic::test_reverse_operations_with_one 
tests/unit/dataframe/test_chained_arithmetic.py::TestChainedArithmetic::test_reverse_operations_with_negative_literals 
[gw7] [ 28%] FAILED tests/unit/functions/test_column_ordering.py::TestColumnOrderingNulls::test_three_column_ordering 
tests/unit/session/test_sql_optimizer.py::TestSQLQueryOptimizer::test_optimize_with_redundant_operations 
[gw2] [ 28%] PASSED tests/unit/session/test_sql_optimizer.py::TestSQLQueryOptimizer::test_optimize_with_redundant_operations 
tests/unit/session/test_sql_optimizer.py::TestSQLQueryOptimizer::test_optimize_non_select_query 
[gw2] [ 28%] PASSED tests/unit/session/test_sql_optimizer.py::TestSQLQueryOptimizer::test_optimize_non_select_query 
[gw6] [ 28%] FAILED tests/unit/dataframe/test_column_astype.py::TestColumnAstype::test_astype_on_all_column_operations 
[gw3] [ 28%] FAILED tests/unit/test_create_map.py::TestCreateMap::test_create_map_empty_multiple_times 
tests/unit/session/test_sql_optimizer.py::TestSQLQueryOptimizer::test_generate_execution_plan_select 
tests/unit/test_create_map.py::TestCreateMap::test_create_map_empty_with_computed_columns 
[gw2] [ 29%] PASSED tests/unit/session/test_sql_optimizer.py::TestSQLQueryOptimizer::test_generate_execution_plan_select 
[gw5] [ 29%] FAILED tests/unit/dataframe/test_withfield.py::TestWithField::test_withfield_all_null_structs 
tests/unit/dataframe/test_withfield.py::TestWithField::test_withfield_empty_dataframe 
[gw0] [ 29%] PASSED tests/unit/dataframe/test_inferschema_parity.py::TestInferSchemaParity::test_csv_with_mixed_float_and_string 
tests/unit/dataframe/test_inferschema_parity.py::TestInferSchemaParity::test_create_dataframe_with_bytes 
[gw0] [ 29%] PASSED tests/unit/dataframe/test_inferschema_parity.py::TestInferSchemaParity::test_create_dataframe_with_bytes 
[gw1] [ 29%] FAILED tests/unit/test_issues_225_231.py::TestIssue228RegexLookAheadLookBehind::test_regexp_extract_with_lookahead 
tests/unit/dataframe/test_string_arithmetic.py::TestStringArithmetic::test_string_addition_with_numeric 
[gw9] [ 29%] FAILED tests/unit/dataframe/test_string_arithmetic.py::TestStringArithmetic::test_string_addition_with_numeric 
tests/unit/dataframe/test_string_arithmetic.py::TestStringArithmetic::test_string_subtraction_with_numeric 
tests/unit/test_issues_225_231.py::TestIssue228RegexLookAheadLookBehind::test_regexp_extract_without_lookaround 
tests/unit/functions/test_column_ordering.py::TestColumnOrderingNulls::test_string_comparison_edge_cases 
tests/unit/dataframe/test_column_astype.py::TestColumnAstype::test_astype_date_variations 
[gw4] [ 29%] FAILED tests/unit/dataframe/test_chained_arithmetic.py::TestChainedArithmetic::test_reverse_operations_with_negative_literals 
[gw9] [ 29%] FAILED tests/unit/dataframe/test_string_arithmetic.py::TestStringArithmetic::test_string_subtraction_with_numeric 
[gw3] [ 29%] FAILED tests/unit/test_create_map.py::TestCreateMap::test_create_map_empty_with_computed_columns 
tests/unit/dataframe/test_chained_arithmetic.py::TestChainedArithmetic::test_reverse_operations_with_decimal_literals 
[gw4] [ 29%] FAILED tests/unit/dataframe/test_chained_arithmetic.py::TestChainedArithmetic::test_reverse_operations_with_decimal_literals 
[gw1] [ 30%] FAILED tests/unit/test_issues_225_231.py::TestIssue228RegexLookAheadLookBehind::test_regexp_extract_without_lookaround 
tests/unit/test_issues_225_231.py::TestIssue228RegexLookAheadLookBehind::test_regexp_extract_with_complex_lookaround 
tests/unit/session/test_sql_optimizer.py::TestSQLQueryOptimizer::test_generate_execution_plan_join 
[gw2] [ 30%] PASSED tests/unit/session/test_sql_optimizer.py::TestSQLQueryOptimizer::test_generate_execution_plan_join 
tests/unit/session/test_sql_optimizer.py::TestSQLQueryOptimizer::test_generate_execution_plan_aggregate 
[gw2] [ 30%] PASSED tests/unit/session/test_sql_optimizer.py::TestSQLQueryOptimizer::test_generate_execution_plan_aggregate 
[gw6] [ 30%] FAILED tests/unit/dataframe/test_column_astype.py::TestColumnAstype::test_astype_date_variations 
tests/unit/dataframe/test_column_astype.py::TestColumnAstype::test_astype_zero_and_negative 
[gw5] [ 30%] FAILED tests/unit/dataframe/test_withfield.py::TestWithField::test_withfield_empty_dataframe 
tests/unit/dataframe/test_withfield.py::TestWithField::test_withfield_reference_other_struct_field 
[gw5] [ 30%] FAILED tests/unit/dataframe/test_withfield.py::TestWithField::test_withfield_reference_other_struct_field 
tests/unit/dataframe/test_string_arithmetic.py::TestStringArithmetic::test_string_multiplication_with_numeric 
tests/unit/dataframe/test_inferschema_parity.py::TestInferSchemaParity::test_csv_with_tab_delimiter 
[gw0] [ 30%] PASSED tests/unit/dataframe/test_inferschema_parity.py::TestInferSchemaParity::test_csv_with_tab_delimiter 
tests/unit/dataframe/test_inferschema_parity.py::TestInferSchemaParity::test_csv_with_semicolon_delimiter 
tests/unit/dataframe/test_chained_arithmetic.py::TestChainedArithmetic::test_chained_operations_with_mixed_types 
tests/unit/test_create_map.py::TestCreateMap::test_create_map_empty_in_union 
tests/unit/session/test_sql_optimizer.py::TestSQLQueryOptimizer::test_generate_execution_plan_with_filter 
[gw2] [ 30%] PASSED tests/unit/session/test_sql_optimizer.py::TestSQLQueryOptimizer::test_generate_execution_plan_with_filter 
[gw3] [ 30%] FAILED tests/unit/test_create_map.py::TestCreateMap::test_create_map_empty_in_union 
tests/unit/test_create_map.py::TestCreateMap::test_create_map_empty_preserves_type 
[gw7] [ 30%] FAILED tests/unit/functions/test_column_ordering.py::TestColumnOrderingNulls::test_string_comparison_edge_cases 
tests/unit/functions/test_column_ordering.py::TestColumnOrderingNulls::test_complex_ordering_scenario 
tests/unit/dataframe/test_withfield.py::TestWithField::test_withfield_with_string_functions 
[gw0] [ 31%] PASSED tests/unit/dataframe/test_inferschema_parity.py::TestInferSchemaParity::test_csv_with_semicolon_delimiter 
[gw7] [ 31%] FAILED tests/unit/functions/test_column_ordering.py::TestColumnOrderingNulls::test_complex_ordering_scenario 
[gw6] [ 31%] FAILED tests/unit/dataframe/test_column_astype.py::TestColumnAstype::test_astype_zero_and_negative 
[gw9] [ 31%] FAILED tests/unit/dataframe/test_string_arithmetic.py::TestStringArithmetic::test_string_multiplication_with_numeric 
tests/unit/dataframe/test_column_astype.py::TestColumnAstype::test_astype_float_string_conversions 
tests/unit/session/test_sql_optimizer.py::TestSQLQueryOptimizer::test_generate_execution_plan_with_sort 
[gw2] [ 31%] PASSED tests/unit/session/test_sql_optimizer.py::TestSQLQueryOptimizer::test_generate_execution_plan_with_sort 
tests/unit/dataframe/test_inferschema_parity.py::TestInferSchemaParity::test_create_dataframe_with_none_values 
[gw0] [ 31%] PASSED tests/unit/dataframe/test_inferschema_parity.py::TestInferSchemaParity::test_create_dataframe_with_none_values 
tests/unit/dataframe/test_inferschema_parity.py::TestInferSchemaParity::test_csv_with_quoted_values 
[gw3] [ 31%] FAILED tests/unit/test_create_map.py::TestCreateMap::test_create_map_empty_preserves_type 
[gw1] [ 31%] FAILED tests/unit/test_issues_225_231.py::TestIssue228RegexLookAheadLookBehind::test_regexp_extract_with_complex_lookaround 
[gw4] [ 31%] FAILED tests/unit/dataframe/test_chained_arithmetic.py::TestChainedArithmetic::test_chained_operations_with_mixed_types 
tests/unit/functions/test_column_ordering.py::TestColumnOrderingNulls::test_ordering_with_duplicate_values 
[gw0] [ 31%] PASSED tests/unit/dataframe/test_inferschema_parity.py::TestInferSchemaParity::test_csv_with_quoted_values 
[gw5] [ 31%] FAILED tests/unit/dataframe/test_withfield.py::TestWithField::test_withfield_with_string_functions 
tests/unit/test_issues_225_231.py::TestIssue229PandasDataFrameSupport::test_createDataFrame_from_pandas 
tests/unit/session/test_sql_optimizer.py::TestSQLQueryOptimizer::test_generate_execution_plan_with_limit 
[gw2] [ 32%] PASSED tests/unit/session/test_sql_optimizer.py::TestSQLQueryOptimizer::test_generate_execution_plan_with_limit 
tests/unit/dataframe/test_string_arithmetic.py::TestStringArithmetic::test_string_modulo_with_numeric 
tests/unit/test_create_map.py::TestCreateMap::test_create_map_empty_tuple_returns_empty_map 
[gw6] [ 32%] FAILED tests/unit/dataframe/test_column_astype.py::TestColumnAstype::test_astype_float_string_conversions 
tests/unit/dataframe/test_withfield.py::TestWithField::test_withfield_chained_multiple_times 
[gw7] [ 32%] FAILED tests/unit/functions/test_column_ordering.py::TestColumnOrderingNulls::test_ordering_with_duplicate_values 
tests/unit/dataframe/test_inferschema_parity.py::TestInferSchemaParity::test_csv_with_escaped_quotes 
[gw0] [ 32%] PASSED tests/unit/dataframe/test_inferschema_parity.py::TestInferSchemaParity::test_csv_with_escaped_quotes 
tests/unit/dataframe/test_chained_arithmetic.py::TestChainedArithmetic::test_very_long_chained_expression 
tests/unit/session/test_sql_optimizer.py::TestSQLQueryOptimizer::test_generate_execution_plan_non_select 
[gw2] [ 32%] PASSED tests/unit/session/test_sql_optimizer.py::TestSQLQueryOptimizer::test_generate_execution_plan_non_select 
[gw9] [ 32%] FAILED tests/unit/dataframe/test_string_arithmetic.py::TestStringArithmetic::test_string_modulo_with_numeric 
tests/unit/dataframe/test_column_astype.py::TestColumnAstype::test_astype_empty_string_handling 
tests/unit/dataframe/test_inferschema_parity.py::TestInferSchemaParity::test_create_dataframe_with_very_long_strings 
tests/unit/functions/test_column_ordering.py::TestColumnOrderingNulls::test_ordering_with_identical_nulls 
tests/unit/session/test_sql_optimizer.py::TestSQLQueryOptimizer::test_estimate_cost_simple 
[gw2] [ 32%] PASSED tests/unit/session/test_sql_optimizer.py::TestSQLQueryOptimizer::test_estimate_cost_simple 
[gw0] [ 32%] PASSED tests/unit/dataframe/test_inferschema_parity.py::TestInferSchemaParity::test_create_dataframe_with_very_long_strings 
tests/unit/dataframe/test_string_arithmetic.py::TestStringArithmetic::test_string_arithmetic_with_string_column 
[gw3] [ 32%] FAILED tests/unit/test_create_map.py::TestCreateMap::test_create_map_empty_tuple_returns_empty_map 
tests/unit/dataframe/test_inferschema_parity.py::TestInferSchemaParity::test_csv_with_multiple_headers 
tests/unit/session/test_sql_optimizer.py::TestSQLQueryOptimizer::test_estimate_cost_complex 
tests/unit/test_create_map.py::TestCreateMap::test_create_map_empty_list_in_select 
[gw5] [ 32%] FAILED tests/unit/dataframe/test_withfield.py::TestWithField::test_withfield_chained_multiple_times 
[gw2] [ 33%] PASSED tests/unit/session/test_sql_optimizer.py::TestSQLQueryOptimizer::test_estimate_cost_complex 
[gw4] [ 33%] FAILED tests/unit/dataframe/test_chained_arithmetic.py::TestChainedArithmetic::test_very_long_chained_expression 
[gw0] [ 33%] PASSED tests/unit/dataframe/test_inferschema_parity.py::TestInferSchemaParity::test_csv_with_multiple_headers 
[gw6] [ 33%] FAILED tests/unit/dataframe/test_column_astype.py::TestColumnAstype::test_astype_empty_string_handling 
[gw7] [ 33%] FAILED tests/unit/functions/test_column_ordering.py::TestColumnOrderingNulls::test_ordering_with_identical_nulls 
tests/unit/session/test_sql_optimizer.py::TestSQLQueryOptimizer::test_estimate_cost_with_filter 
[gw2] [ 33%] PASSED tests/unit/session/test_sql_optimizer.py::TestSQLQueryOptimizer::test_estimate_cost_with_filter 
tests/unit/dataframe/test_inferschema_parity.py::TestInferSchemaParity::test_create_dataframe_with_boolean_edge_cases 
[gw9] [ 33%] FAILED tests/unit/dataframe/test_string_arithmetic.py::TestStringArithmetic::test_string_arithmetic_with_string_column 
[gw3] [ 33%] FAILED tests/unit/test_create_map.py::TestCreateMap::test_create_map_empty_list_in_select 
tests/unit/session/test_sql_optimizer.py::TestSQLQueryOptimizer::test_estimate_cost_with_groupby 
[gw2] [ 33%] PASSED tests/unit/session/test_sql_optimizer.py::TestSQLQueryOptimizer::test_estimate_cost_with_groupby 
tests/unit/session/test_sql_optimizer.py::TestSQLQueryOptimizer::test_estimate_cost_with_sort 
tests/unit/functions/test_column_ordering.py::TestColumnOrderingNulls::test_mixed_data_types_ordering 
tests/unit/dataframe/test_withfield.py::TestWithField::test_withfield_with_arithmetic_operations 
tests/unit/dataframe/test_chained_arithmetic.py::TestChainedArithmetic::test_reverse_operations_in_orderby 
[gw0] [ 33%] PASSED tests/unit/dataframe/test_inferschema_parity.py::TestInferSchemaParity::test_create_dataframe_with_boolean_edge_cases 
tests/unit/dataframe/test_inferschema_parity.py::TestInferSchemaParity::test_csv_with_only_zeros 
[gw0] [ 34%] PASSED tests/unit/dataframe/test_inferschema_parity.py::TestInferSchemaParity::test_csv_with_only_zeros 
tests/unit/dataframe/test_inferschema_parity.py::TestInferSchemaParity::test_create_dataframe_with_float_precision 
tests/unit/dataframe/test_string_arithmetic.py::TestStringArithmetic::test_string_arithmetic_with_invalid_strings 
[gw0] [ 34%] PASSED tests/unit/dataframe/test_inferschema_parity.py::TestInferSchemaParity::test_create_dataframe_with_float_precision 
[gw2] [ 34%] PASSED tests/unit/session/test_sql_optimizer.py::TestSQLQueryOptimizer::test_estimate_cost_with_sort 
tests/unit/session/test_sql_optimizer.py::TestSQLQueryOptimizer::test_estimate_cost_with_limit 
[gw2] [ 34%] PASSED tests/unit/session/test_sql_optimizer.py::TestSQLQueryOptimizer::test_estimate_cost_with_limit 
tests/unit/dataframe/test_inferschema_parity.py::TestInferSchemaParity::test_csv_with_inconsistent_decimal_places 
[gw7] [ 34%] FAILED tests/unit/functions/test_column_ordering.py::TestColumnOrderingNulls::test_mixed_data_types_ordering 
[gw9] [ 34%] FAILED tests/unit/dataframe/test_string_arithmetic.py::TestStringArithmetic::test_string_arithmetic_with_invalid_strings 
[gw4] [ 34%] FAILED tests/unit/dataframe/test_chained_arithmetic.py::TestChainedArithmetic::test_reverse_operations_in_orderby 
[gw5] [ 34%] FAILED tests/unit/dataframe/test_withfield.py::TestWithField::test_withfield_with_arithmetic_operations 
tests/unit/dataframe/test_withfield.py::TestWithField::test_withfield_preserves_all_existing_fields 
tests/unit/test_create_map.py::TestCreateMap::test_create_map_empty_list_with_different_data_types 
tests/unit/dataframe/test_column_astype.py::TestColumnAstype::test_astype_equals_cast_comprehensive 
tests/unit/dataframe/test_chained_arithmetic.py::TestChainedArithmetic::test_reverse_operations_in_groupby_aggregation 
tests/unit/session/test_sql_optimizer.py::TestQueryPlan::test_query_plan_init 
[gw2] [ 34%] PASSED tests/unit/session/test_sql_optimizer.py::TestQueryPlan::test_query_plan_init 
[gw6] [ 34%] FAILED tests/unit/dataframe/test_column_astype.py::TestColumnAstype::test_astype_equals_cast_comprehensive 
tests/unit/dataframe/test_column_astype.py::TestColumnAstype::test_astype_after_when_otherwise 
[gw0] [ 34%] PASSED tests/unit/dataframe/test_inferschema_parity.py::TestInferSchemaParity::test_csv_with_inconsistent_decimal_places 
[gw3] [ 35%] FAILED tests/unit/test_create_map.py::TestCreateMap::test_create_map_empty_list_with_different_data_types 
[gw4] [ 35%] PASSED tests/unit/dataframe/test_chained_arithmetic.py::TestChainedArithmetic::test_reverse_operations_in_groupby_aggregation 
tests/unit/functions/test_column_ordering.py::TestColumnOrderingParity::test_pyspark_desc_nulls_last_parity 
tests/unit/test_create_map.py::TestCreateMap::test_create_map_empty_list_after_filter 
tests/unit/session/test_sql_optimizer.py::TestQueryPlan::test_query_plan_init_with_children 
tests/unit/dataframe/test_string_arithmetic.py::TestStringArithmetic::test_string_arithmetic_with_null_strings 
[gw2] [ 35%] PASSED tests/unit/session/test_sql_optimizer.py::TestQueryPlan::test_query_plan_init_with_children 
tests/unit/dataframe/test_inferschema_parity.py::TestInferSchemaParity::test_create_dataframe_with_negative_floats 
[gw0] [ 35%] PASSED tests/unit/dataframe/test_inferschema_parity.py::TestInferSchemaParity::test_create_dataframe_with_negative_floats 
tests/unit/dataframe/test_chained_arithmetic.py::TestChainedArithmetic::test_reverse_operations_with_when_otherwise 
[gw6] [ 35%] FAILED tests/unit/dataframe/test_column_astype.py::TestColumnAstype::test_astype_after_when_otherwise 
[gw5] [ 35%] FAILED tests/unit/dataframe/test_withfield.py::TestWithField::test_withfield_preserves_all_existing_fields 
tests/unit/dataframe/test_inferschema_parity.py::TestInferSchemaParity::test_csv_with_commas_in_quoted_strings 
tests/unit/session/test_sql_optimizer.py::TestQueryPlan::test_query_plan_init_with_properties 
[gw2] [ 35%] PASSED tests/unit/session/test_sql_optimizer.py::TestQueryPlan::test_query_plan_init_with_properties 
[gw0] [ 35%] PASSED tests/unit/dataframe/test_inferschema_parity.py::TestInferSchemaParity::test_csv_with_commas_in_quoted_strings 
tests/unit/dataframe/test_column_astype.py::TestColumnAstype::test_astype_substring_date_pyspark_parity 
[gw7] [ 35%] FAILED tests/unit/functions/test_column_ordering.py::TestColumnOrderingParity::test_pyspark_desc_nulls_last_parity 
[gw4] [ 35%] FAILED tests/unit/dataframe/test_chained_arithmetic.py::TestChainedArithmetic::test_reverse_operations_with_when_otherwise 
[gw9] [ 36%] FAILED tests/unit/dataframe/test_string_arithmetic.py::TestStringArithmetic::test_string_arithmetic_with_null_strings 
tests/unit/dataframe/test_withfield.py::TestWithField::test_withfield_nested_struct_field_access 
[gw3] [ 36%] FAILED tests/unit/test_create_map.py::TestCreateMap::test_create_map_empty_list_after_filter 
tests/unit/dataframe/test_inferschema_parity.py::TestInferSchemaParity::test_create_dataframe_with_all_same_values 
tests/unit/session/test_sql_optimizer.py::TestQueryPlan::test_query_plan_str 
[gw2] [ 36%] PASSED tests/unit/session/test_sql_optimizer.py::TestQueryPlan::test_query_plan_str 
[gw0] [ 36%] PASSED tests/unit/dataframe/test_inferschema_parity.py::TestInferSchemaParity::test_create_dataframe_with_all_same_values 
tests/unit/functions/test_column_ordering.py::TestColumnOrderingParity::test_pyspark_desc_nulls_first_parity 
[gw6] [ 36%] FAILED tests/unit/dataframe/test_column_astype.py::TestColumnAstype::test_astype_substring_date_pyspark_parity 
tests/unit/test_create_map.py::TestCreateMap::test_create_map_empty_list_and_create_map_equivalent 
tests/unit/dataframe/test_string_arithmetic.py::TestStringArithmetic::test_string_arithmetic_result_type 
[gw9] [ 36%] PASSED tests/unit/dataframe/test_string_arithmetic.py::TestStringArithmetic::test_string_arithmetic_result_type 
tests/unit/session/test_sql_optimizer.py::TestQueryPlan::test_query_plan_repr 
[gw2] [ 36%] PASSED tests/unit/session/test_sql_optimizer.py::TestQueryPlan::test_query_plan_repr 
tests/unit/dataframe/test_inferschema_parity.py::TestInferSchemaParity::test_csv_with_newlines_in_quoted_strings 
tests/unit/dataframe/test_chained_arithmetic.py::TestChainedArithmetic::test_reverse_operations_with_cast 
[gw0] [ 36%] PASSED tests/unit/dataframe/test_inferschema_parity.py::TestInferSchemaParity::test_csv_with_newlines_in_quoted_strings 
tests/unit/dataframe/test_string_arithmetic.py::TestStringArithmetic::test_string_arithmetic_chained_operations 
tests/unit/dataframe/test_inferschema_parity.py::TestInferSchemaParity::test_create_dataframe_with_very_large_integers 
[gw0] [ 36%] PASSED tests/unit/dataframe/test_inferschema_parity.py::TestInferSchemaParity::test_create_dataframe_with_very_large_integers 
[gw7] [ 36%] FAILED tests/unit/functions/test_column_ordering.py::TestColumnOrderingParity::test_pyspark_desc_nulls_first_parity 
tests/unit/session/test_sql_optimizer.py::TestQueryPlan::test_query_plan_nested_children 
[gw2] [ 37%] PASSED tests/unit/session/test_sql_optimizer.py::TestQueryPlan::test_query_plan_nested_children 
[gw5] [ 37%] FAILED tests/unit/dataframe/test_withfield.py::TestWithField::test_withfield_nested_struct_field_access 
tests/unit/dataframe/test_column_astype.py::TestColumnAstype::test_astype_long_type 
[gw3] [ 37%] FAILED tests/unit/test_create_map.py::TestCreateMap::test_create_map_empty_list_and_create_map_equivalent 
[gw4] [ 37%] FAILED tests/unit/dataframe/test_chained_arithmetic.py::TestChainedArithmetic::test_reverse_operations_with_cast 
tests/unit/session/test_sql_optimizer.py::TestQueryPlan::test_optimization_rule_application 
[gw2] [ 37%] PASSED tests/unit/session/test_sql_optimizer.py::TestQueryPlan::test_optimization_rule_application 
tests/unit/test_create_map.py::TestCreateMap::test_create_map_empty_list_multiple_times 
tests/unit/functions/test_column_ordering.py::TestColumnOrderingParity::test_pyspark_asc_nulls_last_parity 
tests/unit/dataframe/test_withfield.py::TestWithField::test_withfield_nested_struct_string_expression 
[gw6] [ 37%] FAILED tests/unit/dataframe/test_column_astype.py::TestColumnAstype::test_astype_long_type 
tests/unit/dataframe/test_inferschema_parity.py::TestInferSchemaParity::test_csv_with_currency_symbols 
[gw9] [ 37%] FAILED tests/unit/dataframe/test_string_arithmetic.py::TestStringArithmetic::test_string_arithmetic_chained_operations 
tests/unit/dataframe/test_chained_arithmetic.py::TestChainedArithmetic::test_reverse_operations_with_string_columns 
[gw7] [ 37%] FAILED tests/unit/functions/test_column_ordering.py::TestColumnOrderingParity::test_pyspark_asc_nulls_last_parity 
[gw3] [ 37%] FAILED tests/unit/test_create_map.py::TestCreateMap::test_create_map_empty_list_multiple_times 
tests/unit/session/test_sql_optimizer.py::TestQueryPlan::test_optimization_idempotency 
[gw2] [ 37%] PASSED tests/unit/session/test_sql_optimizer.py::TestQueryPlan::test_optimization_idempotency 
tests/unit/session/test_sql_validation.py::TestSQLValidator::test_validator_init 
[gw2] [ 37%] PASSED tests/unit/session/test_sql_validation.py::TestSQLValidator::test_validator_init 
[gw0] [ 38%] PASSED tests/unit/dataframe/test_inferschema_parity.py::TestInferSchemaParity::test_csv_with_currency_symbols 
tests/unit/dataframe/test_column_astype.py::TestColumnAstype::test_astype_string_type_aliases 
tests/unit/test_create_map.py::TestCreateMap::test_create_map_empty_list_in_union 
tests/unit/functions/test_column_ordering.py::TestColumnOrderingParity::test_pyspark_asc_nulls_first_parity 
[gw4] [ 38%] FAILED tests/unit/dataframe/test_chained_arithmetic.py::TestChainedArithmetic::test_reverse_operations_with_string_columns 
[gw6] [ 38%] FAILED tests/unit/dataframe/test_column_astype.py::TestColumnAstype::test_astype_string_type_aliases 
[gw5] [ 38%] FAILED tests/unit/dataframe/test_withfield.py::TestWithField::test_withfield_nested_struct_string_expression 
tests/unit/dataframe/test_string_arithmetic.py::TestStringArithmetic::test_string_arithmetic_with_integer_strings 
tests/unit/dataframe/test_inferschema_parity.py::TestInferSchemaParity::test_create_dataframe_with_percentage_strings 
[gw0] [ 38%] PASSED tests/unit/dataframe/test_inferschema_parity.py::TestInferSchemaParity::test_create_dataframe_with_percentage_strings 
tests/unit/session/test_sql_validation.py::TestSQLValidator::test_validate_simple_select 
[gw2] [ 38%] PASSED tests/unit/session/test_sql_validation.py::TestSQLValidator::test_validate_simple_select 
tests/unit/session/test_sql_validation.py::TestSQLValidator::test_validate_select_with_where 
[gw2] [ 38%] PASSED tests/unit/session/test_sql_validation.py::TestSQLValidator::test_validate_select_with_where 
tests/unit/dataframe/test_withfield.py::TestWithField::test_withfield_multiple_nested_structs 
tests/unit/dataframe/test_chained_arithmetic.py::TestChainedArithmetic::test_reverse_operations_division_by_zero 
tests/unit/dataframe/test_inferschema_parity.py::TestInferSchemaParity::test_csv_with_percentage_values 
tests/unit/test_array_parameter_formats.py::TestArrayParameterFormats::test_array_with_string_columns 
tests/unit/session/test_sql_validation.py::TestSQLValidator::test_validate_select_with_join 
[gw2] [ 38%] PASSED tests/unit/session/test_sql_validation.py::TestSQLValidator::test_validate_select_with_join 
[gw3] [ 38%] FAILED tests/unit/test_create_map.py::TestCreateMap::test_create_map_empty_list_in_union 
[gw7] [ 38%] FAILED tests/unit/functions/test_column_ordering.py::TestColumnOrderingParity::test_pyspark_asc_nulls_first_parity 
[gw9] [ 39%] FAILED tests/unit/dataframe/test_string_arithmetic.py::TestStringArithmetic::test_string_arithmetic_with_integer_strings 
[gw0] [ 39%] PASSED tests/unit/dataframe/test_inferschema_parity.py::TestInferSchemaParity::test_csv_with_percentage_values 
tests/unit/session/test_sql_validation.py::TestSQLValidator::test_validate_insert 
[gw2] [ 39%] PASSED tests/unit/session/test_sql_validation.py::TestSQLValidator::test_validate_insert 
tests/unit/dataframe/test_inferschema_parity.py::TestInferSchemaParity::test_create_dataframe_with_phone_numbers 
[gw0] [ 39%] PASSED tests/unit/dataframe/test_inferschema_parity.py::TestInferSchemaParity::test_create_dataframe_with_phone_numbers 
tests/unit/test_create_map.py::TestCreateMap::test_create_map_empty_list_show 
[gw6] [ 39%] FAILED tests/unit/test_array_parameter_formats.py::TestArrayParameterFormats::test_array_with_string_columns 
[gw4] [ 39%] FAILED tests/unit/dataframe/test_chained_arithmetic.py::TestChainedArithmetic::test_reverse_operations_division_by_zero 
[gw5] [ 39%] FAILED tests/unit/dataframe/test_withfield.py::TestWithField::test_withfield_multiple_nested_structs 
tests/unit/dataframe/test_inferschema_parity.py::TestInferSchemaParity::test_csv_with_phone_numbers 
tests/unit/session/test_sql_validation.py::TestSQLValidator::test_validate_update 
[gw2] [ 39%] PASSED tests/unit/session/test_sql_validation.py::TestSQLValidator::test_validate_update 
tests/unit/dataframe/test_string_arithmetic.py::TestStringArithmetic::test_string_arithmetic_with_float_strings 
tests/unit/functions/test_column_ordering.py::TestColumnOrderingParity::test_pyspark_multi_column_parity 
[gw0] [ 39%] PASSED tests/unit/dataframe/test_inferschema_parity.py::TestInferSchemaParity::test_csv_with_phone_numbers 
tests/unit/test_array_parameter_formats.py::TestArrayParameterFormats::test_array_with_list_of_strings 
tests/unit/session/test_sql_validation.py::TestSQLValidator::test_validate_delete 
[gw2] [ 39%] PASSED tests/unit/session/test_sql_validation.py::TestSQLValidator::test_validate_delete 
[gw7] [ 40%] FAILED tests/unit/functions/test_column_ordering.py::TestColumnOrderingParity::test_pyspark_multi_column_parity 
tests/unit/dataframe/test_chained_arithmetic.py::TestChainedArithmetic::test_reverse_operations_modulo_by_zero 
tests/unit/session/test_sql_validation.py::TestSQLValidator::test_validate_create_table 
[gw9] [ 40%] FAILED tests/unit/dataframe/test_string_arithmetic.py::TestStringArithmetic::test_string_arithmetic_with_float_strings 
[gw3] [ 40%] FAILED tests/unit/test_create_map.py::TestCreateMap::test_create_map_empty_list_show 
tests/unit/test_create_map.py::TestCreateMap::test_create_map_empty_list_with_computed_columns 
[gw2] [ 40%] PASSED tests/unit/session/test_sql_validation.py::TestSQLValidator::test_validate_create_table 
tests/unit/dataframe/test_withfield.py::TestWithField::test_withfield_very_deeply_nested_struct 
tests/unit/functions/test_column_ordering.py::TestColumnOrderingParity::test_pyspark_integer_ordering_parity 
tests/unit/dataframe/test_inferschema_parity.py::TestInferSchemaParity::test_create_dataframe_with_iso8601_dates 
[gw0] [ 40%] PASSED tests/unit/dataframe/test_inferschema_parity.py::TestInferSchemaParity::test_create_dataframe_with_iso8601_dates 
tests/unit/dataframe/test_string_arithmetic.py::TestStringArithmetic::test_string_arithmetic_division_by_zero 
[gw6] [ 40%] FAILED tests/unit/test_array_parameter_formats.py::TestArrayParameterFormats::test_array_with_list_of_strings 
[gw4] [ 40%] FAILED tests/unit/dataframe/test_chained_arithmetic.py::TestChainedArithmetic::test_reverse_operations_modulo_by_zero 
tests/unit/session/test_sql_validation.py::TestSQLValidator::test_validate_drop_table 
[gw2] [ 40%] PASSED tests/unit/session/test_sql_validation.py::TestSQLValidator::test_validate_drop_table 
[gw3] [ 40%] FAILED tests/unit/test_create_map.py::TestCreateMap::test_create_map_empty_list_with_computed_columns 
tests/unit/dataframe/test_inferschema_parity.py::TestInferSchemaParity::test_csv_with_iso8601_dates 
[gw5] [ 40%] FAILED tests/unit/dataframe/test_withfield.py::TestWithField::test_withfield_very_deeply_nested_struct 
[gw7] [ 40%] FAILED tests/unit/functions/test_column_ordering.py::TestColumnOrderingParity::test_pyspark_integer_ordering_parity 
tests/unit/session/test_sql_validation.py::TestSQLValidator::test_validate_invalid_syntax 
[gw2] [ 41%] PASSED tests/unit/session/test_sql_validation.py::TestSQLValidator::test_validate_invalid_syntax 
tests/unit/test_create_map.py::TestCreateMap::test_create_map_empty_list_in_join 
tests/unit/test_array_parameter_formats.py::TestArrayParameterFormats::test_array_with_column_objects 
tests/unit/dataframe/test_chained_arithmetic.py::TestChainedArithmetic::test_reverse_operations_with_null_literals 
[gw0] [ 41%] PASSED tests/unit/dataframe/test_inferschema_parity.py::TestInferSchemaParity::test_csv_with_iso8601_dates 
[gw9] [ 41%] FAILED tests/unit/dataframe/test_string_arithmetic.py::TestStringArithmetic::test_string_arithmetic_division_by_zero 
tests/unit/dataframe/test_withfield.py::TestWithField::test_withfield_nested_struct_with_null 
tests/unit/functions/test_column_ordering.py::TestColumnOrderingParity::test_pyspark_float_ordering_parity 
[gw6] [ 41%] FAILED tests/unit/test_array_parameter_formats.py::TestArrayParameterFormats::test_array_with_column_objects 
tests/unit/session/test_sql_validation.py::TestSQLValidator::test_validate_reserved_keywords 
[gw2] [ 41%] PASSED tests/unit/session/test_sql_validation.py::TestSQLValidator::test_validate_reserved_keywords 
tests/unit/dataframe/test_inferschema_parity.py::TestInferSchemaParity::test_create_dataframe_with_time_values 
[gw0] [ 41%] PASSED tests/unit/dataframe/test_inferschema_parity.py::TestInferSchemaParity::test_create_dataframe_with_time_values 
tests/unit/dataframe/test_string_arithmetic.py::TestStringArithmetic::test_string_arithmetic_with_negative_numbers 
[gw4] [ 41%] FAILED tests/unit/dataframe/test_chained_arithmetic.py::TestChainedArithmetic::test_reverse_operations_with_null_literals 
[gw3] [ 41%] FAILED tests/unit/test_create_map.py::TestCreateMap::test_create_map_empty_list_in_join 
tests/unit/test_array_parameter_formats.py::TestArrayParameterFormats::test_array_with_list_of_column_objects 
tests/unit/dataframe/test_inferschema_parity.py::TestInferSchemaParity::test_csv_with_time_values 
tests/unit/functions/test_udf_comprehensive.py::TestUDFBasicOperations::test_udf_string_return_type 
tests/unit/session/test_sql_validation.py::TestSQLValidator::test_validate_semantic_errors 
[gw2] [ 41%] PASSED tests/unit/session/test_sql_validation.py::TestSQLValidator::test_validate_semantic_errors 
tests/unit/session/test_sql_validation.py::TestSQLValidator::test_validate_schema_errors 
[gw2] [ 41%] PASSED tests/unit/session/test_sql_validation.py::TestSQLValidator::test_validate_schema_errors 
[gw7] [ 42%] FAILED tests/unit/functions/test_column_ordering.py::TestColumnOrderingParity::test_pyspark_float_ordering_parity 
tests/unit/dataframe/test_column_substr.py::TestColumnSubstr::test_basic_substr 
tests/unit/dataframe/test_chained_arithmetic.py::TestChainedArithmetic::test_very_complex_nested_expression 
[gw9] [ 42%] FAILED tests/unit/dataframe/test_string_arithmetic.py::TestStringArithmetic::test_string_arithmetic_with_negative_numbers 
[gw3] [ 42%] FAILED tests/unit/functions/test_udf_comprehensive.py::TestUDFBasicOperations::test_udf_string_return_type 
[gw5] [ 42%] FAILED tests/unit/dataframe/test_withfield.py::TestWithField::test_withfield_nested_struct_with_null 
[gw6] [ 42%] FAILED tests/unit/test_array_parameter_formats.py::TestArrayParameterFormats::test_array_with_list_of_column_objects 
tests/unit/session/test_sql_validation.py::TestSQLValidator::test_validate_type_errors 
[gw2] [ 42%] PASSED tests/unit/session/test_sql_validation.py::TestSQLValidator::test_validate_type_errors 
[gw0] [ 42%] PASSED tests/unit/dataframe/test_inferschema_parity.py::TestInferSchemaParity::test_csv_with_time_values 
tests/unit/dataframe/test_inferschema_parity.py::TestInferSchemaParity::test_create_dataframe_with_hex_strings 
[gw0] [ 42%] PASSED tests/unit/dataframe/test_inferschema_parity.py::TestInferSchemaParity::test_create_dataframe_with_hex_strings 
tests/unit/dataframe/test_inferschema_parity.py::TestInferSchemaParity::test_csv_with_hex_strings 
[gw0] [ 42%] PASSED tests/unit/dataframe/test_inferschema_parity.py::TestInferSchemaParity::test_csv_with_hex_strings 
[gw7] [ 42%] FAILED tests/unit/dataframe/test_column_substr.py::TestColumnSubstr::test_basic_substr 
tests/unit/dataframe/test_string_arithmetic.py::TestStringArithmetic::test_string_arithmetic_with_scientific_notation 
tests/unit/functions/test_udf_comprehensive.py::TestUDFBasicOperations::test_udf_integer_return_type 
tests/unit/dataframe/test_inferschema_parity.py::TestInferSchemaParity::test_create_dataframe_with_whitespace_only_strings 
[gw0] [ 42%] PASSED tests/unit/dataframe/test_inferschema_parity.py::TestInferSchemaParity::test_create_dataframe_with_whitespace_only_strings 
tests/unit/dataframe/test_inferschema_parity.py::TestInferSchemaParity::test_csv_with_whitespace_only_values 
tests/unit/dataframe/test_withfield.py::TestWithField::test_withfield_nested_struct_arithmetic 
tests/unit/test_array_parameter_formats.py::TestArrayParameterFormats::test_array_all_formats_together 
tests/unit/session/test_sql_validation.py::TestSQLValidator::test_validate_error_messages 
[gw2] [ 43%] PASSED tests/unit/session/test_sql_validation.py::TestSQLValidator::test_validate_error_messages 
[gw0] [ 43%] PASSED tests/unit/dataframe/test_inferschema_parity.py::TestInferSchemaParity::test_csv_with_whitespace_only_values 
tests/unit/dataframe/test_column_substr.py::TestColumnSubstr::test_substr_from_second_position 
[gw3] [ 43%] FAILED tests/unit/functions/test_udf_comprehensive.py::TestUDFBasicOperations::test_udf_integer_return_type 
[gw6] [ 43%] FAILED tests/unit/test_array_parameter_formats.py::TestArrayParameterFormats::test_array_all_formats_together 
tests/unit/session/test_sql_validation.py::TestSQLValidator::test_validate_complex_query 
[gw2] [ 43%] PASSED tests/unit/session/test_sql_validation.py::TestSQLValidator::test_validate_complex_query 
tests/unit/session/test_sql_validation.py::TestSQLValidator::test_validate_cte 
[gw2] [ 43%] PASSED tests/unit/session/test_sql_validation.py::TestSQLValidator::test_validate_cte 
[gw9] [ 43%] FAILED tests/unit/dataframe/test_string_arithmetic.py::TestStringArithmetic::test_string_arithmetic_with_scientific_notation 
tests/unit/dataframe/test_inferschema_parity.py::TestInferSchemaParity::test_create_dataframe_with_numeric_string_prefixes 
[gw0] [ 43%] PASSED tests/unit/dataframe/test_inferschema_parity.py::TestInferSchemaParity::test_create_dataframe_with_numeric_string_prefixes 
[gw5] [ 43%] FAILED tests/unit/dataframe/test_withfield.py::TestWithField::test_withfield_nested_struct_arithmetic 
tests/unit/dataframe/test_inferschema_parity.py::TestInferSchemaParity::test_csv_with_numeric_string_prefixes 
[gw7] [ 43%] FAILED tests/unit/dataframe/test_column_substr.py::TestColumnSubstr::test_substr_from_second_position 
tests/unit/test_array_parameter_formats.py::TestArrayParameterFormats::test_array_with_mixed_types 
[gw4] [ 44%] FAILED tests/unit/dataframe/test_chained_arithmetic.py::TestChainedArithmetic::test_very_complex_nested_expression 
tests/unit/functions/test_udf_comprehensive.py::TestUDFBasicOperations::test_udf_double_return_type 
tests/unit/session/test_sql_validation.py::TestSQLValidator::test_validate_balanced_parentheses 
[gw2] [ 44%] PASSED tests/unit/session/test_sql_validation.py::TestSQLValidator::test_validate_balanced_parentheses 
tests/unit/dataframe/test_string_arithmetic.py::TestStringArithmetic::test_string_arithmetic_with_empty_strings 
[gw0] [ 44%] PASSED tests/unit/dataframe/test_inferschema_parity.py::TestInferSchemaParity::test_csv_with_numeric_string_prefixes 
tests/unit/dataframe/test_inferschema_parity.py::TestInferSchemaParity::test_create_dataframe_with_special_numeric_formats 
tests/unit/session/test_sql_validation.py::TestSQLValidator::test_validate_balanced_quotes 
[gw2] [ 44%] PASSED tests/unit/session/test_sql_validation.py::TestSQLValidator::test_validate_balanced_quotes 
[gw0] [ 44%] PASSED tests/unit/dataframe/test_inferschema_parity.py::TestInferSchemaParity::test_create_dataframe_with_special_numeric_formats 
tests/unit/dataframe/test_column_substr.py::TestColumnSubstr::test_substr_issue_238_example 
[gw6] [ 44%] FAILED tests/unit/test_array_parameter_formats.py::TestArrayParameterFormats::test_array_with_mixed_types 
tests/unit/dataframe/test_chained_arithmetic.py::TestChainedArithmetic::test_reverse_operations_with_select_multiple_columns 
tests/unit/dataframe/test_withfield.py::TestWithField::test_withfield_nested_struct_conditional 
[gw3] [ 44%] FAILED tests/unit/functions/test_udf_comprehensive.py::TestUDFBasicOperations::test_udf_double_return_type 
[gw9] [ 44%] FAILED tests/unit/dataframe/test_string_arithmetic.py::TestStringArithmetic::test_string_arithmetic_with_empty_strings 
[gw5] [ 44%] FAILED tests/unit/dataframe/test_withfield.py::TestWithField::test_withfield_nested_struct_conditional 
tests/unit/session/test_sql_validation.py::TestSQLValidator::test_validate_schema_method 
[gw2] [ 44%] PASSED tests/unit/session/test_sql_validation.py::TestSQLValidator::test_validate_schema_method 
tests/unit/session/test_sql_validation.py::TestSQLValidator::test_get_validation_errors 
[gw2] [ 45%] PASSED tests/unit/session/test_sql_validation.py::TestSQLValidator::test_get_validation_errors 
tests/unit/test_array_parameter_formats.py::TestArrayParameterFormats::test_array_with_single_column 
tests/unit/dataframe/test_inferschema_parity.py::TestInferSchemaParity::test_csv_with_plus_prefix_numbers 
[gw4] [ 45%] FAILED tests/unit/dataframe/test_chained_arithmetic.py::TestChainedArithmetic::test_reverse_operations_with_select_multiple_columns 
tests/unit/functions/test_udf_comprehensive.py::TestUDFBasicOperations::test_udf_boolean_return_type 
[gw7] [ 45%] FAILED tests/unit/dataframe/test_column_substr.py::TestColumnSubstr::test_substr_issue_238_example 
tests/unit/dataframe/test_string_arithmetic.py::TestStringArithmetic::test_string_arithmetic_with_whitespace 
[gw3] [ 45%] FAILED tests/unit/functions/test_udf_comprehensive.py::TestUDFBasicOperations::test_udf_boolean_return_type 
tests/unit/dataframe/test_withfield.py::TestWithField::test_withfield_nested_struct_with_outer_column 
tests/unit/session/test_sql_validation.py::TestSQLValidator::test_tokenize 
[gw6] [ 45%] FAILED tests/unit/test_array_parameter_formats.py::TestArrayParameterFormats::test_array_with_single_column 
[gw2] [ 45%] PASSED tests/unit/session/test_sql_validation.py::TestSQLValidator::test_tokenize 
tests/unit/dataframe/test_column_substr.py::TestColumnSubstr::test_substr_start_at_one 
tests/unit/dataframe/test_chained_arithmetic.py::TestChainedArithmetic::test_reverse_operations_preserve_precision 
tests/unit/functions/test_udf_comprehensive.py::TestUDFMultiArgument::test_udf_two_arguments 
tests/unit/session/test_sql_validation.py::TestSQLValidator::test_is_quoted 
[gw2] [ 45%] PASSED tests/unit/session/test_sql_validation.py::TestSQLValidator::test_is_quoted 
[gw0] [ 45%] PASSED tests/unit/dataframe/test_inferschema_parity.py::TestInferSchemaParity::test_csv_with_plus_prefix_numbers 
tests/unit/test_array_parameter_formats.py::TestArrayParameterFormats::test_array_with_three_columns 
tests/unit/session/test_sql_validation.py::TestSQLValidator::test_validate_insert_with_select 
[gw2] [ 45%] PASSED tests/unit/session/test_sql_validation.py::TestSQLValidator::test_validate_insert_with_select 
tests/unit/dataframe/test_inferschema_parity.py::TestInferSchemaParity::test_create_dataframe_with_mixed_case_booleans 
[gw0] [ 45%] PASSED tests/unit/dataframe/test_inferschema_parity.py::TestInferSchemaParity::test_create_dataframe_with_mixed_case_booleans 
[gw9] [ 45%] FAILED tests/unit/dataframe/test_string_arithmetic.py::TestStringArithmetic::test_string_arithmetic_with_whitespace 
[gw7] [ 46%] FAILED tests/unit/dataframe/test_column_substr.py::TestColumnSubstr::test_substr_start_at_one 
[gw5] [ 46%] FAILED tests/unit/dataframe/test_withfield.py::TestWithField::test_withfield_nested_struct_with_outer_column 
[gw3] [ 46%] FAILED tests/unit/functions/test_udf_comprehensive.py::TestUDFMultiArgument::test_udf_two_arguments 
tests/unit/session/test_sql_validation.py::TestSQLValidator::test_validate_insert_with_columns 
[gw2] [ 46%] PASSED tests/unit/session/test_sql_validation.py::TestSQLValidator::test_validate_insert_with_columns 
tests/unit/dataframe/test_inferschema_parity.py::TestInferSchemaParity::test_csv_with_mixed_case_booleans 
[gw4] [ 46%] FAILED tests/unit/dataframe/test_chained_arithmetic.py::TestChainedArithmetic::test_reverse_operations_preserve_precision 
[gw0] [ 46%] PASSED tests/unit/dataframe/test_inferschema_parity.py::TestInferSchemaParity::test_csv_with_mixed_case_booleans 
tests/unit/functions/test_udf_comprehensive.py::TestUDFMultiArgument::test_udf_three_arguments 
tests/unit/dataframe/test_string_arithmetic.py::TestStringArithmetic::test_string_arithmetic_with_very_large_numbers 
tests/unit/dataframe/test_withfield.py::TestWithField::test_withfield_nested_struct_chained_operations 
[gw6] [ 46%] FAILED tests/unit/test_array_parameter_formats.py::TestArrayParameterFormats::test_array_with_three_columns 
tests/unit/test_array_parameter_formats.py::TestArrayParameterFormats::test_array_with_computed_columns 
tests/unit/dataframe/test_inferschema_parity.py::TestInferSchemaParity::test_create_dataframe_with_infinity_and_nan 
[gw0] [ 46%] PASSED tests/unit/dataframe/test_inferschema_parity.py::TestInferSchemaParity::test_create_dataframe_with_infinity_and_nan 
tests/unit/session/test_sql_validation.py::TestSQLValidator::test_validate_multiple_values 
[gw2] [ 46%] PASSED tests/unit/session/test_sql_validation.py::TestSQLValidator::test_validate_multiple_values 
tests/unit/dataframe/test_chained_arithmetic.py::TestChainedArithmetic::test_reverse_operations_with_large_numbers 
tests/unit/dataframe/test_column_substr.py::TestColumnSubstr::test_substr_start_beyond_length 
[gw7] [ 46%] FAILED tests/unit/dataframe/test_column_substr.py::TestColumnSubstr::test_substr_start_beyond_length 
tests/unit/dataframe/test_inferschema_parity.py::TestInferSchemaParity::test_csv_with_infinity_strings 
[gw5] [ 47%] FAILED tests/unit/dataframe/test_withfield.py::TestWithField::test_withfield_nested_struct_chained_operations 
[gw3] [ 47%] FAILED tests/unit/functions/test_udf_comprehensive.py::TestUDFMultiArgument::test_udf_three_arguments 
[gw9] [ 47%] FAILED tests/unit/dataframe/test_string_arithmetic.py::TestStringArithmetic::test_string_arithmetic_with_very_large_numbers 
tests/unit/session/test_sql_validation.py::TestSQLValidator::test_validate_show_describe 
[gw2] [ 47%] PASSED tests/unit/session/test_sql_validation.py::TestSQLValidator::test_validate_show_describe 
[gw0] [ 47%] PASSED tests/unit/dataframe/test_inferschema_parity.py::TestInferSchemaParity::test_csv_with_infinity_strings 
[gw4] [ 47%] FAILED tests/unit/dataframe/test_chained_arithmetic.py::TestChainedArithmetic::test_reverse_operations_with_large_numbers 
[gw6] [ 47%] FAILED tests/unit/test_array_parameter_formats.py::TestArrayParameterFormats::test_array_with_computed_columns 
tests/unit/functions/test_udf_comprehensive.py::TestUDFMultiArgument::test_udf_mixed_types 
tests/unit/dataframe/test_inferschema_parity.py::TestInferSchemaParity::test_create_dataframe_with_very_small_floats 
tests/unit/dataframe/test_column_substr.py::TestColumnSubstr::test_substr_with_null 
[gw0] [ 47%] PASSED tests/unit/dataframe/test_inferschema_parity.py::TestInferSchemaParity::test_create_dataframe_with_very_small_floats 
tests/unit/dataframe/test_string_arithmetic.py::TestStringArithmetic::test_string_arithmetic_in_select 
tests/unit/dataframe/test_withfield.py::TestWithField::test_withfield_nested_struct_reference_other_nested 
tests/unit/test_array_parameter_formats.py::TestArrayParameterFormats::test_array_with_list_of_computed_columns 
tests/unit/session/test_sql_validation.py::TestSQLValidator::test_validate_create_drop_database 
[gw2] [ 47%] PASSED tests/unit/session/test_sql_validation.py::TestSQLValidator::test_validate_create_drop_database 
tests/unit/dataframe/test_inferschema_parity.py::TestInferSchemaParity::test_csv_with_very_small_floats 
tests/unit/dataframe/test_chained_arithmetic.py::TestChainedArithmetic::test_reverse_operations_with_small_numbers 
[gw0] [ 47%] PASSED tests/unit/dataframe/test_inferschema_parity.py::TestInferSchemaParity::test_csv_with_very_small_floats 
[gw7] [ 48%] FAILED tests/unit/dataframe/test_column_substr.py::TestColumnSubstr::test_substr_with_null 
tests/unit/dataframe/test_inferschema_parity.py::TestInferSchemaParity::test_create_dataframe_with_very_large_floats 
[gw0] [ 48%] PASSED tests/unit/dataframe/test_inferschema_parity.py::TestInferSchemaParity::test_create_dataframe_with_very_large_floats 
[gw3] [ 48%] FAILED tests/unit/functions/test_udf_comprehensive.py::TestUDFMultiArgument::test_udf_mixed_types 
[gw9] [ 48%] FAILED tests/unit/dataframe/test_string_arithmetic.py::TestStringArithmetic::test_string_arithmetic_in_select 
[gw4] [ 48%] FAILED tests/unit/dataframe/test_chained_arithmetic.py::TestChainedArithmetic::test_reverse_operations_with_small_numbers 
tests/unit/optimizer/test_optimization_rules.py::TestFilterPushdownRule::test_filter_pushdown_rule_can_apply 
[gw2] [ 48%] PASSED tests/unit/optimizer/test_optimization_rules.py::TestFilterPushdownRule::test_filter_pushdown_rule_can_apply 
tests/unit/optimizer/test_optimization_rules.py::TestFilterPushdownRule::test_filter_pushdown_rule_cannot_apply 
tests/unit/dataframe/test_column_substr.py::TestColumnSubstr::test_substr_length_zero 
tests/unit/functions/test_first_ignorenulls.py::TestFirstIgnoreNulls::test_first_with_ignorenulls_true 
[gw2] [ 48%] PASSED tests/unit/optimizer/test_optimization_rules.py::TestFilterPushdownRule::test_filter_pushdown_rule_cannot_apply 
tests/unit/optimizer/test_optimization_rules.py::TestFilterPushdownRule::test_filter_pushdown_basic 
[gw2] [ 48%] PASSED tests/unit/optimizer/test_optimization_rules.py::TestFilterPushdownRule::test_filter_pushdown_basic 
[gw5] [ 48%] FAILED tests/unit/dataframe/test_withfield.py::TestWithField::test_withfield_nested_struct_reference_other_nested 
tests/unit/test_performance_simulation.py::TestMockPerformanceSimulator::test_init 
[gw5] [ 48%] PASSED tests/unit/test_performance_simulation.py::TestMockPerformanceSimulator::test_init 
[gw6] [ 48%] FAILED tests/unit/test_array_parameter_formats.py::TestArrayParameterFormats::test_array_with_list_of_computed_columns 
tests/unit/test_array_parameter_formats.py::TestArrayParameterFormats::test_array_with_null_values 
tests/unit/dataframe/test_string_arithmetic.py::TestStringArithmetic::test_string_arithmetic_with_filter 
tests/unit/dataframe/test_inferschema_parity.py::TestInferSchemaParity::test_csv_with_very_large_floats 
[gw4] [ 49%] PASSED tests/unit/functions/test_first_ignorenulls.py::TestFirstIgnoreNulls::test_first_with_ignorenulls_true 
tests/unit/functions/test_udf_comprehensive.py::TestUDFInDifferentOperations::test_udf_in_select 
[gw0] [ 49%] PASSED tests/unit/dataframe/test_inferschema_parity.py::TestInferSchemaParity::test_csv_with_very_large_floats 
[gw7] [ 49%] FAILED tests/unit/dataframe/test_column_substr.py::TestColumnSubstr::test_substr_length_zero 
tests/unit/optimizer/test_optimization_rules.py::TestFilterPushdownRule::test_filter_pushdown_before_join 
[gw2] [ 49%] PASSED tests/unit/optimizer/test_optimization_rules.py::TestFilterPushdownRule::test_filter_pushdown_before_join 
tests/unit/functions/test_first_ignorenulls.py::TestFirstIgnoreNulls::test_first_with_ignorenulls_false 
[gw4] [ 49%] PASSED tests/unit/functions/test_first_ignorenulls.py::TestFirstIgnoreNulls::test_first_with_ignorenulls_false 
tests/unit/test_performance_simulation.py::TestMockPerformanceSimulator::test_set_slowdown_valid 
[gw5] [ 49%] PASSED tests/unit/test_performance_simulation.py::TestMockPerformanceSimulator::test_set_slowdown_valid 
tests/unit/test_performance_simulation.py::TestMockPerformanceSimulator::test_set_slowdown_invalid 
[gw5] [ 49%] PASSED tests/unit/test_performance_simulation.py::TestMockPerformanceSimulator::test_set_slowdown_invalid 
[gw9] [ 49%] FAILED tests/unit/dataframe/test_string_arithmetic.py::TestStringArithmetic::test_string_arithmetic_with_filter 
[gw3] [ 49%] FAILED tests/unit/functions/test_udf_comprehensive.py::TestUDFInDifferentOperations::test_udf_in_select 
tests/unit/dataframe/test_inferschema_parity.py::TestInferSchemaParity::test_create_dataframe_with_all_float_zeros 
[gw0] [ 49%] PASSED tests/unit/dataframe/test_inferschema_parity.py::TestInferSchemaParity::test_create_dataframe_with_all_float_zeros 
tests/unit/optimizer/test_optimization_rules.py::TestFilterPushdownRule::test_filter_pushdown_not_before_groupby 
[gw2] [ 50%] PASSED tests/unit/optimizer/test_optimization_rules.py::TestFilterPushdownRule::test_filter_pushdown_not_before_groupby 
[gw6] [ 50%] FAILED tests/unit/test_array_parameter_formats.py::TestArrayParameterFormats::test_array_with_null_values 
tests/unit/dataframe/test_string_arithmetic.py::TestStringArithmetic::test_string_arithmetic_mixed_with_numeric_column 
tests/unit/optimizer/test_optimization_rules.py::TestFilterPushdownRule::test_filter_pushdown_not_before_orderby 
[gw2] [ 50%] PASSED tests/unit/optimizer/test_optimization_rules.py::TestFilterPushdownRule::test_filter_pushdown_not_before_orderby 
tests/unit/optimizer/test_optimization_rules.py::TestFilterPushdownRule::test_filter_pushdown_not_before_window 
[gw2] [ 50%] PASSED tests/unit/optimizer/test_optimization_rules.py::TestFilterPushdownRule::test_filter_pushdown_not_before_window 
tests/unit/test_performance_simulation.py::TestMockPerformanceSimulator::test_set_memory_limit_valid 
[gw5] [ 50%] PASSED tests/unit/test_performance_simulation.py::TestMockPerformanceSimulator::test_set_memory_limit_valid 
tests/unit/test_performance_simulation.py::TestMockPerformanceSimulator::test_set_memory_limit_invalid 
[gw5] [ 50%] PASSED tests/unit/test_performance_simulation.py::TestMockPerformanceSimulator::test_set_memory_limit_invalid 
tests/unit/functions/test_first_ignorenulls.py::TestFirstIgnoreNulls::test_first_default_behavior 
[gw4] [ 50%] PASSED tests/unit/functions/test_first_ignorenulls.py::TestFirstIgnoreNulls::test_first_default_behavior 
tests/unit/functions/test_first_ignorenulls.py::TestFirstIgnoreNulls::test_first_ignorenulls_with_groupby 
[gw4] [ 50%] PASSED tests/unit/functions/test_first_ignorenulls.py::TestFirstIgnoreNulls::test_first_ignorenulls_with_groupby 
tests/unit/dataframe/test_inferschema_parity.py::TestInferSchemaParity::test_csv_with_all_float_zeros 
tests/unit/functions/test_udf_comprehensive.py::TestUDFInDifferentOperations::test_udf_in_withColumn 
tests/unit/dataframe/test_column_substr.py::TestColumnSubstr::test_substr_length_exceeds_remaining 
[gw7] [ 50%] FAILED tests/unit/dataframe/test_column_substr.py::TestColumnSubstr::test_substr_length_exceeds_remaining 
tests/unit/test_array_parameter_formats.py::TestArrayParameterFormats::test_array_with_all_null_columns 
[gw3] [ 50%] FAILED tests/unit/functions/test_udf_comprehensive.py::TestUDFInDifferentOperations::test_udf_in_withColumn 
[gw0] [ 51%] PASSED tests/unit/dataframe/test_inferschema_parity.py::TestInferSchemaParity::test_csv_with_all_float_zeros 
[gw6] [ 51%] FAILED tests/unit/test_array_parameter_formats.py::TestArrayParameterFormats::test_array_with_all_null_columns 
tests/unit/optimizer/test_optimization_rules.py::TestColumnPruningRule::test_column_pruning_rule_can_apply 
tests/unit/test_performance_simulation.py::TestMockPerformanceSimulator::test_check_memory_usage_within_limit 
tests/unit/functions/test_udf_comprehensive.py::TestUDFInDifferentOperations::test_udf_in_filter 
tests/unit/dataframe/test_column_substr.py::TestColumnSubstr::test_substr_in_select 
[gw5] [ 51%] PASSED tests/unit/test_performance_simulation.py::TestMockPerformanceSimulator::test_check_memory_usage_within_limit 
tests/unit/dataframe/test_inferschema_parity.py::TestInferSchemaParity::test_create_dataframe_with_all_integer_zeros 
[gw0] [ 51%] PASSED tests/unit/dataframe/test_inferschema_parity.py::TestInferSchemaParity::test_create_dataframe_with_all_integer_zeros 
tests/unit/dataframe/test_inferschema_parity.py::TestInferSchemaParity::test_csv_with_all_integer_zeros 
tests/unit/functions/test_first_ignorenulls.py::TestFirstIgnoreNulls::test_first_ignorenulls_all_nulls 
[gw4] [ 51%] PASSED tests/unit/functions/test_first_ignorenulls.py::TestFirstIgnoreNulls::test_first_ignorenulls_all_nulls 
tests/unit/test_array_parameter_formats.py::TestArrayParameterFormats::test_array_with_numeric_types 
[gw9] [ 51%] FAILED tests/unit/dataframe/test_string_arithmetic.py::TestStringArithmetic::test_string_arithmetic_mixed_with_numeric_column 
tests/unit/test_performance_simulation.py::TestMockPerformanceSimulator::test_check_memory_usage_exceeds_limit 
[gw5] [ 51%] PASSED tests/unit/test_performance_simulation.py::TestMockPerformanceSimulator::test_check_memory_usage_exceeds_limit 
tests/unit/test_performance_simulation.py::TestMockPerformanceSimulator::test_check_memory_usage_no_limit 
[gw5] [ 51%] PASSED tests/unit/test_performance_simulation.py::TestMockPerformanceSimulator::test_check_memory_usage_no_limit 
tests/unit/dataframe/test_string_arithmetic.py::TestStringArithmetic::test_string_arithmetic_with_when_otherwise 
tests/unit/functions/test_first_ignorenulls.py::TestFirstIgnoreNulls::test_first_ignorenulls_no_nulls 
[gw4] [ 51%] PASSED tests/unit/functions/test_first_ignorenulls.py::TestFirstIgnoreNulls::test_first_ignorenulls_no_nulls 
[gw7] [ 51%] FAILED tests/unit/dataframe/test_column_substr.py::TestColumnSubstr::test_substr_in_select 
[gw0] [ 51%] PASSED tests/unit/dataframe/test_inferschema_parity.py::TestInferSchemaParity::test_csv_with_all_integer_zeros 
[gw2] [ 52%] PASSED tests/unit/optimizer/test_optimization_rules.py::TestColumnPruningRule::test_column_pruning_rule_can_apply 
tests/unit/optimizer/test_optimization_rules.py::TestColumnPruningRule::test_column_pruning_basic 
[gw2] [ 52%] PASSED tests/unit/optimizer/test_optimization_rules.py::TestColumnPruningRule::test_column_pruning_basic 
tests/unit/optimizer/test_optimization_rules.py::TestColumnPruningRule::test_column_pruning_preserves_needed 
[gw2] [ 52%] PASSED tests/unit/optimizer/test_optimization_rules.py::TestColumnPruningRule::test_column_pruning_preserves_needed 
tests/unit/optimizer/test_optimization_rules.py::TestColumnPruningRule::test_column_pruning_preserves_aggregates 
[gw2] [ 52%] PASSED tests/unit/optimizer/test_optimization_rules.py::TestColumnPruningRule::test_column_pruning_preserves_aggregates 
[gw1] [ 52%] PASSED tests/unit/test_issues_225_231.py::TestIssue229PandasDataFrameSupport::test_createDataFrame_from_pandas 
[gw3] [ 52%] FAILED tests/unit/functions/test_udf_comprehensive.py::TestUDFInDifferentOperations::test_udf_in_filter 
tests/unit/functions/test_udf_comprehensive.py::TestUDFInDifferentOperations::test_udf_in_groupBy_aggregation 
tests/unit/test_performance_simulation.py::TestMockPerformanceSimulator::test_apply_slowdown 
tests/unit/dataframe/test_inferschema_parity.py::TestInferSchemaParity::test_create_dataframe_with_all_false_booleans 
[gw9] [ 52%] FAILED tests/unit/dataframe/test_string_arithmetic.py::TestStringArithmetic::test_string_arithmetic_with_when_otherwise 
[gw6] [ 52%] FAILED tests/unit/test_array_parameter_formats.py::TestArrayParameterFormats::test_array_with_numeric_types 
[gw5] [ 52%] PASSED tests/unit/test_performance_simulation.py::TestMockPerformanceSimulator::test_apply_slowdown 
[gw0] [ 52%] PASSED tests/unit/dataframe/test_inferschema_parity.py::TestInferSchemaParity::test_create_dataframe_with_all_false_booleans 
tests/unit/functions/test_first_ignorenulls.py::TestFirstIgnoreNulls::test_first_ignorenulls_pyspark_parity 
tests/unit/test_issues_225_231.py::TestIssue229PandasDataFrameSupport::test_createDataFrame_from_pandas_with_schema 
tests/unit/test_array_parameter_formats.py::TestArrayParameterFormats::test_array_with_boolean_types 
tests/unit/dataframe/test_inferschema_parity.py::TestInferSchemaParity::test_csv_with_all_false_booleans 
[gw0] [ 53%] PASSED tests/unit/dataframe/test_inferschema_parity.py::TestInferSchemaParity::test_csv_with_all_false_booleans 
tests/unit/optimizer/test_optimization_rules.py::TestJoinOptimizationRule::test_join_optimization_rule_can_apply 
[gw2] [ 53%] PASSED tests/unit/optimizer/test_optimization_rules.py::TestJoinOptimizationRule::test_join_optimization_rule_can_apply 
tests/unit/optimizer/test_optimization_rules.py::TestJoinOptimizationRule::test_join_optimization_small_first 
[gw2] [ 53%] PASSED tests/unit/optimizer/test_optimization_rules.py::TestJoinOptimizationRule::test_join_optimization_small_first 
tests/unit/dataframe/test_string_arithmetic.py::TestStringArithmetic::test_string_arithmetic_chained_with_cast 
tests/unit/dataframe/test_inferschema_parity.py::TestInferSchemaParity::test_create_dataframe_with_all_true_booleans 
[gw0] [ 53%] PASSED tests/unit/dataframe/test_inferschema_parity.py::TestInferSchemaParity::test_create_dataframe_with_all_true_booleans 
tests/unit/dataframe/test_inferschema_parity.py::TestInferSchemaParity::test_csv_with_all_true_booleans 
tests/unit/dataframe/test_column_substr.py::TestColumnSubstr::test_substr_in_withColumn 
[gw7] [ 53%] FAILED tests/unit/dataframe/test_column_substr.py::TestColumnSubstr::test_substr_in_withColumn 
[gw1] [ 53%] PASSED tests/unit/test_issues_225_231.py::TestIssue229PandasDataFrameSupport::test_createDataFrame_from_pandas_with_schema 
[gw4] [ 53%] PASSED tests/unit/functions/test_first_ignorenulls.py::TestFirstIgnoreNulls::test_first_ignorenulls_pyspark_parity 
tests/unit/functions/test_first_ignorenulls.py::TestFirstIgnoreNulls::test_first_ignorenulls_with_numeric_values 
[gw4] [ 53%] PASSED tests/unit/functions/test_first_ignorenulls.py::TestFirstIgnoreNulls::test_first_ignorenulls_with_numeric_values 
tests/unit/dataframe/test_column_substr.py::TestColumnSubstr::test_substr_in_filter 
[gw9] [ 53%] FAILED tests/unit/dataframe/test_string_arithmetic.py::TestStringArithmetic::test_string_arithmetic_chained_with_cast 
tests/unit/test_performance_simulation.py::TestMockPerformanceSimulator::test_record_metrics 
[gw0] [ 53%] PASSED tests/unit/dataframe/test_inferschema_parity.py::TestInferSchemaParity::test_csv_with_all_true_booleans 
[gw3] [ 54%] FAILED tests/unit/functions/test_udf_comprehensive.py::TestUDFInDifferentOperations::test_udf_in_groupBy_aggregation 
tests/unit/functions/test_first_ignorenulls.py::TestFirstIgnoreNulls::test_first_ignorenulls_mixed_types 
[gw4] [ 54%] PASSED tests/unit/functions/test_first_ignorenulls.py::TestFirstIgnoreNulls::test_first_ignorenulls_mixed_types 
tests/unit/optimizer/test_optimization_rules.py::TestPredicatePushdownRule::test_predicate_pushdown_rule_can_apply 
[gw2] [ 54%] PASSED tests/unit/optimizer/test_optimization_rules.py::TestPredicatePushdownRule::test_predicate_pushdown_rule_can_apply 
tests/unit/optimizer/test_optimization_rules.py::TestPredicatePushdownRule::test_predicate_pushdown_basic 
[gw2] [ 54%] PASSED tests/unit/optimizer/test_optimization_rules.py::TestPredicatePushdownRule::test_predicate_pushdown_basic 
[gw5] [ 54%] PASSED tests/unit/test_performance_simulation.py::TestMockPerformanceSimulator::test_record_metrics 
tests/unit/test_performance_simulation.py::TestMockPerformanceSimulator::test_reset_metrics 
[gw5] [ 54%] PASSED tests/unit/test_performance_simulation.py::TestMockPerformanceSimulator::test_reset_metrics 
[gw7] [ 54%] FAILED tests/unit/dataframe/test_column_substr.py::TestColumnSubstr::test_substr_in_filter 
tests/unit/dataframe/test_inferschema_parity.py::TestInferSchemaParity::test_create_dataframe_with_single_character_strings 
[gw0] [ 54%] PASSED tests/unit/dataframe/test_inferschema_parity.py::TestInferSchemaParity::test_create_dataframe_with_single_character_strings 
tests/unit/dataframe/test_inferschema_parity.py::TestInferSchemaParity::test_csv_with_single_character_values 
[gw0] [ 54%] PASSED tests/unit/dataframe/test_inferschema_parity.py::TestInferSchemaParity::test_csv_with_single_character_values 
tests/unit/optimizer/test_optimization_rules.py::TestProjectionPushdownRule::test_projection_pushdown_rule_can_apply 
[gw2] [ 54%] PASSED tests/unit/optimizer/test_optimization_rules.py::TestProjectionPushdownRule::test_projection_pushdown_rule_can_apply 
tests/unit/functions/test_first_ignorenulls.py::TestFirstIgnoreNulls::test_first_ignorenulls_null_at_different_positions 
[gw4] [ 54%] PASSED tests/unit/functions/test_first_ignorenulls.py::TestFirstIgnoreNulls::test_first_ignorenulls_null_at_different_positions 
tests/unit/test_issues_225_231.py::TestIssue229PandasDataFrameSupport::test_createDataFrame_from_pandas_empty 
[gw1] [ 55%] PASSED tests/unit/test_issues_225_231.py::TestIssue229PandasDataFrameSupport::test_createDataFrame_from_pandas_empty 
[gw6] [ 55%] FAILED tests/unit/test_array_parameter_formats.py::TestArrayParameterFormats::test_array_with_boolean_types 
tests/unit/test_array_parameter_formats.py::TestArrayParameterFormats::test_array_with_mixed_types_comprehensive 
tests/unit/functions/test_udf_comprehensive.py::TestUDFNullHandling::test_udf_with_null_input 
tests/unit/dataframe/test_string_arithmetic.py::TestStringArithmetic::test_string_arithmetic_all_operations_comprehensive 
[gw6] [ 55%] FAILED tests/unit/test_array_parameter_formats.py::TestArrayParameterFormats::test_array_with_mixed_types_comprehensive 
tests/unit/test_array_parameter_formats.py::TestArrayParameterFormats::test_array_in_select_statement 
tests/unit/test_performance_simulation.py::TestMockPerformanceSimulator::test_context_manager 
[gw5] [ 55%] PASSED tests/unit/test_performance_simulation.py::TestMockPerformanceSimulator::test_context_manager 
tests/unit/optimizer/test_optimization_rules.py::TestProjectionPushdownRule::test_projection_pushdown_basic 
[gw2] [ 55%] PASSED tests/unit/optimizer/test_optimization_rules.py::TestProjectionPushdownRule::test_projection_pushdown_basic 
tests/unit/optimizer/test_optimization_rules.py::TestLimitPushdownRule::test_limit_pushdown_rule_can_apply 
[gw9] [ 55%] FAILED tests/unit/dataframe/test_string_arithmetic.py::TestStringArithmetic::test_string_arithmetic_all_operations_comprehensive 
tests/unit/functions/test_first_ignorenulls.py::TestFirstIgnoreNulls::test_first_ignorenulls_with_boolean_values 
[gw4] [ 55%] PASSED tests/unit/functions/test_first_ignorenulls.py::TestFirstIgnoreNulls::test_first_ignorenulls_with_boolean_values 
tests/unit/test_issues_225_231.py::TestIssue229PandasDataFrameSupport::test_createDataFrame_from_pandas_with_nulls 
[gw1] [ 55%] PASSED tests/unit/test_issues_225_231.py::TestIssue229PandasDataFrameSupport::test_createDataFrame_from_pandas_with_nulls 
tests/unit/dataframe/test_inferschema_parity.py::TestInferSchemaParity::test_create_dataframe_with_numeric_string_suffixes 
[gw0] [ 55%] PASSED tests/unit/dataframe/test_inferschema_parity.py::TestInferSchemaParity::test_create_dataframe_with_numeric_string_suffixes 
tests/unit/dataframe/test_inferschema_parity.py::TestInferSchemaParity::test_csv_with_numeric_string_suffixes 
[gw0] [ 55%] PASSED tests/unit/dataframe/test_inferschema_parity.py::TestInferSchemaParity::test_csv_with_numeric_string_suffixes 
[gw3] [ 56%] FAILED tests/unit/functions/test_udf_comprehensive.py::TestUDFNullHandling::test_udf_with_null_input 
tests/unit/functions/test_first_ignorenulls.py::TestFirstIgnoreNulls::test_first_ignorenulls_with_float_values 
[gw4] [ 56%] PASSED tests/unit/functions/test_first_ignorenulls.py::TestFirstIgnoreNulls::test_first_ignorenulls_with_float_values 
tests/unit/dataframe/test_column_substr.py::TestColumnSubstr::test_substr_in_orderBy 
[gw7] [ 56%] FAILED tests/unit/dataframe/test_column_substr.py::TestColumnSubstr::test_substr_in_orderBy 
[gw2] [ 56%] PASSED tests/unit/optimizer/test_optimization_rules.py::TestLimitPushdownRule::test_limit_pushdown_rule_can_apply 
[gw6] [ 56%] FAILED tests/unit/test_array_parameter_formats.py::TestArrayParameterFormats::test_array_in_select_statement 
tests/unit/test_performance_simulation.py::TestMockPerformanceSimulator::test_enable_disable_performance_simulation 
[gw5] [ 56%] PASSED tests/unit/test_performance_simulation.py::TestMockPerformanceSimulator::test_enable_disable_performance_simulation 
tests/unit/dataframe/test_column_substr.py::TestColumnSubstr::test_substr_equals_substring_function 
tests/unit/test_performance_simulation.py::TestMockPerformanceSimulator::test_wrap_method_with_memory_check 
[gw5] [ 56%] PASSED tests/unit/test_performance_simulation.py::TestMockPerformanceSimulator::test_wrap_method_with_memory_check 
tests/unit/test_issues_225_231.py::TestIssue230CaseInsensitiveColumnMatching::test_select_case_insensitive 
tests/unit/functions/test_udf_comprehensive.py::TestUDFNullHandling::test_udf_with_null_return 
tests/unit/test_array_parameter_formats.py::TestArrayParameterFormats::test_array_after_filter 
tests/unit/test_performance_simulation.py::TestMockPerformanceSimulatorBuilder::test_builder_init 
[gw5] [ 56%] PASSED tests/unit/test_performance_simulation.py::TestMockPerformanceSimulatorBuilder::test_builder_init 
tests/unit/optimizer/test_optimization_rules.py::TestLimitPushdownRule::test_limit_pushdown_basic 
[gw2] [ 56%] PASSED tests/unit/optimizer/test_optimization_rules.py::TestLimitPushdownRule::test_limit_pushdown_basic 
tests/unit/optimizer/test_optimization_rules.py::TestLimitPushdownRule::test_limit_pushdown_smallest_limit 
[gw2] [ 56%] PASSED tests/unit/optimizer/test_optimization_rules.py::TestLimitPushdownRule::test_limit_pushdown_smallest_limit 
tests/unit/optimizer/test_optimization_rules.py::TestUnionOptimizationRule::test_union_optimization_rule_can_apply 
[gw2] [ 57%] PASSED tests/unit/optimizer/test_optimization_rules.py::TestUnionOptimizationRule::test_union_optimization_rule_can_apply 
tests/unit/functions/test_first_ignorenulls.py::TestFirstIgnoreNulls::test_first_ignorenulls_with_empty_strings 
[gw4] [ 57%] PASSED tests/unit/functions/test_first_ignorenulls.py::TestFirstIgnoreNulls::test_first_ignorenulls_with_empty_strings 
tests/unit/dataframe/test_inferschema_parity.py::TestInferSchemaParity::test_create_dataframe_with_mixed_numeric_formats 
[gw0] [ 57%] PASSED tests/unit/dataframe/test_inferschema_parity.py::TestInferSchemaParity::test_create_dataframe_with_mixed_numeric_formats 
tests/unit/dataframe/test_inferschema_parity.py::TestInferSchemaParity::test_csv_with_mixed_numeric_formats 
[gw3] [ 57%] FAILED tests/unit/functions/test_udf_comprehensive.py::TestUDFNullHandling::test_udf_with_null_return 
tests/unit/dataframe/test_string_arithmetic.py::TestStringArithmetic::test_string_arithmetic_with_zero_string 
tests/unit/optimizer/test_optimization_rules.py::TestUnionOptimizationRule::test_union_optimization_basic 
[gw1] [ 57%] FAILED tests/unit/test_issues_225_231.py::TestIssue230CaseInsensitiveColumnMatching::test_select_case_insensitive 
[gw7] [ 57%] FAILED tests/unit/dataframe/test_column_substr.py::TestColumnSubstr::test_substr_equals_substring_function 
tests/unit/test_performance_simulation.py::TestMockPerformanceSimulatorBuilder::test_builder_slowdown 
tests/unit/functions/test_udf_comprehensive.py::TestUDFEdgeCases::test_udf_empty_dataframe 
[gw9] [ 57%] FAILED tests/unit/dataframe/test_string_arithmetic.py::TestStringArithmetic::test_string_arithmetic_with_zero_string 
tests/unit/functions/test_first_ignorenulls.py::TestFirstIgnoreNulls::test_first_ignorenulls_single_row_group 
[gw5] [ 57%] PASSED tests/unit/test_performance_simulation.py::TestMockPerformanceSimulatorBuilder::test_builder_slowdown 
[gw0] [ 57%] PASSED tests/unit/dataframe/test_inferschema_parity.py::TestInferSchemaParity::test_csv_with_mixed_numeric_formats 
[gw2] [ 57%] PASSED tests/unit/optimizer/test_optimization_rules.py::TestUnionOptimizationRule::test_union_optimization_basic 
[gw4] [ 57%] PASSED tests/unit/functions/test_first_ignorenulls.py::TestFirstIgnoreNulls::test_first_ignorenulls_single_row_group 
[gw6] [ 58%] FAILED tests/unit/test_array_parameter_formats.py::TestArrayParameterFormats::test_array_after_filter 
tests/unit/test_performance_simulation.py::TestMockPerformanceSimulatorBuilder::test_builder_memory_limit 
tests/unit/dataframe/test_column_substr.py::TestColumnSubstr::test_substr_chained_operations 
[gw5] [ 58%] PASSED tests/unit/test_performance_simulation.py::TestMockPerformanceSimulatorBuilder::test_builder_memory_limit 
tests/unit/dataframe/test_inferschema_parity.py::TestInferSchemaParity::test_create_dataframe_with_very_long_column_names 
[gw0] [ 58%] PASSED tests/unit/dataframe/test_inferschema_parity.py::TestInferSchemaParity::test_create_dataframe_with_very_long_column_names 
tests/unit/optimizer/test_optimization_rules.py::TestUnionOptimizationRule::test_rule_application_order 
[gw2] [ 58%] PASSED tests/unit/optimizer/test_optimization_rules.py::TestUnionOptimizationRule::test_rule_application_order 
[gw3] [ 58%] FAILED tests/unit/functions/test_udf_comprehensive.py::TestUDFEdgeCases::test_udf_empty_dataframe 
tests/unit/dataframe/test_string_arithmetic.py::TestStringArithmetic::test_string_arithmetic_decimal_precision 
tests/unit/functions/test_first_ignorenulls.py::TestFirstIgnoreNulls::test_first_ignorenulls_empty_group 
[gw4] [ 58%] PASSED tests/unit/functions/test_first_ignorenulls.py::TestFirstIgnoreNulls::test_first_ignorenulls_empty_group 
tests/unit/test_array_parameter_formats.py::TestArrayParameterFormats::test_array_in_groupby_context 
tests/unit/functions/test_udf_comprehensive.py::TestUDFEdgeCases::test_udf_single_row 
tests/unit/dataframe/test_inferschema_parity.py::TestInferSchemaParity::test_csv_with_very_long_column_names 
[gw7] [ 58%] FAILED tests/unit/dataframe/test_column_substr.py::TestColumnSubstr::test_substr_chained_operations 
[gw3] [ 58%] FAILED tests/unit/functions/test_udf_comprehensive.py::TestUDFEdgeCases::test_udf_single_row 
tests/unit/test_performance_simulation.py::TestMockPerformanceSimulatorBuilder::test_builder_enable_monitoring 
[gw9] [ 58%] FAILED tests/unit/dataframe/test_string_arithmetic.py::TestStringArithmetic::test_string_arithmetic_decimal_precision 
tests/unit/dataframe/test_string_arithmetic.py::TestStringArithmetic::test_string_arithmetic_with_negative_zero 
[gw0] [ 58%] PASSED tests/unit/dataframe/test_inferschema_parity.py::TestInferSchemaParity::test_csv_with_very_long_column_names 
tests/unit/dataframe/test_inferschema_parity.py::TestInferSchemaParity::test_create_dataframe_with_special_characters_in_column_names 
[gw0] [ 59%] PASSED tests/unit/dataframe/test_inferschema_parity.py::TestInferSchemaParity::test_create_dataframe_with_special_characters_in_column_names 
tests/unit/dataframe/test_inferschema_parity.py::TestInferSchemaParity::test_csv_with_special_characters_in_column_names 
[gw5] [ 59%] PASSED tests/unit/test_performance_simulation.py::TestMockPerformanceSimulatorBuilder::test_builder_enable_monitoring 
[gw0] [ 59%] PASSED tests/unit/dataframe/test_inferschema_parity.py::TestInferSchemaParity::test_csv_with_special_characters_in_column_names 
[gw6] [ 59%] FAILED tests/unit/test_array_parameter_formats.py::TestArrayParameterFormats::test_array_in_groupby_context 
tests/unit/optimizer/test_optimization_rules.py::TestUnionOptimizationRule::test_rule_idempotency 
[gw2] [ 59%] PASSED tests/unit/optimizer/test_optimization_rules.py::TestUnionOptimizationRule::test_rule_idempotency 
tests/unit/dataframe/test_join_type_coercion.py::TestJoinTypeCoercion::test_join_int64_with_string 
[gw2] [ 59%] FAILED tests/unit/dataframe/test_join_type_coercion.py::TestJoinTypeCoercion::test_join_int64_with_string 
tests/unit/test_array_parameter_formats.py::TestArrayParameterFormats::test_array_in_join 
tests/unit/test_performance_simulation.py::TestMockPerformanceSimulatorBuilder::test_builder_build 
[gw5] [ 59%] PASSED tests/unit/test_performance_simulation.py::TestMockPerformanceSimulatorBuilder::test_builder_build 
tests/unit/test_performance_simulation.py::TestMockPerformanceSimulatorBuilder::test_builder_fluent_interface 
[gw5] [ 59%] PASSED tests/unit/test_performance_simulation.py::TestMockPerformanceSimulatorBuilder::test_builder_fluent_interface 
tests/unit/test_performance_simulation.py::TestConvenienceFunctions::test_create_slow_simulator 
[gw5] [ 59%] PASSED tests/unit/test_performance_simulation.py::TestConvenienceFunctions::test_create_slow_simulator 
tests/unit/test_performance_simulation.py::TestConvenienceFunctions::test_create_slow_simulator_default 
[gw5] [ 59%] PASSED tests/unit/test_performance_simulation.py::TestConvenienceFunctions::test_create_slow_simulator_default 
tests/unit/dataframe/test_column_substr.py::TestColumnSubstr::test_substr_empty_string 
[gw7] [ 60%] FAILED tests/unit/dataframe/test_column_substr.py::TestColumnSubstr::test_substr_empty_string 
tests/unit/functions/test_udf_comprehensive.py::TestUDFEdgeCases::test_udf_large_dataframe 
[gw3] [ 60%] FAILED tests/unit/functions/test_udf_comprehensive.py::TestUDFEdgeCases::test_udf_large_dataframe 
tests/unit/functions/test_first_ignorenulls.py::TestFirstIgnoreNulls::test_first_ignorenulls_with_orderby 
[gw4] [ 60%] PASSED tests/unit/functions/test_first_ignorenulls.py::TestFirstIgnoreNulls::test_first_ignorenulls_with_orderby 
tests/unit/functions/test_first_ignorenulls.py::TestFirstIgnoreNulls::test_first_ignorenulls_multiple_aggregations 
[gw4] [ 60%] PASSED tests/unit/functions/test_first_ignorenulls.py::TestFirstIgnoreNulls::test_first_ignorenulls_multiple_aggregations 
tests/unit/functions/test_first_ignorenulls.py::TestFirstIgnoreNulls::test_first_ignorenulls_different_settings_same_group 
[gw4] [ 60%] PASSED tests/unit/functions/test_first_ignorenulls.py::TestFirstIgnoreNulls::test_first_ignorenulls_different_settings_same_group 
tests/unit/test_issues_225_231.py::TestIssue230CaseInsensitiveColumnMatching::test_selectExpr_case_insensitive 
[gw1] [ 60%] FAILED tests/unit/test_issues_225_231.py::TestIssue230CaseInsensitiveColumnMatching::test_selectExpr_case_insensitive 
tests/unit/test_issues_225_231.py::TestIssue230CaseInsensitiveColumnMatching::test_filter_case_insensitive 
tests/unit/dataframe/test_inferschema_parity.py::TestInferSchemaParity::test_create_dataframe_with_unicode_in_column_names 
[gw0] [ 60%] PASSED tests/unit/dataframe/test_inferschema_parity.py::TestInferSchemaParity::test_create_dataframe_with_unicode_in_column_names 
tests/unit/test_performance_simulation.py::TestConvenienceFunctions::test_create_memory_limited_simulator 
[gw5] [ 60%] PASSED tests/unit/test_performance_simulation.py::TestConvenienceFunctions::test_create_memory_limited_simulator 
tests/unit/functions/test_udf_comprehensive.py::TestUDFEdgeCases::test_udf_empty_string 
tests/unit/functions/test_first_ignorenulls.py::TestFirstIgnoreNulls::test_first_ignorenulls_with_column_expression 
[gw4] [ 60%] PASSED tests/unit/functions/test_first_ignorenulls.py::TestFirstIgnoreNulls::test_first_ignorenulls_with_column_expression 
[gw9] [ 60%] FAILED tests/unit/dataframe/test_string_arithmetic.py::TestStringArithmetic::test_string_arithmetic_with_negative_zero 
tests/unit/dataframe/test_column_substr.py::TestColumnSubstr::test_substr_unicode 
tests/unit/dataframe/test_join_type_coercion.py::TestJoinTypeCoercion::test_join_string_with_int64 
tests/unit/test_performance_simulation.py::TestConvenienceFunctions::test_create_memory_limited_simulator_default 
[gw1] [ 60%] FAILED tests/unit/test_issues_225_231.py::TestIssue230CaseInsensitiveColumnMatching::test_filter_case_insensitive 
[gw3] [ 61%] FAILED tests/unit/functions/test_udf_comprehensive.py::TestUDFEdgeCases::test_udf_empty_string 
tests/unit/dataframe/test_inferschema_parity.py::TestInferSchemaParity::test_csv_with_unicode_in_column_names 
[gw6] [ 61%] FAILED tests/unit/test_array_parameter_formats.py::TestArrayParameterFormats::test_array_in_join 
[gw5] [ 61%] PASSED tests/unit/test_performance_simulation.py::TestConvenienceFunctions::test_create_memory_limited_simulator_default 
tests/unit/functions/test_first_ignorenulls.py::TestFirstIgnoreNulls::test_first_ignorenulls_large_group 
tests/unit/test_array_parameter_formats.py::TestArrayParameterFormats::test_array_with_window_functions 
[gw4] [ 61%] PASSED tests/unit/functions/test_first_ignorenulls.py::TestFirstIgnoreNulls::test_first_ignorenulls_large_group 
tests/unit/dataframe/test_string_arithmetic.py::TestStringArithmetic::test_string_arithmetic_complex_expression 
[gw2] [ 61%] FAILED tests/unit/dataframe/test_join_type_coercion.py::TestJoinTypeCoercion::test_join_string_with_int64 
tests/unit/test_issues_225_231.py::TestIssue230CaseInsensitiveColumnMatching::test_withColumn_case_insensitive 
[gw0] [ 61%] PASSED tests/unit/dataframe/test_inferschema_parity.py::TestInferSchemaParity::test_csv_with_unicode_in_column_names 
[gw7] [ 61%] FAILED tests/unit/dataframe/test_column_substr.py::TestColumnSubstr::test_substr_unicode 
[gw6] [ 61%] FAILED tests/unit/test_array_parameter_formats.py::TestArrayParameterFormats::test_array_with_window_functions 
tests/unit/dataframe/test_inferschema_parity.py::TestInferSchemaParity::test_create_dataframe_with_duplicate_column_names_in_data 
tests/unit/dataframe/test_column_substr.py::TestColumnSubstr::test_substr_negative_start 
[gw0] [ 61%] PASSED tests/unit/dataframe/test_inferschema_parity.py::TestInferSchemaParity::test_create_dataframe_with_duplicate_column_names_in_data 
tests/unit/functions/test_first_ignorenulls.py::TestFirstIgnoreNulls::test_first_ignorenulls_type_preservation 
tests/unit/test_performance_simulation.py::TestConvenienceFunctions::test_create_high_performance_simulator 
[gw5] [ 61%] PASSED tests/unit/test_performance_simulation.py::TestConvenienceFunctions::test_create_high_performance_simulator 
[gw4] [ 62%] PASSED tests/unit/functions/test_first_ignorenulls.py::TestFirstIgnoreNulls::test_first_ignorenulls_type_preservation 
tests/unit/functions/test_udf_comprehensive.py::TestUDFEdgeCases::test_udf_zero_value 
tests/unit/dataframe/test_join_type_coercion.py::TestJoinTypeCoercion::test_join_int32_with_string 
[gw3] [ 62%] FAILED tests/unit/functions/test_udf_comprehensive.py::TestUDFEdgeCases::test_udf_zero_value 
[gw9] [ 62%] FAILED tests/unit/dataframe/test_string_arithmetic.py::TestStringArithmetic::test_string_arithmetic_complex_expression 
tests/unit/dataframe/test_inferschema_parity.py::TestInferSchemaParity::test_csv_with_duplicate_column_names 
[gw0] [ 62%] PASSED tests/unit/dataframe/test_inferschema_parity.py::TestInferSchemaParity::test_csv_with_duplicate_column_names 
[gw1] [ 62%] FAILED tests/unit/test_issues_225_231.py::TestIssue230CaseInsensitiveColumnMatching::test_withColumn_case_insensitive 
tests/unit/test_array_parameter_formats.py::TestArrayParameterFormats::test_array_with_large_number_of_columns 
tests/unit/functions/test_udf.py::TestUserDefinedFunction::test_udf_init 
[gw5] [ 62%] PASSED tests/unit/functions/test_udf.py::TestUserDefinedFunction::test_udf_init 
tests/unit/functions/test_first_ignorenulls.py::TestFirstIgnoreNulls::test_first_ignorenulls_in_select 
[gw4] [ 62%] PASSED tests/unit/functions/test_first_ignorenulls.py::TestFirstIgnoreNulls::test_first_ignorenulls_in_select 
tests/unit/functions/test_udf_comprehensive.py::TestUDFComplexScenarios::test_udf_chained_operations 
[gw7] [ 62%] FAILED tests/unit/dataframe/test_column_substr.py::TestColumnSubstr::test_substr_negative_start 
[gw6] [ 62%] FAILED tests/unit/test_array_parameter_formats.py::TestArrayParameterFormats::test_array_with_large_number_of_columns 
tests/unit/functions/test_udf.py::TestUserDefinedFunction::test_udf_init_with_name 
[gw5] [ 62%] PASSED tests/unit/functions/test_udf.py::TestUserDefinedFunction::test_udf_init_with_name 
tests/unit/functions/test_first_ignorenulls.py::TestFirstIgnoreNulls::test_first_ignorenulls_with_alias 
[gw4] [ 62%] PASSED tests/unit/functions/test_first_ignorenulls.py::TestFirstIgnoreNulls::test_first_ignorenulls_with_alias 
[gw3] [ 63%] FAILED tests/unit/functions/test_udf_comprehensive.py::TestUDFComplexScenarios::test_udf_chained_operations 
[gw2] [ 63%] FAILED tests/unit/dataframe/test_join_type_coercion.py::TestJoinTypeCoercion::test_join_int32_with_string 
tests/unit/dataframe/test_string_arithmetic.py::TestStringArithmetic::test_string_arithmetic_with_orderby 
tests/unit/dataframe/test_inferschema_parity.py::TestInferSchemaParity::test_create_dataframe_with_only_one_row 
[gw0] [ 63%] PASSED tests/unit/dataframe/test_inferschema_parity.py::TestInferSchemaParity::test_create_dataframe_with_only_one_row 
tests/unit/dataframe/test_inferschema_parity.py::TestInferSchemaParity::test_csv_with_only_one_row 
tests/unit/test_array_parameter_formats.py::TestArrayParameterFormats::test_array_with_computed_expressions 
[gw0] [ 63%] PASSED tests/unit/dataframe/test_inferschema_parity.py::TestInferSchemaParity::test_csv_with_only_one_row 
tests/unit/test_issues_225_231.py::TestIssue230CaseInsensitiveColumnMatching::test_groupBy_case_insensitive 
[gw1] [ 63%] PASSED tests/unit/test_issues_225_231.py::TestIssue230CaseInsensitiveColumnMatching::test_groupBy_case_insensitive 
[gw9] [ 63%] FAILED tests/unit/dataframe/test_string_arithmetic.py::TestStringArithmetic::test_string_arithmetic_with_orderby 
tests/unit/functions/test_udf.py::TestUserDefinedFunction::test_udf_init_pandas_evaltype 
tests/unit/dataframe/test_join_type_coercion.py::TestJoinTypeCoercion::test_join_float_with_string 
tests/unit/functions/test_first_ignorenulls.py::TestFirstIgnoreNulls::test_first_ignorenulls_complex_scenario 
tests/unit/dataframe/test_inferschema_parity.py::TestInferSchemaParity::test_create_dataframe_with_many_columns 
[gw5] [ 63%] PASSED tests/unit/functions/test_udf.py::TestUserDefinedFunction::test_udf_init_pandas_evaltype 
[gw4] [ 63%] PASSED tests/unit/functions/test_first_ignorenulls.py::TestFirstIgnoreNulls::test_first_ignorenulls_complex_scenario 
[gw0] [ 63%] PASSED tests/unit/dataframe/test_inferschema_parity.py::TestInferSchemaParity::test_create_dataframe_with_many_columns 
tests/unit/dataframe/test_column_substr.py::TestColumnSubstr::test_substr_zero_start 
tests/unit/functions/test_udf_comprehensive.py::TestUDFComplexScenarios::test_udf_with_literal 
tests/unit/functions/test_udf.py::TestUserDefinedFunction::test_udf_as_nondeterministic 
[gw5] [ 63%] PASSED tests/unit/functions/test_udf.py::TestUserDefinedFunction::test_udf_as_nondeterministic 
[gw6] [ 64%] FAILED tests/unit/test_array_parameter_formats.py::TestArrayParameterFormats::test_array_with_computed_expressions 
[gw2] [ 64%] FAILED tests/unit/dataframe/test_join_type_coercion.py::TestJoinTypeCoercion::test_join_float_with_string 
tests/unit/functions/test_udf.py::TestUserDefinedFunction::test_udf_call_with_string_column 
[gw5] [ 64%] PASSED tests/unit/functions/test_udf.py::TestUserDefinedFunction::test_udf_call_with_string_column 
tests/unit/test_array_parameter_formats.py::TestArrayParameterFormats::test_array_with_nested_expressions 
tests/unit/dataframe/test_inferschema_parity.py::TestInferSchemaParity::test_csv_with_many_columns 
[gw0] [ 64%] PASSED tests/unit/dataframe/test_inferschema_parity.py::TestInferSchemaParity::test_csv_with_many_columns 
[gw3] [ 64%] FAILED tests/unit/functions/test_udf_comprehensive.py::TestUDFComplexScenarios::test_udf_with_literal 
tests/unit/functions/test_udf_comprehensive.py::TestUDFComplexScenarios::test_udf_multiple_columns_same_udf 
tests/unit/test_issue_270_tuple_dataframe.py::TestIssue270TupleDataFrame::test_tuple_data_with_structtype_schema 
[gw4] [ 64%] PASSED tests/unit/test_issue_270_tuple_dataframe.py::TestIssue270TupleDataFrame::test_tuple_data_with_structtype_schema 
tests/unit/test_issue_270_tuple_dataframe.py::TestIssue270TupleDataFrame::test_tuple_data_show_works 
[gw4] [ 64%] PASSED tests/unit/test_issue_270_tuple_dataframe.py::TestIssue270TupleDataFrame::test_tuple_data_show_works 
tests/unit/dataframe/test_join_type_coercion.py::TestJoinTypeCoercion::test_join_int32_with_int64 
tests/unit/test_issues_225_231.py::TestIssue230CaseInsensitiveColumnMatching::test_orderBy_case_insensitive 
[gw1] [ 64%] PASSED tests/unit/test_issues_225_231.py::TestIssue230CaseInsensitiveColumnMatching::test_orderBy_case_insensitive 
tests/unit/test_issues_225_231.py::TestIssue230CaseInsensitiveColumnMatching::test_withColumnRenamed_case_insensitive 
[gw1] [ 64%] PASSED tests/unit/test_issues_225_231.py::TestIssue230CaseInsensitiveColumnMatching::test_withColumnRenamed_case_insensitive 
[gw7] [ 64%] FAILED tests/unit/dataframe/test_column_substr.py::TestColumnSubstr::test_substr_zero_start 
tests/unit/dataframe/test_column_substr.py::TestColumnSubstr::test_substr_with_alias 
tests/unit/dataframe/test_string_arithmetic.py::TestStringArithmetic::test_string_arithmetic_with_groupby_aggregation 
[gw9] [ 65%] PASSED tests/unit/dataframe/test_string_arithmetic.py::TestStringArithmetic::test_string_arithmetic_with_groupby_aggregation 
tests/unit/spark_types/test_array_type_robust.py::TestArrayTypeRobust::test_array_type_elementtype_with_all_primitive_types 
[gw9] [ 65%] PASSED tests/unit/spark_types/test_array_type_robust.py::TestArrayTypeRobust::test_array_type_elementtype_with_all_primitive_types 
tests/unit/dataframe/test_inferschema_parity.py::TestInferSchemaParity::test_create_dataframe_type_promotion_int_to_float 
[gw0] [ 65%] PASSED tests/unit/dataframe/test_inferschema_parity.py::TestInferSchemaParity::test_create_dataframe_type_promotion_int_to_float 
tests/unit/functions/test_udf.py::TestUserDefinedFunction::test_udf_call_with_column_object 
[gw5] [ 65%] PASSED tests/unit/functions/test_udf.py::TestUserDefinedFunction::test_udf_call_with_column_object 
tests/unit/functions/test_udf.py::TestUserDefinedFunction::test_udf_call_with_multiple_columns 
[gw5] [ 65%] PASSED tests/unit/functions/test_udf.py::TestUserDefinedFunction::test_udf_call_with_multiple_columns 
tests/unit/functions/test_udf.py::TestUserDefinedFunction::test_udf_call_no_columns 
[gw5] [ 65%] PASSED tests/unit/functions/test_udf.py::TestUserDefinedFunction::test_udf_call_no_columns 
[gw6] [ 65%] FAILED tests/unit/test_array_parameter_formats.py::TestArrayParameterFormats::test_array_with_nested_expressions 
tests/unit/test_issue_270_tuple_dataframe.py::TestIssue270TupleDataFrame::test_tuple_data_unionByName_works 
[gw4] [ 65%] PASSED tests/unit/test_issue_270_tuple_dataframe.py::TestIssue270TupleDataFrame::test_tuple_data_unionByName_works 
[gw7] [ 65%] FAILED tests/unit/dataframe/test_column_substr.py::TestColumnSubstr::test_substr_with_alias 
tests/unit/test_issues_225_231.py::TestIssue230CaseInsensitiveColumnMatching::test_withColumnsRenamed_case_insensitive 
[gw2] [ 65%] FAILED tests/unit/dataframe/test_join_type_coercion.py::TestJoinTypeCoercion::test_join_int32_with_int64 
[gw1] [ 65%] PASSED tests/unit/test_issues_225_231.py::TestIssue230CaseInsensitiveColumnMatching::test_withColumnsRenamed_case_insensitive 
tests/unit/functions/test_udf.py::TestUserDefinedFunction::test_udf_creates_column_operation 
[gw5] [ 66%] PASSED tests/unit/functions/test_udf.py::TestUserDefinedFunction::test_udf_creates_column_operation 
tests/unit/dataframe/test_inferschema_parity.py::TestInferSchemaParity::test_csv_type_promotion_int_to_float 
[gw3] [ 66%] FAILED tests/unit/functions/test_udf_comprehensive.py::TestUDFComplexScenarios::test_udf_multiple_columns_same_udf 
[gw0] [ 66%] PASSED tests/unit/dataframe/test_inferschema_parity.py::TestInferSchemaParity::test_csv_type_promotion_int_to_float 
tests/unit/functions/test_udf.py::TestUserDefinedFunction::test_udf_stores_function 
[gw5] [ 66%] PASSED tests/unit/functions/test_udf.py::TestUserDefinedFunction::test_udf_stores_function 
tests/unit/test_issue_270_tuple_dataframe.py::TestIssue270TupleDataFrame::test_tuple_data_operations_work 
tests/unit/functions/test_udf_comprehensive.py::TestUDFComplexScenarios::test_udf_in_orderBy 
tests/unit/spark_types/test_array_type_robust.py::TestArrayTypeRobust::test_array_type_elementtype_nested_arrays 
[gw9] [ 66%] PASSED tests/unit/spark_types/test_array_type_robust.py::TestArrayTypeRobust::test_array_type_elementtype_nested_arrays 
tests/unit/functions/test_udf.py::TestUserDefinedFunction::test_udf_stores_return_type 
[gw5] [ 66%] PASSED tests/unit/functions/test_udf.py::TestUserDefinedFunction::test_udf_stores_return_type 
tests/unit/test_issues_225_231.py::TestIssue230CaseInsensitiveColumnMatching::test_drop_case_insensitive 
[gw1] [ 66%] PASSED tests/unit/test_issues_225_231.py::TestIssue230CaseInsensitiveColumnMatching::test_drop_case_insensitive 
tests/unit/dataframe/test_column_substr.py::TestColumnSubstr::test_substr_pyspark_parity_comprehensive 
tests/unit/dataframe/test_join_type_coercion.py::TestJoinTypeCoercion::test_join_with_left_on_right_on 
tests/unit/test_window_arithmetic.py::TestWindowFunctionArithmetic::test_window_function_multiply 
tests/unit/test_array_parameter_formats.py::TestArrayParameterFormats::test_array_in_union 
tests/unit/functions/test_udf.py::TestUserDefinedFunction::test_udf_integration_with_dataframe 
[gw5] [ 66%] PASSED tests/unit/functions/test_udf.py::TestUserDefinedFunction::test_udf_integration_with_dataframe 
tests/unit/spark_types/test_array_type_robust.py::TestArrayTypeRobust::test_array_type_elementtype_triple_nested 
[gw9] [ 66%] PASSED tests/unit/spark_types/test_array_type_robust.py::TestArrayTypeRobust::test_array_type_elementtype_triple_nested 
[gw7] [ 66%] FAILED tests/unit/dataframe/test_column_substr.py::TestColumnSubstr::test_substr_pyspark_parity_comprehensive 
[gw3] [ 67%] FAILED tests/unit/functions/test_udf_comprehensive.py::TestUDFComplexScenarios::test_udf_in_orderBy 
[gw6] [ 67%] FAILED tests/unit/test_array_parameter_formats.py::TestArrayParameterFormats::test_array_in_union 
[gw4] [ 67%] FAILED tests/unit/test_issue_270_tuple_dataframe.py::TestIssue270TupleDataFrame::test_tuple_data_operations_work 
tests/unit/spark_types/test_array_type_robust.py::TestArrayTypeRobust::test_array_type_elementtype_with_map_type 
[gw9] [ 67%] PASSED tests/unit/spark_types/test_array_type_robust.py::TestArrayTypeRobust::test_array_type_elementtype_with_map_type 
tests/unit/test_issues_225_231.py::TestIssue230CaseInsensitiveColumnMatching::test_dropDuplicates_case_insensitive 
[gw1] [ 67%] PASSED tests/unit/test_issues_225_231.py::TestIssue230CaseInsensitiveColumnMatching::test_dropDuplicates_case_insensitive 
tests/unit/functions/test_udf.py::TestUserDefinedFunction::test_udf_with_filter 
[gw5] [ 67%] PASSED tests/unit/functions/test_udf.py::TestUserDefinedFunction::test_udf_with_filter 
[gw2] [ 67%] FAILED tests/unit/dataframe/test_join_type_coercion.py::TestJoinTypeCoercion::test_join_with_left_on_right_on 
[gw0] [ 67%] FAILED tests/unit/test_window_arithmetic.py::TestWindowFunctionArithmetic::test_window_function_multiply 
tests/unit/functions/test_udf_comprehensive.py::TestUDFWithDifferentDataTypes::test_udf_with_long_type 
tests/unit/dataframe/test_column_substr.py::TestColumnSubstr::test_substr_in_groupBy 
tests/unit/test_array_parameter_formats.py::TestArrayParameterFormats::test_array_with_special_characters_in_column_names 
tests/unit/spark_types/test_array_type_robust.py::TestArrayTypeRobust::test_array_type_elementtype_with_struct_type 
[gw9] [ 67%] PASSED tests/unit/spark_types/test_array_type_robust.py::TestArrayTypeRobust::test_array_type_elementtype_with_struct_type 
tests/unit/test_issue_270_tuple_dataframe.py::TestIssue270TupleDataFrame::test_mixed_tuple_and_dict_data 
tests/unit/test_issues_225_231.py::TestIssue230CaseInsensitiveColumnMatching::test_unionByName_case_insensitive 
[gw4] [ 67%] PASSED tests/unit/test_issue_270_tuple_dataframe.py::TestIssue270TupleDataFrame::test_mixed_tuple_and_dict_data 
tests/unit/test_window_arithmetic.py::TestWindowFunctionArithmetic::test_window_function_rmul 
tests/unit/functions/test_udf.py::TestUserDefinedFunction::test_udf_with_select 
[gw5] [ 68%] PASSED tests/unit/functions/test_udf.py::TestUserDefinedFunction::test_udf_with_select 
tests/unit/functions/test_udf.py::TestUserDefinedFunction::test_udf_custom_name_in_operation 
[gw5] [ 68%] PASSED tests/unit/functions/test_udf.py::TestUserDefinedFunction::test_udf_custom_name_in_operation 
tests/unit/dataframe/test_join_type_coercion.py::TestJoinTypeCoercion::test_join_multiple_keys_with_type_mismatch 
[gw1] [ 68%] PASSED tests/unit/test_issues_225_231.py::TestIssue230CaseInsensitiveColumnMatching::test_unionByName_case_insensitive 
[gw2] [ 68%] FAILED tests/unit/dataframe/test_join_type_coercion.py::TestJoinTypeCoercion::test_join_multiple_keys_with_type_mismatch 
tests/unit/spark_types/test_array_type_robust.py::TestArrayTypeRobust::test_array_type_elementtype_with_nullable_element 
[gw9] [ 68%] PASSED tests/unit/spark_types/test_array_type_robust.py::TestArrayTypeRobust::test_array_type_elementtype_with_nullable_element 
[gw3] [ 68%] FAILED tests/unit/functions/test_udf_comprehensive.py::TestUDFWithDifferentDataTypes::test_udf_with_long_type 
tests/unit/functions/test_udf.py::TestUserDefinedFunction::test_udf_default_name_in_operation 
[gw5] [ 68%] PASSED tests/unit/functions/test_udf.py::TestUserDefinedFunction::test_udf_default_name_in_operation 
tests/unit/test_issue_270_tuple_dataframe.py::TestIssue270TupleDataFrame::test_tuple_data_single_column 
[gw6] [ 68%] FAILED tests/unit/test_array_parameter_formats.py::TestArrayParameterFormats::test_array_with_special_characters_in_column_names 
[gw4] [ 68%] PASSED tests/unit/test_issue_270_tuple_dataframe.py::TestIssue270TupleDataFrame::test_tuple_data_single_column 
[gw0] [ 68%] FAILED tests/unit/test_window_arithmetic.py::TestWindowFunctionArithmetic::test_window_function_rmul 
tests/unit/functions/test_udf.py::TestUserDefinedTableFunction::test_udf_table_function_init 
[gw5] [ 68%] PASSED tests/unit/functions/test_udf.py::TestUserDefinedTableFunction::test_udf_table_function_init 
tests/unit/spark_types/test_array_type_robust.py::TestArrayTypeRobust::test_array_type_elementtype_with_non_nullable_array 
[gw9] [ 69%] PASSED tests/unit/spark_types/test_array_type_robust.py::TestArrayTypeRobust::test_array_type_elementtype_with_non_nullable_array 
[gw7] [ 69%] FAILED tests/unit/dataframe/test_column_substr.py::TestColumnSubstr::test_substr_in_groupBy 
tests/unit/functions/test_udf.py::TestUserDefinedTableFunction::test_udf_table_function_init_with_name 
tests/unit/test_window_arithmetic.py::TestWindowFunctionArithmetic::test_window_function_add 
tests/unit/test_array_parameter_formats.py::TestArrayParameterFormats::test_array_preserves_order 
tests/unit/test_issues_225_231.py::TestIssue230CaseInsensitiveColumnMatching::test_join_case_insensitive 
tests/unit/functions/test_udf_comprehensive.py::TestUDFWithDifferentDataTypes::test_udf_with_float_type 
[gw5] [ 69%] PASSED tests/unit/functions/test_udf.py::TestUserDefinedTableFunction::test_udf_table_function_init_with_name 
tests/unit/dataframe/test_join_type_coercion.py::TestJoinTypeCoercion::test_join_type_coercion_parity_pyspark 
tests/unit/test_issue_270_tuple_dataframe.py::TestIssue270TupleDataFrame::test_tuple_data_mismatched_length 
[gw4] [ 69%] PASSED tests/unit/test_issue_270_tuple_dataframe.py::TestIssue270TupleDataFrame::test_tuple_data_mismatched_length 
tests/unit/dataframe/test_column_substr.py::TestColumnSubstr::test_substr_chained_with_other_operations 
[gw0] [ 69%] FAILED tests/unit/test_window_arithmetic.py::TestWindowFunctionArithmetic::test_window_function_add 
tests/unit/spark_types/test_array_type_robust.py::TestArrayTypeRobust::test_array_type_elementtype_in_complex_schema 
[gw2] [ 69%] FAILED tests/unit/dataframe/test_join_type_coercion.py::TestJoinTypeCoercion::test_join_type_coercion_parity_pyspark 
[gw3] [ 69%] FAILED tests/unit/functions/test_udf_comprehensive.py::TestUDFWithDifferentDataTypes::test_udf_with_float_type 
[gw9] [ 69%] PASSED tests/unit/spark_types/test_array_type_robust.py::TestArrayTypeRobust::test_array_type_elementtype_in_complex_schema 
tests/unit/functions/test_udf.py::TestUserDefinedTableFunction::test_udf_table_function_call 
tests/unit/dataframe/test_join_type_coercion.py::TestJoinTypeCoercion::test_join_left_outer_with_type_mismatch 
[gw1] [ 69%] FAILED tests/unit/test_issues_225_231.py::TestIssue230CaseInsensitiveColumnMatching::test_join_case_insensitive 
[gw7] [ 69%] FAILED tests/unit/dataframe/test_column_substr.py::TestColumnSubstr::test_substr_chained_with_other_operations 
[gw5] [ 70%] PASSED tests/unit/functions/test_udf.py::TestUserDefinedTableFunction::test_udf_table_function_call 
tests/unit/spark_types/test_array_type_robust.py::TestArrayTypeRobust::test_array_type_elementtype_with_select_operation 
tests/unit/functions/test_udf.py::TestUserDefinedTableFunction::test_udf_table_function_call_no_columns 
[gw5] [ 70%] PASSED tests/unit/functions/test_udf.py::TestUserDefinedTableFunction::test_udf_table_function_call_no_columns 
tests/unit/test_window_arithmetic.py::TestWindowFunctionArithmetic::test_window_function_radd 
[gw6] [ 70%] FAILED tests/unit/test_array_parameter_formats.py::TestArrayParameterFormats::test_array_preserves_order 
tests/unit/test_array_parameter_formats.py::TestArrayParameterFormats::test_array_with_empty_strings 
tests/unit/test_issues_225_231.py::TestIssue231DataTypeSimpleString::test_string_type_simpleString 
[gw1] [ 70%] PASSED tests/unit/test_issues_225_231.py::TestIssue231DataTypeSimpleString::test_string_type_simpleString 
tests/unit/test_issue_270_tuple_dataframe.py::TestIssue270TupleDataFrame::test_tuple_data_empty_schema 
[gw4] [ 70%] PASSED tests/unit/test_issue_270_tuple_dataframe.py::TestIssue270TupleDataFrame::test_tuple_data_empty_schema 
[gw0] [ 70%] FAILED tests/unit/test_window_arithmetic.py::TestWindowFunctionArithmetic::test_window_function_radd 
tests/unit/test_issues_225_231.py::TestIssue231DataTypeSimpleString::test_integer_type_simpleString 
[gw1] [ 70%] PASSED tests/unit/test_issues_225_231.py::TestIssue231DataTypeSimpleString::test_integer_type_simpleString 
tests/unit/functions/test_udf_comprehensive.py::TestUDFCustomName::test_udf_with_custom_name 
tests/unit/test_issue_270_tuple_dataframe.py::TestIssue270TupleDataFrame::test_list_data_with_structtype_schema 
[gw4] [ 70%] PASSED tests/unit/test_issue_270_tuple_dataframe.py::TestIssue270TupleDataFrame::test_list_data_with_structtype_schema 
[gw6] [ 70%] FAILED tests/unit/test_array_parameter_formats.py::TestArrayParameterFormats::test_array_with_empty_strings 
[gw9] [ 70%] FAILED tests/unit/spark_types/test_array_type_robust.py::TestArrayTypeRobust::test_array_type_elementtype_with_select_operation 
[gw2] [ 71%] FAILED tests/unit/dataframe/test_join_type_coercion.py::TestJoinTypeCoercion::test_join_left_outer_with_type_mismatch 
tests/unit/test_issues_225_231.py::TestIssue231DataTypeSimpleString::test_array_type_simpleString 
[gw1] [ 71%] PASSED tests/unit/test_issues_225_231.py::TestIssue231DataTypeSimpleString::test_array_type_simpleString 
[gw3] [ 71%] FAILED tests/unit/functions/test_udf_comprehensive.py::TestUDFCustomName::test_udf_with_custom_name 
tests/unit/test_array_parameter_formats.py::TestArrayParameterFormats::test_array_with_zero_and_negative_numbers 
tests/unit/test_window_arithmetic.py::TestWindowFunctionArithmetic::test_window_function_subtract 
tests/unit/dataframe/test_join_type_coercion.py::TestJoinTypeCoercionParity::test_pyspark_parity_int64_string_inner 
tests/unit/functions/test_udf_comprehensive.py::TestUDFRegression279::test_udf_with_withColumn_regression_279 
[gw0] [ 71%] FAILED tests/unit/test_window_arithmetic.py::TestWindowFunctionArithmetic::test_window_function_subtract 
tests/unit/test_issue_270_tuple_dataframe.py::TestIssue270TupleDataFrame::test_pyspark_parity_exact_example 
[gw4] [ 71%] PASSED tests/unit/test_issue_270_tuple_dataframe.py::TestIssue270TupleDataFrame::test_pyspark_parity_exact_example 
tests/unit/functions/test_udf.py::TestUserDefinedTableFunction::test_udf_table_function_call_with_multiple_columns 
[gw5] [ 71%] PASSED tests/unit/functions/test_udf.py::TestUserDefinedTableFunction::test_udf_table_function_call_with_multiple_columns 
tests/unit/functions/test_udf.py::TestUserDefinedTableFunction::test_udf_table_function_custom_name 
[gw5] [ 71%] PASSED tests/unit/functions/test_udf.py::TestUserDefinedTableFunction::test_udf_table_function_custom_name 
tests/unit/test_issues_225_231.py::TestIssue231DataTypeSimpleString::test_array_type_nested_simpleString 
[gw1] [ 71%] PASSED tests/unit/test_issues_225_231.py::TestIssue231DataTypeSimpleString::test_array_type_nested_simpleString 
tests/unit/test_issues_225_231.py::TestIssue231DataTypeSimpleString::test_map_type_simpleString 
[gw1] [ 71%] PASSED tests/unit/test_issues_225_231.py::TestIssue231DataTypeSimpleString::test_map_type_simpleString 
tests/unit/dataframe/test_column_substr.py::TestColumnSubstr::test_substr_very_long_string 
[gw6] [ 71%] FAILED tests/unit/test_array_parameter_formats.py::TestArrayParameterFormats::test_array_with_zero_and_negative_numbers 
tests/unit/spark_types/test_array_type_robust.py::TestArrayTypeRobust::test_array_type_elementtype_with_filter_operation 
[gw9] [ 71%] FAILED tests/unit/spark_types/test_array_type_robust.py::TestArrayTypeRobust::test_array_type_elementtype_with_filter_operation 
tests/unit/test_issues_225_231.py::TestIssue231DataTypeSimpleString::test_map_type_complex_simpleString 
[gw7] [ 72%] FAILED tests/unit/dataframe/test_column_substr.py::TestColumnSubstr::test_substr_very_long_string 
[gw1] [ 72%] PASSED tests/unit/test_issues_225_231.py::TestIssue231DataTypeSimpleString::test_map_type_complex_simpleString 
[gw2] [ 72%] FAILED tests/unit/dataframe/test_join_type_coercion.py::TestJoinTypeCoercionParity::test_pyspark_parity_int64_string_inner 
tests/unit/test_window_arithmetic.py::TestWindowFunctionArithmetic::test_window_function_rsub 
tests/unit/test_array_parameter_formats.py::TestArrayParameterFormats::test_array_all_formats_with_mixed_types 
[gw3] [ 72%] FAILED tests/unit/functions/test_udf_comprehensive.py::TestUDFRegression279::test_udf_with_withColumn_regression_279 
[gw6] [ 72%] FAILED tests/unit/test_array_parameter_formats.py::TestArrayParameterFormats::test_array_all_formats_with_mixed_types 
tests/unit/functions/test_udf.py::TestUserDefinedTableFunction::test_udf_table_function_default_name 
[gw5] [ 72%] PASSED tests/unit/functions/test_udf.py::TestUserDefinedTableFunction::test_udf_table_function_default_name 
tests/unit/dataframe/test_logical_plan.py::TestLogicalPlanPhase1::test_empty_queue_returns_empty_plan 
[gw5] [ 72%] PASSED tests/unit/dataframe/test_logical_plan.py::TestLogicalPlanPhase1::test_empty_queue_returns_empty_plan 
tests/unit/dataframe/test_logical_plan.py::TestLogicalPlanPhase1::test_filter_select_limit_structure 
[gw5] [ 72%] PASSED tests/unit/dataframe/test_logical_plan.py::TestLogicalPlanPhase1::test_filter_select_limit_structure 
tests/unit/dataframe/test_logical_plan.py::TestLogicalPlanPhase1::test_plan_is_json_serializable 
[gw5] [ 72%] PASSED tests/unit/dataframe/test_logical_plan.py::TestLogicalPlanPhase1::test_plan_is_json_serializable 
tests/unit/dataframe/test_logical_plan.py::TestLogicalPlanPhase1::test_simple_ops_payload_keys 
tests/unit/dataframe/test_join_type_coercion.py::TestJoinTypeCoercionParity::test_pyspark_parity_string_int64_inner 
[gw2] [ 72%] FAILED tests/unit/dataframe/test_join_type_coercion.py::TestJoinTypeCoercionParity::test_pyspark_parity_string_int64_inner 
[gw5] [ 73%] PASSED tests/unit/dataframe/test_logical_plan.py::TestLogicalPlanPhase1::test_simple_ops_payload_keys 
tests/unit/test_first_method.py::TestDataFrameFirst::test_first_returns_single_row 
[gw6] [ 73%] PASSED tests/unit/test_first_method.py::TestDataFrameFirst::test_first_returns_single_row 
tests/unit/dataframe/test_column_substr.py::TestColumnSubstr::test_substr_start_exceeds_length 
[gw7] [ 73%] FAILED tests/unit/dataframe/test_column_substr.py::TestColumnSubstr::test_substr_start_exceeds_length 
tests/unit/dataframe/test_na_fill_robust.py::TestNaFillRobust::test_na_fill_type_mismatch_silently_ignored 
[gw3] [ 73%] PASSED tests/unit/dataframe/test_na_fill_robust.py::TestNaFillRobust::test_na_fill_type_mismatch_silently_ignored 
[gw0] [ 73%] FAILED tests/unit/test_window_arithmetic.py::TestWindowFunctionArithmetic::test_window_function_rsub 
tests/unit/test_window_arithmetic.py::TestWindowFunctionArithmetic::test_window_function_divide 
tests/unit/dataframe/test_na_fill_robust.py::TestNaFillRobust::test_na_fill_dict_ignores_subset 
[gw3] [ 73%] PASSED tests/unit/dataframe/test_na_fill_robust.py::TestNaFillRobust::test_na_fill_dict_ignores_subset 
tests/unit/test_issues_225_231.py::TestIssue231DataTypeSimpleString::test_struct_type_simpleString 
[gw1] [ 73%] PASSED tests/unit/test_issues_225_231.py::TestIssue231DataTypeSimpleString::test_struct_type_simpleString 
tests/unit/test_issues_225_231.py::TestIssue231DataTypeSimpleString::test_struct_type_nested_simpleString 
[gw1] [ 73%] PASSED tests/unit/test_issues_225_231.py::TestIssue231DataTypeSimpleString::test_struct_type_nested_simpleString 
tests/unit/test_issue_270_tuple_dataframe.py::TestIssue270TupleDataFrame::test_tuple_with_none_values 
[gw4] [ 73%] PASSED tests/unit/test_issue_270_tuple_dataframe.py::TestIssue270TupleDataFrame::test_tuple_with_none_values 
tests/unit/test_issue_270_tuple_dataframe.py::TestIssue270TupleDataFrame::test_tuple_with_different_data_types 
[gw4] [ 73%] FAILED tests/unit/test_issue_270_tuple_dataframe.py::TestIssue270TupleDataFrame::test_tuple_with_different_data_types 
tests/unit/spark_types/test_array_type_robust.py::TestArrayTypeRobust::test_array_type_elementtype_with_explode_operation 
tests/unit/dataframe/test_na_fill_robust.py::TestNaFillRobust::test_na_fill_with_filter 
[gw3] [ 74%] PASSED tests/unit/dataframe/test_na_fill_robust.py::TestNaFillRobust::test_na_fill_with_filter 
tests/unit/dataframe/test_join_type_coercion.py::TestJoinTypeCoercionParity::test_pyspark_parity_all_join_types 
tests/unit/dataframe/test_column_substr.py::TestColumnSubstr::test_substr_negative_start_exceeds_length 
[gw7] [ 74%] FAILED tests/unit/dataframe/test_column_substr.py::TestColumnSubstr::test_substr_negative_start_exceeds_length 
tests/unit/test_issues_225_231.py::TestIssue231DataTypeSimpleString::test_struct_type_with_array_simpleString 
[gw2] [ 74%] FAILED tests/unit/dataframe/test_join_type_coercion.py::TestJoinTypeCoercionParity::test_pyspark_parity_all_join_types 
[gw1] [ 74%] PASSED tests/unit/test_issues_225_231.py::TestIssue231DataTypeSimpleString::test_struct_type_with_array_simpleString 
tests/unit/dataframe/test_pivot_grouped_data.py::TestPivotGroupedData::test_pivot_sum 
[gw1] [ 74%] PASSED tests/unit/dataframe/test_pivot_grouped_data.py::TestPivotGroupedData::test_pivot_sum 
tests/unit/dataframe/test_logical_plan.py::TestLogicalPlanPhase1::test_withColumn_serialized 
[gw5] [ 74%] PASSED tests/unit/dataframe/test_logical_plan.py::TestLogicalPlanPhase1::test_withColumn_serialized 
tests/unit/dataframe/test_logical_plan.py::TestLogicalPlanPhase1::test_serialize_expression_column_literal 
[gw5] [ 74%] PASSED tests/unit/dataframe/test_logical_plan.py::TestLogicalPlanPhase1::test_serialize_expression_column_literal 
tests/unit/dataframe/test_casewhen_windowfunction_cast.py::TestCaseWhenCast::test_casewhen_cast_to_long_issue_243 
tests/unit/test_first_method.py::TestDataFrameFirst::test_first_empty_dataframe_returns_none 
[gw6] [ 74%] PASSED tests/unit/test_first_method.py::TestDataFrameFirst::test_first_empty_dataframe_returns_none 
tests/unit/test_first_method.py::TestDataFrameFirst::test_first_with_multiple_columns 
[gw6] [ 74%] PASSED tests/unit/test_first_method.py::TestDataFrameFirst::test_first_with_multiple_columns 
tests/unit/test_issue_270_tuple_dataframe.py::TestIssue270TupleDataFrame::test_tuple_data_with_long_schema 
[gw4] [ 74%] PASSED tests/unit/test_issue_270_tuple_dataframe.py::TestIssue270TupleDataFrame::test_tuple_data_with_long_schema 
tests/unit/test_issue_270_tuple_dataframe.py::TestIssue270TupleDataFrame::test_tuple_data_single_row 
[gw4] [ 74%] PASSED tests/unit/test_issue_270_tuple_dataframe.py::TestIssue270TupleDataFrame::test_tuple_data_single_row 
tests/unit/test_issue_270_tuple_dataframe.py::TestIssue270TupleDataFrame::test_tuple_data_empty_dataframe_with_schema 
[gw4] [ 75%] PASSED tests/unit/test_issue_270_tuple_dataframe.py::TestIssue270TupleDataFrame::test_tuple_data_empty_dataframe_with_schema 
tests/unit/dataframe/test_na_fill_robust.py::TestNaFillRobust::test_na_fill_with_select 
[gw9] [ 75%] FAILED tests/unit/spark_types/test_array_type_robust.py::TestArrayTypeRobust::test_array_type_elementtype_with_explode_operation 
tests/unit/spark_types/test_array_type_robust.py::TestArrayTypeRobust::test_array_type_elementtype_with_withcolumn_operation 
[gw9] [ 75%] FAILED tests/unit/spark_types/test_array_type_robust.py::TestArrayTypeRobust::test_array_type_elementtype_with_withcolumn_operation 
tests/unit/spark_types/test_array_type_robust.py::TestArrayTypeRobust::test_array_type_elementtype_with_groupby_operation 
[gw9] [ 75%] PASSED tests/unit/spark_types/test_array_type_robust.py::TestArrayTypeRobust::test_array_type_elementtype_with_groupby_operation 
tests/unit/dataframe/test_pivot_grouped_data.py::TestPivotGroupedData::test_pivot_avg 
[gw1] [ 75%] PASSED tests/unit/dataframe/test_pivot_grouped_data.py::TestPivotGroupedData::test_pivot_avg 
tests/unit/dataframe/test_join_type_coercion.py::TestJoinTypeCoercionParity::test_pyspark_parity_double_precision_string 
[gw0] [ 75%] FAILED tests/unit/test_window_arithmetic.py::TestWindowFunctionArithmetic::test_window_function_divide 
tests/unit/test_window_arithmetic.py::TestWindowFunctionArithmetic::test_window_function_rdiv 
[gw0] [ 75%] FAILED tests/unit/test_window_arithmetic.py::TestWindowFunctionArithmetic::test_window_function_rdiv 
[gw2] [ 75%] FAILED tests/unit/dataframe/test_join_type_coercion.py::TestJoinTypeCoercionParity::test_pyspark_parity_double_precision_string 
tests/unit/dataframe/test_logical_plan.py::TestLogicalPlanPhase2::test_materialize_from_plan_invoked_when_config_true 
[gw5] [ 75%] PASSED tests/unit/dataframe/test_logical_plan.py::TestLogicalPlanPhase2::test_materialize_from_plan_invoked_when_config_true 
tests/unit/test_issue_270_tuple_dataframe.py::TestIssue270TupleDataFrame::test_tuple_data_mixed_with_row_objects 
tests/unit/test_first_method.py::TestDataFrameFirst::test_first_after_filter 
tests/unit/dataframe/test_pivot_grouped_data.py::TestPivotGroupedData::test_pivot_count 
[gw4] [ 75%] PASSED tests/unit/test_issue_270_tuple_dataframe.py::TestIssue270TupleDataFrame::test_tuple_data_mixed_with_row_objects 
[gw6] [ 76%] PASSED tests/unit/test_first_method.py::TestDataFrameFirst::test_first_after_filter 
tests/unit/dataframe/test_logical_plan.py::TestLogicalPlanPhase2::test_default_config_uses_standard_materialize 
[gw5] [ 76%] PASSED tests/unit/dataframe/test_logical_plan.py::TestLogicalPlanPhase2::test_default_config_uses_standard_materialize 
tests/unit/dataframe/test_logical_plan.py::TestLogicalPlanPhase3::test_join_payload_has_other_plan_data_schema 
tests/unit/test_window_arithmetic.py::TestWindowFunctionArithmetic::test_window_function_negate 
[gw3] [ 76%] FAILED tests/unit/dataframe/test_na_fill_robust.py::TestNaFillRobust::test_na_fill_with_select 
tests/unit/spark_types/test_array_type_robust.py::TestArrayTypeRobust::test_array_type_elementtype_with_union_operation 
tests/unit/test_issue_270_tuple_dataframe.py::TestIssue270TupleDataFrame::test_tuple_data_operations_comprehensive 
[gw7] [ 76%] FAILED tests/unit/dataframe/test_casewhen_windowfunction_cast.py::TestCaseWhenCast::test_casewhen_cast_to_long_issue_243 
[gw0] [ 76%] FAILED tests/unit/test_window_arithmetic.py::TestWindowFunctionArithmetic::test_window_function_negate 
[gw5] [ 76%] PASSED tests/unit/dataframe/test_logical_plan.py::TestLogicalPlanPhase3::test_join_payload_has_other_plan_data_schema 
tests/unit/dataframe/test_logical_plan.py::TestLogicalPlanPhase3::test_union_payload_has_other_plan_data_schema 
[gw5] [ 76%] PASSED tests/unit/dataframe/test_logical_plan.py::TestLogicalPlanPhase3::test_union_payload_has_other_plan_data_schema 
tests/unit/dataframe/test_logical_plan.py::TestLogicalPlanPhase3::test_orderBy_payload_structure 
[gw5] [ 76%] PASSED tests/unit/dataframe/test_logical_plan.py::TestLogicalPlanPhase3::test_orderBy_payload_structure 
[gw1] [ 76%] PASSED tests/unit/dataframe/test_pivot_grouped_data.py::TestPivotGroupedData::test_pivot_count 
[gw9] [ 76%] FAILED tests/unit/spark_types/test_array_type_robust.py::TestArrayTypeRobust::test_array_type_elementtype_with_union_operation 
tests/unit/dataframe/test_na_fill_robust.py::TestNaFillRobust::test_na_fill_with_withcolumn 
[gw3] [ 77%] PASSED tests/unit/dataframe/test_na_fill_robust.py::TestNaFillRobust::test_na_fill_with_withcolumn 
tests/unit/test_window_arithmetic.py::TestWindowFunctionArithmetic::test_window_function_chained_operations 
[gw4] [ 77%] FAILED tests/unit/test_issue_270_tuple_dataframe.py::TestIssue270TupleDataFrame::test_tuple_data_operations_comprehensive 
[gw0] [ 77%] FAILED tests/unit/test_window_arithmetic.py::TestWindowFunctionArithmetic::test_window_function_chained_operations 
tests/unit/dataframe/test_pivot_grouped_data.py::TestPivotGroupedData::test_pivot_max 
[gw1] [ 77%] PASSED tests/unit/dataframe/test_pivot_grouped_data.py::TestPivotGroupedData::test_pivot_max 
tests/unit/dataframe/test_pivot_grouped_data.py::TestPivotGroupedData::test_pivot_min 
[gw1] [ 77%] PASSED tests/unit/dataframe/test_pivot_grouped_data.py::TestPivotGroupedData::test_pivot_min 
tests/unit/dataframe/test_pivot_grouped_data.py::TestPivotGroupedData::test_pivot_count_distinct 
[gw1] [ 77%] PASSED tests/unit/dataframe/test_pivot_grouped_data.py::TestPivotGroupedData::test_pivot_count_distinct 
tests/unit/dataframe/test_pivot_grouped_data.py::TestPivotGroupedData::test_pivot_collect_list 
[gw1] [ 77%] PASSED tests/unit/dataframe/test_pivot_grouped_data.py::TestPivotGroupedData::test_pivot_collect_list 
tests/unit/test_first_method.py::TestDataFrameFirst::test_first_after_orderby 
[gw6] [ 77%] PASSED tests/unit/test_first_method.py::TestDataFrameFirst::test_first_after_orderby 
tests/unit/test_first_method.py::TestDataFrameFirst::test_first_after_select 
tests/unit/test_issue_270_tuple_dataframe.py::TestIssue270TupleDataFrame::test_tuple_data_union_operations 
[gw4] [ 77%] PASSED tests/unit/test_issue_270_tuple_dataframe.py::TestIssue270TupleDataFrame::test_tuple_data_union_operations 
tests/unit/dataframe/test_logical_plan.py::TestLogicalPlanPhase3::test_groupBy_payload_structure 
[gw5] [ 77%] PASSED tests/unit/dataframe/test_logical_plan.py::TestLogicalPlanPhase3::test_groupBy_payload_structure 
tests/unit/dataframe/test_logical_plan.py::TestLogicalPlanPhase3::test_groupBy_with_aggs_serialized 
[gw5] [ 77%] PASSED tests/unit/dataframe/test_logical_plan.py::TestLogicalPlanPhase3::test_groupBy_with_aggs_serialized 
tests/unit/dataframe/test_logical_plan.py::TestLogicalPlanPhase3::test_window_serialized_structure 
[gw5] [ 78%] PASSED tests/unit/dataframe/test_logical_plan.py::TestLogicalPlanPhase3::test_window_serialized_structure 
tests/unit/dataframe/test_casewhen_windowfunction_cast.py::TestCaseWhenCast::test_casewhen_cast_to_string 
tests/unit/spark_types/test_array_type_robust.py::TestArrayTypeRobust::test_array_type_elementtype_empty_array 
tests/unit/dataframe/test_na_fill_robust.py::TestNaFillRobust::test_na_fill_empty_subset 
tests/unit/dataframe/test_join_type_coercion.py::TestJoinTypeCoercionParity::test_pyspark_parity_int_float_coercion 
[gw9] [ 78%] PASSED tests/unit/spark_types/test_array_type_robust.py::TestArrayTypeRobust::test_array_type_elementtype_empty_array 
[gw3] [ 78%] PASSED tests/unit/dataframe/test_na_fill_robust.py::TestNaFillRobust::test_na_fill_empty_subset 
[gw2] [ 78%] FAILED tests/unit/dataframe/test_join_type_coercion.py::TestJoinTypeCoercionParity::test_pyspark_parity_int_float_coercion 
tests/unit/dataframe/test_join_type_coercion.py::TestJoinTypeCoercionParity::test_pyspark_parity_null_values_in_join_keys 
tests/unit/spark_types/test_array_type_robust.py::TestArrayTypeRobust::test_array_type_elementtype_array_with_nulls 
[gw9] [ 78%] PASSED tests/unit/spark_types/test_array_type_robust.py::TestArrayTypeRobust::test_array_type_elementtype_array_with_nulls 
tests/unit/spark_types/test_array_type_robust.py::TestArrayTypeRobust::test_array_type_elementtype_nullable_array_field 
[gw9] [ 78%] PASSED tests/unit/spark_types/test_array_type_robust.py::TestArrayTypeRobust::test_array_type_elementtype_nullable_array_field 
[gw6] [ 78%] FAILED tests/unit/test_first_method.py::TestDataFrameFirst::test_first_after_select 
[gw7] [ 78%] FAILED tests/unit/dataframe/test_casewhen_windowfunction_cast.py::TestCaseWhenCast::test_casewhen_cast_to_string 
tests/unit/dataframe/test_pivot_grouped_data.py::TestPivotGroupedData::test_pivot_collect_set 
tests/unit/test_window_arithmetic.py::TestWindowFunctionArithmetic::test_dense_rank_with_arithmetic 
tests/unit/test_issue_270_tuple_dataframe.py::TestIssue270TupleDataFrame::test_tuple_data_join_operations 
tests/unit/dataframe/test_na_fill_robust.py::TestNaFillRobust::test_na_fill_partial_dict 
tests/unit/dataframe/test_logical_plan.py::TestLogicalPlanPhase4::test_polars_materialize_from_plan_simple_pipeline 
[gw1] [ 78%] PASSED tests/unit/dataframe/test_pivot_grouped_data.py::TestPivotGroupedData::test_pivot_collect_set 
[gw4] [ 78%] PASSED tests/unit/test_issue_270_tuple_dataframe.py::TestIssue270TupleDataFrame::test_tuple_data_join_operations 
tests/unit/spark_types/test_array_type_robust.py::TestArrayTypeRobust::test_array_type_elementtype_pyspark_parity_simple 
[gw9] [ 79%] SKIPPED tests/unit/spark_types/test_array_type_robust.py::TestArrayTypeRobust::test_array_type_elementtype_pyspark_parity_simple 
[gw2] [ 79%] FAILED tests/unit/dataframe/test_join_type_coercion.py::TestJoinTypeCoercionParity::test_pyspark_parity_null_values_in_join_keys 
[gw3] [ 79%] PASSED tests/unit/dataframe/test_na_fill_robust.py::TestNaFillRobust::test_na_fill_partial_dict 
tests/unit/dataframe/test_casewhen_windowfunction_cast.py::TestCaseWhenCast::test_casewhen_cast_to_int 
tests/unit/dataframe/test_na_fill_robust.py::TestNaFillRobust::test_na_fill_chained_multiple 
tests/unit/test_first_method.py::TestDataFrameFirst::test_first_vs_head_difference 
[gw6] [ 79%] PASSED tests/unit/test_first_method.py::TestDataFrameFirst::test_first_vs_head_difference 
tests/unit/dataframe/test_join_type_coercion.py::TestJoinTypeCoercionParity::test_pyspark_parity_invalid_numeric_strings 
tests/unit/test_issue_270_tuple_dataframe.py::TestIssue270TupleDataFrame::test_tuple_data_error_message_matches_pyspark 
[gw3] [ 79%] PASSED tests/unit/dataframe/test_na_fill_robust.py::TestNaFillRobust::test_na_fill_chained_multiple 
[gw4] [ 79%] PASSED tests/unit/test_issue_270_tuple_dataframe.py::TestIssue270TupleDataFrame::test_tuple_data_error_message_matches_pyspark 
[gw0] [ 79%] FAILED tests/unit/test_window_arithmetic.py::TestWindowFunctionArithmetic::test_dense_rank_with_arithmetic 
tests/unit/dataframe/test_pivot_grouped_data.py::TestPivotGroupedData::test_pivot_first 
[gw1] [ 79%] PASSED tests/unit/dataframe/test_pivot_grouped_data.py::TestPivotGroupedData::test_pivot_first 
[gw5] [ 79%] PASSED tests/unit/dataframe/test_logical_plan.py::TestLogicalPlanPhase4::test_polars_materialize_from_plan_simple_pipeline 
[gw7] [ 79%] FAILED tests/unit/dataframe/test_casewhen_windowfunction_cast.py::TestCaseWhenCast::test_casewhen_cast_to_int 
tests/unit/dataframe/test_na_fill_robust.py::TestNaFillRobust::test_na_fill_numeric_types 
[gw3] [ 80%] PASSED tests/unit/dataframe/test_na_fill_robust.py::TestNaFillRobust::test_na_fill_numeric_types 
tests/unit/spark_types/test_array_type_robust.py::TestArrayTypeRobust::test_array_type_elementtype_pyspark_parity_complex 
[gw9] [ 80%] SKIPPED tests/unit/spark_types/test_array_type_robust.py::TestArrayTypeRobust::test_array_type_elementtype_pyspark_parity_complex 
tests/unit/dataframe/test_pivot_grouped_data.py::TestPivotGroupedData::test_pivot_last 
[gw1] [ 80%] PASSED tests/unit/dataframe/test_pivot_grouped_data.py::TestPivotGroupedData::test_pivot_last 
tests/unit/test_issue_270_tuple_dataframe.py::TestIssue270TupleDataFrame::test_tuple_data_all_operations_from_issue 
tests/unit/dataframe/test_logical_plan.py::TestLogicalPlanPhase4::test_groupBy_via_plan_interpreter 
tests/unit/test_window_arithmetic.py::TestWindowFunctionArithmetic::test_rank_with_arithmetic 
[gw2] [ 80%] FAILED tests/unit/dataframe/test_join_type_coercion.py::TestJoinTypeCoercionParity::test_pyspark_parity_invalid_numeric_strings 
tests/unit/dataframe/test_casewhen_windowfunction_cast.py::TestCaseWhenCast::test_casewhen_cast_to_double 
[gw5] [ 80%] PASSED tests/unit/dataframe/test_logical_plan.py::TestLogicalPlanPhase4::test_groupBy_via_plan_interpreter 
tests/unit/spark_types/test_array_type_robust.py::TestArrayTypeRobust::test_array_type_elementtype_with_date_type 
tests/unit/dataframe/test_pivot_grouped_data.py::TestPivotGroupedData::test_pivot_stddev 
[gw9] [ 80%] PASSED tests/unit/spark_types/test_array_type_robust.py::TestArrayTypeRobust::test_array_type_elementtype_with_date_type 
[gw1] [ 80%] PASSED tests/unit/dataframe/test_pivot_grouped_data.py::TestPivotGroupedData::test_pivot_stddev 
[gw0] [ 80%] FAILED tests/unit/test_window_arithmetic.py::TestWindowFunctionArithmetic::test_rank_with_arithmetic 
tests/unit/dataframe/test_na_fill_robust.py::TestNaFillRobust::test_na_fill_schema_preservation 
tests/unit/test_first_method.py::TestDataFrameFirst::test_first_with_null_values 
[gw4] [ 80%] FAILED tests/unit/test_issue_270_tuple_dataframe.py::TestIssue270TupleDataFrame::test_tuple_data_all_operations_from_issue 
tests/unit/spark_types/test_array_type_robust.py::TestArrayTypeRobust::test_array_type_elementtype_with_timestamp_type 
[gw9] [ 80%] PASSED tests/unit/spark_types/test_array_type_robust.py::TestArrayTypeRobust::test_array_type_elementtype_with_timestamp_type 
tests/unit/test_window_arithmetic.py::TestWindowFunctionArithmetic::test_ntile_with_arithmetic 
[gw3] [ 80%] PASSED tests/unit/dataframe/test_na_fill_robust.py::TestNaFillRobust::test_na_fill_schema_preservation 
[gw7] [ 81%] FAILED tests/unit/dataframe/test_casewhen_windowfunction_cast.py::TestCaseWhenCast::test_casewhen_cast_to_double 
tests/unit/dataframe/test_pivot_grouped_data.py::TestPivotGroupedData::test_pivot_variance 
tests/unit/dataframe/test_join_type_coercion.py::TestJoinTypeCoercionParity::test_pyspark_parity_multiple_keys_complex 
tests/unit/dataframe/test_logical_plan.py::TestLogicalPlanPhase4::test_plan_interpreter_cast_between_power 
tests/unit/test_issue_270_tuple_dataframe.py::TestIssue270TupleDataFrame::test_tuple_data_with_array_type 
[gw4] [ 81%] PASSED tests/unit/test_issue_270_tuple_dataframe.py::TestIssue270TupleDataFrame::test_tuple_data_with_array_type 
tests/unit/dataframe/test_casewhen_windowfunction_cast.py::TestCaseWhenCast::test_casewhen_cast_with_multiple_when 
[gw5] [ 81%] PASSED tests/unit/dataframe/test_logical_plan.py::TestLogicalPlanPhase4::test_plan_interpreter_cast_between_power 
tests/unit/dataframe/test_logical_plan.py::TestLogicalPlanPhase4::test_plan_interpreter_window_row_number 
[gw6] [ 81%] PASSED tests/unit/test_first_method.py::TestDataFrameFirst::test_first_with_null_values 
tests/unit/test_issue_270_tuple_dataframe.py::TestIssue270TupleDataFrame::test_tuple_data_preserves_order 
[gw0] [ 81%] FAILED tests/unit/test_window_arithmetic.py::TestWindowFunctionArithmetic::test_ntile_with_arithmetic 
[gw1] [ 81%] PASSED tests/unit/dataframe/test_pivot_grouped_data.py::TestPivotGroupedData::test_pivot_variance 
tests/unit/dataframe/test_na_fill_robust.py::TestNaFillRobust::test_na_fill_with_groupby 
[gw3] [ 81%] PASSED tests/unit/dataframe/test_na_fill_robust.py::TestNaFillRobust::test_na_fill_with_groupby 
tests/unit/test_first_method.py::TestDataFrameFirst::test_first_single_row_dataframe 
[gw5] [ 81%] PASSED tests/unit/dataframe/test_logical_plan.py::TestLogicalPlanPhase4::test_plan_interpreter_window_row_number 
[gw4] [ 81%] PASSED tests/unit/test_issue_270_tuple_dataframe.py::TestIssue270TupleDataFrame::test_tuple_data_preserves_order 
[gw2] [ 81%] FAILED tests/unit/dataframe/test_join_type_coercion.py::TestJoinTypeCoercionParity::test_pyspark_parity_multiple_keys_complex 
tests/unit/dataframe/test_pivot_grouped_data.py::TestPivotGroupedData::test_pivot_mean 
[gw6] [ 82%] PASSED tests/unit/test_first_method.py::TestDataFrameFirst::test_first_single_row_dataframe 
[gw1] [ 82%] PASSED tests/unit/dataframe/test_pivot_grouped_data.py::TestPivotGroupedData::test_pivot_mean 
tests/unit/dataframe/test_na_fill_robust.py::TestNaFillRobust::test_na_fill_with_union 
tests/unit/test_first_method.py::TestDataFrameFirst::test_first_after_groupby_agg 
[gw3] [ 82%] PASSED tests/unit/dataframe/test_na_fill_robust.py::TestNaFillRobust::test_na_fill_with_union 
[gw6] [ 82%] PASSED tests/unit/test_first_method.py::TestDataFrameFirst::test_first_after_groupby_agg 
tests/unit/dataframe/test_pivot_grouped_data.py::TestPivotGroupedData::test_pivot_multiple_aggregates 
tests/unit/test_first_method.py::TestDataFrameFirst::test_first_after_join 
[gw1] [ 82%] PASSED tests/unit/dataframe/test_pivot_grouped_data.py::TestPivotGroupedData::test_pivot_multiple_aggregates 
[gw6] [ 82%] PASSED tests/unit/test_first_method.py::TestDataFrameFirst::test_first_after_join 
tests/unit/test_window_arithmetic.py::TestWindowFunctionArithmetic::test_lag_with_arithmetic 
tests/unit/dataframe/test_pivot_grouped_data.py::TestPivotGroupedData::test_pivot_single_aggregate_with_alias 
[gw1] [ 82%] PASSED tests/unit/dataframe/test_pivot_grouped_data.py::TestPivotGroupedData::test_pivot_single_aggregate_with_alias 
[gw7] [ 82%] FAILED tests/unit/dataframe/test_casewhen_windowfunction_cast.py::TestCaseWhenCast::test_casewhen_cast_with_multiple_when 
tests/unit/session/test_sql_complex_merge.py::TestComplexMergeBasic::test_merge_with_matched_condition 
tests/unit/dataframe/test_na_fill_robust.py::TestNaFillRobust::test_na_fill_zero_numeric 
[gw3] [ 82%] PASSED tests/unit/dataframe/test_na_fill_robust.py::TestNaFillRobust::test_na_fill_zero_numeric 
tests/unit/dataframe/test_join_type_coercion.py::TestJoinTypeCoercionParity::test_pyspark_parity_type_promotion_int32_int64 
[gw2] [ 82%] PASSED tests/unit/dataframe/test_join_type_coercion.py::TestJoinTypeCoercionParity::test_pyspark_parity_type_promotion_int32_int64 
tests/unit/test_first_method.py::TestDataFrameFirst::test_first_after_union 
[gw6] [ 82%] PASSED tests/unit/test_first_method.py::TestDataFrameFirst::test_first_after_union 
tests/unit/dataframe/test_na_fill.py::TestNaFill::test_na_fill_scalar 
[gw4] [ 83%] PASSED tests/unit/dataframe/test_na_fill.py::TestNaFill::test_na_fill_scalar 
tests/unit/spark_types/test_array_type_robust.py::TestArrayTypeRobust::test_array_type_elementtype_with_decimal_type 
[gw9] [ 83%] PASSED tests/unit/spark_types/test_array_type_robust.py::TestArrayTypeRobust::test_array_type_elementtype_with_decimal_type 
tests/unit/session/test_sql_describe_detail.py::TestDescribeDetail::test_describe_detail_basic 
[gw9] [ 83%] PASSED tests/unit/session/test_sql_describe_detail.py::TestDescribeDetail::test_describe_detail_basic 
tests/unit/dataframe/test_pivot_grouped_data.py::TestPivotGroupedData::test_pivot_empty_groups 
[gw1] [ 83%] PASSED tests/unit/dataframe/test_pivot_grouped_data.py::TestPivotGroupedData::test_pivot_empty_groups 
[gw0] [ 83%] FAILED tests/unit/test_window_arithmetic.py::TestWindowFunctionArithmetic::test_lag_with_arithmetic 
tests/unit/dataframe/test_na_fill_robust.py::TestNaFillRobust::test_na_fill_empty_string 
[gw3] [ 83%] PASSED tests/unit/dataframe/test_na_fill_robust.py::TestNaFillRobust::test_na_fill_empty_string 
tests/unit/dataframe/test_na_fill_robust.py::TestNaFillRobust::test_na_fill_boolean_false 
[gw3] [ 83%] PASSED tests/unit/dataframe/test_na_fill_robust.py::TestNaFillRobust::test_na_fill_boolean_false 
tests/unit/test_window_arithmetic.py::TestWindowFunctionArithmetic::test_lead_with_arithmetic 
tests/unit/test_issue_355.py::TestIssue355DiamondDependency::test_unionByName_diamond_dependency 
tests/unit/dataframe/test_join_type_coercion.py::TestJoinTypeCoercionParity::test_pyspark_parity_left_on_right_on_different_names 
[gw2] [ 83%] FAILED tests/unit/dataframe/test_join_type_coercion.py::TestJoinTypeCoercionParity::test_pyspark_parity_left_on_right_on_different_names 
tests/unit/test_first_method.py::TestDataFrameFirst::test_first_with_nested_struct 
[gw6] [ 83%] PASSED tests/unit/test_first_method.py::TestDataFrameFirst::test_first_with_nested_struct 
tests/unit/dataframe/test_na_fill.py::TestNaFill::test_na_fill_dict 
[gw4] [ 83%] PASSED tests/unit/dataframe/test_na_fill.py::TestNaFill::test_na_fill_dict 
[gw1] [ 84%] FAILED tests/unit/test_issue_355.py::TestIssue355DiamondDependency::test_unionByName_diamond_dependency 
tests/unit/dataframe/test_casewhen_windowfunction_cast.py::TestCaseWhenCast::test_casewhen_cast_with_null_values 
[gw7] [ 84%] FAILED tests/unit/dataframe/test_casewhen_windowfunction_cast.py::TestCaseWhenCast::test_casewhen_cast_with_null_values 
[gw0] [ 84%] FAILED tests/unit/test_window_arithmetic.py::TestWindowFunctionArithmetic::test_lead_with_arithmetic 
tests/unit/session/test_sql_describe_detail.py::TestDescribeDetail::test_describe_detail_with_schema 
[gw9] [ 84%] PASSED tests/unit/session/test_sql_describe_detail.py::TestDescribeDetail::test_describe_detail_with_schema 
tests/unit/session/test_sql_describe_detail.py::TestDescribeDetail::test_describe_detail_non_delta_table_raises 
[gw9] [ 84%] PASSED tests/unit/session/test_sql_describe_detail.py::TestDescribeDetail::test_describe_detail_non_delta_table_raises 
tests/unit/dataframe/test_join_type_coercion.py::TestJoinTypeCoercionParity::test_pyspark_parity_mixed_numeric_strings 
tests/unit/dataframe/test_na_fill.py::TestNaFill::test_na_fill_subset 
[gw4] [ 84%] PASSED tests/unit/dataframe/test_na_fill.py::TestNaFill::test_na_fill_subset 
tests/unit/test_issue_355.py::TestIssue355DiamondDependency::test_unionByName_diamond_dependency_with_filters 
tests/unit/test_first_method.py::TestDataFrameFirst::test_first_with_array_column 
[gw6] [ 84%] PASSED tests/unit/test_first_method.py::TestDataFrameFirst::test_first_with_array_column 
tests/unit/test_first_method.py::TestDataFrameFirst::test_first_after_multiple_transformations 
tests/unit/dataframe/test_casewhen_windowfunction_cast.py::TestCaseWhenCast::test_casewhen_cast_in_select 
tests/unit/test_window_arithmetic.py::TestWindowFunctionArithmetic::test_sum_window_with_arithmetic 
tests/unit/dataframe/test_na_fill.py::TestNaFill::test_na_fill_after_join 
tests/unit/dataframe/test_na_fill_robust.py::TestNaFillRobust::test_na_fill_boolean_true 
[gw3] [ 84%] PASSED tests/unit/dataframe/test_na_fill_robust.py::TestNaFillRobust::test_na_fill_boolean_true 
tests/unit/session/test_sql_describe_detail.py::TestDescribeDetail::test_describe_detail_matches_delta_table_detail 
[gw1] [ 84%] FAILED tests/unit/test_issue_355.py::TestIssue355DiamondDependency::test_unionByName_diamond_dependency_with_filters 
tests/unit/dataframe/test_na_fill_robust.py::TestNaFillRobust::test_na_fill_large_dict 
[gw3] [ 84%] PASSED tests/unit/dataframe/test_na_fill_robust.py::TestNaFillRobust::test_na_fill_large_dict 
[gw0] [ 85%] FAILED tests/unit/test_window_arithmetic.py::TestWindowFunctionArithmetic::test_sum_window_with_arithmetic 
[gw2] [ 85%] FAILED tests/unit/dataframe/test_join_type_coercion.py::TestJoinTypeCoercionParity::test_pyspark_parity_mixed_numeric_strings 
[gw6] [ 85%] FAILED tests/unit/test_first_method.py::TestDataFrameFirst::test_first_after_multiple_transformations 
[gw7] [ 85%] FAILED tests/unit/dataframe/test_casewhen_windowfunction_cast.py::TestCaseWhenCast::test_casewhen_cast_in_select 
[gw9] [ 85%] PASSED tests/unit/session/test_sql_describe_detail.py::TestDescribeDetail::test_describe_detail_matches_delta_table_detail 
[gw4] [ 85%] FAILED tests/unit/dataframe/test_na_fill.py::TestNaFill::test_na_fill_after_join 
tests/unit/dataframe/test_na_fill_robust.py::TestNaFillRobust::test_na_fill_subset_all_columns 
tests/unit/test_issue_355.py::TestIssue355DiamondDependency::test_unionByName_diamond_dependency_with_select 
tests/unit/dataframe/test_join_type_coercion.py::TestJoinTypeCoercionParity::test_pyspark_parity_scientific_notation_strings 
[gw3] [ 85%] PASSED tests/unit/dataframe/test_na_fill_robust.py::TestNaFillRobust::test_na_fill_subset_all_columns 
[gw1] [ 85%] FAILED tests/unit/test_issue_355.py::TestIssue355DiamondDependency::test_unionByName_diamond_dependency_with_select 
tests/unit/session/test_sql_describe_detail.py::TestDescribeDetail::test_describe_detail_partition_columns 
tests/unit/dataframe/test_casewhen_windowfunction_cast.py::TestCaseWhenCast::test_casewhen_cast_with_datatype_object 
tests/unit/test_window_arithmetic.py::TestWindowFunctionArithmetic::test_avg_window_with_arithmetic 
[gw9] [ 85%] PASSED tests/unit/session/test_sql_describe_detail.py::TestDescribeDetail::test_describe_detail_partition_columns 
tests/unit/dataframe/test_na_fill.py::TestNaFill::test_na_fill_nonexistent_column 
tests/unit/session/test_sql_describe_detail.py::TestDescribeDetail::test_describe_detail_empty_table 
[gw9] [ 85%] PASSED tests/unit/session/test_sql_describe_detail.py::TestDescribeDetail::test_describe_detail_empty_table 
tests/unit/test_first_method.py::TestDataFrameFirst::test_first_with_different_data_types 
[gw6] [ 85%] PASSED tests/unit/test_first_method.py::TestDataFrameFirst::test_first_with_different_data_types 
[gw2] [ 86%] FAILED tests/unit/dataframe/test_join_type_coercion.py::TestJoinTypeCoercionParity::test_pyspark_parity_scientific_notation_strings 
[gw4] [ 86%] PASSED tests/unit/dataframe/test_na_fill.py::TestNaFill::test_na_fill_nonexistent_column 
tests/unit/test_issue_355.py::TestIssue355DiamondDependency::test_unionByName_diamond_dependency_with_withColumn 
[gw0] [ 86%] FAILED tests/unit/test_window_arithmetic.py::TestWindowFunctionArithmetic::test_avg_window_with_arithmetic 
[gw7] [ 86%] FAILED tests/unit/dataframe/test_casewhen_windowfunction_cast.py::TestCaseWhenCast::test_casewhen_cast_with_datatype_object 
[gw1] [ 86%] FAILED tests/unit/test_issue_355.py::TestIssue355DiamondDependency::test_unionByName_diamond_dependency_with_withColumn 
tests/unit/dataframe/test_na_fill.py::TestNaFill::test_na_fill_different_types 
[gw4] [ 86%] PASSED tests/unit/dataframe/test_na_fill.py::TestNaFill::test_na_fill_different_types 
tests/unit/session/test_sql_describe_detail.py::TestDescribeDetail::test_describe_detail_nonexistent_table 
tests/unit/dataframe/test_na_fill_robust.py::TestNaFillRobust::test_na_fill_preserves_non_null_values 
tests/unit/dataframe/test_join_type_coercion.py::TestJoinTypeCoercionParity::test_pyspark_parity_whitespace_in_string_keys 
tests/unit/test_issue_355.py::TestIssue355DiamondDependency::test_unionByName_diamond_dependency_three_branches 
[gw9] [ 86%] PASSED tests/unit/session/test_sql_describe_detail.py::TestDescribeDetail::test_describe_detail_nonexistent_table 
tests/unit/dataframe/test_na_fill.py::TestNaFill::test_na_fill_chained_operations 
tests/unit/test_window_arithmetic.py::TestWindowFunctionArithmetic::test_multiple_window_functions_with_arithmetic 
tests/unit/test_first_method.py::TestDataFrameFirst::test_first_after_distinct 
[gw3] [ 86%] PASSED tests/unit/dataframe/test_na_fill_robust.py::TestNaFillRobust::test_na_fill_preserves_non_null_values 
[gw2] [ 86%] FAILED tests/unit/dataframe/test_join_type_coercion.py::TestJoinTypeCoercionParity::test_pyspark_parity_whitespace_in_string_keys 
tests/unit/dataframe/test_casewhen_windowfunction_cast.py::TestWindowFunctionCast::test_window_function_cast_to_long 
[gw4] [ 86%] PASSED tests/unit/dataframe/test_na_fill.py::TestNaFill::test_na_fill_chained_operations 
[gw0] [ 87%] FAILED tests/unit/test_window_arithmetic.py::TestWindowFunctionArithmetic::test_multiple_window_functions_with_arithmetic 
[gw6] [ 87%] PASSED tests/unit/test_first_method.py::TestDataFrameFirst::test_first_after_distinct 
[gw7] [ 87%] FAILED tests/unit/dataframe/test_casewhen_windowfunction_cast.py::TestWindowFunctionCast::test_window_function_cast_to_long 
tests/unit/dataframe/test_casewhen_windowfunction_cast.py::TestWindowFunctionCast::test_window_function_cast_to_string 
tests/unit/session/test_sql_describe_detail.py::TestDescribeDetail::test_describe_detail_multiple_writes 
[gw1] [ 87%] FAILED tests/unit/test_issue_355.py::TestIssue355DiamondDependency::test_unionByName_diamond_dependency_three_branches 
tests/unit/core/test_column_resolver.py::TestColumnResolver::test_resolve_column_name_case_insensitive_match 
[gw9] [ 87%] PASSED tests/unit/session/test_sql_describe_detail.py::TestDescribeDetail::test_describe_detail_multiple_writes 
tests/unit/session/test_sql_describe_detail.py::TestDescribeDetail::test_describe_detail_complex_schema 
[gw9] [ 87%] PASSED tests/unit/session/test_sql_describe_detail.py::TestDescribeDetail::test_describe_detail_complex_schema 
tests/unit/dataframe/test_join_type_coercion.py::TestJoinTypeCoercionParity::test_pyspark_parity_schema_verification 
tests/unit/dataframe/test_na_fill.py::TestNaFill::test_na_fill_pyspark_parity 
[gw2] [ 87%] PASSED tests/unit/dataframe/test_join_type_coercion.py::TestJoinTypeCoercionParity::test_pyspark_parity_schema_verification 
[gw3] [ 87%] PASSED tests/unit/core/test_column_resolver.py::TestColumnResolver::test_resolve_column_name_case_insensitive_match 
tests/unit/test_first_method.py::TestDataFrameFirst::test_first_with_all_nulls 
tests/unit/test_issue_355.py::TestIssue355DiamondDependency::test_unionByName_diamond_dependency_nested_transformations 
tests/unit/core/test_column_resolver.py::TestColumnResolver::test_resolve_column_name_case_sensitive_match 
tests/unit/test_window_arithmetic.py::TestWindowFunctionArithmetic::test_window_arithmetic_with_nulls 
[gw6] [ 87%] PASSED tests/unit/test_first_method.py::TestDataFrameFirst::test_first_with_all_nulls 
tests/unit/test_first_method.py::TestDataFrameFirst::test_first_after_dropna 
tests/unit/spark_types/test_array_type_keywords.py::TestArrayTypeKeywords::test_array_type_with_elementtype_keyword 
[gw3] [ 87%] PASSED tests/unit/core/test_column_resolver.py::TestColumnResolver::test_resolve_column_name_case_sensitive_match 
[gw0] [ 88%] FAILED tests/unit/test_window_arithmetic.py::TestWindowFunctionArithmetic::test_window_arithmetic_with_nulls 
tests/unit/test_window_arithmetic.py::TestWindowFunctionArithmetic::test_complex_nested_arithmetic 
[gw0] [ 88%] FAILED tests/unit/test_window_arithmetic.py::TestWindowFunctionArithmetic::test_complex_nested_arithmetic 
tests/unit/session/test_sql_describe_detail.py::TestDescribeDetail::test_describe_detail_all_required_columns 
[gw7] [ 88%] FAILED tests/unit/dataframe/test_casewhen_windowfunction_cast.py::TestWindowFunctionCast::test_window_function_cast_to_string 
[gw2] [ 88%] PASSED tests/unit/spark_types/test_array_type_keywords.py::TestArrayTypeKeywords::test_array_type_with_elementtype_keyword 
[gw9] [ 88%] PASSED tests/unit/session/test_sql_describe_detail.py::TestDescribeDetail::test_describe_detail_all_required_columns 
[gw4] [ 88%] PASSED tests/unit/dataframe/test_na_fill.py::TestNaFill::test_na_fill_pyspark_parity 
tests/unit/dataframe/test_na_fill.py::TestNaFill::test_na_fill_empty_dataframe 
[gw6] [ 88%] PASSED tests/unit/test_first_method.py::TestDataFrameFirst::test_first_after_dropna 
[gw1] [ 88%] FAILED tests/unit/test_issue_355.py::TestIssue355DiamondDependency::test_unionByName_diamond_dependency_nested_transformations 
[gw4] [ 88%] PASSED tests/unit/dataframe/test_na_fill.py::TestNaFill::test_na_fill_empty_dataframe 
tests/unit/test_window_arithmetic.py::TestWindowFunctionArithmetic::test_window_arithmetic_in_filter 
tests/unit/session/test_sql_describe_detail.py::TestDescribeDetail::test_describe_detail_multiple_partitions 
tests/unit/functions/test_issue_189_string_functions_robust.py::TestIssue189StringFunctionsRobust::test_translate_edge_cases 
tests/unit/spark_types/test_array_type_keywords.py::TestArrayTypeKeywords::test_array_type_with_element_type_keyword 
[gw0] [ 88%] FAILED tests/unit/test_window_arithmetic.py::TestWindowFunctionArithmetic::test_window_arithmetic_in_filter 
[gw9] [ 88%] PASSED tests/unit/session/test_sql_describe_detail.py::TestDescribeDetail::test_describe_detail_multiple_partitions 
tests/unit/test_issue_355.py::TestIssue355DiamondDependency::test_unionByName_diamond_dependency_with_aggregations 
[gw6] [ 89%] FAILED tests/unit/functions/test_issue_189_string_functions_robust.py::TestIssue189StringFunctionsRobust::test_translate_edge_cases 
[gw2] [ 89%] PASSED tests/unit/spark_types/test_array_type_keywords.py::TestArrayTypeKeywords::test_array_type_with_element_type_keyword 
[gw1] [ 89%] PASSED tests/unit/test_issue_355.py::TestIssue355DiamondDependency::test_unionByName_diamond_dependency_with_aggregations 
tests/unit/core/test_column_resolver.py::TestColumnResolver::test_resolve_column_name_not_found 
tests/unit/spark_types/test_array_type_keywords.py::TestArrayTypeKeywords::test_array_type_positional 
tests/unit/dataframe/test_casewhen_windowfunction_cast.py::TestWindowFunctionCast::test_window_function_cast_to_double 
[gw2] [ 89%] PASSED tests/unit/spark_types/test_array_type_keywords.py::TestArrayTypeKeywords::test_array_type_positional 
tests/unit/test_window_arithmetic.py::TestWindowFunctionArithmetic::test_window_arithmetic_in_orderby 
[gw3] [ 89%] PASSED tests/unit/core/test_column_resolver.py::TestColumnResolver::test_resolve_column_name_not_found 
[gw7] [ 89%] FAILED tests/unit/dataframe/test_casewhen_windowfunction_cast.py::TestWindowFunctionCast::test_window_function_cast_to_double 
tests/unit/spark_types/test_array_type_keywords.py::TestArrayTypeKeywords::test_array_type_both_keywords_error 
[gw2] [ 89%] PASSED tests/unit/spark_types/test_array_type_keywords.py::TestArrayTypeKeywords::test_array_type_both_keywords_error 
tests/unit/dataframe/test_casewhen_windowfunction_cast.py::TestWindowFunctionCast::test_window_function_cast_with_partition 
tests/unit/spark_types/test_array_type_keywords.py::TestArrayTypeKeywords::test_array_type_missing_argument 
[gw2] [ 89%] PASSED tests/unit/spark_types/test_array_type_keywords.py::TestArrayTypeKeywords::test_array_type_missing_argument 
tests/unit/spark_types/test_array_type_keywords.py::TestArrayTypeKeywords::test_array_type_elementtype_with_nullable 
[gw2] [ 89%] PASSED tests/unit/spark_types/test_array_type_keywords.py::TestArrayTypeKeywords::test_array_type_elementtype_with_nullable 
tests/unit/spark_types/test_array_type_keywords.py::TestArrayTypeKeywords::test_array_type_elementtype_with_different_types 
[gw2] [ 89%] PASSED tests/unit/spark_types/test_array_type_keywords.py::TestArrayTypeKeywords::test_array_type_elementtype_with_different_types 
tests/unit/spark_types/test_array_type_keywords.py::TestArrayTypeKeywords::test_array_type_nested_with_elementtype 
tests/unit/functions/test_issue_189_string_functions_robust.py::TestIssue189StringFunctionsRobust::test_substring_index_edge_cases 
tests/unit/core/test_column_resolver.py::TestColumnResolver::test_resolve_column_name_ambiguity 
[gw3] [ 90%] PASSED tests/unit/core/test_column_resolver.py::TestColumnResolver::test_resolve_column_name_ambiguity 
tests/unit/core/test_column_resolver.py::TestColumnResolver::test_resolve_columns_multiple 
[gw3] [ 90%] PASSED tests/unit/core/test_column_resolver.py::TestColumnResolver::test_resolve_columns_multiple 
tests/unit/core/test_column_resolver.py::TestColumnResolver::test_resolve_columns_with_ambiguity 
[gw3] [ 90%] PASSED tests/unit/core/test_column_resolver.py::TestColumnResolver::test_resolve_columns_with_ambiguity 
tests/unit/core/test_column_resolver.py::TestColumnResolver::test_resolve_columns_not_found 
[gw3] [ 90%] PASSED tests/unit/core/test_column_resolver.py::TestColumnResolver::test_resolve_columns_not_found 
tests/unit/core/test_column_resolver.py::TestColumnResolver::test_column_exists_case_insensitive 
[gw3] [ 90%] PASSED tests/unit/core/test_column_resolver.py::TestColumnResolver::test_column_exists_case_insensitive 
tests/unit/core/test_column_resolver.py::TestColumnResolver::test_column_exists_case_sensitive 
[gw3] [ 90%] PASSED tests/unit/core/test_column_resolver.py::TestColumnResolver::test_column_exists_case_sensitive 
tests/unit/core/test_column_resolver.py::TestColumnResolver::test_column_exists_ambiguous 
[gw3] [ 90%] PASSED tests/unit/core/test_column_resolver.py::TestColumnResolver::test_column_exists_ambiguous 
tests/unit/core/test_column_resolver.py::TestColumnResolver::test_resolve_column_name_empty_list 
[gw3] [ 90%] PASSED tests/unit/core/test_column_resolver.py::TestColumnResolver::test_resolve_column_name_empty_list 
tests/unit/core/test_column_resolver.py::TestColumnResolver::test_resolve_column_name_special_characters 
[gw3] [ 90%] PASSED tests/unit/core/test_column_resolver.py::TestColumnResolver::test_resolve_column_name_special_characters 
[gw2] [ 90%] PASSED tests/unit/spark_types/test_array_type_keywords.py::TestArrayTypeKeywords::test_array_type_nested_with_elementtype 
[gw0] [ 91%] FAILED tests/unit/test_window_arithmetic.py::TestWindowFunctionArithmetic::test_window_arithmetic_in_orderby 
tests/unit/session/test_sql_describe_detail.py::TestDescribeDetail::test_describe_detail_table_properties 
[gw9] [ 91%] PASSED tests/unit/session/test_sql_describe_detail.py::TestDescribeDetail::test_describe_detail_table_properties 
tests/unit/dataframe/test_na_fill.py::TestNaFill::test_na_fill_no_nulls 
[gw7] [ 91%] FAILED tests/unit/dataframe/test_casewhen_windowfunction_cast.py::TestWindowFunctionCast::test_window_function_cast_with_partition 
tests/unit/session/test_sql_describe_detail.py::TestDescribeDetail::test_describe_detail_overwrite_operation 
tests/unit/spark_types/test_array_type_keywords.py::TestArrayTypeKeywords::test_array_type_in_schema_with_elementtype 
tests/unit/test_issue_355.py::TestIssue355DiamondDependency::test_unionByName_diamond_dependency_empty_branch 
[gw4] [ 91%] PASSED tests/unit/dataframe/test_na_fill.py::TestNaFill::test_na_fill_no_nulls 
[gw2] [ 91%] PASSED tests/unit/spark_types/test_array_type_keywords.py::TestArrayTypeKeywords::test_array_type_in_schema_with_elementtype 
tests/unit/dataframe/test_casewhen_windowfunction_cast.py::TestWindowFunctionCast::test_window_function_cast_with_sum 
[gw9] [ 91%] PASSED tests/unit/session/test_sql_describe_detail.py::TestDescribeDetail::test_describe_detail_overwrite_operation 
[gw1] [ 91%] PASSED tests/unit/test_issue_355.py::TestIssue355DiamondDependency::test_unionByName_diamond_dependency_empty_branch 
tests/unit/session/test_sql_describe_detail.py::TestDescribeDetail::test_describe_detail_special_characters_in_name 
[gw9] [ 91%] PASSED tests/unit/session/test_sql_describe_detail.py::TestDescribeDetail::test_describe_detail_special_characters_in_name 
tests/unit/test_issue_355.py::TestIssue355DiamondDependency::test_unionByName_diamond_dependency_single_row 
tests/unit/dataframe/test_na_fill.py::TestNaFill::test_na_fill_equivalence_with_fillna 
[gw4] [ 91%] PASSED tests/unit/dataframe/test_na_fill.py::TestNaFill::test_na_fill_equivalence_with_fillna 
tests/unit/dataframe/test_na_fill.py::TestNaFill::test_na_fill_subset_string 
[gw4] [ 91%] PASSED tests/unit/dataframe/test_na_fill.py::TestNaFill::test_na_fill_subset_string 
tests/unit/dataframe/test_na_fill.py::TestNaFill::test_na_fill_subset_tuple 
[gw4] [ 91%] PASSED tests/unit/dataframe/test_na_fill.py::TestNaFill::test_na_fill_subset_tuple 
[gw6] [ 92%] FAILED tests/unit/functions/test_issue_189_string_functions_robust.py::TestIssue189StringFunctionsRobust::test_substring_index_edge_cases 
tests/unit/spark_types/test_array_type_keywords.py::TestArrayTypeKeywords::test_array_type_issue_247_example 
tests/unit/dataframe/test_na_fill.py::TestNaFill::test_na_fill_all_nulls 
[gw1] [ 92%] FAILED tests/unit/test_issue_355.py::TestIssue355DiamondDependency::test_unionByName_diamond_dependency_single_row 
tests/unit/test_issue_355.py::TestIssue355DiamondDependency::test_unionByName_diamond_dependency_complex_expressions 
tests/unit/functions/test_approx_count_distinct_rsd.py::TestApproxCountDistinctRsd::test_approx_count_distinct_without_rsd 
[gw3] [ 92%] PASSED tests/unit/functions/test_approx_count_distinct_rsd.py::TestApproxCountDistinctRsd::test_approx_count_distinct_without_rsd 
[gw2] [ 92%] PASSED tests/unit/spark_types/test_array_type_keywords.py::TestArrayTypeKeywords::test_array_type_issue_247_example 
[gw4] [ 92%] PASSED tests/unit/dataframe/test_na_fill.py::TestNaFill::test_na_fill_all_nulls 
tests/unit/functions/test_approx_count_distinct_rsd.py::TestApproxCountDistinctRsd::test_approx_count_distinct_with_rsd 
[gw3] [ 92%] PASSED tests/unit/functions/test_approx_count_distinct_rsd.py::TestApproxCountDistinctRsd::test_approx_count_distinct_with_rsd 
tests/unit/session/test_sql_cte_robust.py::test_cte_with_join 
tests/unit/functions/test_aggregate_function_cast.py::test_aggregate_function_cast_method_exists 
[gw0] [ 92%] PASSED tests/unit/functions/test_aggregate_function_cast.py::test_aggregate_function_cast_method_exists 
[gw1] [ 92%] FAILED tests/unit/test_issue_355.py::TestIssue355DiamondDependency::test_unionByName_diamond_dependency_complex_expressions 
[gw7] [ 92%] FAILED tests/unit/dataframe/test_casewhen_windowfunction_cast.py::TestWindowFunctionCast::test_window_function_cast_with_sum 
tests/unit/session/test_sql_describe_detail.py::TestDescribeDetail::test_describe_detail_large_table 
tests/unit/functions/test_aggregate_function_cast.py::test_aggregate_function_cast_returns_column_operation 
tests/unit/test_issue_355.py::TestIssue355DiamondDependency::test_unionByName_diamond_dependency_with_drop 
[gw1] [ 92%] PASSED tests/unit/test_issue_355.py::TestIssue355DiamondDependency::test_unionByName_diamond_dependency_with_drop 
tests/unit/functions/test_approx_count_distinct_rsd.py::TestApproxCountDistinctRsd::test_approx_count_distinct_rsd_default_value 
[gw3] [ 93%] PASSED tests/unit/functions/test_approx_count_distinct_rsd.py::TestApproxCountDistinctRsd::test_approx_count_distinct_rsd_default_value 
tests/unit/functions/test_approx_count_distinct_rsd.py::TestApproxCountDistinctRsd::test_approx_count_distinct_rsd_different_values 
[gw3] [ 93%] PASSED tests/unit/functions/test_approx_count_distinct_rsd.py::TestApproxCountDistinctRsd::test_approx_count_distinct_rsd_different_values 
tests/unit/functions/test_approx_count_distinct_rsd.py::TestApproxCountDistinctRsd::test_approx_count_distinct_in_groupby 
[gw3] [ 93%] PASSED tests/unit/functions/test_approx_count_distinct_rsd.py::TestApproxCountDistinctRsd::test_approx_count_distinct_in_groupby 
tests/unit/functions/test_approx_count_distinct_rsd.py::TestApproxCountDistinctRsd::test_approx_count_distinct_in_window 
[gw3] [ 93%] FAILED tests/unit/functions/test_approx_count_distinct_rsd.py::TestApproxCountDistinctRsd::test_approx_count_distinct_in_window 
tests/unit/dataframe/test_casewhen_windowfunction_cast.py::TestWindowFunctionCast::test_window_function_cast_in_select 
[gw7] [ 93%] FAILED tests/unit/dataframe/test_casewhen_windowfunction_cast.py::TestWindowFunctionCast::test_window_function_cast_in_select 
tests/unit/dataframe/test_casewhen_windowfunction_cast.py::TestWindowFunctionCast::test_window_function_cast_with_datatype_object 
tests/unit/test_issue_355.py::TestIssue355DiamondDependency::test_unionByName_diamond_dependency_multiple_unions 
[gw1] [ 93%] PASSED tests/unit/test_issue_355.py::TestIssue355DiamondDependency::test_unionByName_diamond_dependency_multiple_unions 
tests/unit/functions/test_issue_189_string_functions_robust.py::TestIssue189StringFunctionsRobust::test_levenshtein_nulls_and_empty_strings 
[gw6] [ 93%] FAILED tests/unit/functions/test_issue_189_string_functions_robust.py::TestIssue189StringFunctionsRobust::test_levenshtein_nulls_and_empty_strings 
tests/unit/functions/test_issue_189_string_functions_robust.py::TestIssue189StringFunctionsRobust::test_soundex_null_and_empty 
[gw9] [ 93%] PASSED tests/unit/session/test_sql_describe_detail.py::TestDescribeDetail::test_describe_detail_large_table 
tests/unit/session/test_sql_describe_detail.py::TestDescribeDetail::test_describe_detail_different_data_types 
[gw9] [ 93%] PASSED tests/unit/session/test_sql_describe_detail.py::TestDescribeDetail::test_describe_detail_different_data_types 
tests/unit/backend/test_robin_materializer.py::TestRobinMaterializerExpressionTranslation::test_with_column_alias_expression_robin 
[gw0] [ 93%] PASSED tests/unit/functions/test_aggregate_function_cast.py::test_aggregate_function_cast_returns_column_operation 
tests/unit/functions/test_aggregate_function_cast.py::test_aggregate_function_cast_with_string_type 
[gw0] [ 94%] PASSED tests/unit/functions/test_aggregate_function_cast.py::test_aggregate_function_cast_with_string_type 
[gw2] [ 94%] FAILED tests/unit/session/test_sql_cte_robust.py::test_cte_with_join 
tests/unit/backend/test_robin_optional.py::TestRobinBackendOptional::test_list_available_backends_excludes_robin_when_not_available 
tests/unit/session/test_sql_cte_robust.py::test_cte_with_multiple_joins 
[gw6] [ 94%] FAILED tests/unit/functions/test_issue_189_string_functions_robust.py::TestIssue189StringFunctionsRobust::test_soundex_null_and_empty 
[gw4] [ 94%] PASSED tests/unit/backend/test_robin_optional.py::TestRobinBackendOptional::test_list_available_backends_excludes_robin_when_not_available 
tests/unit/backend/test_robin_optional.py::TestRobinBackendOptional::test_create_storage_backend_robin_raises_when_not_available 
[gw4] [ 94%] PASSED tests/unit/backend/test_robin_optional.py::TestRobinBackendOptional::test_create_storage_backend_robin_raises_when_not_available 
tests/unit/backend/test_robin_optional.py::TestRobinBackendOptional::test_create_materializer_robin_raises_when_not_available 
[gw4] [ 94%] PASSED tests/unit/backend/test_robin_optional.py::TestRobinBackendOptional::test_create_materializer_robin_raises_when_not_available 
tests/unit/test_issue_355.py::TestIssue355DiamondDependency::test_unionByName_diamond_dependency_with_window_functions 
tests/unit/functions/test_approx_count_distinct_rsd.py::TestApproxCountDistinctRsd::test_approx_count_distinct_window_without_rsd 
tests/unit/functions/test_aggregate_function_cast.py::test_aggregate_function_cast_with_data_type 
[gw0] [ 94%] PASSED tests/unit/functions/test_aggregate_function_cast.py::test_aggregate_function_cast_with_data_type 
tests/unit/functions/test_aggregate_function_cast.py::test_aggregate_function_cast_with_different_aggregates 
tests/unit/backend/test_robin_optional.py::TestRobinBackendOptional::test_create_export_backend_robin_raises_when_not_available 
tests/unit/functions/test_issue_189_string_functions_robust.py::TestIssue189StringFunctionsRobust::test_crc32_known_values_and_null 
[gw1] [ 94%] FAILED tests/unit/test_issue_355.py::TestIssue355DiamondDependency::test_unionByName_diamond_dependency_with_window_functions 
[gw4] [ 94%] PASSED tests/unit/backend/test_robin_optional.py::TestRobinBackendOptional::test_create_export_backend_robin_raises_when_not_available 
[gw9] [ 94%] FAILED tests/unit/backend/test_robin_materializer.py::TestRobinMaterializerExpressionTranslation::test_with_column_alias_expression_robin 
tests/unit/backend/test_robin_materializer.py::TestRobinMaterializerExpressionTranslation::test_with_column_literal_plus_column_robin 
[gw0] [ 94%] PASSED tests/unit/functions/test_aggregate_function_cast.py::test_aggregate_function_cast_with_different_aggregates 
tests/unit/functions/test_aggregate_function_cast.py::test_aggregate_function_cast_column_name_format 
[gw7] [ 95%] FAILED tests/unit/dataframe/test_casewhen_windowfunction_cast.py::TestWindowFunctionCast::test_window_function_cast_with_datatype_object 
[gw0] [ 95%] PASSED tests/unit/functions/test_aggregate_function_cast.py::test_aggregate_function_cast_column_name_format 
[gw3] [ 95%] FAILED tests/unit/functions/test_approx_count_distinct_rsd.py::TestApproxCountDistinctRsd::test_approx_count_distinct_window_without_rsd 
tests/unit/functions/test_null_handling_column_names.py::test_coalesce_column_name_matches_expected 
[gw4] [ 95%] PASSED tests/unit/functions/test_null_handling_column_names.py::test_coalesce_column_name_matches_expected 
[gw9] [ 95%] FAILED tests/unit/backend/test_robin_materializer.py::TestRobinMaterializerExpressionTranslation::test_with_column_literal_plus_column_robin 
[gw6] [ 95%] FAILED tests/unit/functions/test_issue_189_string_functions_robust.py::TestIssue189StringFunctionsRobust::test_crc32_known_values_and_null 
tests/unit/functions/test_aggregate_function_cast.py::test_aggregate_function_cast_with_null_values 
[gw0] [ 95%] PASSED tests/unit/functions/test_aggregate_function_cast.py::test_aggregate_function_cast_with_null_values 
tests/unit/functions/test_regexp_extract_all_189.py::test_regexp_extract_all_basic_groups 
tests/unit/dataframe/test_casewhen_windowfunction_cast.py::TestCaseWhenWindowFunctionCastParity::test_casewhen_cast_parity_issue_243 
[gw7] [ 95%] SKIPPED tests/unit/dataframe/test_casewhen_windowfunction_cast.py::TestCaseWhenWindowFunctionCastParity::test_casewhen_cast_parity_issue_243 
tests/unit/functions/test_issue_189_string_functions_robust.py::TestIssue189StringFunctionsRobust::test_xxhash64_known_values_and_null 
tests/unit/backend/test_robin_unsupported_raises.py::TestRobinUnsupportedRaises::test_unsupported_select_expression_raises 
[gw3] [ 95%] PASSED tests/unit/backend/test_robin_unsupported_raises.py::TestRobinUnsupportedRaises::test_unsupported_select_expression_raises 
tests/unit/backend/test_robin_materializer.py::TestRobinMaterializerExpressionTranslation::test_with_column_literal_times_column_robin 
tests/unit/test_issue_355.py::TestIssue355DiamondDependency::test_unionByName_diamond_dependency_preserves_original_data 
[gw1] [ 95%] PASSED tests/unit/test_issue_355.py::TestIssue355DiamondDependency::test_unionByName_diamond_dependency_preserves_original_data 
tests/unit/dataframe/test_grouped_aggregate_functions_accept_aggregatefunction.py::test_groupby_agg_accepts_aggregate_function_objects 
[gw1] [ 96%] PASSED tests/unit/dataframe/test_grouped_aggregate_functions_accept_aggregatefunction.py::test_groupby_agg_accepts_aggregate_function_objects 
[gw2] [ 96%] FAILED tests/unit/session/test_sql_cte_robust.py::test_cte_with_multiple_joins 
tests/unit/session/test_sql_cte_robust.py::test_cte_with_left_join 
tests/unit/dataframe/test_casewhen_windowfunction_cast.py::TestCaseWhenWindowFunctionCastParity::test_window_function_cast_parity 
[gw7] [ 96%] SKIPPED tests/unit/dataframe/test_casewhen_windowfunction_cast.py::TestCaseWhenWindowFunctionCastParity::test_window_function_cast_parity 
tests/unit/backend/test_robin_unsupported_raises.py::TestRobinUnsupportedRaises::test_unsupported_raises_with_clear_message 
[gw3] [ 96%] PASSED tests/unit/backend/test_robin_unsupported_raises.py::TestRobinUnsupportedRaises::test_unsupported_raises_with_clear_message 
tests/unit/session/test_sql_basic_select_schema.py::test_sql_basic_select_schema_matches_dataframe_select 
[gw0] [ 96%] PASSED tests/unit/session/test_sql_basic_select_schema.py::test_sql_basic_select_schema_matches_dataframe_select 
tests/unit/session/test_sql_in_clause.py::test_sql_in_clause_basic 
[gw6] [ 96%] FAILED tests/unit/functions/test_issue_189_string_functions_robust.py::TestIssue189StringFunctionsRobust::test_xxhash64_known_values_and_null 
[gw2] [ 96%] FAILED tests/unit/session/test_sql_cte_robust.py::test_cte_with_left_join 
[gw4] [ 96%] FAILED tests/unit/functions/test_regexp_extract_all_189.py::test_regexp_extract_all_basic_groups 
tests/unit/session/test_sql_create_table_as_select.py::test_create_table_as_select_basic 
[gw9] [ 96%] FAILED tests/unit/backend/test_robin_materializer.py::TestRobinMaterializerExpressionTranslation::test_with_column_literal_times_column_robin 
tests/unit/session/test_sql_like_clause.py::test_sql_like_simple_prefix_pattern 
tests/unit/session/test_sql_cte_robust.py::test_cte_with_where_clause 
tests/unit/functions/test_issue_189_string_functions_robust.py::TestIssue189StringFunctionsRobust::test_get_json_object_missing_path_and_invalid_json 
[gw0] [ 96%] FAILED tests/unit/session/test_sql_in_clause.py::test_sql_in_clause_basic 
tests/unit/functions/test_udf_regression_279.py::test_udf_with_withColumn_regression_279 
[gw6] [ 97%] FAILED tests/unit/functions/test_issue_189_string_functions_robust.py::TestIssue189StringFunctionsRobust::test_get_json_object_missing_path_and_invalid_json 
[gw4] [ 97%] FAILED tests/unit/session/test_sql_like_clause.py::test_sql_like_simple_prefix_pattern 
[gw2] [ 97%] FAILED tests/unit/session/test_sql_cte_robust.py::test_cte_with_where_clause 
[gw9] [ 97%] FAILED tests/unit/functions/test_udf_regression_279.py::test_udf_with_withColumn_regression_279 
tests/unit/functions/test_issue_189_string_functions_robust.py::TestIssue189StringFunctionsRobust::test_json_tuple_missing_fields_and_invalid_json 
tests/unit/session/test_sql_update.py::test_update_table_basic 
tests/unit/session/test_sql_cte_robust.py::test_cte_with_aggregation_after_join 
[gw6] [ 97%] FAILED tests/unit/functions/test_issue_189_string_functions_robust.py::TestIssue189StringFunctionsRobust::test_json_tuple_missing_fields_and_invalid_json 
[gw4] [ 97%] FAILED tests/unit/session/test_sql_update.py::test_update_table_basic 
tests/unit/functions/test_issue_189_string_functions_robust.py::TestIssue189StringFunctionsRobust::test_regexp_extract_all_multiple_matches_and_nulls 
[gw6] [ 97%] PASSED tests/unit/functions/test_issue_189_string_functions_robust.py::TestIssue189StringFunctionsRobust::test_regexp_extract_all_multiple_matches_and_nulls 
[gw2] [ 97%] FAILED tests/unit/session/test_sql_cte_robust.py::test_cte_with_aggregation_after_join 
tests/unit/session/test_sql_cte_robust.py::test_cte_with_self_join 
[gw2] [ 97%] FAILED tests/unit/session/test_sql_cte_robust.py::test_cte_with_self_join 
[gw8] node down: Not properly terminated
[gw8] [ 97%] FAILED tests/unit/test_column_case_variations.py::TestColumnCaseVariations::test_sql_queries_all_case_variations 

replacing crashed worker gw8

tests/unit/test_column_case_variations.py::TestColumnCaseVariations::test_sql_queries_all_case_variations 
[gw10] [ 97%] FAILED tests/unit/test_column_case_variations.py::TestColumnCaseVariations::test_sql_queries_all_case_variations 
tests/unit/test_column_case_variations.py::TestColumnCaseVariations::test_rollup_cube_all_case_variations 
[gw10] [ 97%] PASSED tests/unit/test_column_case_variations.py::TestColumnCaseVariations::test_rollup_cube_all_case_variations 
tests/unit/test_column_case_variations.py::TestColumnCaseVariations::test_sampleBy_all_case_variations 
[gw10] [ 98%] PASSED tests/unit/test_column_case_variations.py::TestColumnCaseVariations::test_sampleBy_all_case_variations 
tests/unit/test_column_case_variations.py::TestColumnCaseVariations::test_freqItems_all_case_variations 
[gw10] [ 98%] PASSED tests/unit/test_column_case_variations.py::TestColumnCaseVariations::test_freqItems_all_case_variations 
tests/unit/test_column_case_variations.py::TestColumnCaseVariations::test_crosstab_all_case_variations 
[gw10] [ 98%] PASSED tests/unit/test_column_case_variations.py::TestColumnCaseVariations::test_crosstab_all_case_variations 
tests/unit/test_column_case_variations.py::TestColumnCaseVariations::test_issue_264_withColumn_case_insensitive 
[gw10] [ 98%] FAILED tests/unit/test_column_case_variations.py::TestColumnCaseVariations::test_issue_264_withColumn_case_insensitive 
tests/unit/test_column_case_variations.py::TestColumnCaseVariations::test_unpivot_all_case_variations 
[gw10] [ 98%] PASSED tests/unit/test_column_case_variations.py::TestColumnCaseVariations::test_unpivot_all_case_variations 
[gw5] node down: Not properly terminated
[gw5] [ 98%] FAILED tests/unit/session/test_sql_complex_merge.py::TestComplexMergeBasic::test_merge_with_matched_condition 

replacing crashed worker gw5
[gw1] node down: Not properly terminated
[gw1] [ 98%] FAILED tests/unit/session/test_sql_create_table_as_select.py::test_create_table_as_select_basic 