# test_id	category	error (first 200 chars)
tests/test_issue_200_list_rows_with_column_schema.py::TestIssue200ListRowsWithColumnSchema::test_createDataFrame_single_list_row	result_parity_type_coercion	AssertionError: assert '25' == 25
tests/parity/sql/test_dml.py::TestSQLDMLParity::test_insert_multiple_values	describe_or_show_mode	AttributeError: 'function' object has no attribute 'mode'
tests/test_issue_200_list_rows_with_column_schema.py::TestIssue200ListRowsWithColumnSchema::test_createDataFrame_list_rows_with_none_values	result_parity_type_coercion	AssertionError: assert '25' == 25
tests/parity/sql/test_dml.py::TestSQLDMLParity::test_update_table	describe_or_show_mode	AttributeError: 'function' object has no attribute 'mode'
tests/parity/sql/test_dml.py::TestSQLDMLParity::test_update_multiple_columns	describe_or_show_mode	AttributeError: 'function' object has no attribute 'mode'
tests/parity/sql/test_dml.py::TestSQLDMLParity::test_delete_from_table	describe_or_show_mode	AttributeError: 'function' object has no attribute 'mode'
tests/test_issue_202_select_with_list.py::TestIssue202SelectWithList::test_select_star_with_list_does_not_unpack	column_resolution	RuntimeError: not found: Column '*' not found. Available columns: [dept, name]. Check spelling and case sensitivity (spark.sql.caseSensitive).
tests/parity/sql/test_dml.py::TestSQLDMLParity::test_delete_all_rows	describe_or_show_mode	AttributeError: 'function' object has no attribute 'mode'
tests/parity/functions/test_array_contains_join_parity.py::TestArrayContainsJoinParity::test_array_contains_join_basic_parity	join_on_column_not_accepted	TypeError: argument 'on': join 'on' must be str or list/tuple of str
tests/test_issue_203_filter_with_string.py::TestIssue203FilterWithString::test_filter_with_string_expression	column_resolution	RuntimeError: not found: Column 'salary > 55000' not found. Available columns: [dept, name, salary]. Check spelling and case sensitivity (spark.sql.caseSensitive).
tests/parity/functions/test_array_contains_join_parity.py::TestArrayContainsJoinParity::test_array_contains_join_multiple_matches_parity	join_on_column_not_accepted	TypeError: argument 'on': join 'on' must be str or list/tuple of str
tests/parity/sql/test_dml.py::TestSQLDMLParity::test_insert_from_select	describe_or_show_mode	AttributeError: 'function' object has no attribute 'mode'
tests/test_issue_203_filter_with_string.py::TestIssue203FilterWithString::test_filter_with_string_equals	column_resolution	RuntimeError: not found: Column 'dept = 'IT'' not found. Available columns: [dept, name, salary]. Check spelling and case sensitivity (spark.sql.caseSensitive).
tests/parity/functions/test_array_contains_join_parity.py::TestArrayContainsJoinParity::test_array_contains_join_left_parity	join_on_column_not_accepted	TypeError: argument 'on': join 'on' must be str or list/tuple of str
tests/test_issue_203_filter_with_string.py::TestIssue203FilterWithString::test_where_with_string_expression	column_resolution	RuntimeError: not found: Column 'salary >= 60000' not found. Available columns: [dept, name, salary]. Check spelling and case sensitivity (spark.sql.caseSensitive).
tests/parity/sql/test_queries.py::TestSQLQueriesParity::test_basic_select	describe_or_show_mode	AttributeError: 'function' object has no attribute 'mode'
tests/test_issue_203_filter_with_string.py::TestIssue203FilterWithString::test_filter_with_f_col_expression_still_works	filter_condition_type	TypeError: condition must be a Column or literal bool (True/False)
tests/parity/sql/test_queries.py::TestSQLQueriesParity::test_filtered_select	describe_or_show_mode	AttributeError: 'function' object has no attribute 'mode'
tests/test_issue_203_filter_with_string.py::TestIssue203FilterWithString::test_filter_with_string_and_condition	column_resolution	RuntimeError: not found: Column 'salary > 55000 AND dept = 'IT'' not found. Available columns: [dept, name, salary]. Check spelling and case sensitivity (spark.sql.caseSensitive).
tests/parity/sql/test_queries.py::TestSQLQueriesParity::test_group_by	describe_or_show_mode	AttributeError: 'function' object has no attribute 'mode'
tests/parity/sql/test_queries.py::TestSQLQueriesParity::test_aggregation	describe_or_show_mode	AttributeError: 'function' object has no attribute 'mode'
tests/parity/sql/test_show_describe.py::TestSQLShowDescribeParity::test_show_databases	sql_ddl_not_supported	RuntimeError: SQL: only SELECT is supported, got CreateDatabase { db_name: ObjectName([Ident { value: "show_test_db", quote_style: None }]), if_not_exists: true, location: None, managed_location: None
tests/test_issue_151_to_timestamp_validation.py::TestIssue151ToTimestampValidation::test_to_timestamp_with_validation_rule_not_null	result_parity_schema_type	AssertionError: Expected TimestampType, got StringType(nullable=True)
tests/parity/sql/test_show_describe.py::TestSQLShowDescribeParity::test_show_tables	describe_or_show_mode	AttributeError: 'function' object has no attribute 'mode'
tests/test_issue_151_to_timestamp_validation.py::TestIssue151ToTimestampValidation::test_to_timestamp_with_datetime_operations	result_parity_schema_type	AssertionError: Expected TimestampType, got StringType(nullable=True)
tests/parity/sql/test_show_describe.py::TestSQLShowDescribeParity::test_show_tables_in_database	sql_ddl_not_supported	RuntimeError: SQL: only SELECT is supported, got CreateDatabase { db_name: ObjectName([Ident { value: "show_db", quote_style: None }]), if_not_exists: true, location: None, managed_location: None }. H
tests/test_issue_152_sql_column_aliases.py::TestIssue152SQLColumnAliases::test_sql_with_inner_join_and_aliases	describe_or_show_mode	AttributeError: 'function' object has no attribute 'mode'
tests/parity/sql/test_show_describe.py::TestSQLShowDescribeParity::test_describe_table	describe_or_show_mode	AttributeError: 'function' object has no attribute 'mode'
tests/test_issue_152_sql_column_aliases.py::TestIssue152SQLColumnAliases::test_sql_with_left_join_and_aliases	describe_or_show_mode	AttributeError: 'function' object has no attribute 'mode'
tests/parity/sql/test_show_describe.py::TestSQLShowDescribeParity::test_describe_extended	describe_or_show_mode	AttributeError: 'function' object has no attribute 'mode'
tests/test_issue_153_to_timestamp_returns_none.py::TestIssue153ToTimestampReturnsNone::test_to_timestamp_returns_actual_values	result_parity_schema_type	AssertionError: assert 'StringType' == 'TimestampType'
tests/parity/sql/test_show_describe.py::TestSQLShowDescribeParity::test_describe_column	describe_or_show_mode	AttributeError: 'function' object has no attribute 'mode'
tests/parity/sql/test_show_describe.py::TestSQLShowDescribeParity::test_show_columns	describe_or_show_mode	AttributeError: 'function' object has no attribute 'mode'
tests/test_issue_156_select_dropped_column.py::test_select_dropped_column_minimal_repro	column_resolution	RuntimeError: not found: Column 'col2' not found. Available columns: [col1]. Check spelling and case sensitivity (spark.sql.caseSensitive).
tests/test_issue_259_datetime_string_comparison.py::TestIssue259DatetimeStringComparison::test_date_column_vs_string_column_filter	filter_condition_type	TypeError: condition must be a Column or literal bool (True/False)
tests/test_issue_259_datetime_string_comparison.py::TestIssue259DatetimeStringComparison::test_date_column_vs_string_column_all_operators[>-expected_names0]	filter_condition_type	TypeError: condition must be a Column or literal bool (True/False)
tests/test_issue_158_dropped_column_error.py::TestIssue158DroppedColumnError::test_select_dropped_column_with_f_col	column_resolution	RuntimeError: not found: Column 'col2' not found. Available columns: [col1]. Check spelling and case sensitivity (spark.sql.caseSensitive).
tests/test_issue_259_datetime_string_comparison.py::TestIssue259DatetimeStringComparison::test_date_column_vs_string_column_all_operators[>=-expected_names1]	filter_condition_type	TypeError: condition must be a Column or literal bool (True/False)
tests/test_issue_158_dropped_column_error.py::TestIssue158DroppedColumnError::test_filter_dropped_column_raises_consistent_error	filter_condition_type	TypeError: condition must be a Column or literal bool (True/False)
tests/test_issue_158_dropped_column_error.py::TestIssue158DroppedColumnError::test_minimal_reproduction	column_resolution	RuntimeError: not found: Column 'col2' not found. Available columns: [col1]. Check spelling and case sensitivity (spark.sql.caseSensitive).
tests/test_issue_259_datetime_string_comparison.py::TestIssue259DatetimeStringComparison::test_date_column_vs_string_column_all_operators[<-expected_names2]	filter_condition_type	TypeError: condition must be a Column or literal bool (True/False)
tests/parity/dataframe/test_table_append_persistence.py::TestTableAppendPersistence::test_append_data_visible_immediately	sql_ddl_not_supported	RuntimeError: SQL: only SELECT is supported, got CreateSchema { schema_name: Simple(ObjectName([Ident { value: "test_schema", quote_style: None }])), if_not_exists: true }. Hint: use SELECT ... FROM .
tests/parity/functions/test_struct_field_alias_parity.py::TestStructFieldAliasParity::test_struct_field_with_alias_parity	column_resolution	RuntimeError: not found: Column 'StructValue.E1' not found. Available columns: [Name, StructValue]. Check spelling and case sensitivity (spark.sql.caseSensitive).
tests/test_issue_259_datetime_string_comparison.py::TestIssue259DatetimeStringComparison::test_date_column_vs_string_column_all_operators[<=-expected_names3]	filter_condition_type	TypeError: condition must be a Column or literal bool (True/False)
tests/parity/dataframe/test_table_append_persistence.py::TestTableAppendPersistence::test_append_to_new_table	sql_ddl_not_supported	RuntimeError: SQL: only SELECT is supported, got CreateSchema { schema_name: Simple(ObjectName([Ident { value: "test_schema", quote_style: None }])), if_not_exists: true }. Hint: use SELECT ... FROM .
tests/parity/functions/test_struct_field_alias_parity.py::TestStructFieldAliasParity::test_struct_field_with_alias_multiple_fields_parity	column_resolution	RuntimeError: not found: Column 'StructValue.E1' not found. Available columns: [Name, StructValue]. Check spelling and case sensitivity (spark.sql.caseSensitive).
tests/test_issue_259_datetime_string_comparison.py::TestIssue259DatetimeStringComparison::test_date_column_vs_string_column_all_operators[==-expected_names4]	filter_condition_type	TypeError: condition must be a Column or literal bool (True/False)
tests/parity/functions/test_struct_field_alias_parity.py::TestStructFieldAliasParity::test_struct_field_with_alias_and_other_columns_parity	column_resolution	RuntimeError: not found: Column 'StructValue.E1' not found. Available columns: [Name, StructValue]. Check spelling and case sensitivity (spark.sql.caseSensitive).
tests/parity/dataframe/test_table_append_persistence.py::TestTableAppendPersistence::test_multiple_append_operations	sql_ddl_not_supported	RuntimeError: SQL: only SELECT is supported, got CreateSchema { schema_name: Simple(ObjectName([Ident { value: "test_schema", quote_style: None }])), if_not_exists: true }. Hint: use SELECT ... FROM .
tests/test_issue_290_udf_multiple_arguments.py::TestIssue290UdfMultipleArguments::test_udf_in_filter	filter_condition_type	TypeError: condition must be a Column or literal bool (True/False)
tests/test_issue_259_datetime_string_comparison.py::TestIssue259DatetimeStringComparison::test_date_column_vs_string_column_all_operators[!=-expected_names5]	filter_condition_type	TypeError: condition must be a Column or literal bool (True/False)
tests/test_issue_259_datetime_string_comparison.py::TestIssue259DatetimeStringComparison::test_datetime_column_vs_string_column_filter	filter_condition_type	TypeError: condition must be a Column or literal bool (True/False)
tests/test_issue_259_datetime_string_comparison.py::TestIssue259DatetimeStringComparison::test_datetime_column_vs_string_column_all_operators	filter_condition_type	TypeError: condition must be a Column or literal bool (True/False)
tests/test_issue_259_datetime_string_comparison.py::TestIssue259DatetimeStringComparison::test_date_column_vs_string_literal	filter_condition_type	TypeError: condition must be a Column or literal bool (True/False)
tests/test_issue_259_datetime_string_comparison.py::TestIssue259DatetimeStringComparison::test_string_column_vs_date_literal_all_operators	filter_condition_type	TypeError: condition must be a Column or literal bool (True/False)
tests/test_issue_259_datetime_string_comparison.py::TestIssue259DatetimeStringComparison::test_invalid_or_null_date_strings_do_not_raise	filter_condition_type	TypeError: condition must be a Column or literal bool (True/False)
tests/test_issue_259_datetime_string_comparison.py::TestIssue259DatetimeStringComparison::test_string_values_that_look_like_dates_but_both_sides_string	filter_condition_type	TypeError: condition must be a Column or literal bool (True/False)
tests/test_issue_260_eq_null_safe.py::TestIssue260EqNullSafe::test_eqnullsafe_example_from_issue_260	column_eqnullsafe	AttributeError: 'builtins.Column' object has no attribute 'eqNullSafe'
tests/parity/internal/test_catalog.py::TestCatalogParity::test_list_databases	catalog_api	AttributeError: 'builtin_function_or_method' object has no attribute 'listDatabases'
tests/test_issue_260_eq_null_safe.py::TestIssue260EqNullSafe::test_eqnullsafe_literal_semantics[None-None-True]	column_eqnullsafe	AttributeError: 'builtins.Column' object has no attribute 'eqNullSafe'
tests/test_issue_260_eq_null_safe.py::TestIssue260EqNullSafe::test_eqnullsafe_literal_semantics[None-x-False]	column_eqnullsafe	AttributeError: 'builtins.Column' object has no attribute 'eqNullSafe'
tests/parity/internal/test_catalog.py::TestCatalogParity::test_create_database_catalog	catalog_api	AttributeError: 'builtin_function_or_method' object has no attribute 'createDatabase'
tests/test_issue_260_eq_null_safe.py::TestIssue260EqNullSafe::test_eqnullsafe_literal_semantics[x-None-False]	column_eqnullsafe	AttributeError: 'builtins.Column' object has no attribute 'eqNullSafe'
tests/test_delta_lake_schema_evolution.py::TestDeltaLakeSchemaEvolution::test_schema_merge_with_type_preservation	sql_ddl_not_supported	RuntimeError: SQL: only SELECT is supported, got CreateSchema { schema_name: Simple(ObjectName([Ident { value: "test_schema_4d4ef085", quote_style: None }])), if_not_exists: true }. Hint: use SELECT .
tests/parity/internal/test_catalog.py::TestCatalogParity::test_drop_database_catalog	catalog_api	AttributeError: 'builtin_function_or_method' object has no attribute 'createDatabase'
tests/test_issue_260_eq_null_safe.py::TestIssue260EqNullSafe::test_eqnullsafe_literal_semantics[x-x-True]	column_eqnullsafe	AttributeError: 'builtins.Column' object has no attribute 'eqNullSafe'
tests/test_delta_lake_schema_evolution.py::TestDeltaLakeSchemaEvolution::test_delta_create_or_replace_table_as_select	sql_ddl_not_supported	RuntimeError: SQL: only SELECT is supported, got CreateSchema { schema_name: Simple(ObjectName([Ident { value: "ctas_schema_f1a5343e", quote_style: None }])), if_not_exists: true }. Hint: use SELECT .
tests/test_issue_260_eq_null_safe.py::TestIssue260EqNullSafe::test_eqnullsafe_literal_semantics[x-y-False]	column_eqnullsafe	AttributeError: 'builtins.Column' object has no attribute 'eqNullSafe'
tests/parity/internal/test_catalog.py::TestCatalogParity::test_set_current_database	catalog_api	AttributeError: 'builtin_function_or_method' object has no attribute 'createDatabase'
tests/test_issue_260_eq_null_safe.py::TestIssue260EqNullSafe::test_eqnullsafe_coexists_with_standard_equality	column_eqnullsafe	AttributeError: 'builtins.Column' object has no attribute 'eqNullSafe'
tests/test_delta_lake_schema_evolution.py::TestDeltaLakeSchemaEvolution::test_immediate_table_access	sql_ddl_not_supported	RuntimeError: SQL: only SELECT is supported, got CreateSchema { schema_name: Simple(ObjectName([Ident { value: "test_schema_14413186", quote_style: None }])), if_not_exists: true }. Hint: use SELECT .
tests/parity/internal/test_catalog.py::TestCatalogParity::test_list_tables	describe_or_show_mode	AttributeError: 'function' object has no attribute 'mode'
tests/test_issue_260_eq_null_safe.py::TestIssue260EqNullSafe::test_eqnullsafe_with_integer_types	column_eqnullsafe	AttributeError: 'builtins.Column' object has no attribute 'eqNullSafe'
tests/test_delta_lake_schema_evolution.py::TestDeltaLakeSchemaEvolution::test_basic_schema_evolution	sql_ddl_not_supported	RuntimeError: SQL: only SELECT is supported, got CreateSchema { schema_name: Simple(ObjectName([Ident { value: "test_schema_2a00385e", quote_style: None }])), if_not_exists: true }. Hint: use SELECT .
tests/test_issue_260_eq_null_safe.py::TestIssue260EqNullSafe::test_eqnullsafe_with_float_types	column_eqnullsafe	AttributeError: 'builtins.Column' object has no attribute 'eqNullSafe'
tests/parity/internal/test_catalog.py::TestCatalogParity::test_list_tables_in_database	catalog_api	AttributeError: 'builtin_function_or_method' object has no attribute 'createDatabase'
tests/test_issue_288_casewhen_operators.py::TestIssue288CaseWhenOperators::test_casewhen_multiple_when_conditions	whenthen_when_chain	AttributeError: 'builtins.WhenThen' object has no attribute 'when'
tests/test_issue_260_eq_null_safe.py::TestIssue260EqNullSafe::test_eqnullsafe_with_date_types	column_eqnullsafe	AttributeError: 'builtins.Column' object has no attribute 'eqNullSafe'
tests/parity/internal/test_catalog.py::TestCatalogParity::test_table_exists	describe_or_show_mode	AttributeError: 'function' object has no attribute 'mode'
tests/test_delta_lake_schema_evolution.py::TestDeltaLakeSchemaEvolution::test_overwrite_schema_option	sql_ddl_not_supported	RuntimeError: SQL: only SELECT is supported, got CreateSchema { schema_name: Simple(ObjectName([Ident { value: "test_schema_f777a5f5", quote_style: None }])), if_not_exists: true }. Hint: use SELECT .
tests/test_issue_260_eq_null_safe.py::TestIssue260EqNullSafe::test_eqnullsafe_with_datetime_types	column_eqnullsafe	AttributeError: 'builtins.Column' object has no attribute 'eqNullSafe'
tests/test_issue_260_eq_null_safe.py::TestIssue260EqNullSafe::test_eqnullsafe_with_column_vs_literal	column_eqnullsafe	AttributeError: 'builtins.Column' object has no attribute 'eqNullSafe'
tests/parity/internal/test_catalog.py::TestCatalogParity::test_table_exists_in_database	catalog_api	AttributeError: 'builtin_function_or_method' object has no attribute 'createDatabase'
tests/test_delta_lake_schema_evolution.py::TestDeltaLakeSchemaEvolution::test_preserve_existing_columns	sql_ddl_not_supported	RuntimeError: SQL: only SELECT is supported, got CreateSchema { schema_name: Simple(ObjectName([Ident { value: "test_schema_fc80dedd", quote_style: None }])), if_not_exists: true }. Hint: use SELECT .
tests/test_issue_260_eq_null_safe.py::TestIssue260EqNullSafe::test_eqnullsafe_with_integer_literal	column_eqnullsafe	AttributeError: 'builtins.Column' object has no attribute 'eqNullSafe'
tests/test_issue_260_eq_null_safe.py::TestIssue260EqNullSafe::test_eqnullsafe_in_select_expression	column_eqnullsafe	AttributeError: 'builtins.Column' object has no attribute 'eqNullSafe'
tests/parity/internal/test_catalog.py::TestCatalogParity::test_get_table	describe_or_show_mode	AttributeError: 'function' object has no attribute 'mode'
tests/test_delta_lake_schema_evolution.py::TestDeltaLakeSchemaEvolution::test_schema_merge_on_overwrite	sql_ddl_not_supported	RuntimeError: SQL: only SELECT is supported, got CreateSchema { schema_name: Simple(ObjectName([Ident { value: "test_schema_f0333035", quote_style: None }])), if_not_exists: true }. Hint: use SELECT .
tests/parity/functions/test_math.py::TestMathFunctionsParity::test_math_greatest	functions_variadic_greatest_least	TypeError: py_greatest() takes 1 positional arguments but 3 were given
tests/parity/internal/test_catalog.py::TestCatalogParity::test_get_table_in_database	catalog_api	AttributeError: 'builtin_function_or_method' object has no attribute 'createDatabase'
tests/test_delta_lake_schema_evolution.py::TestDeltaLakeSchemaEvolution::test_merge_schema_append	sql_ddl_not_supported	RuntimeError: SQL: only SELECT is supported, got CreateSchema { schema_name: Simple(ObjectName([Ident { value: "test_schema_9185e842", quote_style: None }])), if_not_exists: true }. Hint: use SELECT .
tests/test_issue_260_eq_null_safe.py::TestIssue260EqNullSafe::test_eqnullsafe_with_type_coercion	column_eqnullsafe	AttributeError: 'builtins.Column' object has no attribute 'eqNullSafe'
tests/parity/functions/test_math.py::TestMathFunctionsParity::test_math_least	functions_variadic_greatest_least	TypeError: py_least() takes 1 positional arguments but 3 were given
tests/test_issue_260_eq_null_safe.py::TestIssue260EqNullSafe::test_eqnullsafe_with_multiple_conditions	column_eqnullsafe	AttributeError: 'builtins.Column' object has no attribute 'eqNullSafe'
tests/parity/functions/test_null_handling.py::TestNullHandlingFunctionsParity::test_coalesce	functions_variadic_coalesce	TypeError: py_coalesce() takes 1 positional arguments but 2 were given
tests/parity/internal/test_catalog.py::TestCatalogParity::test_cache_table	describe_or_show_mode	AttributeError: 'function' object has no attribute 'mode'
tests/test_issue_260_eq_null_safe.py::TestIssue260EqNullSafe::test_eqnullsafe_with_empty_dataframe	column_eqnullsafe	AttributeError: 'builtins.Column' object has no attribute 'eqNullSafe'
tests/test_delta_lake_schema_evolution.py::TestDeltaLakeSchemaEvolution::test_merge_schema_bidirectional	sql_ddl_not_supported	RuntimeError: SQL: only SELECT is supported, got CreateSchema { schema_name: Simple(ObjectName([Ident { value: "test_schema_2e0585bb", quote_style: None }])), if_not_exists: true }. Hint: use SELECT .
tests/parity/internal/test_catalog.py::TestCatalogParity::test_uncache_table	describe_or_show_mode	AttributeError: 'function' object has no attribute 'mode'
tests/parity/functions/test_null_handling.py::TestNullHandlingFunctionsParity::test_isnull	result_parity_null_handling	AssertionError: DataFrames are not equivalent:
tests/test_delta_lake_schema_evolution.py::TestDeltaLakeSchemaEvolution::test_complete_schema_evolution_scenario	sql_ddl_not_supported	RuntimeError: SQL: only SELECT is supported, got CreateSchema { schema_name: Simple(ObjectName([Ident { value: "test_schema_95ddfe73", quote_style: None }])), if_not_exists: true }. Hint: use SELECT .
tests/test_issue_260_eq_null_safe.py::TestIssue260EqNullSafe::test_eqnullsafe_chained_with_other_operations	column_eqnullsafe	AttributeError: 'builtins.Column' object has no attribute 'eqNullSafe'
tests/parity/internal/test_catalog.py::TestCatalogParity::test_is_cached	describe_or_show_mode	AttributeError: 'function' object has no attribute 'mode'
tests/test_issue_260_eq_null_safe.py::TestIssue260EqNullSafe::test_eqnullsafe_with_all_null_columns	column_eqnullsafe	AttributeError: 'builtins.Column' object has no attribute 'eqNullSafe'
tests/parity/functions/test_null_handling.py::TestNullHandlingFunctionsParity::test_isnotnull	result_parity_null_handling	AssertionError: DataFrames are not equivalent:
tests/test_issue_260_eq_null_safe.py::TestIssue260EqNullSafe::test_eqnullsafe_with_no_matching_nulls	column_eqnullsafe	AttributeError: 'builtins.Column' object has no attribute 'eqNullSafe'
tests/parity/functions/test_null_handling.py::TestNullHandlingFunctionsParity::test_when_otherwise	column_isnull	AttributeError: 'builtins.Column' object has no attribute 'isNull'
tests/test_issue_260_eq_null_safe.py::TestIssue260EqNullSafe::test_eqnullsafe_with_mixed_types_and_nulls	column_eqnullsafe	AttributeError: 'builtins.Column' object has no attribute 'eqNullSafe'
tests/parity/functions/test_null_handling.py::TestNullHandlingFunctionsParity::test_nvl	result_parity_null_handling	AssertionError: DataFrames are not equivalent:
tests/parity/functions/test_null_handling.py::TestNullHandlingFunctionsParity::test_nullif	result_parity_null_handling	AssertionError: DataFrames are not equivalent:
tests/parity/sql/test_advanced.py::TestSQLAdvancedParity::test_sql_with_inner_join	describe_or_show_mode	AttributeError: 'function' object has no attribute 'mode'
tests/parity/functions/test_null_handling.py::TestNullHandlingFunctionsParity::test_ifnull	column_isnull	AttributeError: 'builtins.Column' object has no attribute 'isNull'
tests/parity/sql/test_advanced.py::TestSQLAdvancedParity::test_sql_with_left_join	describe_or_show_mode	AttributeError: 'function' object has no attribute 'mode'
tests/parity/sql/test_advanced.py::TestSQLAdvancedParity::test_sql_with_order_by	describe_or_show_mode	AttributeError: 'function' object has no attribute 'mode'
tests/parity/functions/test_orderby_ascending_parity.py::TestOrderByAscendingParity::test_orderby_ascending_true_parity	order_by_ascending_type	TypeError: argument 'ascending': 'bool' object cannot be converted to 'Sequence'
tests/parity/sql/test_advanced.py::TestSQLAdvancedParity::test_sql_with_limit	describe_or_show_mode	AttributeError: 'function' object has no attribute 'mode'
tests/parity/functions/test_orderby_ascending_parity.py::TestOrderByAscendingParity::test_orderby_ascending_false_parity	order_by_ascending_type	TypeError: argument 'ascending': 'bool' object cannot be converted to 'Sequence'
tests/parity/sql/test_advanced.py::TestSQLAdvancedParity::test_sql_with_having	describe_or_show_mode	AttributeError: 'function' object has no attribute 'mode'
tests/parity/functions/test_orderby_ascending_parity.py::TestOrderByAscendingParity::test_sort_with_ascending_parity	order_by_ascending_type	TypeError: argument 'ascending': 'bool' object cannot be converted to 'Sequence'
tests/parity/functions/test_split_limit_parity.py::TestSplitLimitParity::test_split_with_limit_parity	lengths_dont_match	RuntimeError: lengths don't match: unable to add a column of length 3 to a DataFrame of height 1
tests/parity/sql/test_advanced.py::TestSQLAdvancedParity::test_sql_with_union	describe_or_show_mode	AttributeError: 'function' object has no attribute 'mode'
tests/parity/sql/test_advanced.py::TestSQLAdvancedParity::test_sql_with_subquery	describe_or_show_mode	AttributeError: 'function' object has no attribute 'mode'
tests/test_issue_295_withColumnRenamed_nonexistent.py::TestIssue295WithColumnRenamedNonexistent::test_withColumnRenamed_multiple_chained_nonexistent	column_resolution	RuntimeError: not found: Column 'Does-Not-Exist-1' not found. Available columns: [age, name]. Check spelling and case sensitivity (spark.sql.caseSensitive).
tests/parity/sql/test_advanced.py::TestSQLAdvancedParity::test_sql_with_case_when	describe_or_show_mode	AttributeError: 'function' object has no attribute 'mode'
tests/parity/functions/test_split_limit_parity.py::TestSplitLimitParity::test_split_without_limit_parity	lengths_dont_match	RuntimeError: lengths don't match: unable to add a column of length 4 to a DataFrame of height 1
tests/test_issue_295_withColumnRenamed_nonexistent.py::TestIssue295WithColumnRenamedNonexistent::test_withColumnRenamed_mixed_existing_and_nonexistent_chained	column_resolution	RuntimeError: not found: Column 'Does-Not-Exist-1' not found. Available columns: [age, city, full_name]. Check spelling and case sensitivity (spark.sql.caseSensitive).
tests/parity/sql/test_advanced.py::TestSQLAdvancedParity::test_sql_with_like	describe_or_show_mode	AttributeError: 'function' object has no attribute 'mode'
tests/parity/functions/test_split_limit_parity.py::TestSplitLimitParity::test_split_with_limit_minus_one_parity	lengths_dont_match	RuntimeError: lengths don't match: unable to add a column of length 4 to a DataFrame of height 1
tests/test_issue_295_withColumnRenamed_nonexistent.py::TestIssue295WithColumnRenamedNonexistent::test_withColumnsRenamed_mixed_existing_nonexistent_complex	column_resolution	RuntimeError: not found: Column 'Does-Not-Exist-1' not found. Available columns: [a, b, c, d]. Check spelling and case sensitivity (spark.sql.caseSensitive).
tests/parity/sql/test_advanced.py::TestSQLAdvancedParity::test_sql_with_in_clause	describe_or_show_mode	AttributeError: 'function' object has no attribute 'mode'
tests/parity/sql/test_ddl.py::TestSQLDDLParity::test_create_database	sql_ddl_not_supported	RuntimeError: SQL: only SELECT is supported, got CreateDatabase { db_name: ObjectName([Ident { value: "test_db", quote_style: None }]), if_not_exists: true, location: None, managed_location: None }. H
tests/test_issue_295_withColumnRenamed_nonexistent.py::TestIssue295WithColumnRenamedNonexistent::test_withColumnRenamed_after_distinct	column_resolution	RuntimeError: not found: Column 'Does-Not-Exist' not found. Available columns: [dept, name]. Check spelling and case sensitivity (spark.sql.caseSensitive).
tests/test_issue_295_withColumnRenamed_nonexistent.py::TestIssue295WithColumnRenamedNonexistent::test_withColumnRenamed_after_withColumn	column_resolution	RuntimeError: not found: Column 'Does-Not-Exist' not found. Available columns: [age, name, double_age]. Check spelling and case sensitivity (spark.sql.caseSensitive).
tests/parity/sql/test_ddl.py::TestSQLDDLParity::test_create_database_if_not_exists	sql_ddl_not_supported	RuntimeError: SQL: only SELECT is supported, got CreateDatabase { db_name: ObjectName([Ident { value: "test_db2", quote_style: None }]), if_not_exists: true, location: None, managed_location: None }. 
tests/test_issue_295_withColumnRenamed_nonexistent.py::TestIssue295WithColumnRenamedNonexistent::test_withColumnRenamed_after_drop	column_resolution	RuntimeError: not found: Column 'Does-Not-Exist' not found. Available columns: [age, name]. Check spelling and case sensitivity (spark.sql.caseSensitive).
tests/test_issue_136_column_rename_validation.py::TestIssue136ColumnRenameValidation::test_multiple_column_renames	filter_condition_type	TypeError: condition must be a Column or literal bool (True/False)
tests/parity/sql/test_ddl.py::TestSQLDDLParity::test_drop_database	sql_ddl_not_supported	RuntimeError: SQL: only SELECT is supported, got CreateDatabase { db_name: ObjectName([Ident { value: "test_db3", quote_style: None }]), if_not_exists: true, location: None, managed_location: None }. 
tests/test_issue_295_withColumnRenamed_nonexistent.py::TestIssue295WithColumnRenamedNonexistent::test_withColumnRenamed_whitespace_in_column_names	column_resolution	RuntimeError: not found: Column 'Does Not Exist' not found. Available columns: [age, name]. Check spelling and case sensitivity (spark.sql.caseSensitive).
tests/parity/sql/test_ddl.py::TestSQLDDLParity::test_create_table_from_dataframe	describe_or_show_mode	AttributeError: 'function' object has no attribute 'mode'
tests/test_issue_295_withColumnRenamed_nonexistent.py::TestIssue295WithColumnRenamedNonexistent::test_withColumnRenamed_idempotent_behavior	column_resolution	RuntimeError: not found: Column 'Does-Not-Exist' not found. Available columns: [age, name]. Check spelling and case sensitivity (spark.sql.caseSensitive).
tests/parity/sql/test_ddl.py::TestSQLDDLParity::test_create_table_with_select	describe_or_show_mode	AttributeError: 'function' object has no attribute 'mode'
tests/test_issue_200_list_rows_with_column_schema.py::TestIssue200ListRowsWithColumnSchema::test_createDataFrame_list_rows_with_different_data_types	result_parity_type_coercion	AssertionError: assert '25' == 25
tests/parity/sql/test_ddl.py::TestSQLDDLParity::test_drop_table	describe_or_show_mode	AttributeError: 'function' object has no attribute 'mode'
tests/test_issue_327_orderby_ascending.py::TestIssue327OrderByAscending::test_orderby_very_long_strings	order_by_ascending_type	TypeError: argument 'ascending': 'bool' object cannot be converted to 'Sequence'
tests/test_issue_327_orderby_ascending.py::TestIssue327OrderByAscending::test_orderby_chained_operations	filter_condition_type	TypeError: condition must be a Column or literal bool (True/False)
tests/test_issue_327_orderby_ascending.py::TestIssue327OrderByAscending::test_orderby_multiple_orderby_calls	order_by_ascending_type	TypeError: argument 'ascending': 'bool' object cannot be converted to 'Sequence'
tests/parity/sql/test_ddl.py::TestSQLDDLParity::test_create_schema	sql_ddl_not_supported	RuntimeError: SQL: only SELECT is supported, got CreateSchema { schema_name: Simple(ObjectName([Ident { value: "test_schema", quote_style: None }])), if_not_exists: true }. Hint: use SELECT ... FROM .
tests/test_issue_327_orderby_ascending.py::TestIssue327OrderByAscending::test_orderby_with_limit	order_by_ascending_type	TypeError: argument 'ascending': 'bool' object cannot be converted to 'Sequence'
tests/parity/sql/test_ddl.py::TestSQLDDLParity::test_set_current_database	sql_ddl_not_supported	RuntimeError: SQL: only SELECT is supported, got CreateDatabase { db_name: ObjectName([Ident { value: "test_current_db", quote_style: None }]), if_not_exists: true, location: None, managed_location: N
tests/test_issue_327_orderby_ascending.py::TestIssue327OrderByAscending::test_orderby_case_insensitive_column_name	order_by_ascending_type	TypeError: argument 'ascending': 'bool' object cannot be converted to 'Sequence'
tests/test_issue_296_udf_decorator.py::TestIssue296UdfDecorator::test_udf_decorator_in_filter	filter_condition_type	TypeError: condition must be a Column or literal bool (True/False)
tests/parity/sql/test_ddl.py::TestSQLDDLParity::test_table_in_specific_database	sql_ddl_not_supported	RuntimeError: SQL: only SELECT is supported, got CreateDatabase { db_name: ObjectName([Ident { value: "test_db_specific", quote_style: None }]), if_not_exists: true, location: None, managed_location: 
tests/test_issue_327_orderby_ascending.py::TestIssue327OrderByAscending::test_orderby_three_columns	order_by_ascending_type	TypeError: argument 'ascending': 'bool' object cannot be converted to 'Sequence'
tests/parity/sql/test_dml.py::TestSQLDMLParity::test_insert_into_table	describe_or_show_mode	AttributeError: 'function' object has no attribute 'mode'
tests/test_issue_327_orderby_ascending.py::TestIssue327OrderByAscending::test_orderby_duplicate_values	order_by_ascending_type	TypeError: argument 'ascending': 'bool' object cannot be converted to 'Sequence'
tests/parity/sql/test_dml.py::TestSQLDMLParity::test_insert_into_specific_columns	describe_or_show_mode	AttributeError: 'function' object has no attribute 'mode'
tests/test_issue_328_split_limit.py::TestIssue328SplitLimit::test_split_with_limit	lengths_dont_match	RuntimeError: lengths don't match: unable to add a column of length 3 to a DataFrame of height 1
tests/test_issue_326_format_string.py::TestIssue326FormatString::test_format_string_format_specifiers	argument_sequence_type	TypeError: argument 'cols': 'Column' object cannot be converted to 'Sequence'
tests/test_issue_326_format_string.py::TestIssue326FormatString::test_format_string_precision_formatting	argument_sequence_type	TypeError: argument 'cols': 'Column' object cannot be converted to 'Sequence'
tests/test_issue_328_split_limit.py::TestIssue328SplitLimit::test_split_with_limit_2	lengths_dont_match	RuntimeError: lengths don't match: unable to add a column of length 2 to a DataFrame of height 1
tests/test_issue_328_split_limit.py::TestIssue328SplitLimit::test_split_without_limit	lengths_dont_match	RuntimeError: lengths don't match: unable to add a column of length 4 to a DataFrame of height 1
tests/test_issue_327_orderby_ascending.py::TestIssue327OrderByAscending::test_orderby_ascending_true	order_by_ascending_type	TypeError: argument 'ascending': 'bool' object cannot be converted to 'Sequence'
tests/test_issue_328_split_limit.py::TestIssue328SplitLimit::test_split_with_limit_larger_than_splits	lengths_dont_match	RuntimeError: lengths don't match: unable to add a column of length 3 to a DataFrame of height 1
tests/test_issue_327_orderby_ascending.py::TestIssue327OrderByAscending::test_orderby_ascending_false	order_by_ascending_type	TypeError: argument 'ascending': 'bool' object cannot be converted to 'Sequence'
tests/test_issue_328_split_limit.py::TestIssue328SplitLimit::test_split_with_limit_minus_one	lengths_dont_match	RuntimeError: lengths don't match: unable to add a column of length 4 to a DataFrame of height 1
tests/test_issue_327_orderby_ascending.py::TestIssue327OrderByAscending::test_orderby_numeric_ascending	order_by_ascending_type	TypeError: argument 'ascending': 'bool' object cannot be converted to 'Sequence'
tests/test_issue_327_orderby_ascending.py::TestIssue327OrderByAscending::test_orderby_numeric_descending	order_by_ascending_type	TypeError: argument 'ascending': 'bool' object cannot be converted to 'Sequence'
tests/test_issue_327_orderby_ascending.py::TestIssue327OrderByAscending::test_orderby_multiple_columns_ascending	order_by_ascending_type	TypeError: argument 'ascending': 'bool' object cannot be converted to 'Sequence'
tests/test_issue_328_split_limit.py::TestIssue328SplitLimit::test_split_multi_char_delimiter	lengths_dont_match	RuntimeError: lengths don't match: unable to add a column of length 2 to a DataFrame of height 1
tests/test_issue_327_orderby_ascending.py::TestIssue327OrderByAscending::test_orderby_multiple_columns_descending	order_by_ascending_type	TypeError: argument 'ascending': 'bool' object cannot be converted to 'Sequence'
tests/test_issue_328_split_limit.py::TestIssue328SplitLimit::test_split_special_regex_characters	lengths_dont_match	RuntimeError: lengths don't match: unable to add a column of length 3 to a DataFrame of height 1
tests/test_issue_327_orderby_ascending.py::TestIssue327OrderByAscending::test_orderby_with_column_object	order_by_ascending_type	TypeError: argument 'ascending': 'bool' object cannot be converted to 'Sequence'
tests/test_issue_328_split_limit.py::TestIssue328SplitLimit::test_split_whitespace_delimiter	lengths_dont_match	RuntimeError: lengths don't match: unable to add a column of length 2 to a DataFrame of height 1
tests/test_issue_327_orderby_ascending.py::TestIssue327OrderByAscending::test_sort_with_ascending_parameter	order_by_ascending_type	TypeError: argument 'ascending': 'bool' object cannot be converted to 'Sequence'
tests/test_issue_327_orderby_ascending.py::TestIssue327OrderByAscending::test_orderby_with_null_values	order_by_ascending_type	TypeError: argument 'ascending': 'bool' object cannot be converted to 'Sequence'
tests/test_issue_328_split_limit.py::TestIssue328SplitLimit::test_split_consecutive_delimiters	lengths_dont_match	RuntimeError: lengths don't match: unable to add a column of length 3 to a DataFrame of height 1
tests/test_issue_330_struct_field_alias.py::TestIssue330StructFieldAlias::test_struct_field_with_alias_different_data_types	column_resolution	RuntimeError: not found: Column 'IntField' not found. Available columns: [Name, StructValue]. Check spelling and case sensitivity (spark.sql.caseSensitive).
tests/test_issue_330_struct_field_alias.py::TestIssue330StructFieldAlias::test_struct_field_with_alias_case_sensitivity	column_resolution	RuntimeError: not found: Column 'UpperE1' not found. Available columns: [Name, StructValue]. Check spelling and case sensitivity (spark.sql.caseSensitive).
tests/test_issue_328_split_limit.py::TestIssue328SplitLimit::test_split_limit_zero	lengths_dont_match	RuntimeError: lengths don't match: unable to add a column of length 4 to a DataFrame of height 1
tests/test_issue_330_struct_field_alias.py::TestIssue330StructFieldAlias::test_struct_field_with_alias_special_characters	column_resolution	RuntimeError: not found: Column 'FieldAlias' not found. Available columns: [Name, StructValue]. Check spelling and case sensitivity (spark.sql.caseSensitive).
tests/test_issue_327_orderby_ascending.py::TestIssue327OrderByAscending::test_orderby_single_row	order_by_ascending_type	TypeError: argument 'ascending': 'bool' object cannot be converted to 'Sequence'
tests/test_issue_330_struct_field_alias.py::TestIssue330StructFieldAlias::test_struct_field_with_alias_with_join	column_resolution	RuntimeError: not found: Column 'E1-Extract' not found. Available columns: [ID, StructValue]. Check spelling and case sensitivity (spark.sql.caseSensitive).
tests/test_issue_328_split_limit.py::TestIssue328SplitLimit::test_split_unicode_characters	lengths_dont_match	RuntimeError: lengths don't match: unable to add a column of length 2 to a DataFrame of height 1
tests/test_issue_327_orderby_ascending.py::TestIssue327OrderByAscending::test_orderby_all_null_values	order_by_ascending_type	TypeError: argument 'ascending': 'bool' object cannot be converted to 'Sequence'
tests/test_issue_330_struct_field_alias.py::TestIssue330StructFieldAlias::test_struct_field_with_alias_with_union	column_resolution	RuntimeError: not found: Column 'E1-Extract' not found. Available columns: [Name, StructValue]. Check spelling and case sensitivity (spark.sql.caseSensitive).
tests/test_issue_328_split_limit.py::TestIssue328SplitLimit::test_split_very_long_string	lengths_dont_match	RuntimeError: lengths don't match: unable to add a column of length 10 to a DataFrame of height 1
tests/test_issue_327_orderby_ascending.py::TestIssue327OrderByAscending::test_orderby_mixed_nulls_and_values	order_by_ascending_type	TypeError: argument 'ascending': 'bool' object cannot be converted to 'Sequence'
tests/test_issue_330_struct_field_alias.py::TestIssue330StructFieldAlias::test_struct_field_with_alias_with_groupby	column_resolution	RuntimeError: not found: Column 'E1-Extract' not found. Available columns: [Category, StructValue]. Check spelling and case sensitivity (spark.sql.caseSensitive).
tests/test_issue_327_orderby_ascending.py::TestIssue327OrderByAscending::test_orderby_negative_numbers	order_by_ascending_type	TypeError: argument 'ascending': 'bool' object cannot be converted to 'Sequence'
tests/test_issue_330_struct_field_alias.py::TestIssue330StructFieldAlias::test_struct_field_with_alias_multiple_selects	column_resolution	RuntimeError: not found: Column 'E1-Extract' not found. Available columns: [Name, StructValue]. Check spelling and case sensitivity (spark.sql.caseSensitive).
tests/test_issue_327_orderby_ascending.py::TestIssue327OrderByAscending::test_orderby_floating_point	order_by_ascending_type	TypeError: argument 'ascending': 'bool' object cannot be converted to 'Sequence'
tests/test_issue_328_split_limit.py::TestIssue328SplitLimit::test_split_leading_trailing_delimiters	lengths_dont_match	RuntimeError: lengths don't match: unable to add a column of length 4 to a DataFrame of height 1
tests/test_issue_330_struct_field_alias.py::TestIssue330StructFieldAlias::test_struct_field_with_alias_schema_verification	column_resolution	RuntimeError: not found: Column 'E1-Extract' not found. Available columns: [Name, StructValue]. Check spelling and case sensitivity (spark.sql.caseSensitive).
tests/test_issue_327_orderby_ascending.py::TestIssue327OrderByAscending::test_orderby_boolean_column	order_by_ascending_type	TypeError: argument 'ascending': 'bool' object cannot be converted to 'Sequence'
tests/test_issue_327_orderby_ascending.py::TestIssue327OrderByAscending::test_orderby_unicode_strings	order_by_ascending_type	TypeError: argument 'ascending': 'bool' object cannot be converted to 'Sequence'
tests/test_issue_327_orderby_ascending.py::TestIssue327OrderByAscending::test_orderby_special_characters	order_by_ascending_type	TypeError: argument 'ascending': 'bool' object cannot be converted to 'Sequence'
tests/test_issue_336_window_function_comparison.py::TestIssue336WindowFunctionComparison::test_window_function_comparison_with_chained_filters	filter_condition_type	TypeError: condition must be a Column or literal bool (True/False)
tests/test_issue_295_withColumnRenamed_nonexistent.py::TestIssue295WithColumnRenamedNonexistent::test_withColumnRenamed_nonexistent_column_no_op	column_resolution	RuntimeError: not found: Column 'Does-Not-Exist' not found. Available columns: [Name, Value]. Check spelling and case sensitivity (spark.sql.caseSensitive).
tests/test_issue_336_window_function_comparison.py::TestIssue336WindowFunctionComparison::test_window_function_comparison_with_filter	filter_condition_type	TypeError: condition must be a Column or literal bool (True/False)
tests/test_issue_295_withColumnRenamed_nonexistent.py::TestIssue295WithColumnRenamedNonexistent::test_withColumnRenamed_case_insensitive_nonexistent	column_resolution	RuntimeError: not found: Column 'DOES-NOT-EXIST' not found. Available columns: [Name, Value]. Check spelling and case sensitivity (spark.sql.caseSensitive).
tests/test_issue_295_withColumnRenamed_nonexistent.py::TestIssue295WithColumnRenamedNonexistent::test_withColumnRenamed_chained_with_nonexistent	column_resolution	RuntimeError: not found: Column 'Does-Not-Exist' not found. Available columns: [FullName, Value]. Check spelling and case sensitivity (spark.sql.caseSensitive).
tests/test_issue_295_withColumnRenamed_nonexistent.py::TestIssue295WithColumnRenamedNonexistent::test_withColumnsRenamed_with_nonexistent_columns	column_resolution	RuntimeError: not found: Column 'Does-Not-Exist' not found. Available columns: [Name, Value]. Check spelling and case sensitivity (spark.sql.caseSensitive).
tests/test_issue_330_struct_field_alias.py::TestIssue330StructFieldAlias::test_struct_field_with_alias	column_resolution	RuntimeError: not found: Column 'E1-Extract' not found. Available columns: [Name, StructValue]. Check spelling and case sensitivity (spark.sql.caseSensitive).
tests/test_issue_295_withColumnRenamed_nonexistent.py::TestIssue295WithColumnRenamedNonexistent::test_withColumnsRenamed_all_nonexistent_no_op	column_resolution	RuntimeError: not found: Column 'Does-Not-Exist-1' not found. Available columns: [Name, Value]. Check spelling and case sensitivity (spark.sql.caseSensitive).
tests/test_issue_330_struct_field_alias.py::TestIssue330StructFieldAlias::test_struct_field_with_alias_multiple_fields	column_resolution	RuntimeError: not found: Column 'E1-Extract' not found. Available columns: [Name, StructValue]. Check spelling and case sensitivity (spark.sql.caseSensitive).
tests/test_issue_295_withColumnRenamed_nonexistent.py::TestIssue295WithColumnRenamedNonexistent::test_withColumnRenamed_after_operations	column_resolution	RuntimeError: not found: Column 'Does-Not-Exist' not found. Available columns: [Name, Value]. Check spelling and case sensitivity (spark.sql.caseSensitive).
tests/test_issue_330_struct_field_alias.py::TestIssue330StructFieldAlias::test_struct_field_with_alias_in_withcolumn	column_resolution	RuntimeError: not found: Column 'E1-Extract' not found. Available columns: [Name, StructValue]. Check spelling and case sensitivity (spark.sql.caseSensitive).
tests/test_issue_295_withColumnRenamed_nonexistent.py::TestIssue295WithColumnRenamedNonexistent::test_withColumnRenamed_empty_dataframe	column_resolution	RuntimeError: not found: Column 'Does-Not-Exist' not found. Available columns: [Name, Value]. Check spelling and case sensitivity (spark.sql.caseSensitive).
tests/test_issue_339_column_subscript.py::TestIssue339ColumnSubscript::test_column_subscript_schema_verification	column_resolution	RuntimeError: not found: Column 'StructVal.E1' not found. Available columns: [Name, StructVal]. Check spelling and case sensitivity (spark.sql.caseSensitive).
tests/test_issue_330_struct_field_alias.py::TestIssue330StructFieldAlias::test_struct_field_with_alias_and_other_columns	column_resolution	RuntimeError: not found: Column 'E1-Extract' not found. Available columns: [Name, StructValue]. Check spelling and case sensitivity (spark.sql.caseSensitive).
tests/test_issue_295_withColumnRenamed_nonexistent.py::TestIssue295WithColumnRenamedNonexistent::test_withColumnRenamed_with_null_values	column_resolution	RuntimeError: not found: Column 'Does-Not-Exist' not found. Available columns: [Name, Value]. Check spelling and case sensitivity (spark.sql.caseSensitive).
tests/test_issue_339_column_subscript.py::TestIssue339ColumnSubscript::test_column_subscript_with_multiple_struct_columns	column_resolution	RuntimeError: not found: Column 'Struct1.E1' not found. Available columns: [Name, Struct1, Struct2]. Check spelling and case sensitivity (spark.sql.caseSensitive).
tests/test_issue_330_struct_field_alias.py::TestIssue330StructFieldAlias::test_struct_field_with_alias_null_values	column_resolution	RuntimeError: not found: Column 'E1-Extract' not found. Available columns: [Name, StructValue]. Check spelling and case sensitivity (spark.sql.caseSensitive).
tests/test_issue_295_withColumnRenamed_nonexistent.py::TestIssue295WithColumnRenamedNonexistent::test_withColumnRenamed_different_data_types	column_resolution	RuntimeError: not found: Column 'Does-Not-Exist' not found. Available columns: [active, age, birth_date, created_at, name, salary]. Check spelling and case sensitivity (spark.sql.caseSensitive).
tests/test_issue_330_struct_field_alias.py::TestIssue330StructFieldAlias::test_struct_field_with_alias_nested_struct	column_resolution	RuntimeError: not found: Column 'E2-Extract' not found. Available columns: [Name, StructValue]. Check spelling and case sensitivity (spark.sql.caseSensitive).
tests/test_issue_295_withColumnRenamed_nonexistent.py::TestIssue295WithColumnRenamedNonexistent::test_withColumnRenamed_special_characters_in_names	column_resolution	RuntimeError: not found: Column 'col@with#special$chars' not found. Available columns: [col-with-dash, col.with.dot, col_with_underscore]. Check spelling and case sensitivity (spark.sql.caseSensitive)
tests/test_issue_339_column_subscript.py::TestIssue339ColumnSubscript::test_column_subscript_deeply_nested_struct	column_resolution	RuntimeError: not found: Column 'Level1.Level2.Level3.Value' not found. Available columns: [Level1, Name]. Check spelling and case sensitivity (spark.sql.caseSensitive).
tests/test_issue_330_struct_field_alias.py::TestIssue330StructFieldAlias::test_struct_field_without_alias_still_works	column_resolution	RuntimeError: not found: Column 'StructValue.E1' not found. Available columns: [Name, StructValue]. Check spelling and case sensitivity (spark.sql.caseSensitive).
tests/test_issue_295_withColumnRenamed_nonexistent.py::TestIssue295WithColumnRenamedNonexistent::test_withColumnRenamed_unicode_column_names	column_resolution	RuntimeError: not found: Column '' not found. Available columns: [, , ]. Check spelling and case sensitivity (spark.sql.caseSensitive).
tests/test_issue_339_column_subscript.py::TestIssue339ColumnSubscript::test_column_subscript_with_union	column_resolution	RuntimeError: not found: Column 'StructVal.E1' not found. Available columns: [Name, StructVal]. Check spelling and case sensitivity (spark.sql.caseSensitive).
tests/test_issue_330_struct_field_alias.py::TestIssue330StructFieldAlias::test_struct_field_with_alias_chained_operations	column_resolution	RuntimeError: not found: Column 'E1-Extract' not found. Available columns: [Name, StructValue]. Check spelling and case sensitivity (spark.sql.caseSensitive).
tests/test_issue_336_window_function_comparison.py::TestIssue336WindowFunctionComparison::test_window_function_comparison_direct_filter	filter_condition_type	TypeError: condition must be a Column or literal bool (True/False)
tests/test_issue_295_withColumnRenamed_nonexistent.py::TestIssue295WithColumnRenamedNonexistent::test_withColumnRenamed_very_long_column_name	column_resolution	RuntimeError: not found: Column 'bbbbbbbbbbbbbbbbbbbbbbbbbbbbbbbbbbbbbbbbbbbbbbbbbbbbbbbbbbbbbbbbbbbbbbbbbbbbbbbbbbbbbbbbbbbbbbbbbbbbbbbbbbbbbbbbbbbbbbbbbbbbbbbbbbbbbbbbbbbbbbbbbbbbbbbbbbbbbbbbbbbbbbb
tests/test_issue_339_column_subscript.py::TestIssue339ColumnSubscript::test_column_subscript_with_distinct	column_resolution	RuntimeError: not found: Column 'StructVal.E1' not found. Available columns: [Name, StructVal]. Check spelling and case sensitivity (spark.sql.caseSensitive).
tests/test_issue_330_struct_field_alias.py::TestIssue330StructFieldAlias::test_struct_field_with_alias_empty_dataframe	column_resolution	RuntimeError: not found: Column 'E1-Extract' not found. Available columns: [Name, StructValue]. Check spelling and case sensitivity (spark.sql.caseSensitive).
tests/test_issue_295_withColumnRenamed_nonexistent.py::TestIssue295WithColumnRenamedNonexistent::test_withColumnRenamed_after_join	column_resolution	RuntimeError: not found: Column 'Does-Not-Exist' not found. Available columns: [id, name, value]. Check spelling and case sensitivity (spark.sql.caseSensitive).
tests/test_issue_330_struct_field_alias.py::TestIssue330StructFieldAlias::test_struct_field_with_alias_mixed_nulls	column_resolution	RuntimeError: not found: Column 'E1-Extract' not found. Available columns: [Name, StructValue]. Check spelling and case sensitivity (spark.sql.caseSensitive).
tests/test_issue_394_like_in_expr.py::TestIssue394LikeInExpr::test_filter_not_like_multiple_rows	column_resolution	RuntimeError: not found: Column 'Name not like '%TEST%'' not found. Available columns: [Name]. Check spelling and case sensitivity (spark.sql.caseSensitive).
tests/test_issue_295_withColumnRenamed_nonexistent.py::TestIssue295WithColumnRenamedNonexistent::test_withColumnRenamed_after_select	column_resolution	RuntimeError: not found: Column 'Does-Not-Exist' not found. Available columns: [name, age]. Check spelling and case sensitivity (spark.sql.caseSensitive).
tests/test_issue_339_column_subscript.py::TestIssue339ColumnSubscript::test_column_subscript_with_multiple_aggregations	column_resolution	RuntimeError: not found: Column 'StructVal.E1' not found. Available columns: [Name, StructVal, Type]. Check spelling and case sensitivity (spark.sql.caseSensitive).
tests/test_issue_339_column_subscript.py::TestIssue339ColumnSubscript::test_column_subscript_with_coalesce	column_resolution	RuntimeError: not found: Column 'StructVal.E1' not found. Available columns: [Name, StructVal]. Check spelling and case sensitivity (spark.sql.caseSensitive).
tests/test_issue_394_like_in_expr.py::TestIssue394LikeInExpr::test_filter_like_suffix_pattern	column_resolution	RuntimeError: not found: Column 'Name like '%e'' not found. Available columns: [Name]. Check spelling and case sensitivity (spark.sql.caseSensitive).
tests/test_issue_394_like_in_expr.py::TestIssue394LikeInExpr::test_filter_like_and_combined	column_resolution	RuntimeError: not found: Column 'Name like 'A%' AND Code like '%1'' not found. Available columns: [Code, Name]. Check spelling and case sensitivity (spark.sql.caseSensitive).
tests/test_issue_339_column_subscript.py::TestIssue339ColumnSubscript::test_column_subscript_with_limit	column_resolution	RuntimeError: not found: Column 'StructVal.E1' not found. Available columns: [Name, StructVal]. Check spelling and case sensitivity (spark.sql.caseSensitive).
tests/test_issue_394_like_in_expr.py::TestIssue394LikeInExpr::test_filter_like_or_combined	column_resolution	RuntimeError: not found: Column 'Name like 'A%' OR Name like 'C%'' not found. Available columns: [Name]. Check spelling and case sensitivity (spark.sql.caseSensitive).
tests/test_issue_339_column_subscript.py::TestIssue339ColumnSubscript::test_column_subscript_chained_operations	column_resolution	RuntimeError: not found: Column 'StructVal.E1' not found. Available columns: [Name, StructVal, Type]. Check spelling and case sensitivity (spark.sql.caseSensitive).
tests/test_issue_394_like_in_expr.py::TestIssue394LikeInExpr::test_filter_like_empty_result	column_resolution	RuntimeError: not found: Column 'Name like '%XYZ%'' not found. Available columns: [Name]. Check spelling and case sensitivity (spark.sql.caseSensitive).
tests/test_issue_394_like_in_expr.py::TestIssue394LikeInExpr::test_filter_like_multiple_underscores	column_resolution	RuntimeError: not found: Column 'Name like 'A__'' not found. Available columns: [Name]. Check spelling and case sensitivity (spark.sql.caseSensitive).
tests/test_issue_337_grouped_data_mean.py::TestIssue337GroupedDataMean::test_grouped_data_mean_with_column_alias_in_groupBy	column_resolution	RuntimeError: not found: Column 'Person' not found. Available columns: [Name, Value]. Check spelling and case sensitivity (spark.sql.caseSensitive).
tests/test_issue_394_like_in_expr.py::TestIssue394LikeInExpr::test_filter_like_with_nulls	column_resolution	RuntimeError: not found: Column 'Name like 'A%'' not found. Available columns: [Name]. Check spelling and case sensitivity (spark.sql.caseSensitive).
tests/test_issue_339_column_subscript.py::TestIssue339ColumnSubscript::test_column_subscript_single_field	column_resolution	RuntimeError: not found: Column 'StructVal.E1' not found. Available columns: [Name, StructVal]. Check spelling and case sensitivity (spark.sql.caseSensitive).
tests/test_issue_394_like_in_expr.py::TestIssue394LikeInExpr::test_filter_like_middle_wildcard	column_resolution	RuntimeError: not found: Column 'Name like 'A%B'' not found. Available columns: [Name]. Check spelling and case sensitivity (spark.sql.caseSensitive).
tests/test_issue_339_column_subscript.py::TestIssue339ColumnSubscript::test_column_subscript_multiple_fields	column_resolution	RuntimeError: not found: Column 'StructVal.E1' not found. Available columns: [Name, StructVal]. Check spelling and case sensitivity (spark.sql.caseSensitive).
tests/test_issue_339_column_subscript.py::TestIssue339ColumnSubscript::test_column_subscript_in_select	column_resolution	RuntimeError: not found: Column 'E1' not found. Available columns: [Name, StructVal]. Check spelling and case sensitivity (spark.sql.caseSensitive).
tests/test_issue_395_filter_and_string_expr.py::TestIssue395FilterAndStringExpr::test_filter_and_string_equality_exact_issue	column_resolution	RuntimeError: not found: Column 'status == 'Y' and Name is not null' not found. Available columns: [Name, Status]. Check spelling and case sensitivity (spark.sql.caseSensitive).
tests/test_issue_339_column_subscript.py::TestIssue339ColumnSubscript::test_column_subscript_in_filter	filter_condition_type	TypeError: condition must be a Column or literal bool (True/False)
tests/test_issue_395_filter_and_string_expr.py::TestIssue395FilterAndStringExpr::test_filter_and_string_equality_with_show	column_resolution	RuntimeError: not found: Column 'status == 'Y' and Name is not null' not found. Available columns: [Name, Status]. Check spelling and case sensitivity (spark.sql.caseSensitive).
tests/test_issue_339_column_subscript.py::TestIssue339ColumnSubscript::test_column_subscript_equals_dot_notation	column_resolution	RuntimeError: not found: Column 'StructVal.E1' not found. Available columns: [Name, StructVal]. Check spelling and case sensitivity (spark.sql.caseSensitive).
tests/test_issue_339_column_subscript.py::TestIssue339ColumnSubscript::test_column_subscript_with_nested_struct	column_resolution	RuntimeError: not found: Column 'Outer.Inner.E1' not found. Available columns: [Name, Outer]. Check spelling and case sensitivity (spark.sql.caseSensitive).
tests/test_issue_395_filter_and_string_expr.py::TestIssue395FilterAndStringExpr::test_filter_and_is_null_workaround_still_works	column_resolution	RuntimeError: not found: Column '(status == 'Y') and (Name is not null)' not found. Available columns: [Name, Status]. Check spelling and case sensitivity (spark.sql.caseSensitive).
tests/test_issue_339_column_subscript.py::TestIssue339ColumnSubscript::test_column_subscript_with_alias	column_resolution	RuntimeError: not found: Column 'StructVal.E1' not found. Available columns: [Name, StructVal]. Check spelling and case sensitivity (spark.sql.caseSensitive).
tests/test_issue_395_filter_and_string_expr.py::TestIssue395FilterAndStringExpr::test_filter_or_string_equality	column_resolution	RuntimeError: not found: Column 'Status == 'Y' or Status == 'N'' not found. Available columns: [Name, Status]. Check spelling and case sensitivity (spark.sql.caseSensitive).
tests/test_issue_339_column_subscript.py::TestIssue339ColumnSubscript::test_column_subscript_with_null_struct	column_resolution	RuntimeError: not found: Column 'StructVal.E1' not found. Available columns: [Name, StructVal]. Check spelling and case sensitivity (spark.sql.caseSensitive).
tests/test_issue_370_filter_in_string.py::TestIssue370FilterInString::test_filter_values_in_string_literal	column_resolution	RuntimeError: not found: Column 'Values in ('20')' not found. Available columns: [Name, Values]. Check spelling and case sensitivity (spark.sql.caseSensitive).
tests/test_issue_395_filter_and_string_expr.py::TestIssue395FilterAndStringExpr::test_filter_and_string_and_is_null	column_resolution	RuntimeError: not found: Column 'A == 'x' and B is not null and C is not null' not found. Available columns: [A, B, C]. Check spelling and case sensitivity (spark.sql.caseSensitive).
tests/test_issue_339_column_subscript.py::TestIssue339ColumnSubscript::test_column_subscript_with_null_field	column_resolution	RuntimeError: not found: Column 'StructVal.E2' not found. Available columns: [Name, StructVal]. Check spelling and case sensitivity (spark.sql.caseSensitive).
tests/test_issue_370_filter_in_string.py::TestIssue370FilterInString::test_filter_values_in_numeric_literal	column_resolution	RuntimeError: not found: Column 'Values in (20)' not found. Available columns: [Name, Values]. Check spelling and case sensitivity (spark.sql.caseSensitive).
tests/test_issue_339_column_subscript.py::TestIssue339ColumnSubscript::test_column_subscript_with_orderBy	column_resolution	RuntimeError: not found: Column 'StructVal.E1' not found. Available columns: [Name, StructVal]. Check spelling and case sensitivity (spark.sql.caseSensitive).
tests/test_issue_395_filter_and_string_expr.py::TestIssue395FilterAndStringExpr::test_filter_and_literal_contains_and	column_resolution	RuntimeError: not found: Column 'Msg == 'yes and no'' not found. Available columns: [Msg]. Check spelling and case sensitivity (spark.sql.caseSensitive).
tests/test_issue_339_column_subscript.py::TestIssue339ColumnSubscript::test_column_subscript_with_groupBy	column_resolution	RuntimeError: not found: Column 'StructVal.E1' not found. Available columns: [Name, StructVal]. Check spelling and case sensitivity (spark.sql.caseSensitive).
tests/test_issue_370_filter_in_string.py::TestIssue370FilterInString::test_filter_in_string_show	column_resolution	RuntimeError: not found: Column 'Values in ('20')' not found. Available columns: [Name, Values]. Check spelling and case sensitivity (spark.sql.caseSensitive).
tests/test_issue_395_filter_and_string_expr.py::TestIssue395FilterAndStringExpr::test_filter_or_with_is_null	column_resolution	RuntimeError: not found: Column 'Name == 'Alice' or Code is null' not found. Available columns: [Code, Name]. Check spelling and case sensitivity (spark.sql.caseSensitive).
tests/test_issue_339_column_subscript.py::TestIssue339ColumnSubscript::test_column_subscript_with_join	column_resolution	RuntimeError: not found: Column 'StructVal.E1' not found. Available columns: [Name, StructVal]. Check spelling and case sensitivity (spark.sql.caseSensitive).
tests/test_issue_370_filter_in_string.py::TestIssue370FilterInString::test_filter_equality_string_works	column_resolution	RuntimeError: not found: Column 'Values == '20'' not found. Available columns: [Name, Values]. Check spelling and case sensitivity (spark.sql.caseSensitive).
tests/test_issue_395_filter_and_string_expr.py::TestIssue395FilterAndStringExpr::test_filter_string_equality_single_condition	column_resolution	RuntimeError: not found: Column 'Status == 'Y'' not found. Available columns: [Status]. Check spelling and case sensitivity (spark.sql.caseSensitive).
tests/test_issue_370_filter_in_string.py::TestIssue370FilterInString::test_filter_in_multiple_literals	column_resolution	RuntimeError: not found: Column 'Values in ('10', '20')' not found. Available columns: [Name, Values]. Check spelling and case sensitivity (spark.sql.caseSensitive).
tests/test_issue_395_filter_and_string_expr.py::TestIssue395FilterAndStringExpr::test_filter_and_string_equality_empty_result	column_resolution	RuntimeError: not found: Column 'Status == 'Y' and Name is not null' not found. Available columns: [Name, Status]. Check spelling and case sensitivity (spark.sql.caseSensitive).
tests/test_issue_395_filter_and_string_expr.py::TestIssue395FilterAndStringExpr::test_filter_and_numeric_and_string	column_resolution	RuntimeError: not found: Column 'Score >= 10 and Grade == 'A'' not found. Available columns: [Grade, Name, Score]. Check spelling and case sensitivity (spark.sql.caseSensitive).
tests/test_issue_395_filter_and_string_expr.py::TestIssue395FilterAndStringExpr::test_filter_and_select_after	column_resolution	RuntimeError: not found: Column 'status == 'Y' and Name is not null' not found. Available columns: [Name, Status]. Check spelling and case sensitivity (spark.sql.caseSensitive).
tests/test_issue_395_filter_and_string_expr.py::TestIssue395FilterAndStringExpr::test_filter_is_null_and_string_equality	column_resolution	RuntimeError: not found: Column 'A is not null and B == 'y'' not found. Available columns: [A, B]. Check spelling and case sensitivity (spark.sql.caseSensitive).
tests/test_issue_415_orderby_list.py::test_filter_then_orderby_list	column_resolution	RuntimeError: not found: Column 'grp = 'a'' not found. Available columns: [id, grp]. Check spelling and case sensitivity (spark.sql.caseSensitive).
tests/test_issue_359_na_drop.py::TestIssue359NADropRobust::test_na_drop_invalid_subset_column_raises	column_resolution	RuntimeError: not found: unable to find column "NonExistentColumn"; valid columns: ["Name", "Value"]
tests/test_issue_419_filter_in_or_parse_exception.py::TestIssue419FilterInOrParseException::test_filter_in_or_with_integer_literal_exact_issue	column_resolution	RuntimeError: not found: Column 'Value in (1234) or (Name == 'Alice')' not found. Available columns: [Name, Value]. Check spelling and case sensitivity (spark.sql.caseSensitive).
tests/test_issue_419_filter_in_or_parse_exception.py::TestIssue419FilterInOrParseException::test_filter_in_or_string_literal_type_coercion_exact_issue	column_resolution	RuntimeError: not found: Column 'Value in ('1234') or (Name == 'Alice')' not found. Available columns: [Name, Value]. Check spelling and case sensitivity (spark.sql.caseSensitive).
tests/test_issue_419_filter_in_or_parse_exception.py::TestIssue419FilterInOrParseException::test_filter_in_or_workaround_still_works	column_resolution	RuntimeError: not found: Column 'Value in ('1234')' not found. Available columns: [Name, Value]. Check spelling and case sensitivity (spark.sql.caseSensitive).
tests/test_issue_394_like_in_expr.py::TestIssue394LikeInExpr::test_filter_like_exact_issue	column_resolution	RuntimeError: not found: Column 'Name like '%TEST%'' not found. Available columns: [Name]. Check spelling and case sensitivity (spark.sql.caseSensitive).
tests/test_issue_419_filter_in_or_parse_exception.py::TestIssue419FilterInOrParseException::test_filter_in_or_with_string_column	column_resolution	RuntimeError: not found: Column 'Code in ('A') or (Name == 'Charlie')' not found. Available columns: [Code, Name]. Check spelling and case sensitivity (spark.sql.caseSensitive).
tests/test_issue_394_like_in_expr.py::TestIssue394LikeInExpr::test_filter_not_like_exact_issue	column_resolution	RuntimeError: not found: Column 'Name not like '%TEST%'' not found. Available columns: [Name]. Check spelling and case sensitivity (spark.sql.caseSensitive).
tests/test_issue_419_filter_in_or_parse_exception.py::TestIssue419FilterInOrParseException::test_filter_in_multiple_values_or	column_resolution	RuntimeError: not found: Column 'Value in ('1234', '5678') or Name == 'Charlie'' not found. Available columns: [Name, Value]. Check spelling and case sensitivity (spark.sql.caseSensitive).
tests/test_issue_394_like_in_expr.py::TestIssue394LikeInExpr::test_filter_like_with_show	column_resolution	RuntimeError: not found: Column 'Name like '%TEST%'' not found. Available columns: [Name]. Check spelling and case sensitivity (spark.sql.caseSensitive).
tests/test_issue_419_filter_in_or_parse_exception.py::TestIssue419FilterInOrParseException::test_filter_in_and_condition	column_resolution	RuntimeError: not found: Column 'Value in ('1234') and Name == 'Alice'' not found. Available columns: [Name, Value]. Check spelling and case sensitivity (spark.sql.caseSensitive).
tests/test_issue_434_ltrim_rtrim_in_expr.py::test_expr_filter_with_ltrim	filter_condition_type	TypeError: condition must be a Column or literal bool (True/False)
tests/test_issue_394_like_in_expr.py::TestIssue394LikeInExpr::test_filter_like_prefix_pattern	column_resolution	RuntimeError: not found: Column 'Name like 'A%'' not found. Available columns: [Name]. Check spelling and case sensitivity (spark.sql.caseSensitive).
tests/test_issue_419_filter_in_or_parse_exception.py::TestIssue419FilterInOrParseException::test_filter_multiple_in_or	column_resolution	RuntimeError: not found: Column '(Value in (1234)) or (Value in (5678)) or Name == 'Charlie'' not found. Available columns: [Name, Value]. Check spelling and case sensitivity (spark.sql.caseSensitive)
tests/test_issue_394_like_in_expr.py::TestIssue394LikeInExpr::test_filter_like_underscore_wildcard	column_resolution	RuntimeError: not found: Column 'Name like 'A_'' not found. Available columns: [Name]. Check spelling and case sensitivity (spark.sql.caseSensitive).
tests/test_issue_419_filter_in_or_parse_exception.py::TestIssue419FilterInOrParseException::test_filter_in_float_column_or	column_resolution	RuntimeError: not found: Column 'Price in (10.5, 20.0)' not found. Available columns: [Name, Price]. Check spelling and case sensitivity (spark.sql.caseSensitive).
tests/test_issue_419_filter_in_or_parse_exception.py::TestIssue419FilterInOrParseException::test_filter_in_or_empty_result	column_resolution	RuntimeError: not found: Column 'Value in ('999') and Name == 'X'' not found. Available columns: [Name, Value]. Check spelling and case sensitivity (spark.sql.caseSensitive).
tests/test_issue_419_filter_in_or_parse_exception.py::TestIssue419FilterInOrParseException::test_filter_in_multiple_strings_or	column_resolution	RuntimeError: not found: Column 'Code in ('A', 'C') or X == 2' not found. Available columns: [Code, X]. Check spelling and case sensitivity (spark.sql.caseSensitive).
tests/test_issue_419_filter_in_or_parse_exception.py::TestIssue419FilterInOrParseException::test_filter_in_or_with_show	column_resolution	RuntimeError: not found: Column 'Value in ('1234') or (Name == 'Alice')' not found. Available columns: [Name, Value]. Check spelling and case sensitivity (spark.sql.caseSensitive).
tests/test_issue_421_join_column_names.py::TestIssue421JoinColumnNames::test_join_different_column_names_exact_issue	join_on_column_not_accepted	TypeError: argument 'on': join 'on' must be str or list/tuple of str
tests/test_issue_421_join_column_names.py::TestIssue421JoinColumnNames::test_join_different_column_names_reverse_order	join_on_column_not_accepted	TypeError: argument 'on': join 'on' must be str or list/tuple of str
tests/test_issue_433_regexp_in_expr.py::test_filter_regexp_exact_issue_433	filter_condition_type	TypeError: condition must be a Column or literal bool (True/False)
tests/test_issue_421_join_column_names.py::TestIssue421JoinColumnNames::test_join_different_column_names_left_no_match	join_on_column_not_accepted	TypeError: argument 'on': join 'on' must be str or list/tuple of str
tests/test_issue_433_regexp_in_expr.py::test_filter_rlike_same_as_regexp	filter_condition_type	TypeError: condition must be a Column or literal bool (True/False)
tests/test_issue_421_join_column_names.py::TestIssue421JoinColumnNames::test_join_different_column_names_inner	join_on_column_not_accepted	TypeError: argument 'on': join 'on' must be str or list/tuple of str
tests/test_issue_415_orderby_list.py::test_orderby_desc_with_list	order_by_ascending_type	TypeError: argument 'ascending': 'bool' object cannot be converted to 'Sequence'
tests/test_issue_421_join_column_names.py::TestIssue421JoinColumnNames::test_join_different_column_names_right	join_on_column_not_accepted	TypeError: argument 'on': join 'on' must be str or list/tuple of str
tests/test_issue_433_regexp_in_expr.py::test_expr_regexp_single_match	filter_condition_type	TypeError: condition must be a Column or literal bool (True/False)
tests/test_issue_421_join_column_names.py::TestIssue421JoinColumnNames::test_join_different_column_names_outer	join_on_column_not_accepted	TypeError: argument 'on': join 'on' must be str or list/tuple of str
tests/test_issue_433_regexp_in_expr.py::test_expr_regexp_no_match	filter_condition_type	TypeError: condition must be a Column or literal bool (True/False)
tests/test_issue_421_join_column_names.py::TestIssue421JoinColumnNames::test_join_different_column_names_with_show	join_on_column_not_accepted	TypeError: argument 'on': join 'on' must be str or list/tuple of str
tests/test_issue_421_join_column_names.py::TestIssue421JoinColumnNames::test_join_different_column_names_with_select	join_on_column_not_accepted	TypeError: argument 'on': join 'on' must be str or list/tuple of str
tests/test_issue_421_join_column_names.py::TestIssue421JoinColumnNames::test_join_dot_notation_still_works	join_on_column_not_accepted	TypeError: argument 'on': join 'on' must be str or list/tuple of str
tests/test_issue_438_leftsemi_join.py::TestIssue438LeftsemiJoin::test_leftsemi_join_with_column_expression	join_on_column_not_accepted	TypeError: argument 'on': join 'on' must be str or list/tuple of str
tests/integration/test_case_sensitivity.py::TestCaseSensitivityConfiguration::test_case_sensitive_join_fails_with_wrong_case	join_on_column_not_accepted	TypeError: argument 'on': join 'on' must be str or list/tuple of str
tests/integration/test_case_sensitivity.py::TestCaseSensitivityConfiguration::test_case_insensitive_unionByName	lengths_dont_match	RuntimeError: lengths don't match: unable to vstack, column names don't match: "Age" and "AGE"
tests/parity/dataframe/test_aggregations.py::TestAggregationsParity::test_global_aggregation	dataframe_agg_global	TypeError: DataFrame.agg() takes 1 positional arguments but 3 were given
tests/unit/dataframe/test_fillna_subset.py::TestFillnaSubset::test_fillna_subset_multiple_nonexistent_columns_raises_error	column_resolution	RuntimeError: not found: Column 'nonexistent' not found. Available columns: [key, value]. Check spelling and case sensitivity (spark.sql.caseSensitive).
tests/parity/dataframe/test_filter.py::TestFilterParity::test_filter_on_table_with_complex_schema	sql_ddl_not_supported	RuntimeError: SQL: only SELECT is supported, got CreateSchema { schema_name: Simple(ObjectName([Ident { value: "test_schema", quote_style: None }])), if_not_exists: true }. Hint: use SELECT ... FROM .
tests/parity/dataframe/test_filter_isinstance_ordering.py::TestIsInstanceOrdering::test_filter_on_table_with_comparison_operations	sql_ddl_not_supported	RuntimeError: SQL: only SELECT is supported, got CreateSchema { schema_name: Simple(ObjectName([Ident { value: "test_schema", quote_style: None }])), if_not_exists: true }. Hint: use SELECT ... FROM .
tests/parity/dataframe/test_filter_isinstance_ordering.py::TestIsInstanceOrdering::test_arithmetic_operations_in_filters	sql_ddl_not_supported	RuntimeError: SQL: only SELECT is supported, got CreateSchema { schema_name: Simple(ObjectName([Ident { value: "test_schema", quote_style: None }])), if_not_exists: true }. Hint: use SELECT ... FROM .
tests/parity/dataframe/test_filter_isinstance_ordering.py::TestIsInstanceOrdering::test_complex_nested_operations_in_filters	sql_ddl_not_supported	RuntimeError: SQL: only SELECT is supported, got CreateSchema { schema_name: Simple(ObjectName([Ident { value: "test_schema", quote_style: None }])), if_not_exists: true }. Hint: use SELECT ... FROM .
tests/parity/dataframe/test_filter_isinstance_ordering.py::TestIsInstanceOrdering::test_string_operations_in_filters	sql_ddl_not_supported	RuntimeError: SQL: only SELECT is supported, got CreateSchema { schema_name: Simple(ObjectName([Ident { value: "test_schema", quote_style: None }])), if_not_exists: true }. Hint: use SELECT ... FROM .
tests/unit/dataframe/test_join_type_coercion.py::TestJoinTypeCoercion::test_join_with_left_on_right_on	join_on_column_not_accepted	TypeError: argument 'on': join 'on' must be str or list/tuple of str
tests/parity/dataframe/test_join.py::TestJoinParity::test_inner_join	join_on_column_not_accepted	TypeError: argument 'on': join 'on' must be str or list/tuple of str
tests/parity/dataframe/test_join.py::TestJoinParity::test_left_join	join_on_column_not_accepted	TypeError: argument 'on': join 'on' must be str or list/tuple of str
tests/parity/dataframe/test_join.py::TestJoinParity::test_right_join	join_on_column_not_accepted	TypeError: argument 'on': join 'on' must be str or list/tuple of str
tests/parity/dataframe/test_join.py::TestJoinParity::test_outer_join	join_on_column_not_accepted	TypeError: argument 'on': join 'on' must be str or list/tuple of str
tests/unit/dataframe/test_na_fill.py::TestNaFill::test_na_fill_nonexistent_column	column_resolution	RuntimeError: not found: Column 'nonexistent' not found. Available columns: [col1, col2]. Check spelling and case sensitivity (spark.sql.caseSensitive).
tests/parity/dataframe/test_join.py::TestJoinParity::test_semi_join	join_on_column_not_accepted	TypeError: argument 'on': join 'on' must be str or list/tuple of str
tests/parity/dataframe/test_join.py::TestJoinParity::test_anti_join	join_on_column_not_accepted	TypeError: argument 'on': join 'on' must be str or list/tuple of str
tests/unit/dataframe/test_join_type_coercion.py::TestJoinTypeCoercionParity::test_pyspark_parity_left_on_right_on_different_names	join_on_column_not_accepted	TypeError: argument 'on': join 'on' must be str or list/tuple of str
tests/unit/functions/test_udf_comprehensive.py::TestUDFInDifferentOperations::test_udf_in_filter	filter_condition_type	TypeError: condition must be a Column or literal bool (True/False)
tests/unit/session/test_sql_describe_detail.py::TestDescribeDetail::test_describe_detail_with_schema	sql_ddl_not_supported	RuntimeError: SQL: only SELECT is supported, got CreateDatabase { db_name: ObjectName([Ident { value: "test_schema_detail", quote_style: None }]), if_not_exists: true, location: None, managed_location
tests/unit/test_column_case_variations.py::TestColumnCaseVariations::test_unionByName_all_case_variations	lengths_dont_match	RuntimeError: lengths don't match: unable to vstack, column names don't match: "Age" and "AGE"
tests/unit/test_array_parameter_formats.py::TestArrayParameterFormats::test_array_after_filter	filter_condition_type	TypeError: condition must be a Column or literal bool (True/False)
tests/unit/test_column_case_variations.py::TestColumnCaseVariations::test_coalesce_all_case_variations	functions_variadic_coalesce	TypeError: py_coalesce() takes 1 positional arguments but 3 were given
tests/unit/test_column_case_variations.py::TestColumnCaseVariations::test_dropna_all_case_variations	column_resolution	RuntimeError: not found: unable to find column "name"; valid columns: ["Age", "Name", "Salary"]
tests/unit/test_create_map.py::TestCreateMap::test_create_map_empty_after_filter	filter_condition_type	TypeError: condition must be a Column or literal bool (True/False)
tests/unit/test_column_case_variations.py::TestColumnCaseVariations::test_nested_struct_field_access_all_cases	column_resolution	RuntimeError: not found: Column 'Person.name' not found. Available columns: [Person]. Check spelling and case sensitivity (spark.sql.caseSensitive).
tests/unit/test_create_map.py::TestCreateMap::test_create_map_after_filter	filter_condition_type	TypeError: condition must be a Column or literal bool (True/False)
tests/unit/test_first_method.py::TestDataFrameFirst::test_first_after_filter	column_resolution	RuntimeError: not found: Column 'age > 25' not found. Available columns: [age, name]. Check spelling and case sensitivity (spark.sql.caseSensitive).
tests/unit/test_create_map.py::TestCreateMap::test_create_map_empty_list_after_filter	filter_condition_type	TypeError: condition must be a Column or literal bool (True/False)
tests/unit/test_first_method.py::TestDataFrameFirst::test_first_after_multiple_transformations	filter_condition_type	TypeError: condition must be a Column or literal bool (True/False)
tests/unit/test_issue_355.py::TestIssue355DiamondDependency::test_unionByName_diamond_dependency	filter_condition_type	TypeError: condition must be a Column or literal bool (True/False)
tests/unit/test_issue_355.py::TestIssue355DiamondDependency::test_unionByName_diamond_dependency_with_filters	filter_condition_type	TypeError: condition must be a Column or literal bool (True/False)
tests/unit/test_issue_355.py::TestIssue355DiamondDependency::test_unionByName_diamond_dependency_three_branches	filter_condition_type	TypeError: condition must be a Column or literal bool (True/False)
tests/unit/test_issue_355.py::TestIssue355DiamondDependency::test_unionByName_diamond_dependency_nested_transformations	filter_condition_type	TypeError: condition must be a Column or literal bool (True/False)
tests/unit/test_issue_355.py::TestIssue355DiamondDependency::test_unionByName_diamond_dependency_preserves_original_data	filter_condition_type	TypeError: condition must be a Column or literal bool (True/False)
tests/unit/test_issue_355.py::TestIssue355DiamondDependency::test_unionByName_diamond_dependency_empty_branch	filter_condition_type	TypeError: condition must be a Column or literal bool (True/False)
tests/unit/test_issue_355.py::TestIssue355DiamondDependency::test_unionByName_diamond_dependency_multiple_unions	filter_condition_type	TypeError: condition must be a Column or literal bool (True/False)
tests/unit/test_issues_225_231.py::TestIssue230CaseInsensitiveColumnMatching::test_unionByName_case_insensitive	lengths_dont_match	RuntimeError: lengths don't match: unable to vstack, column names don't match: "Age" and "AGE"
tests/parity/dataframe/test_parquet_format_table_append.py::TestParquetFormatTableAppend::test_parquet_format_append_to_new_table	sql_ddl_not_supported	RuntimeError: SQL: only SELECT is supported, got CreateSchema { schema_name: Simple(ObjectName([Ident { value: "test_schema", quote_style: None }])), if_not_exists: true }. Hint: use SELECT ... FROM .
tests/parity/dataframe/test_parquet_format_table_append.py::TestParquetFormatTableAppend::test_parquet_format_multiple_append_operations	sql_ddl_not_supported	RuntimeError: SQL: only SELECT is supported, got CreateSchema { schema_name: Simple(ObjectName([Ident { value: "test_schema", quote_style: None }])), if_not_exists: true }. Hint: use SELECT ... FROM .
tests/parity/dataframe/test_parquet_format_table_append.py::TestParquetFormatTableAppend::test_parquet_format_append_detached_df_visible_to_active_session	sql_ddl_not_supported	RuntimeError: SQL: only SELECT is supported, got CreateSchema { schema_name: Simple(ObjectName([Ident { value: "test_schema", quote_style: None }])), if_not_exists: true }. Hint: use SELECT ... FROM .
tests/parity/dataframe/test_parquet_format_table_append.py::TestParquetFormatTableAppend::test_parquet_format_append_detached_df_visible_to_multiple_sessions	sql_ddl_not_supported	RuntimeError: SQL: only SELECT is supported, got CreateSchema { schema_name: Simple(ObjectName([Ident { value: "test_schema", quote_style: None }])), if_not_exists: true }. Hint: use SELECT ... FROM .
tests/parity/dataframe/test_parquet_format_table_append.py::TestParquetFormatTableAppend::test_pipeline_logs_like_write_visible_immediately	sql_ddl_not_supported	RuntimeError: SQL: only SELECT is supported, got CreateSchema { schema_name: Simple(ObjectName([Ident { value: "test_schema", quote_style: None }])), if_not_exists: true }. Hint: use SELECT ... FROM .
tests/parity/dataframe/test_parquet_format_table_append.py::TestParquetFormatTableAppend::test_parquet_format_append_to_existing_table	sql_ddl_not_supported	RuntimeError: SQL: only SELECT is supported, got CreateSchema { schema_name: Simple(ObjectName([Ident { value: "test_schema", quote_style: None }])), if_not_exists: true }. Hint: use SELECT ... FROM .
