# test_id	category	error (first 200 chars)
tests/parity/functions/test_window_orderby_list_parity.py::TestWindowOrderByListParity::test_window_orderby_list_basic_parity	expression_conversion_windowspec	TypeError: argument 'window': 'WindowSpec' object cannot be converted to 'Window'
tests/test_issue_138_column_drop_reference.py::TestIssue138ColumnDropReference::test_drop_then_select	expression_conversion_column_operation	TypeError: argument 'expr': 'ColumnOperation' object cannot be converted to 'Column'
tests/test_issue_287_na_replace.py::TestIssue287NAReplace::test_na_replace_invalid_subset_column	wrapper_nacompat_replace	AttributeError: '_NaCompat' object has no attribute 'replace'
tests/test_issue_188_string_concat_cache.py::TestStringConcatenationCacheEdgeCases::test_string_concat_with_literal	expression_conversion_column_operation	TypeError: argument 'expr': 'ColumnOperation' object cannot be converted to 'Column'
tests/test_issue_290_udf_multiple_arguments.py::TestIssue290UdfMultipleArguments::test_udf_two_arguments	expression_conversion_column_operation	TypeError: argument 'expr': 'ColumnOperation' object cannot be converted to 'Column'
tests/parity/functions/test_window_orderby_list_parity.py::TestWindowOrderByListParity::test_window_orderby_list_multiple_columns_parity	expression_conversion_windowspec	TypeError: argument 'window': 'WindowSpec' object cannot be converted to 'Window'
tests/test_issue_138_column_drop_reference.py::TestIssue138ColumnDropReference::test_drop_then_filter	expression_conversion_column_operation	TypeError: argument 'expr': 'ColumnOperation' object cannot be converted to 'Column'
tests/test_issue_188_string_concat_cache.py::TestStringConcatenationCacheEdgeCases::test_multiple_string_concat_columns	expression_conversion_column_operation	TypeError: argument 'expr': 'ColumnOperation' object cannot be converted to 'Column'
tests/test_issue_287_na_replace.py::TestIssue287NAReplace::test_na_replace_mismatched_list_lengths	wrapper_nacompat_replace	AttributeError: '_NaCompat' object has no attribute 'replace'
tests/test_issue_260_eq_null_safe.py::TestIssue260EqNullSafe::test_eqnullsafe_coexists_with_standard_equality	wrapper_dataframe_where	AttributeError: 'builtins.DataFrame' object has no attribute 'where'
tests/examples/test_unified_infrastructure_example.py::TestUnifiedInfrastructure::test_basic_operation	wrapper_columns_callable	AssertionError: assert <function _PySparkCompatDataFrame.__getattr__.<locals>._wrapped at 0x115d471f0> == ['id', 'name']
tests/parity/functions/test_window_orderby_list_parity.py::TestWindowOrderByListParity::test_window_partitionby_list_parity	expression_conversion_windowspec	TypeError: argument 'window': 'WindowSpec' object cannot be converted to 'Window'
tests/test_issue_290_udf_multiple_arguments.py::TestIssue290UdfMultipleArguments::test_udf_two_arguments_string_names	expression_conversion_column_operation	TypeError: argument 'expr': 'ColumnOperation' object cannot be converted to 'Column'
tests/test_issue_287_na_replace.py::TestIssue287NAReplace::test_na_replace_none_value_with_scalar	wrapper_nacompat_replace	AttributeError: '_NaCompat' object has no attribute 'replace'
tests/test_issue_139_datetime_validation_compatibility.py::TestIssue139DatetimeValidationCompatibility::test_validation_with_datetime_column	expression_conversion_column_operation	TypeError: argument 'expr': 'ColumnOperation' object cannot be converted to 'Column'
tests/test_issue_188_string_concat_cache.py::TestStringConcatenationCacheEdgeCases::test_string_concat_with_select	expression_conversion_column_operation	TypeError: argument 'expr': 'ColumnOperation' object cannot be converted to 'Column'
tests/test_issue_260_eq_null_safe.py::TestIssue260EqNullSafe::test_eqnullsafe_with_integer_types	wrapper_dataframe_where	AttributeError: 'builtins.DataFrame' object has no attribute 'where'
tests/test_issue_287_na_replace.py::TestIssue287NAReplace::test_na_replace_none_value_with_list	wrapper_nacompat_replace	AttributeError: '_NaCompat' object has no attribute 'replace'
tests/test_issue_188_string_concat_cache.py::TestStringConcatenationCacheEdgeCases::test_string_concat_chained_operations	expression_conversion_column_operation	TypeError: argument 'expr': 'ColumnOperation' object cannot be converted to 'Column'
tests/test_issue_139_datetime_validation_compatibility.py::TestIssue139DatetimeValidationCompatibility::test_validation_with_date_column_and_operations	expression_conversion_column_operation	TypeError: argument 'expr': 'ColumnOperation' object cannot be converted to 'Column'
tests/test_issue_290_udf_multiple_arguments.py::TestIssue290UdfMultipleArguments::test_udf_three_arguments	expression_conversion_column_operation	TypeError: argument 'expr': 'ColumnOperation' object cannot be converted to 'Column'
tests/test_issue_260_eq_null_safe.py::TestIssue260EqNullSafe::test_eqnullsafe_with_float_types	wrapper_dataframe_where	AttributeError: 'builtins.DataFrame' object has no attribute 'where'
tests/test_issue_287_na_replace.py::TestIssue287NAReplace::test_na_replace_multiple_chained_operations	wrapper_nacompat_replace	AttributeError: '_NaCompat' object has no attribute 'replace'
tests/test_issue_139_datetime_validation_compatibility.py::TestIssue139DatetimeValidationCompatibility::test_validation_with_datetime_comparison	expression_conversion_column_operation	TypeError: argument 'expr': 'ColumnOperation' object cannot be converted to 'Column'
tests/test_issue_188_string_concat_cache.py::TestStringConcatenationCacheEdgeCases::test_string_concat_without_caching	expression_conversion_column_operation	TypeError: argument 'expr': 'ColumnOperation' object cannot be converted to 'Column'
tests/test_issue_290_udf_multiple_arguments.py::TestIssue290UdfMultipleArguments::test_udf_multiply_arguments	expression_conversion_column_operation	TypeError: argument 'expr': 'ColumnOperation' object cannot be converted to 'Column'
tests/test_issue_287_na_replace.py::TestIssue287NAReplace::test_na_replace_with_mixed_types_in_column	wrapper_nacompat_replace	AttributeError: '_NaCompat' object has no attribute 'replace'
tests/test_issue_260_eq_null_safe.py::TestIssue260EqNullSafe::test_eqnullsafe_with_date_types	wrapper_dataframe_where	AttributeError: 'builtins.DataFrame' object has no attribute 'where'
tests/test_issue_139_datetime_validation_compatibility.py::TestIssue139DatetimeValidationCompatibility::test_validation_with_multiple_datetime_columns	expression_conversion_column_operation	TypeError: argument 'expr': 'ColumnOperation' object cannot be converted to 'Column'
tests/test_issue_188_string_concat_cache.py::TestStringConcatenationCacheEdgeCases::test_concat_function_with_caching	expression_conversion_column_operation	TypeError: argument 'expr': 'ColumnOperation' object cannot be converted to 'Column'
tests/test_issue_290_udf_multiple_arguments.py::TestIssue290UdfMultipleArguments::test_udf_string_concatenation	expression_conversion_column_operation	TypeError: argument 'expr': 'ColumnOperation' object cannot be converted to 'Column'
tests/test_issue_287_na_replace.py::TestIssue287NAReplace::test_na_replace_large_dataframe	wrapper_nacompat_replace	AttributeError: '_NaCompat' object has no attribute 'replace'
tests/test_issue_260_eq_null_safe.py::TestIssue260EqNullSafe::test_eqnullsafe_with_datetime_types	wrapper_dataframe_where	AttributeError: 'builtins.DataFrame' object has no attribute 'where'
tests/test_issue_139_datetime_validation_compatibility.py::TestIssue139DatetimeValidationCompatibility::test_validation_with_datetime_after_column_rename	expression_conversion_column_operation	TypeError: argument 'expr': 'ColumnOperation' object cannot be converted to 'Column'
tests/test_issue_200_list_rows_with_column_schema.py::TestIssue200ListRowsWithColumnSchema::test_createDataFrame_list_rows_with_column_schema	wrapper_columns_callable	AssertionError: assert <function _PySparkCompatDataFrame.__getattr__.<locals>._wrapped at 0x117db9820> == ['column1', 'column2', 'column3']
tests/test_issue_287_na_replace.py::TestIssue287NAReplace::test_na_replace_preserves_other_columns	wrapper_nacompat_replace	AttributeError: '_NaCompat' object has no attribute 'replace'
tests/test_issue_145_string_cast.py::test_string_cast_schema_is_string_type	expression_conversion_column_operation	TypeError: argument 'expr': 'ColumnOperation' object cannot be converted to 'Column'
tests/test_issue_290_udf_multiple_arguments.py::TestIssue290UdfMultipleArguments::test_udf_with_nulls	expression_conversion_column_operation	TypeError: argument 'expr': 'ColumnOperation' object cannot be converted to 'Column'
tests/test_issue_260_eq_null_safe.py::TestIssue260EqNullSafe::test_eqnullsafe_with_column_vs_literal	wrapper_dataframe_where	AttributeError: 'builtins.DataFrame' object has no attribute 'where'
tests/test_issue_200_list_rows_with_column_schema.py::TestIssue200ListRowsWithColumnSchema::test_createDataFrame_tuple_rows_still_work	wrapper_columns_callable	AssertionError: assert <function _PySparkCompatDataFrame.__getattr__.<locals>._wrapped at 0x117dda3a0> == ['column1', 'column2', 'column3']
tests/test_issue_287_na_replace.py::TestIssue287NAReplace::test_na_replace_case_insensitive_column_name	wrapper_nacompat_replace	AttributeError: '_NaCompat' object has no attribute 'replace'
tests/test_issue_286_aggregate_function_arithmetic.py::TestIssue286AggregateFunctionArithmetic::test_count_distinct_minus_one	expression_conversion_column_operation	TypeError: argument 'exprs': 'ColumnOperation' object cannot be converted to 'Column'
tests/test_column_availability.py::TestColumnAvailability::test_materialized_columns_are_available	createDataFrame_schema_or_columns	TypeError: argument of type 'function' is not iterable
tests/test_issue_145_string_cast.py::test_string_cast_works_with_to_timestamp	expression_conversion_column_operation	TypeError: argument 'expr': 'ColumnOperation' object cannot be converted to 'Column'
tests/test_issue_260_eq_null_safe.py::TestIssue260EqNullSafe::test_eqnullsafe_with_integer_literal	wrapper_dataframe_where	AttributeError: 'builtins.DataFrame' object has no attribute 'where'
tests/test_issue_200_list_rows_with_column_schema.py::TestIssue200ListRowsWithColumnSchema::test_createDataFrame_mixed_list_and_tuple_rows	wrapper_columns_callable	AssertionError: assert <function _PySparkCompatDataFrame.__getattr__.<locals>._wrapped at 0x117dda940> == ['column1', 'column2']
tests/test_issue_145_string_cast.py::test_string_cast_from_datetime_column	expression_conversion_column_operation	TypeError: argument 'expr': 'ColumnOperation' object cannot be converted to 'Column'
tests/test_issue_290_udf_multiple_arguments.py::TestIssue290UdfMultipleArguments::test_udf_mixed_types	expression_conversion_column_operation	TypeError: argument 'expr': 'ColumnOperation' object cannot be converted to 'Column'
tests/test_column_availability.py::TestColumnAvailability::test_columns_available_after_collect	createDataFrame_schema_or_columns	TypeError: argument of type 'function' is not iterable
tests/test_issue_149_to_timestamp_string.py::TestIssue149ToTimestampString::test_to_timestamp_with_regexp_replace_cast_string	expression_conversion_column_operation	TypeError: argument 'expr': 'ColumnOperation' object cannot be converted to 'Column'
tests/test_issue_260_eq_null_safe.py::TestIssue260EqNullSafe::test_eqnullsafe_in_join_condition	wrapper_crossjoin	AttributeError: 'builtins.DataFrame' object has no attribute 'crossJoin'
tests/test_issue_290_udf_multiple_arguments.py::TestIssue290UdfMultipleArguments::test_udf_single_argument_still_works	expression_conversion_column_operation	TypeError: argument 'expr': 'ColumnOperation' object cannot be converted to 'Column'
tests/test_issue_149_to_timestamp_string.py::TestIssue149ToTimestampString::test_to_timestamp_with_nested_cast_string	expression_conversion_column_operation	TypeError: argument 'expr': 'ColumnOperation' object cannot be converted to 'Column'
tests/test_issue_260_eq_null_safe.py::TestIssue260EqNullSafe::test_eqnullsafe_with_type_coercion	wrapper_dataframe_where	AttributeError: 'builtins.DataFrame' object has no attribute 'where'
tests/test_column_availability.py::TestColumnAvailability::test_columns_available_after_show	createDataFrame_schema_or_columns	TypeError: argument of type 'function' is not iterable
tests/parity/dataframe/test_join.py::TestJoinParity::test_cross_join	wrapper_crossjoin	AttributeError: 'builtins.DataFrame' object has no attribute 'crossJoin'
tests/test_issue_290_udf_multiple_arguments.py::TestIssue290UdfMultipleArguments::test_udf_four_arguments	expression_conversion_column_operation	TypeError: argument 'expr': 'ColumnOperation' object cannot be converted to 'Column'
tests/test_issue_149_to_timestamp_string.py::TestIssue149ToTimestampString::test_to_timestamp_with_string_operations	expression_conversion_column_operation	TypeError: argument 'expr': 'ColumnOperation' object cannot be converted to 'Column'
tests/test_issue_290_udf_multiple_arguments.py::TestIssue290UdfMultipleArguments::test_udf_with_computed_columns	expression_conversion_column_operation	TypeError: argument 'expr': 'ColumnOperation' object cannot be converted to 'Column'
tests/test_issue_260_eq_null_safe.py::TestIssue260EqNullSafe::test_eqnullsafe_with_multiple_conditions	wrapper_dataframe_where	AttributeError: 'builtins.DataFrame' object has no attribute 'where'
tests/test_column_availability.py::TestColumnAvailability::test_dataframe_is_marked_materialized	wrapper_materialized	AttributeError: 'builtins.DataFrame' object has no attribute '_materialized'
tests/test_issue_260_eq_null_safe.py::TestIssue260EqNullSafe::test_eqnullsafe_with_empty_dataframe	wrapper_dataframe_where	AttributeError: 'builtins.DataFrame' object has no attribute 'where'
tests/test_issue_290_udf_multiple_arguments.py::TestIssue290UdfMultipleArguments::test_udf_decorator_pattern	expression_conversion_column_operation	TypeError: argument 'expr': 'ColumnOperation' object cannot be converted to 'Column'
tests/test_issue_286_aggregate_function_arithmetic.py::TestIssue286AggregateFunctionArithmetic::test_reverse_operations	expression_conversion_column_operation	TypeError: argument 'exprs': 'ColumnOperation' object cannot be converted to 'Column'
tests/test_delta_lake_schema_evolution.py::TestDeltaLakeSchemaEvolution::test_lit_none_works	expression_conversion_literal	TypeError: argument 'expr': 'Literal' object cannot be converted to 'Column'
tests/test_issue_290_udf_multiple_arguments.py::TestIssue290UdfMultipleArguments::test_udf_empty_dataframe	expression_conversion_column_operation	TypeError: argument 'expr': 'ColumnOperation' object cannot be converted to 'Column'
tests/test_issue_286_aggregate_function_arithmetic.py::TestIssue286AggregateFunctionArithmetic::test_chained_arithmetic	expression_conversion_column_operation	TypeError: argument 'exprs': 'ColumnOperation' object cannot be converted to 'Column'
tests/test_issue_290_udf_multiple_arguments.py::TestIssue290UdfMultipleArguments::test_udf_five_arguments	expression_conversion_column_operation	TypeError: argument 'expr': 'ColumnOperation' object cannot be converted to 'Column'
tests/test_delta_lake_schema_evolution.py::TestDeltaLakeSchemaEvolution::test_type_casting_works	expression_conversion_column_operation	TypeError: argument 'expr': 'ColumnOperation' object cannot be converted to 'Column'
tests/test_issue_260_eq_null_safe.py::TestIssue260EqNullSafe::test_eqnullsafe_with_all_null_columns	wrapper_dataframe_where	AttributeError: 'builtins.DataFrame' object has no attribute 'where'
tests/test_issue_290_udf_multiple_arguments.py::TestIssue290UdfMultipleArguments::test_udf_with_float_arguments	expression_conversion_column_operation	TypeError: argument 'expr': 'ColumnOperation' object cannot be converted to 'Column'
tests/test_issue_203_filter_with_string.py::TestIssue203FilterWithString::test_where_with_string_expression	wrapper_dataframe_where	AttributeError: 'builtins.DataFrame' object has no attribute 'where'
tests/test_issue_260_eq_null_safe.py::TestIssue260EqNullSafe::test_eqnullsafe_with_no_matching_nulls	wrapper_dataframe_where	AttributeError: 'builtins.DataFrame' object has no attribute 'where'
tests/test_delta_lake_schema_evolution.py::TestDeltaLakeSchemaEvolution::test_null_literal_casting_to_various_types	expression_conversion_column_operation	TypeError: argument 'expr': 'ColumnOperation' object cannot be converted to 'Column'
tests/test_issue_290_udf_multiple_arguments.py::TestIssue290UdfMultipleArguments::test_udf_with_boolean_arguments	expression_conversion_column_operation	TypeError: argument 'expr': 'ColumnOperation' object cannot be converted to 'Column'
tests/test_issue_260_eq_null_safe.py::TestIssue260EqNullSafe::test_eqnullsafe_with_mixed_types_and_nulls	wrapper_dataframe_where	AttributeError: 'builtins.DataFrame' object has no attribute 'where'
tests/test_delta_lake_schema_evolution.py::TestDeltaLakeSchemaEvolution::test_null_cast_preserves_schema_type	expression_conversion_column_operation	TypeError: argument 'expr': 'ColumnOperation' object cannot be converted to 'Column'
tests/test_issue_261_between.py::TestIssue261Between::test_between_example_from_issue_261	wrapper_dataframe_where	AttributeError: 'builtins.DataFrame' object has no attribute 'where'
tests/test_issue_212_select_with_column_list.py::test_select_with_list_of_column_objects	createDataFrame_schema_or_columns	TypeError: argument of type 'function' is not iterable
tests/test_delta_lake_schema_evolution.py::TestDeltaLakeSchemaEvolution::test_add_column_with_null_and_type	expression_conversion_column_operation	TypeError: argument 'expr': 'ColumnOperation' object cannot be converted to 'Column'
tests/parity/internal/test_session.py::TestSessionParity::test_createDataFrame_from_list_of_dicts	createDataFrame_schema_or_columns	TypeError: argument of type 'function' is not iterable
tests/test_issue_212_select_with_column_list.py::test_select_with_list_of_strings	createDataFrame_schema_or_columns	TypeError: argument of type 'function' is not iterable
tests/test_issue_290_udf_multiple_arguments.py::TestIssue290UdfMultipleArguments::test_udf_in_orderby	expression_conversion_column_operation	TypeError: argument 'expr': 'ColumnOperation' object cannot be converted to 'Column'
tests/test_issue_290_udf_multiple_arguments.py::TestIssue290UdfMultipleArguments::test_udf_mixed_string_and_column_objects	expression_conversion_column_operation	TypeError: argument 'expr': 'ColumnOperation' object cannot be converted to 'Column'
tests/test_issue_212_select_with_column_list.py::test_select_with_mixed_list	createDataFrame_schema_or_columns	TypeError: argument of type 'function' is not iterable
tests/test_issue_156_select_dropped_column.py::test_select_dropped_column_raises_proper_error	expression_conversion_column_operation	TypeError: argument 'expr': 'ColumnOperation' object cannot be converted to 'Column'
tests/parity/internal/test_session.py::TestSessionParity::test_createDataFrame_with_explicit_schema	createDataFrame_schema_inference	AssertionError: assert StringType(nullable=True) == IntegerType(nullable=True)
tests/test_delta_lake_schema_evolution.py::TestDeltaLakeSchemaEvolution::test_add_column_from_struct_field	expression_conversion_column_operation	TypeError: argument 'expr': 'ColumnOperation' object cannot be converted to 'Column'
tests/test_issue_286_aggregate_function_arithmetic.py::TestIssue286AggregateFunctionArithmetic::test_stddev_arithmetic	expression_conversion_column_operation	TypeError: argument 'exprs': 'ColumnOperation' object cannot be converted to 'Column'
tests/test_issue_290_udf_multiple_arguments.py::TestIssue290UdfMultipleArguments::test_udf_nested_with_arithmetic	expression_conversion_column_operation	TypeError: argument 'expr': 'ColumnOperation' object cannot be converted to 'Column'
tests/test_issue_286_aggregate_function_arithmetic.py::TestIssue286AggregateFunctionArithmetic::test_variance_arithmetic	expression_conversion_column_operation	TypeError: argument 'exprs': 'ColumnOperation' object cannot be converted to 'Column'
tests/test_issue_158_dropped_column_error.py::TestIssue158DroppedColumnError::test_select_dropped_column_raises_consistent_error	expression_conversion_column_operation	TypeError: argument 'expr': 'ColumnOperation' object cannot be converted to 'Column'
tests/test_issue_290_udf_multiple_arguments.py::TestIssue290UdfMultipleArguments::test_udf_with_date_operations	expression_conversion_column_operation	TypeError: argument 'expr': 'ColumnOperation' object cannot be converted to 'Column'
tests/parity/functions/test_array.py::TestArrayFunctionsParity::test_array_contains	expression_conversion_other	TypeError: argument 'value': 'int' object cannot be converted to 'Column'
tests/test_issue_290_udf_multiple_arguments.py::TestIssue290UdfMultipleArguments::test_udf_in_join_condition	expression_conversion_column_operation	TypeError: argument 'expr': 'ColumnOperation' object cannot be converted to 'Column'
tests/parity/functions/test_array.py::TestArrayFunctionsParity::test_array_position	expression_conversion_other	TypeError: argument 'value': 'int' object cannot be converted to 'Column'
tests/test_issue_290_udf_multiple_arguments.py::TestIssue290UdfMultipleArguments::test_udf_with_conditional_logic	expression_conversion_column_operation	TypeError: argument 'expr': 'ColumnOperation' object cannot be converted to 'Column'
tests/test_issue_290_udf_multiple_arguments.py::TestIssue290UdfMultipleArguments::test_udf_six_arguments	expression_conversion_column_operation	TypeError: argument 'expr': 'ColumnOperation' object cannot be converted to 'Column'
tests/test_issue_160_dropped_column_execution_plan.py::TestIssue160DroppedColumnExecutionPlan::test_dropped_column_in_execution_plan	expression_conversion_column_operation	TypeError: argument 'expr': 'ColumnOperation' object cannot be converted to 'Column'
tests/test_issue_290_udf_multiple_arguments.py::TestIssue290UdfMultipleArguments::test_udf_with_all_null_arguments	expression_conversion_column_operation	TypeError: argument 'expr': 'ColumnOperation' object cannot be converted to 'Column'
tests/test_issue_160_dropped_column_execution_plan.py::TestIssue160DroppedColumnExecutionPlan::test_dropped_column_with_cache	expression_conversion_column_operation	TypeError: argument 'expr': 'ColumnOperation' object cannot be converted to 'Column'
tests/test_issue_290_udf_multiple_arguments.py::TestIssue290UdfMultipleArguments::test_udf_with_string_functions	expression_conversion_column_operation	TypeError: argument 'expr': 'ColumnOperation' object cannot be converted to 'Column'
tests/test_issue_290_udf_multiple_arguments.py::TestIssue290UdfMultipleArguments::test_udf_chained_operations	expression_conversion_column_operation	TypeError: argument 'expr': 'ColumnOperation' object cannot be converted to 'Column'
tests/test_issue_290_udf_multiple_arguments.py::TestIssue290UdfMultipleArguments::test_udf_with_large_number_of_columns	expression_conversion_column_operation	TypeError: argument 'expr': 'ColumnOperation' object cannot be converted to 'Column'
tests/test_issue_160_reproduce_bug.py::TestIssue160ReproduceBug::test_bug_reproduction_with_150_rows	expression_conversion_column_operation	TypeError: argument 'expr': 'ColumnOperation' object cannot be converted to 'Column'
tests/test_issue_160_reproduce_bug.py::TestIssue160ReproduceBug::test_bug_does_not_occur_with_2_rows	expression_conversion_column_operation	TypeError: argument 'expr': 'ColumnOperation' object cannot be converted to 'Column'
tests/test_issue_287_na_replace.py::TestIssue287NAReplace::test_na_replace_with_dict_and_subset	wrapper_nacompat_replace	AttributeError: '_NaCompat' object has no attribute 'replace'
tests/test_issue_160_with_cache_enabled.py::test_bug_with_cache_enabled	expression_conversion_column_operation	TypeError: argument 'expr': 'ColumnOperation' object cannot be converted to 'Column'
tests/test_issue_287_na_replace.py::TestIssue287NAReplace::test_na_replace_with_dict_no_subset	wrapper_nacompat_replace	AttributeError: '_NaCompat' object has no attribute 'replace'
tests/parity/functions/test_string.py::TestStringFunctionsParity::test_column_astype_method	expression_conversion_column_operation	TypeError: argument 'expr': 'ColumnOperation' object cannot be converted to 'Column'
tests/test_issue_287_na_replace.py::TestIssue287NAReplace::test_na_replace_single_value	wrapper_nacompat_replace	AttributeError: '_NaCompat' object has no attribute 'replace'
tests/test_issue_287_na_replace.py::TestIssue287NAReplace::test_na_replace_list_with_single_value	wrapper_nacompat_replace	AttributeError: '_NaCompat' object has no attribute 'replace'
tests/test_issue_163_validation_after_drop.py::TestIssue163ValidationAfterDrop::test_validation_after_drop_columns	expression_conversion_column_operation	TypeError: argument 'expr': 'ColumnOperation' object cannot be converted to 'Column'
tests/test_issue_287_na_replace.py::TestIssue287NAReplace::test_na_replace_list_with_list	wrapper_nacompat_replace	AttributeError: '_NaCompat' object has no attribute 'replace'
tests/test_issue_287_na_replace.py::TestIssue287NAReplace::test_na_replace_with_string_subset	wrapper_nacompat_replace	AttributeError: '_NaCompat' object has no attribute 'replace'
tests/parity/functions/test_array.py::TestArrayFunctionsParity::test_array_remove	expression_conversion_other	TypeError: argument 'value': 'int' object cannot be converted to 'Column'
tests/test_issue_287_na_replace.py::TestIssue287NAReplace::test_na_replace_with_tuple_subset	wrapper_nacompat_replace	AttributeError: '_NaCompat' object has no attribute 'replace'
tests/test_issue_287_na_replace.py::TestIssue287NAReplace::test_na_replace_multiple_columns	wrapper_nacompat_replace	AttributeError: '_NaCompat' object has no attribute 'replace'
tests/test_issue_165_to_date_timestamp_type.py::TestIssue165ToDateTimestampType::test_to_date_with_timestamp_type	expression_conversion_column_operation	TypeError: argument 'expr': 'ColumnOperation' object cannot be converted to 'Column'
tests/test_issue_287_na_replace.py::TestIssue287NAReplace::test_na_replace_with_numeric_values	wrapper_nacompat_replace	AttributeError: '_NaCompat' object has no attribute 'replace'
tests/test_issue_165_to_date_timestamp_type.py::TestIssue165ToDateTimestampType::test_to_date_with_string_type	expression_conversion_column_operation	TypeError: argument 'expr': 'ColumnOperation' object cannot be converted to 'Column'
tests/test_issue_287_na_replace.py::TestIssue287NAReplace::test_na_replace_no_matches	wrapper_nacompat_replace	AttributeError: '_NaCompat' object has no attribute 'replace'
tests/test_issue_165_to_date_timestamp_type.py::TestIssue165ToDateTimestampType::test_to_date_with_date_type	expression_conversion_column_operation	TypeError: argument 'expr': 'ColumnOperation' object cannot be converted to 'Column'
tests/test_issue_287_na_replace.py::TestIssue287NAReplace::test_na_replace_partial_matches	wrapper_nacompat_replace	AttributeError: '_NaCompat' object has no attribute 'replace'
tests/test_issue_166_unix_timestamp.py::TestIssue166UnixTimestamp::test_unix_timestamp_with_timestamp_column	expression_conversion_column_operation	TypeError: argument 'expr': 'ColumnOperation' object cannot be converted to 'Column'
tests/test_issue_166_unix_timestamp.py::TestIssue166UnixTimestamp::test_unix_timestamp_with_string_and_format	expression_conversion_column_operation	TypeError: argument 'expr': 'ColumnOperation' object cannot be converted to 'Column'
tests/test_function_api_compatibility.py::TestFunctionAPIs::test_current_date_is_function_not_method	expression_conversion_column_operation	TypeError: argument 'expr': 'ColumnOperation' object cannot be converted to 'Column'
tests/test_issue_287_na_replace.py::TestIssue287NAReplace::test_na_replace_chained_operations	wrapper_nacompat_replace	AttributeError: '_NaCompat' object has no attribute 'replace'
tests/test_issue_166_unix_timestamp.py::TestIssue166UnixTimestamp::test_unix_timestamp_current_timestamp	expression_conversion_column_operation	TypeError: argument 'expr': 'ColumnOperation' object cannot be converted to 'Column'
tests/test_function_api_compatibility.py::TestFunctionAPIs::test_current_timestamp_is_function_not_method	expression_conversion_column_operation	TypeError: argument 'expr': 'ColumnOperation' object cannot be converted to 'Column'
tests/test_issue_287_na_replace.py::TestIssue287NAReplace::test_na_replace_with_none_values	wrapper_nacompat_replace	AttributeError: '_NaCompat' object has no attribute 'replace'
tests/test_issue_287_na_replace.py::TestIssue287NAReplace::test_na_replace_with_none_as_replacement	wrapper_nacompat_replace	AttributeError: '_NaCompat' object has no attribute 'replace'
tests/test_issue_168_validation_after_drop.py::TestIssue168ValidationAfterDrop::test_validation_after_drop_columns	expression_conversion_column_operation	TypeError: argument 'expr': 'ColumnOperation' object cannot be converted to 'Column'
tests/test_issue_287_na_replace.py::TestIssue287NAReplace::test_na_replace_with_boolean_values	wrapper_nacompat_replace	AttributeError: '_NaCompat' object has no attribute 'replace'
tests/test_issue_260_eq_null_safe.py::TestIssue260EqNullSafe::test_eqnullsafe_example_from_issue_260	wrapper_dataframe_where	AttributeError: 'builtins.DataFrame' object has no attribute 'where'
tests/test_issue_287_na_replace.py::TestIssue287NAReplace::test_na_replace_with_type_coercion	wrapper_nacompat_replace	AttributeError: '_NaCompat' object has no attribute 'replace'
tests/test_issue_168_validation_after_drop.py::TestIssue168ValidationAfterDrop::test_validation_after_drop_with_nested_operations	expression_conversion_column_operation	TypeError: argument 'expr': 'ColumnOperation' object cannot be converted to 'Column'
tests/test_issue_287_na_replace.py::TestIssue287NAReplace::test_na_replace_with_special_characters	wrapper_nacompat_replace	AttributeError: '_NaCompat' object has no attribute 'replace'
tests/test_groupby_rollup_cube_with_list.py::test_groupBy_backward_compatibility	createDataFrame_schema_or_columns	TypeError: argument of type 'function' is not iterable
tests/test_issue_287_na_replace.py::TestIssue287NAReplace::test_na_replace_with_unicode	wrapper_nacompat_replace	AttributeError: '_NaCompat' object has no attribute 'replace'
tests/test_issue_287_na_replace.py::TestIssue287NAReplace::test_na_replace_with_zero_and_negative	wrapper_nacompat_replace	AttributeError: '_NaCompat' object has no attribute 'replace'
tests/test_issue_168_validation_after_drop.py::TestIssue168ValidationAfterDrop::test_validation_after_drop_with_complex_filter	expression_conversion_column_operation	TypeError: argument 'expr': 'ColumnOperation' object cannot be converted to 'Column'
tests/test_issue_287_na_replace.py::TestIssue287NAReplace::test_na_replace_with_empty_dict	wrapper_nacompat_replace	AttributeError: '_NaCompat' object has no attribute 'replace'
tests/test_issue_287_na_replace.py::TestIssue287NAReplace::test_na_replace_with_empty_list	wrapper_nacompat_replace	AttributeError: '_NaCompat' object has no attribute 'replace'
tests/test_issue_296_udf_decorator.py::TestIssue296UdfDecorator::test_udf_decorator_with_date_type	expression_conversion_column_operation	TypeError: argument 'expr': 'ColumnOperation' object cannot be converted to 'Column'
tests/test_issue_295_withColumnRenamed_nonexistent.py::TestIssue295WithColumnRenamedNonexistent::test_withColumnRenamed_existing_column_works	createDataFrame_schema_or_columns	TypeError: argument of type 'function' is not iterable
tests/test_issue_169_to_timestamp_drop_error.py::TestIssue169ToTimestampDropError::test_to_timestamp_drop_materialize_basic	expression_conversion_column_operation	TypeError: argument 'expr': 'ColumnOperation' object cannot be converted to 'Column'
tests/test_issue_296_udf_decorator.py::TestIssue296UdfDecorator::test_udf_decorator_with_timestamp_type	expression_conversion_column_operation	TypeError: argument 'expr': 'ColumnOperation' object cannot be converted to 'Column'
tests/test_issue_169_to_timestamp_drop_error.py::TestIssue169ToTimestampDropError::test_to_timestamp_drop_multiple_columns	expression_conversion_column_operation	TypeError: argument 'expr': 'ColumnOperation' object cannot be converted to 'Column'
tests/test_issue_296_udf_decorator.py::TestIssue296UdfDecorator::test_udf_decorator_with_array_type	expression_conversion_column_operation	TypeError: argument 'expr': 'ColumnOperation' object cannot be converted to 'Column'
tests/test_issue_135_datetime_filter.py::TestIssue135DatetimeFilter::test_to_timestamp_with_filter_isnotnull	expression_conversion_column_operation	TypeError: argument 'expr': 'ColumnOperation' object cannot be converted to 'Column'
tests/test_issue_169_to_timestamp_drop_error.py::TestIssue169ToTimestampDropError::test_to_timestamp_drop_with_select	expression_conversion_column_operation	TypeError: argument 'expr': 'ColumnOperation' object cannot be converted to 'Column'
tests/test_issue_296_udf_decorator.py::TestIssue296UdfDecorator::test_udf_decorator_three_arguments	expression_conversion_column_operation	TypeError: argument 'expr': 'ColumnOperation' object cannot be converted to 'Column'
tests/test_issue_169_to_timestamp_drop_error.py::TestIssue169ToTimestampDropError::test_to_timestamp_drop_with_filter	expression_conversion_column_operation	TypeError: argument 'expr': 'ColumnOperation' object cannot be converted to 'Column'
tests/test_issue_135_datetime_filter.py::TestIssue135DatetimeFilter::test_to_timestamp_with_filter_isnull	expression_conversion_column_operation	TypeError: argument 'expr': 'ColumnOperation' object cannot be converted to 'Column'
tests/parity/dataframe/test_window.py::TestWindowOperationsParity::test_row_number	expression_conversion_windowspec	TypeError: argument 'window': 'WindowSpec' object cannot be converted to 'Window'
tests/test_issue_296_udf_decorator.py::TestIssue296UdfDecorator::test_udf_decorator_with_join	expression_conversion_column_operation	TypeError: argument 'expr': 'ColumnOperation' object cannot be converted to 'Column'
tests/test_issue_135_datetime_filter.py::TestIssue135DatetimeFilter::test_to_timestamp_with_multiple_filters	expression_conversion_column_operation	TypeError: argument 'expr': 'ColumnOperation' object cannot be converted to 'Column'
tests/test_issue_135_datetime_filter.py::TestIssue135DatetimeFilter::test_to_timestamp_with_multiple_operations_and_filter	expression_conversion_column_operation	TypeError: argument 'expr': 'ColumnOperation' object cannot be converted to 'Column'
tests/parity/dataframe/test_window.py::TestWindowOperationsParity::test_rank	expression_conversion_other	TypeError: argument 'expr': 'WindowFunction' object cannot be converted to 'Column'
tests/test_issue_170_to_date_timestamp_type.py::TestIssue170ToDateTimestampType::test_to_date_on_timestamp_type_basic	expression_conversion_column_operation	TypeError: argument 'expr': 'ColumnOperation' object cannot be converted to 'Column'
tests/test_issue_170_to_date_timestamp_type.py::TestIssue170ToDateTimestampType::test_to_date_on_timestamp_type_with_drop	expression_conversion_column_operation	TypeError: argument 'expr': 'ColumnOperation' object cannot be converted to 'Column'
tests/test_issue_136_column_rename_validation.py::TestIssue136ColumnRenameValidation::test_column_rename_and_transform_with_filter	expression_conversion_column_operation	TypeError: argument 'expr': 'ColumnOperation' object cannot be converted to 'Column'
tests/test_issue_296_udf_decorator.py::TestIssue296UdfDecorator::test_udf_decorator_with_distinct	expression_conversion_column_operation	TypeError: argument 'expr': 'ColumnOperation' object cannot be converted to 'Column'
tests/parity/dataframe/test_window.py::TestWindowOperationsParity::test_dense_rank	expression_conversion_windowspec	TypeError: argument 'window': 'WindowSpec' object cannot be converted to 'Window'
tests/test_issue_170_to_date_timestamp_type.py::TestIssue170ToDateTimestampType::test_to_date_on_timestamp_type_with_select	expression_conversion_column_operation	TypeError: argument 'expr': 'ColumnOperation' object cannot be converted to 'Column'
tests/test_issue_296_udf_decorator.py::TestIssue296UdfDecorator::test_udf_decorator_with_orderby	expression_conversion_column_operation	TypeError: argument 'expr': 'ColumnOperation' object cannot be converted to 'Column'
tests/test_issue_170_to_date_timestamp_type.py::TestIssue170ToDateTimestampType::test_to_date_on_timestamp_type_with_filter	expression_conversion_column_operation	TypeError: argument 'expr': 'ColumnOperation' object cannot be converted to 'Column'
tests/parity/functions/test_log_float_constant_parity.py::TestLogFloatConstantParity::test_log_with_float_base_parity	expression_conversion_other	TypeError: argument 'col': 'float' object cannot be converted to 'Column'
tests/test_issue_136_column_rename_validation.py::TestIssue136ColumnRenameValidation::test_rename_then_add_column_then_filter	expression_conversion_column_operation	TypeError: argument 'expr': 'ColumnOperation' object cannot be converted to 'Column'
tests/test_issue_296_udf_decorator.py::TestIssue296UdfDecorator::test_udf_decorator_with_special_characters	expression_conversion_column_operation	TypeError: argument 'expr': 'ColumnOperation' object cannot be converted to 'Column'
tests/test_issue_137_datetime_validation.py::TestIssue137DatetimeValidation::test_datetime_validation_with_age_calculation	expression_conversion_column_operation	TypeError: argument 'expr': 'ColumnOperation' object cannot be converted to 'Column'
tests/test_issue_173_validation_during_materialization.py::TestIssue173ValidationDuringMaterialization::test_validation_during_materialization_with_dropped_columns	expression_conversion_column_operation	TypeError: argument 'expr': 'ColumnOperation' object cannot be converted to 'Column'
tests/test_issue_296_udf_decorator.py::TestIssue296UdfDecorator::test_udf_decorator_with_unicode	expression_conversion_column_operation	TypeError: argument 'expr': 'ColumnOperation' object cannot be converted to 'Column'
tests/test_issue_137_datetime_validation.py::TestIssue137DatetimeValidation::test_datetime_validation_simple_filter	expression_conversion_column_operation	TypeError: argument 'expr': 'ColumnOperation' object cannot be converted to 'Column'
tests/test_issue_188_string_concat_cache.py::TestStringConcatenationCacheEdgeCases::test_string_concat_with_empty_strings	expression_conversion_column_operation	TypeError: argument 'expr': 'ColumnOperation' object cannot be converted to 'Column'
tests/parity/functions/test_log_float_constant_parity.py::TestLogFloatConstantParity::test_log_with_different_bases_parity	expression_conversion_other	TypeError: argument 'col': 'float' object cannot be converted to 'Column'
tests/test_issue_137_datetime_validation.py::TestIssue137DatetimeValidation::test_datetime_validation_with_multiple_conditions	expression_conversion_column_operation	TypeError: argument 'expr': 'ColumnOperation' object cannot be converted to 'Column'
tests/test_issue_296_udf_decorator.py::TestIssue296UdfDecorator::test_udf_decorator_with_very_long_strings	expression_conversion_column_operation	TypeError: argument 'expr': 'ColumnOperation' object cannot be converted to 'Column'
tests/test_issue_188_string_concat_cache.py::TestStringConcatenationCacheEdgeCases::test_string_concat_with_none_values	expression_conversion_column_operation	TypeError: argument 'expr': 'ColumnOperation' object cannot be converted to 'Column'
tests/test_issue_138_column_drop_reference.py::TestIssue138ColumnDropReference::test_drop_column_after_transform	expression_conversion_column_operation	TypeError: argument 'expr': 'ColumnOperation' object cannot be converted to 'Column'
tests/parity/dataframe/test_window.py::TestWindowOperationsParity::test_cume_dist	expression_conversion_other	TypeError: argument 'expr': 'WindowFunction' object cannot be converted to 'Column'
tests/test_issue_296_udf_decorator.py::TestIssue296UdfDecorator::test_udf_decorator_with_conditional_logic	expression_conversion_column_operation	TypeError: argument 'expr': 'ColumnOperation' object cannot be converted to 'Column'
tests/test_issue_188_string_concat_cache.py::TestStringConcatenationCacheEdgeCases::test_nested_string_concat	expression_conversion_column_operation	TypeError: argument 'expr': 'ColumnOperation' object cannot be converted to 'Column'
tests/test_issue_138_column_drop_reference.py::TestIssue138ColumnDropReference::test_drop_multiple_columns_after_transform	expression_conversion_column_operation	TypeError: argument 'expr': 'ColumnOperation' object cannot be converted to 'Column'
tests/test_issue_188_string_concat_cache.py::TestStringConcatenationCacheEdgeCases::test_string_concat_vs_numeric_addition	expression_conversion_column_operation	TypeError: argument 'expr': 'ColumnOperation' object cannot be converted to 'Column'
tests/test_issue_296_udf_decorator.py::TestIssue296UdfDecorator::test_udf_decorator_with_exception_handling	expression_conversion_column_operation	TypeError: argument 'expr': 'ColumnOperation' object cannot be converted to 'Column'
tests/test_issue_336_window_function_comparison.py::TestIssue336WindowFunctionComparison::test_window_function_comparison_with_isnotnull	expression_conversion_other	TypeError: argument 'expr': 'CaseWhen' object cannot be converted to 'Column'
tests/test_issue_296_udf_decorator.py::TestIssue296UdfDecorator::test_udf_decorator_nested_calls	expression_conversion_column_operation	TypeError: argument 'expr': 'ColumnOperation' object cannot be converted to 'Column'
tests/test_issue_336_window_function_comparison.py::TestIssue336WindowFunctionComparison::test_window_function_comparison_with_null_values	expression_conversion_other	TypeError: argument 'expr': 'CaseWhen' object cannot be converted to 'Column'
tests/test_issue_296_udf_decorator.py::TestIssue296UdfDecorator::test_udf_decorator_with_float_precision	expression_conversion_column_operation	TypeError: argument 'expr': 'ColumnOperation' object cannot be converted to 'Column'
tests/parity/dataframe/test_window.py::TestWindowOperationsParity::test_last_value	expression_conversion_other	TypeError: argument 'expr': 'WindowFunction' object cannot be converted to 'Column'
tests/test_issue_296_udf_decorator.py::TestIssue296UdfDecorator::test_udf_decorator_with_boolean_logic	expression_conversion_column_operation	TypeError: argument 'expr': 'ColumnOperation' object cannot be converted to 'Column'
tests/parity/dataframe/test_window.py::TestWindowOperationsParity::test_percent_rank	expression_conversion_other	TypeError: argument 'expr': 'WindowFunction' object cannot be converted to 'Column'
tests/test_issue_296_udf_decorator.py::TestIssue296UdfDecorator::test_udf_decorator_with_drop_operation	expression_conversion_column_operation	TypeError: argument 'expr': 'ColumnOperation' object cannot be converted to 'Column'
tests/test_issue_336_window_function_comparison.py::TestIssue336WindowFunctionComparison::test_window_function_comparison_with_single_row	expression_conversion_other	TypeError: argument 'expr': 'CaseWhen' object cannot be converted to 'Column'
tests/parity/dataframe/test_window.py::TestWindowOperationsParity::test_ntile	expression_conversion_other	TypeError: argument 'expr': 'WindowFunction' object cannot be converted to 'Column'
tests/test_issue_296_udf_decorator.py::TestIssue296UdfDecorator::test_udf_decorator_multiple_chained_udfs	expression_conversion_column_operation	TypeError: argument 'expr': 'ColumnOperation' object cannot be converted to 'Column'
tests/test_issue_336_window_function_comparison.py::TestIssue336WindowFunctionComparison::test_window_function_comparison_with_large_dataset	expression_conversion_other	TypeError: argument 'expr': 'CaseWhen' object cannot be converted to 'Column'
tests/test_issue_296_udf_decorator.py::TestIssue296UdfDecorator::test_udf_decorator_with_all_null_inputs	expression_conversion_column_operation	TypeError: argument 'expr': 'ColumnOperation' object cannot be converted to 'Column'
tests/test_issue_336_window_function_comparison.py::TestIssue336WindowFunctionComparison::test_window_function_comparison_with_multiple_window_functions	expression_conversion_other	TypeError: argument 'expr': 'CaseWhen' object cannot be converted to 'Column'
tests/test_issue_296_udf_decorator.py::TestIssue296UdfDecorator::test_udf_decorator_with_mixed_types_in_udf	expression_conversion_column_operation	TypeError: argument 'expr': 'ColumnOperation' object cannot be converted to 'Column'
tests/test_issue_336_window_function_comparison.py::TestIssue336WindowFunctionComparison::test_window_function_comparison_with_arithmetic_operations	expression_conversion_column_operation	TypeError: argument 'expr': 'ColumnOperation' object cannot be converted to 'Column'
tests/test_issue_336_window_function_comparison.py::TestIssue336WindowFunctionComparison::test_window_function_comparison_with_select	expression_conversion_other	TypeError: argument 'expr': 'CaseWhen' object cannot be converted to 'Column'
tests/test_issue_296_udf_decorator.py::TestIssue296UdfDecorator::test_udf_decorator_idempotent_behavior	expression_conversion_column_operation	TypeError: argument 'expr': 'ColumnOperation' object cannot be converted to 'Column'
tests/test_issue_336_window_function_comparison.py::TestIssue336WindowFunctionComparison::test_window_function_comparison_with_orderby	expression_conversion_other	TypeError: argument 'expr': 'CaseWhen' object cannot be converted to 'Column'
tests/test_issue_336_window_function_comparison.py::TestIssue336WindowFunctionComparison::test_window_function_comparison_with_groupby	expression_conversion_other	TypeError: argument 'expr': 'CaseWhen' object cannot be converted to 'Column'
tests/test_issue_336_window_function_comparison.py::TestIssue336WindowFunctionComparison::test_window_function_comparison_with_join	expression_conversion_other	TypeError: argument 'expr': 'CaseWhen' object cannot be converted to 'Column'
tests/test_issue_296_udf_decorator.py::TestIssue296UdfDecorator::test_udf_decorator_with_return_type	expression_conversion_column_operation	TypeError: argument 'expr': 'ColumnOperation' object cannot be converted to 'Column'
tests/test_issue_336_window_function_comparison.py::TestIssue336WindowFunctionComparison::test_window_function_comparison_with_union	expression_conversion_other	TypeError: argument 'expr': 'CaseWhen' object cannot be converted to 'Column'
tests/test_issue_296_udf_decorator.py::TestIssue296UdfDecorator::test_udf_decorator_without_return_type	expression_conversion_column_operation	TypeError: argument 'expr': 'ColumnOperation' object cannot be converted to 'Column'
tests/test_issue_336_window_function_comparison.py::TestIssue336WindowFunctionComparison::test_window_function_comparison_with_distinct	expression_conversion_other	TypeError: argument 'expr': 'CaseWhen' object cannot be converted to 'Column'
tests/test_issue_296_udf_decorator.py::TestIssue296UdfDecorator::test_udf_decorator_with_integer_type	expression_conversion_column_operation	TypeError: argument 'expr': 'ColumnOperation' object cannot be converted to 'Column'
tests/test_issue_336_window_function_comparison.py::TestIssue336WindowFunctionComparison::test_window_function_comparison_with_limit	expression_conversion_other	TypeError: argument 'expr': 'CaseWhen' object cannot be converted to 'Column'
tests/test_issue_296_udf_decorator.py::TestIssue296UdfDecorator::test_udf_decorator_with_multiple_arguments	expression_conversion_column_operation	TypeError: argument 'expr': 'ColumnOperation' object cannot be converted to 'Column'
tests/parity/functions/test_to_date_format.py::TestToDateWithFormat::test_to_date_with_yyyy_mm_dd_format	expression_conversion_column_operation	TypeError: argument 'expr': 'ColumnOperation' object cannot be converted to 'Column'
tests/test_issue_296_udf_decorator.py::TestIssue296UdfDecorator::test_udf_decorator_in_select	expression_conversion_column_operation	TypeError: argument 'expr': 'ColumnOperation' object cannot be converted to 'Column'
tests/test_issue_297_join_different_case_select.py::TestIssue297JoinDifferentCaseSelect::test_single_match_preserves_original_name	createDataFrame_schema_or_columns	TypeError: argument of type 'function' is not iterable
tests/test_issue_336_window_function_comparison.py::TestIssue336WindowFunctionComparison::test_window_function_comparison_chained_operations	expression_conversion_other	TypeError: argument 'expr': 'CaseWhen' object cannot be converted to 'Column'
tests/test_issue_335_window_orderby_list.py::TestIssue335WindowOrderByList::test_window_orderby_list_with_percent_rank	expression_conversion_other	TypeError: argument 'expr': 'WindowFunction' object cannot be converted to 'Column'
tests/test_issue_332_cast_alias_select.py::TestIssue332CastAliasSelect::test_cast_alias_select_basic	expression_conversion_column_operation	TypeError: argument 'exprs': 'ColumnOperation' object cannot be converted to 'Column'
tests/parity/functions/test_to_date_format.py::TestToDateWithFormat::test_to_date_with_mm_slash_dd_slash_yyyy_format	expression_conversion_column_operation	TypeError: argument 'expr': 'ColumnOperation' object cannot be converted to 'Column'
tests/test_issue_336_window_function_comparison.py::TestIssue336WindowFunctionComparison::test_window_function_comparison_with_nested_select	expression_conversion_other	TypeError: argument 'expr': 'CaseWhen' object cannot be converted to 'Column'
tests/test_issue_335_window_orderby_list.py::TestIssue335WindowOrderByList::test_window_orderby_list_with_lag_lead	expression_conversion_other	TypeError: argument 'expr': 'WindowFunction' object cannot be converted to 'Column'
tests/test_issue_332_cast_alias_select.py::TestIssue332CastAliasSelect::test_cast_alias_select_multiple_aggregations	expression_conversion_column_operation	TypeError: argument 'exprs': 'ColumnOperation' object cannot be converted to 'Column'
tests/parity/functions/test_to_date_format.py::TestToDateWithFormat::test_to_date_with_dd_hyphen_mm_hyphen_yyyy_format	expression_conversion_column_operation	TypeError: argument 'expr': 'ColumnOperation' object cannot be converted to 'Column'
tests/test_issue_332_cast_alias_select.py::TestIssue332CastAliasSelect::test_cast_alias_select_different_cast_types	expression_conversion_column_operation	TypeError: argument 'exprs': 'ColumnOperation' object cannot be converted to 'Column'
tests/parity/functions/test_to_date_format.py::TestToDateWithFormat::test_to_date_without_format_string	expression_conversion_column_operation	TypeError: argument 'expr': 'ColumnOperation' object cannot be converted to 'Column'
tests/test_issue_335_window_orderby_list.py::TestIssue335WindowOrderByList::test_window_orderby_list_with_first_last_value	expression_conversion_other	TypeError: argument 'expr': 'WindowFunction' object cannot be converted to 'Column'
tests/test_issue_336_window_function_comparison.py::TestIssue336WindowFunctionComparison::test_window_function_comparison_with_case_when_chain	expression_conversion_other	TypeError: argument 'expr': 'CaseWhen' object cannot be converted to 'Column'
tests/test_issue_296_udf_decorator.py::TestIssue296UdfDecorator::test_udf_decorator_with_string_names	expression_conversion_column_operation	TypeError: argument 'expr': 'ColumnOperation' object cannot be converted to 'Column'
tests/parity/functions/test_to_date_issue_126.py::TestToDateIssue126::test_issue_126_reproduction	expression_conversion_column_operation	TypeError: argument 'expr': 'ColumnOperation' object cannot be converted to 'Column'
tests/test_issue_332_cast_alias_select.py::TestIssue332CastAliasSelect::test_cast_alias_select_with_withcolumn	expression_conversion_column_operation	TypeError: argument 'expr': 'ColumnOperation' object cannot be converted to 'Column'
tests/test_issue_335_window_orderby_list.py::TestIssue335WindowOrderByList::test_window_orderby_list_with_ntile	expression_conversion_other	TypeError: argument 'expr': 'WindowFunction' object cannot be converted to 'Column'
tests/test_issue_336_window_function_comparison.py::TestIssue336WindowFunctionComparison::test_window_function_comparison_with_coalesce	expression_conversion_other	TypeError: argument 'expr': 'CaseWhen' object cannot be converted to 'Column'
tests/test_issue_329_log_float_constant.py::TestIssue329LogFloatConstant::test_log_with_float_base	expression_conversion_other	TypeError: argument 'col': 'float' object cannot be converted to 'Column'
tests/test_issue_296_udf_decorator.py::TestIssue296UdfDecorator::test_udf_decorator_chained_operations	expression_conversion_column_operation	TypeError: argument 'expr': 'ColumnOperation' object cannot be converted to 'Column'
tests/test_issue_332_cast_alias_select.py::TestIssue332CastAliasSelect::test_cast_alias_select_nested_operations	expression_conversion_column_operation	TypeError: argument 'exprs': 'ColumnOperation' object cannot be converted to 'Column'
tests/test_issue_336_window_function_comparison.py::TestIssue336WindowFunctionComparison::test_window_function_comparison_with_all_null_partition	expression_conversion_other	TypeError: argument 'expr': 'CaseWhen' object cannot be converted to 'Column'
tests/test_issue_335_window_orderby_list.py::TestIssue335WindowOrderByList::test_window_orderby_list_with_cume_dist	expression_conversion_other	TypeError: argument 'expr': 'WindowFunction' object cannot be converted to 'Column'
tests/test_issue_336_window_function_comparison.py::TestIssue336WindowFunctionComparison::test_window_function_comparison_with_cast	expression_conversion_other	TypeError: argument 'expr': 'CaseWhen' object cannot be converted to 'Column'
tests/test_issue_329_log_float_constant.py::TestIssue329LogFloatConstant::test_log_with_int_base	expression_conversion_other	TypeError: argument 'col': 'int' object cannot be converted to 'Column'
tests/test_issue_296_udf_decorator.py::TestIssue296UdfDecorator::test_udf_decorator_vs_function_interface	expression_conversion_column_operation	TypeError: argument 'expr': 'ColumnOperation' object cannot be converted to 'Column'
tests/test_issue_332_cast_alias_select.py::TestIssue332CastAliasSelect::test_cast_alias_select_with_filter	expression_conversion_column_operation	TypeError: argument 'exprs': 'ColumnOperation' object cannot be converted to 'Column'
tests/test_issue_336_window_function_comparison.py::TestIssue336WindowFunctionComparison::test_window_function_comparison_with_mixed_types	expression_conversion_other	TypeError: argument 'expr': 'CaseWhen' object cannot be converted to 'Column'
tests/test_issue_335_window_orderby_list.py::TestIssue335WindowOrderByList::test_window_orderby_list_chained_operations	expression_conversion_other	TypeError: argument 'expr': 'WindowFunction' object cannot be converted to 'Column'
tests/test_issue_336_window_function_comparison.py::TestIssue336WindowFunctionComparison::test_window_function_comparison_with_avg	expression_conversion_other	TypeError: argument 'expr': 'CaseWhen' object cannot be converted to 'Column'
tests/test_issue_296_udf_decorator.py::TestIssue296UdfDecorator::test_udf_decorator_with_null_values	expression_conversion_column_operation	TypeError: argument 'expr': 'ColumnOperation' object cannot be converted to 'Column'
tests/test_issue_332_cast_alias_select.py::TestIssue332CastAliasSelect::test_cast_alias_select_with_orderby	expression_conversion_column_operation	TypeError: argument 'exprs': 'ColumnOperation' object cannot be converted to 'Column'
tests/test_issue_335_window_orderby_list.py::TestIssue335WindowOrderByList::test_window_orderby_list_with_groupby	expression_conversion_other	TypeError: argument 'expr': 'WindowFunction' object cannot be converted to 'Column'
tests/test_issue_329_log_float_constant.py::TestIssue329LogFloatConstant::test_log_with_different_bases	expression_conversion_other	TypeError: argument 'col': 'float' object cannot be converted to 'Column'
tests/test_issue_336_window_function_comparison.py::TestIssue336WindowFunctionComparison::test_window_function_comparison_with_desc_ordering	expression_conversion_other	TypeError: argument 'expr': 'CaseWhen' object cannot be converted to 'Column'
tests/test_issue_336_window_function_comparison.py::TestIssue336WindowFunctionComparison::test_window_function_comparison_with_max	expression_conversion_other	TypeError: argument 'expr': 'CaseWhen' object cannot be converted to 'Column'
tests/test_issue_332_cast_alias_select.py::TestIssue332CastAliasSelect::test_cast_alias_select_backward_compatibility	expression_conversion_other	TypeError: argument 'exprs': 'AggregateFunction' object cannot be converted to 'Column'
tests/test_issue_296_udf_decorator.py::TestIssue296UdfDecorator::test_udf_decorator_with_different_data_types	expression_conversion_column_operation	TypeError: argument 'expr': 'ColumnOperation' object cannot be converted to 'Column'
tests/test_issue_335_window_orderby_list.py::TestIssue335WindowOrderByList::test_window_orderby_list_with_join	expression_conversion_other	TypeError: argument 'expr': 'WindowFunction' object cannot be converted to 'Column'
tests/test_issue_336_window_function_comparison.py::TestIssue336WindowFunctionComparison::test_window_function_comparison_with_asc_ordering	expression_conversion_other	TypeError: argument 'expr': 'CaseWhen' object cannot be converted to 'Column'
tests/test_issue_296_udf_decorator.py::TestIssue296UdfDecorator::test_udf_decorator_multiple_udfs_same_dataframe	expression_conversion_column_operation	TypeError: argument 'expr': 'ColumnOperation' object cannot be converted to 'Column'
tests/test_issue_336_window_function_comparison.py::TestIssue336WindowFunctionComparison::test_window_function_comparison_with_min	expression_conversion_other	TypeError: argument 'expr': 'CaseWhen' object cannot be converted to 'Column'
tests/test_issue_332_cast_alias_select.py::TestIssue332CastAliasSelect::test_cast_alias_select_empty_dataframe	expression_conversion_column_operation	TypeError: argument 'exprs': 'ColumnOperation' object cannot be converted to 'Column'
tests/test_issue_335_window_orderby_list.py::TestIssue335WindowOrderByList::test_window_orderby_list_with_union	expression_conversion_other	TypeError: argument 'expr': 'WindowFunction' object cannot be converted to 'Column'
tests/test_issue_329_log_float_constant.py::TestIssue329LogFloatConstant::test_log_with_null_values	expression_conversion_other	TypeError: argument 'col': 'float' object cannot be converted to 'Column'
tests/test_issue_332_cast_alias_select.py::TestIssue332CastAliasSelect::test_cast_alias_select_all_null_values	expression_conversion_column_operation	TypeError: argument 'exprs': 'ColumnOperation' object cannot be converted to 'Column'
tests/test_issue_336_window_function_comparison.py::TestIssue336WindowFunctionComparison::test_window_function_comparison_with_multiple_orderby_columns	expression_conversion_other	TypeError: argument 'expr': 'CaseWhen' object cannot be converted to 'Column'
tests/test_issue_296_udf_decorator.py::TestIssue296UdfDecorator::test_udf_decorator_with_computed_columns	expression_conversion_column_operation	TypeError: argument 'expr': 'ColumnOperation' object cannot be converted to 'Column'
tests/test_issue_336_window_function_comparison.py::TestIssue336WindowFunctionComparison::test_window_function_comparison_with_count	expression_conversion_other	TypeError: argument 'expr': 'CaseWhen' object cannot be converted to 'Column'
tests/test_issue_335_window_orderby_list.py::TestIssue335WindowOrderByList::test_window_orderby_list_with_select_expr	expression_conversion_other	TypeError: argument 'expr': 'WindowFunction' object cannot be converted to 'Column'
tests/test_issue_329_log_float_constant.py::TestIssue329LogFloatConstant::test_log_in_with_column	expression_conversion_other	TypeError: argument 'col': 'float' object cannot be converted to 'Column'
tests/test_issue_332_cast_alias_select.py::TestIssue332CastAliasSelect::test_cast_alias_select_mixed_null_values	expression_conversion_column_operation	TypeError: argument 'exprs': 'ColumnOperation' object cannot be converted to 'Column'
tests/test_issue_296_udf_decorator.py::TestIssue296UdfDecorator::test_udf_decorator_empty_dataframe	expression_conversion_column_operation	TypeError: argument 'expr': 'ColumnOperation' object cannot be converted to 'Column'
tests/test_issue_336_window_function_comparison.py::TestIssue336WindowFunctionComparison::test_window_function_comparison_with_ntile	expression_conversion_other	TypeError: argument 'expr': 'CaseWhen' object cannot be converted to 'Column'
tests/test_issue_335_window_orderby_list.py::TestIssue335WindowOrderByList::test_window_orderby_list_with_withcolumn_renamed	expression_conversion_other	TypeError: argument 'expr': 'WindowFunction' object cannot be converted to 'Column'
tests/test_issue_332_cast_alias_select.py::TestIssue332CastAliasSelect::test_cast_alias_select_all_aggregation_functions	expression_conversion_column_operation	TypeError: argument 'exprs': 'ColumnOperation' object cannot be converted to 'Column'
tests/test_issue_329_log_float_constant.py::TestIssue329LogFloatConstant::test_log_edge_cases	expression_conversion_other	TypeError: argument 'col': 'float' object cannot be converted to 'Column'
tests/test_issue_336_window_function_comparison.py::TestIssue336WindowFunctionComparison::test_window_function_comparison_with_window_function_in_value	expression_conversion_other	TypeError: argument 'expr': 'WindowFunction' object cannot be converted to 'Column'
tests/test_issue_336_window_function_comparison.py::TestIssue336WindowFunctionComparison::test_window_function_comparison_with_cume_dist	expression_conversion_other	TypeError: argument 'expr': 'CaseWhen' object cannot be converted to 'Column'
tests/test_issue_335_window_orderby_list.py::TestIssue335WindowOrderByList::test_window_orderby_list_with_distinct	expression_conversion_other	TypeError: argument 'expr': 'WindowFunction' object cannot be converted to 'Column'
tests/test_issue_332_cast_alias_select.py::TestIssue332CastAliasSelect::test_cast_alias_select_complex_nested_operations	expression_conversion_column_operation	TypeError: argument 'exprs': 'ColumnOperation' object cannot be converted to 'Column'
tests/test_issue_335_window_orderby_list.py::TestIssue335WindowOrderByList::test_window_orderby_list_with_orderby_dataframe	expression_conversion_other	TypeError: argument 'expr': 'WindowFunction' object cannot be converted to 'Column'
tests/test_issue_336_window_function_comparison.py::TestIssue336WindowFunctionComparison::test_window_function_comparison_with_first_value	expression_conversion_other	TypeError: argument 'expr': 'CaseWhen' object cannot be converted to 'Column'
tests/test_issue_332_cast_alias_select.py::TestIssue332CastAliasSelect::test_cast_alias_select_with_join	expression_conversion_column_operation	TypeError: argument 'exprs': 'ColumnOperation' object cannot be converted to 'Column'
tests/test_issue_335_window_orderby_list.py::TestIssue335WindowOrderByList::test_window_orderby_list_with_limit	expression_conversion_other	TypeError: argument 'expr': 'WindowFunction' object cannot be converted to 'Column'
tests/test_issue_332_cast_alias_select.py::TestIssue332CastAliasSelect::test_cast_alias_select_with_union	expression_conversion_column_operation	TypeError: argument 'exprs': 'ColumnOperation' object cannot be converted to 'Column'
tests/test_issue_336_window_function_comparison.py::TestIssue336WindowFunctionComparison::test_window_function_comparison_with_last_value	expression_conversion_other	TypeError: argument 'expr': 'CaseWhen' object cannot be converted to 'Column'
tests/test_issue_330_struct_field_alias.py::TestIssue330StructFieldAlias::test_struct_field_with_alias_in_withcolumn	expression_conversion_other	TypeError: argument 'expr': 'Column' object cannot be converted to 'Column'
tests/test_issue_332_cast_alias_select.py::TestIssue332CastAliasSelect::test_cast_alias_select_with_window_function	expression_conversion_column_operation	TypeError: argument 'exprs': 'ColumnOperation' object cannot be converted to 'Column'
tests/test_issue_336_window_function_comparison.py::TestIssue336WindowFunctionComparison::test_window_function_comparison_with_countDistinct	expression_conversion_other	TypeError: argument 'expr': 'CaseWhen' object cannot be converted to 'Column'
tests/test_issue_335_window_orderby_list.py::TestIssue335WindowOrderByList::test_window_orderby_list_with_filter	expression_conversion_other	TypeError: argument 'expr': 'WindowFunction' object cannot be converted to 'Column'
tests/test_issue_332_cast_alias_select.py::TestIssue332CastAliasSelect::test_cast_alias_select_multiple_casts_same_column	expression_conversion_column_operation	TypeError: argument 'exprs': 'ColumnOperation' object cannot be converted to 'Column'
tests/test_issue_335_window_orderby_list.py::TestIssue335WindowOrderByList::test_window_orderby_list_with_aggregation_functions	expression_conversion_other	TypeError: argument 'expr': 'WindowFunction' object cannot be converted to 'Column'
tests/test_issue_336_window_function_comparison.py::TestIssue336WindowFunctionComparison::test_window_function_comparison_with_string_values	expression_conversion_other	TypeError: argument 'expr': 'CaseWhen' object cannot be converted to 'Column'
tests/test_issue_332_cast_alias_select.py::TestIssue332CastAliasSelect::test_cast_alias_select_schema_verification	expression_conversion_column_operation	TypeError: argument 'exprs': 'ColumnOperation' object cannot be converted to 'Column'
tests/test_issue_335_window_orderby_list.py::TestIssue335WindowOrderByList::test_window_orderby_list_with_count_distinct	expression_conversion_other	TypeError: argument 'expr': 'WindowFunction' object cannot be converted to 'Column'
tests/test_issue_332_cast_alias_select.py::TestIssue332CastAliasSelect::test_cast_alias_select_with_limit	expression_conversion_column_operation	TypeError: argument 'exprs': 'ColumnOperation' object cannot be converted to 'Column'
tests/test_issue_336_window_function_comparison.py::TestIssue336WindowFunctionComparison::test_window_function_comparison_with_float_values	expression_conversion_other	TypeError: argument 'expr': 'CaseWhen' object cannot be converted to 'Column'
tests/test_issue_332_cast_alias_select.py::TestIssue332CastAliasSelect::test_cast_alias_select_with_distinct	expression_conversion_column_operation	TypeError: argument 'exprs': 'ColumnOperation' object cannot be converted to 'Column'
tests/test_issue_335_window_orderby_list.py::TestIssue335WindowOrderByList::test_window_orderby_list_with_stddev_variance	expression_conversion_other	TypeError: argument 'expr': 'WindowFunction' object cannot be converted to 'Column'
tests/test_issue_337_grouped_data_mean.py::TestIssue337GroupedDataMean::test_grouped_data_mean_with_computed_column	expression_conversion_column_operation	TypeError: argument 'expr': 'ColumnOperation' object cannot be converted to 'Column'
tests/test_issue_336_window_function_comparison.py::TestIssue336WindowFunctionComparison::test_window_function_comparison_schema_verification	expression_conversion_other	TypeError: argument 'expr': 'CaseWhen' object cannot be converted to 'Column'
tests/test_issue_335_window_orderby_list.py::TestIssue335WindowOrderByList::test_window_orderby_list_with_null_values	expression_conversion_other	TypeError: argument 'expr': 'WindowFunction' object cannot be converted to 'Column'
tests/test_issue_335_window_orderby_list.py::TestIssue335WindowOrderByList::test_window_orderby_list_basic	expression_conversion_other	TypeError: argument 'expr': 'WindowFunction' object cannot be converted to 'Column'
tests/test_issue_339_column_subscript.py::TestIssue339ColumnSubscript::test_column_subscript_single_field	expression_conversion_other	TypeError: argument 'expr': 'Column' object cannot be converted to 'Column'
tests/test_issue_335_window_orderby_list.py::TestIssue335WindowOrderByList::test_window_orderby_list_single_column	expression_conversion_other	TypeError: argument 'expr': 'WindowFunction' object cannot be converted to 'Column'
tests/test_issue_335_window_orderby_list.py::TestIssue335WindowOrderByList::test_window_orderby_list_with_empty_partition	expression_conversion_other	TypeError: argument 'expr': 'WindowFunction' object cannot be converted to 'Column'
tests/test_issue_336_window_function_comparison.py::TestIssue336WindowFunctionComparison::test_window_function_comparison_with_complex_filter	expression_conversion_other	TypeError: argument 'expr': 'WindowFunction' object cannot be converted to 'Column'
tests/test_issue_339_column_subscript.py::TestIssue339ColumnSubscript::test_column_subscript_multiple_fields	expression_conversion_other	TypeError: argument 'expr': 'Column' object cannot be converted to 'Column'
tests/test_issue_367_array_empty.py::TestIssue367ArrayEmpty::test_array_empty_two_equivalent	expression_conversion_other	TypeError: argument 'cols': 'list' object cannot be converted to 'Column'
tests/test_issue_335_window_orderby_list.py::TestIssue335WindowOrderByList::test_window_orderby_list_multiple_columns	expression_conversion_other	TypeError: argument 'expr': 'WindowFunction' object cannot be converted to 'Column'
tests/test_issue_336_window_function_comparison.py::TestIssue336WindowFunctionComparison::test_window_function_comparison_with_multiple_partitions	expression_conversion_other	TypeError: argument 'expr': 'CaseWhen' object cannot be converted to 'Column'
tests/test_issue_335_window_orderby_list.py::TestIssue335WindowOrderByList::test_window_orderby_list_with_single_row_partition	expression_conversion_other	TypeError: argument 'expr': 'WindowFunction' object cannot be converted to 'Column'
tests/test_issue_335_window_orderby_list.py::TestIssue335WindowOrderByList::test_window_partitionby_list	expression_conversion_other	TypeError: argument 'expr': 'WindowFunction' object cannot be converted to 'Column'
tests/test_issue_335_window_orderby_list.py::TestIssue335WindowOrderByList::test_window_orderby_list_with_large_list	expression_conversion_other	TypeError: argument 'expr': 'WindowFunction' object cannot be converted to 'Column'
tests/test_issue_336_window_function_comparison.py::TestIssue336WindowFunctionComparison::test_window_function_comparison_with_no_partition	expression_conversion_other	TypeError: argument 'expr': 'CaseWhen' object cannot be converted to 'Column'
tests/test_issue_335_window_orderby_list.py::TestIssue335WindowOrderByList::test_window_both_list	expression_conversion_other	TypeError: argument 'expr': 'WindowFunction' object cannot be converted to 'Column'
tests/test_issue_335_window_orderby_list.py::TestIssue335WindowOrderByList::test_window_orderby_list_schema_verification	expression_conversion_other	TypeError: argument 'expr': 'WindowFunction' object cannot be converted to 'Column'
tests/test_issue_336_window_function_comparison.py::TestIssue336WindowFunctionComparison::test_window_function_comparison_with_rowsBetween	expression_conversion_other	TypeError: argument 'expr': 'CaseWhen' object cannot be converted to 'Column'
tests/test_issue_339_column_subscript.py::TestIssue339ColumnSubscript::test_column_subscript_equals_dot_notation	expression_conversion_other	TypeError: argument 'expr': 'Column' object cannot be converted to 'Column'
tests/test_issue_372_pandas_column_order.py::TestIssue372PandasColumnOrder::test_list_of_dicts_collect_preserves_alphabetical_order	wrapper_columns_callable	AssertionError: assert <function _PySparkCompatDataFrame.__getattr__.<locals>._wrapped at 0x1157c19d0> == ['x', 'y']
tests/test_issue_335_window_orderby_list.py::TestIssue335WindowOrderByList::test_window_orderby_list_with_column_objects	expression_conversion_other	TypeError: argument 'expr': 'WindowFunction' object cannot be converted to 'Column'
tests/test_issue_336_window_function_comparison.py::TestIssue336WindowFunctionComparison::test_window_function_gt_comparison	expression_conversion_other	TypeError: argument 'expr': 'CaseWhen' object cannot be converted to 'Column'
tests/test_issue_336_window_function_comparison.py::TestIssue336WindowFunctionComparison::test_window_function_comparison_with_rangeBetween	expression_conversion_other	TypeError: argument 'expr': 'CaseWhen' object cannot be converted to 'Column'
tests/test_issue_339_column_subscript.py::TestIssue339ColumnSubscript::test_column_subscript_with_nested_struct	expression_conversion_other	TypeError: argument 'expr': 'Column' object cannot be converted to 'Column'
tests/test_issue_372_pandas_column_order.py::TestIssue372PandasColumnOrder::test_list_of_dicts_then_select_preserves_selected_order	wrapper_columns_callable	AssertionError: assert <function _PySparkCompatDataFrame.__getattr__.<locals>._wrapped at 0x115876c10> == ['c', 'a', 'b']
tests/test_issue_335_window_orderby_list.py::TestIssue335WindowOrderByList::test_window_orderby_list_mixed_strings_and_columns	expression_conversion_other	TypeError: argument 'expr': 'WindowFunction' object cannot be converted to 'Column'
tests/test_issue_339_column_subscript.py::TestIssue339ColumnSubscript::test_column_subscript_with_alias	expression_conversion_other	TypeError: argument 'expr': 'Column' object cannot be converted to 'Column'
tests/test_issue_336_window_function_comparison.py::TestIssue336WindowFunctionComparison::test_window_function_lt_comparison	expression_conversion_other	TypeError: argument 'expr': 'CaseWhen' object cannot be converted to 'Column'
tests/test_issue_336_window_function_comparison.py::TestIssue336WindowFunctionComparison::test_window_function_comparison_with_negative_values	expression_conversion_other	TypeError: argument 'expr': 'CaseWhen' object cannot be converted to 'Column'
tests/test_issue_372_pandas_column_order.py::TestIssue372PandasColumnOrder::test_list_of_dicts_sparse_keys_alphabetical	wrapper_columns_callable	AssertionError: assert <function _PySparkCompatDataFrame.__getattr__.<locals>._wrapped at 0x11589d040> == ['a', 'b', 'c']
tests/test_issue_335_window_orderby_list.py::TestIssue335WindowOrderByList::test_window_orderby_list_backward_compatibility	expression_conversion_other	TypeError: argument 'expr': 'WindowFunction' object cannot be converted to 'Column'
tests/test_issue_339_column_subscript.py::TestIssue339ColumnSubscript::test_column_subscript_with_null_struct	expression_conversion_other	TypeError: argument 'expr': 'Column' object cannot be converted to 'Column'
tests/test_issue_336_window_function_comparison.py::TestIssue336WindowFunctionComparison::test_window_function_comparison_with_zero_values	expression_conversion_other	TypeError: argument 'expr': 'CaseWhen' object cannot be converted to 'Column'
tests/test_issue_336_window_function_comparison.py::TestIssue336WindowFunctionComparison::test_window_function_ge_comparison	expression_conversion_other	TypeError: argument 'expr': 'CaseWhen' object cannot be converted to 'Column'
tests/test_issue_335_window_orderby_list.py::TestIssue335WindowOrderByList::test_window_orderby_list_with_desc	expression_conversion_other	TypeError: argument 'expr': 'WindowFunction' object cannot be converted to 'Column'
tests/test_issue_339_column_subscript.py::TestIssue339ColumnSubscript::test_column_subscript_with_null_field	expression_conversion_other	TypeError: argument 'expr': 'Column' object cannot be converted to 'Column'
tests/test_issue_336_window_function_comparison.py::TestIssue336WindowFunctionComparison::test_window_function_le_comparison	expression_conversion_other	TypeError: argument 'expr': 'CaseWhen' object cannot be converted to 'Column'
tests/test_issue_336_window_function_comparison.py::TestIssue336WindowFunctionComparison::test_window_function_comparison_with_duplicate_scores	expression_conversion_other	TypeError: argument 'expr': 'CaseWhen' object cannot be converted to 'Column'
tests/test_issue_335_window_orderby_list.py::TestIssue335WindowOrderByList::test_window_orderby_list_with_rows_between	expression_conversion_other	TypeError: argument 'expr': 'WindowFunction' object cannot be converted to 'Column'
tests/test_issue_339_column_subscript.py::TestIssue339ColumnSubscript::test_column_subscript_with_orderBy	expression_conversion_other	TypeError: argument 'expr': 'Column' object cannot be converted to 'Column'
tests/test_issue_336_window_function_comparison.py::TestIssue336WindowFunctionComparison::test_window_function_eq_comparison	expression_conversion_other	TypeError: argument 'expr': 'CaseWhen' object cannot be converted to 'Column'
tests/test_issue_335_window_orderby_list.py::TestIssue335WindowOrderByList::test_window_orderby_list_empty_list_error	expression_conversion_other	TypeError: argument 'expr': 'WindowFunction' object cannot be converted to 'Column'
tests/test_issue_339_column_subscript.py::TestIssue339ColumnSubscript::test_column_subscript_with_groupBy	expression_conversion_other	TypeError: argument 'expr': 'Column' object cannot be converted to 'Column'
tests/test_issue_335_window_orderby_list.py::TestIssue335WindowOrderByList::test_window_orderby_list_with_window_function	expression_conversion_other	TypeError: argument 'expr': 'WindowFunction' object cannot be converted to 'Column'
tests/test_issue_336_window_function_comparison.py::TestIssue336WindowFunctionComparison::test_window_function_ne_comparison	expression_conversion_other	TypeError: argument 'expr': 'CaseWhen' object cannot be converted to 'Column'
tests/test_issue_339_column_subscript.py::TestIssue339ColumnSubscript::test_column_subscript_with_join	expression_conversion_other	TypeError: argument 'expr': 'Column' object cannot be converted to 'Column'
tests/test_issue_337_grouped_data_mean.py::TestIssue337GroupedDataMean::test_grouped_data_mean_with_withColumn	expression_conversion_column_operation	TypeError: argument 'expr': 'ColumnOperation' object cannot be converted to 'Column'
tests/test_issue_335_window_orderby_list.py::TestIssue335WindowOrderByList::test_window_static_orderby_list	expression_conversion_other	TypeError: argument 'expr': 'WindowFunction' object cannot be converted to 'Column'
tests/test_issue_339_column_subscript.py::TestIssue339ColumnSubscript::test_column_subscript_with_case_when	expression_conversion_other	TypeError: argument 'expr': 'CaseWhen' object cannot be converted to 'Column'
tests/test_issue_336_window_function_comparison.py::TestIssue336WindowFunctionComparison::test_window_function_comparison_with_multiple_conditions	expression_conversion_other	TypeError: argument 'expr': 'CaseWhen' object cannot be converted to 'Column'
tests/test_issue_335_window_orderby_list.py::TestIssue335WindowOrderByList::test_window_static_partitionby_list	expression_conversion_other	TypeError: argument 'expr': 'WindowFunction' object cannot be converted to 'Column'
tests/test_issue_339_column_subscript.py::TestIssue339ColumnSubscript::test_column_subscript_with_comparison	expression_conversion_column_operation	TypeError: argument 'expr': 'ColumnOperation' object cannot be converted to 'Column'
tests/test_issue_339_column_subscript.py::TestIssue339ColumnSubscript::test_column_subscript_with_arithmetic	expression_conversion_column_operation	TypeError: argument 'expr': 'ColumnOperation' object cannot be converted to 'Column'
tests/test_issue_335_window_orderby_list.py::TestIssue335WindowOrderByList::test_window_orderby_list_with_desc_asc_mixed	expression_conversion_other	TypeError: argument 'expr': 'WindowFunction' object cannot be converted to 'Column'
tests/test_issue_337_grouped_data_mean.py::TestIssue337GroupedDataMean::test_grouped_data_mean_with_case_when	expression_conversion_other	TypeError: argument 'expr': 'CaseWhen' object cannot be converted to 'Column'
tests/test_issue_336_window_function_comparison.py::TestIssue336WindowFunctionComparison::test_window_function_comparison_with_rank	expression_conversion_other	TypeError: argument 'expr': 'CaseWhen' object cannot be converted to 'Column'
tests/test_issue_335_window_orderby_list.py::TestIssue335WindowOrderByList::test_window_orderby_list_with_range_between	expression_conversion_other	TypeError: argument 'expr': 'WindowFunction' object cannot be converted to 'Column'
tests/test_issue_337_grouped_data_mean.py::TestIssue337GroupedDataMean::test_grouped_data_mean_with_coalesce	expression_conversion_column_operation	TypeError: argument 'expr': 'ColumnOperation' object cannot be converted to 'Column'
tests/test_issue_336_window_function_comparison.py::TestIssue336WindowFunctionComparison::test_window_function_comparison_with_dense_rank	expression_conversion_other	TypeError: argument 'expr': 'CaseWhen' object cannot be converted to 'Column'
tests/test_issue_339_column_subscript.py::TestIssue339ColumnSubscript::test_column_subscript_schema_verification	expression_conversion_other	TypeError: argument 'expr': 'Column' object cannot be converted to 'Column'
tests/test_issue_335_window_orderby_list.py::TestIssue335WindowOrderByList::test_window_orderby_list_with_dense_rank	expression_conversion_other	TypeError: argument 'expr': 'WindowFunction' object cannot be converted to 'Column'
tests/test_issue_336_window_function_comparison.py::TestIssue336WindowFunctionComparison::test_window_function_comparison_with_percent_rank	expression_conversion_other	TypeError: argument 'expr': 'CaseWhen' object cannot be converted to 'Column'
tests/test_issue_337_grouped_data_mean.py::TestIssue337GroupedDataMean::test_grouped_data_mean_with_cast	expression_conversion_column_operation	TypeError: argument 'expr': 'ColumnOperation' object cannot be converted to 'Column'
tests/test_issue_339_column_subscript.py::TestIssue339ColumnSubscript::test_column_subscript_with_multiple_struct_columns	expression_conversion_other	TypeError: argument 'expr': 'Column' object cannot be converted to 'Column'
tests/test_issue_339_column_subscript.py::TestIssue339ColumnSubscript::test_column_subscript_with_computed_column	expression_conversion_column_operation	TypeError: argument 'expr': 'ColumnOperation' object cannot be converted to 'Column'
tests/test_issue_336_window_function_comparison.py::TestIssue336WindowFunctionComparison::test_window_function_comparison_with_lag	expression_conversion_other	TypeError: argument 'expr': 'CaseWhen' object cannot be converted to 'Column'
tests/test_issue_337_grouped_data_mean.py::TestIssue337GroupedDataMean::test_grouped_data_mean_with_multiple_aggregations	expression_conversion_column_operation	TypeError: argument 'exprs': 'ColumnOperation' object cannot be converted to 'Column'
tests/test_issue_339_column_subscript.py::TestIssue339ColumnSubscript::test_column_subscript_deeply_nested_struct	expression_conversion_other	TypeError: argument 'expr': 'Column' object cannot be converted to 'Column'
tests/test_issue_336_window_function_comparison.py::TestIssue336WindowFunctionComparison::test_window_function_comparison_with_lead	expression_conversion_other	TypeError: argument 'expr': 'CaseWhen' object cannot be converted to 'Column'
tests/test_issue_407_stddev_window.py::TestIssue407StddevWindow::test_stddev_over_window_multiple_partitions	expression_conversion_other	TypeError: argument 'expr': 'WindowFunction' object cannot be converted to 'Column'
tests/test_issue_337_grouped_data_mean.py::TestIssue337GroupedDataMean::test_grouped_data_mean_with_window_functions	expression_conversion_other	TypeError: argument 'expr': 'WindowFunction' object cannot be converted to 'Column'
tests/test_issue_339_column_subscript.py::TestIssue339ColumnSubscript::test_column_subscript_with_union	expression_conversion_other	TypeError: argument 'expr': 'Column' object cannot be converted to 'Column'
tests/test_issue_395_filter_and_string_expr.py::TestIssue395FilterAndStringExpr::test_expr_and_string_with_column	expression_conversion_column_operation	TypeError: argument 'expr': 'ColumnOperation' object cannot be converted to 'Column'
tests/test_issue_336_window_function_comparison.py::TestIssue336WindowFunctionComparison::test_window_function_comparison_with_sum	expression_conversion_other	TypeError: argument 'expr': 'CaseWhen' object cannot be converted to 'Column'
tests/test_issue_407_stddev_window.py::TestIssue407StddevWindow::test_stddev_samp_over_window	expression_conversion_other	TypeError: argument 'expr': 'WindowFunction' object cannot be converted to 'Column'
tests/test_issue_339_column_subscript.py::TestIssue339ColumnSubscript::test_column_subscript_with_distinct	expression_conversion_other	TypeError: argument 'expr': 'Column' object cannot be converted to 'Column'
tests/test_issue_337_grouped_data_mean.py::TestIssue337GroupedDataMean::test_grouped_data_mean_with_desc_orderBy	expression_conversion_column_operation	TypeError: 'ColumnOperation' object cannot be converted to 'PyString'
tests/test_issue_367_array_empty.py::TestIssue367ArrayEmpty::test_array_empty_list_returns_empty_array	expression_conversion_other	TypeError: argument 'cols': 'list' object cannot be converted to 'Column'
tests/test_issue_339_column_subscript.py::TestIssue339ColumnSubscript::test_column_subscript_with_cast	expression_conversion_column_operation	TypeError: argument 'expr': 'ColumnOperation' object cannot be converted to 'Column'
tests/test_issue_336_window_function_comparison.py::TestIssue336WindowFunctionComparison::test_window_function_comparison_with_eqNullSafe	expression_conversion_other	TypeError: argument 'expr': 'CaseWhen' object cannot be converted to 'Column'
tests/test_issue_339_column_subscript.py::TestIssue339ColumnSubscript::test_column_subscript_with_window_function	expression_conversion_other	TypeError: argument 'expr': 'WindowFunction' object cannot be converted to 'Column'
tests/test_issue_407_stddev_window.py::TestIssue407StddevWindow::test_stddev_over_window_with_nulls	expression_conversion_other	TypeError: argument 'expr': 'WindowFunction' object cannot be converted to 'Column'
tests/test_issue_339_column_subscript.py::TestIssue339ColumnSubscript::test_column_subscript_with_multiple_aggregations	expression_conversion_other	TypeError: argument 'expr': 'Column' object cannot be converted to 'Column'
tests/test_issue_407_stddev_window.py::TestIssue407StddevWindow::test_stddev_single_row_per_partition_returns_none	expression_conversion_other	TypeError: argument 'expr': 'WindowFunction' object cannot be converted to 'Column'
tests/test_issue_339_column_subscript.py::TestIssue339ColumnSubscript::test_column_subscript_with_coalesce	expression_conversion_other	TypeError: argument 'expr': 'Column' object cannot be converted to 'Column'
tests/test_issue_367_array_empty.py::TestIssue367ArrayEmpty::test_array_empty_list_and_array_equivalent	expression_conversion_other	TypeError: argument 'cols': 'list' object cannot be converted to 'Column'
tests/test_issue_339_column_subscript.py::TestIssue339ColumnSubscript::test_column_subscript_with_when_otherwise_nested	expression_conversion_other	TypeError: argument 'expr': 'CaseWhen' object cannot be converted to 'Column'
tests/test_issue_407_stddev_window.py::TestIssue407StddevWindow::test_stddev_over_window_then_select_and_show	expression_conversion_other	TypeError: argument 'expr': 'WindowFunction' object cannot be converted to 'Column'
tests/test_issue_339_column_subscript.py::TestIssue339ColumnSubscript::test_column_subscript_with_string_operations	expression_conversion_column_operation	TypeError: argument 'expr': 'ColumnOperation' object cannot be converted to 'Column'
tests/test_issue_394_like_in_expr.py::TestIssue394LikeInExpr::test_expr_like_standalone	expression_conversion_column_operation	TypeError: argument 'expr': 'ColumnOperation' object cannot be converted to 'Column'
tests/test_issue_339_column_subscript.py::TestIssue339ColumnSubscript::test_column_subscript_with_limit	expression_conversion_other	TypeError: argument 'expr': 'Column' object cannot be converted to 'Column'
tests/test_issue_339_column_subscript.py::TestIssue339ColumnSubscript::test_column_subscript_chained_operations	expression_conversion_other	TypeError: argument 'expr': 'Column' object cannot be converted to 'Column'
tests/test_issue_433_regexp_in_expr.py::test_expr_regexp_with_column	expression_conversion_column_operation	TypeError: argument 'expr': 'ColumnOperation' object cannot be converted to 'Column'
tests/test_issue_372_pandas_column_order.py::TestIssue372PandasColumnOrder::test_list_of_dicts_single_column	wrapper_columns_callable	AssertionError: assert <function _PySparkCompatDataFrame.__getattr__.<locals>._wrapped at 0x117e270d0> == ['only_col']
tests/test_issue_372_pandas_column_order.py::TestIssue372PandasColumnOrder::test_list_of_dicts_many_columns_alphabetical	wrapper_columns_callable	AssertionError: assert <function _PySparkCompatDataFrame.__getattr__.<locals>._wrapped at 0x117e2a8b0> == ['a', 'm', 'z']
tests/test_issue_394_like_in_expr.py::TestIssue394LikeInExpr::test_expr_not_like_in_with_column	expression_conversion_column_operation	TypeError: argument 'expr': 'ColumnOperation' object cannot be converted to 'Column'
tests/test_issue_434_ltrim_rtrim_in_expr.py::test_expr_nested_ltrim_rtrim_with_column	expression_conversion_column_operation	TypeError: argument 'expr': 'ColumnOperation' object cannot be converted to 'Column'
tests/test_issue_434_ltrim_rtrim_in_expr.py::test_expr_ltrim_rtrim_with_filter	expression_conversion_column_operation	TypeError: argument 'expr': 'ColumnOperation' object cannot be converted to 'Column'
tests/test_issue_420_when_comparison_with_none.py::TestIssue420WhenComparisonWithNone::test_when_comparison_with_none_exact_issue	expression_conversion_other	TypeError: argument 'value': 'int' object cannot be converted to 'Column'
tests/test_issue_413_union_createDataFrame.py::TestIssue413UnionCreateDataFrame::test_createDataFrame_preserves_column_order	wrapper_columns_callable	AssertionError: assert <function _PySparkCompatDataFrame.__getattr__.<locals>._wrapped at 0x117788b80> == ['id', 'age', 'name']
tests/test_issue_420_when_comparison_with_none.py::TestIssue420WhenComparisonWithNone::test_when_comparison_with_none_and_show	expression_conversion_other	TypeError: argument 'value': 'int' object cannot be converted to 'Column'
tests/test_issue_440_create_map_list.py::test_create_map_list_exact_issue_440	expression_conversion_other	TypeError: create_map args must be Column: TypeError: 'list' object cannot be converted to 'Column'
tests/test_to_timestamp_compatibility.py::TestToTimestampCompatibility::test_to_timestamp_string_type_without_format	expression_conversion_column_operation	TypeError: argument 'expr': 'ColumnOperation' object cannot be converted to 'Column'
tests/test_issue_440_create_map_list.py::test_create_map_list_literals_only	expression_conversion_other	TypeError: create_map args must be Column: TypeError: 'list' object cannot be converted to 'Column'
tests/test_to_timestamp_compatibility.py::TestToTimestampCompatibility::test_to_timestamp_integer_type_unix_timestamp	expression_conversion_column_operation	TypeError: argument 'expr': 'ColumnOperation' object cannot be converted to 'Column'
tests/test_issue_440_create_map_list.py::test_create_map_list_mixed_literals_columns	expression_conversion_other	TypeError: create_map args must be Column: TypeError: 'list' object cannot be converted to 'Column'
tests/test_to_timestamp_compatibility.py::TestToTimestampCompatibility::test_to_timestamp_long_type_unix_timestamp	expression_conversion_column_operation	TypeError: argument 'expr': 'ColumnOperation' object cannot be converted to 'Column'
tests/test_issue_440_create_map_list.py::test_create_map_list_map_lookup_key_not_found	expression_conversion_other	TypeError: create_map args must be Column: TypeError: 'list' object cannot be converted to 'Column'
tests/test_to_timestamp_compatibility.py::TestToTimestampCompatibility::test_to_timestamp_date_type_conversion	expression_conversion_column_operation	TypeError: argument 'expr': 'ColumnOperation' object cannot be converted to 'Column'
tests/test_to_timestamp_compatibility.py::TestToTimestampCompatibility::test_to_timestamp_double_type_unix_timestamp	expression_conversion_column_operation	TypeError: argument 'expr': 'ColumnOperation' object cannot be converted to 'Column'
tests/test_issue_440_create_map_list.py::test_create_map_list_in_select	expression_conversion_other	TypeError: create_map args must be Column: TypeError: 'list' object cannot be converted to 'Column'
tests/test_issue_440_create_map_list.py::test_create_map_list_then_filter	expression_conversion_other	TypeError: create_map args must be Column: TypeError: 'list' object cannot be converted to 'Column'
tests/test_issue_440_create_map_list.py::test_create_map_list_with_null_value_in_map	expression_conversion_other	TypeError: create_map args must be Column: TypeError: 'list' object cannot be converted to 'Column'
tests/test_to_timestamp_compatibility.py::TestToTimestampCompatibility::test_to_timestamp_after_regexp_replace	expression_conversion_column_operation	TypeError: argument 'expr': 'ColumnOperation' object cannot be converted to 'Column'
tests/test_issue_440_create_map_list.py::test_create_map_list_numeric_like_keys	expression_conversion_other	TypeError: create_map args must be Column: TypeError: 'list' object cannot be converted to 'Column'
tests/test_type_strictness.py::TestTypeStrictness::test_to_timestamp_accepts_multiple_types	expression_conversion_column_operation	TypeError: argument 'expr': 'ColumnOperation' object cannot be converted to 'Column'
tests/test_issue_440_create_map_list.py::test_create_map_list_single_pair	expression_conversion_other	TypeError: create_map args must be Column: TypeError: 'list' object cannot be converted to 'Column'
tests/test_type_strictness.py::TestTypeStrictness::test_to_timestamp_works_with_string	expression_conversion_column_operation	TypeError: argument 'expr': 'ColumnOperation' object cannot be converted to 'Column'
tests/test_issue_440_create_map_list.py::test_create_map_list_six_pairs	expression_conversion_other	TypeError: create_map args must be Column: TypeError: 'list' object cannot be converted to 'Column'
tests/test_type_strictness.py::TestTypeStrictness::test_to_date_works_with_string	expression_conversion_column_operation	TypeError: argument 'expr': 'ColumnOperation' object cannot be converted to 'Column'
tests/test_issue_441_map_column_subscript.py::test_map_column_subscript_create_map_with_column_key	expression_conversion_other	TypeError: create_map args must be Column: TypeError: 'list' object cannot be converted to 'Column'
tests/test_issue_448_drop_duplicates_list_column.py::test_drop_duplicates_subset_single_column	wrapper_dropduplicates_subset	TypeError: _distinct() got an unexpected keyword argument 'subset'
tests/unit/dataframe/test_casewhen_windowfunction_cast.py::TestWindowFunctionCast::test_window_function_cast_to_long	expression_conversion_windowspec	TypeError: argument 'window': 'WindowSpec' object cannot be converted to 'Window'
tests/unit/dataframe/test_column_astype.py::TestColumnAstype::test_astype_on_column_operation	expression_conversion_column_operation	TypeError: argument 'expr': 'ColumnOperation' object cannot be converted to 'Column'
tests/unit/dataframe/test_casewhen_windowfunction_cast.py::TestWindowFunctionCast::test_window_function_cast_to_string	expression_conversion_windowspec	TypeError: argument 'window': 'WindowSpec' object cannot be converted to 'Window'
tests/unit/dataframe/test_column_astype.py::TestColumnAstype::test_astype_issue_239_example	expression_conversion_column_operation	TypeError: argument 'expr': 'ColumnOperation' object cannot be converted to 'Column'
tests/unit/dataframe/test_casewhen_windowfunction_cast.py::TestWindowFunctionCast::test_window_function_cast_to_double	expression_conversion_windowspec	TypeError: argument 'window': 'WindowSpec' object cannot be converted to 'Window'
tests/unit/dataframe/test_casewhen_windowfunction_cast.py::TestWindowFunctionCast::test_window_function_cast_with_partition	expression_conversion_windowspec	TypeError: argument 'window': 'WindowSpec' object cannot be converted to 'Window'
tests/unit/dataframe/test_casewhen_windowfunction_cast.py::TestWindowFunctionCast::test_window_function_cast_in_select	expression_conversion_windowspec	TypeError: argument 'window': 'WindowSpec' object cannot be converted to 'Window'
tests/test_notebooks.py::test_dataframe_operations	createDataFrame_schema_or_columns	TypeError: argument of type 'function' is not iterable
tests/unit/dataframe/test_casewhen_windowfunction_cast.py::TestWindowFunctionCast::test_window_function_cast_with_datatype_object	expression_conversion_windowspec	TypeError: argument 'window': 'WindowSpec' object cannot be converted to 'Window'
tests/test_issue_448_drop_duplicates_list_column.py::test_drop_duplicates_subset_excludes_list_column	wrapper_dropduplicates_subset	TypeError: _distinct() got an unexpected keyword argument 'subset'
tests/test_issue_448_drop_duplicates_list_column.py::test_drop_duplicates_subset_includes_list_column	wrapper_dropduplicates_subset	TypeError: _distinct() got an unexpected keyword argument 'subset'
tests/test_to_timestamp_compatibility.py::TestToTimestampCompatibility::test_to_timestamp_string_type_with_format	expression_conversion_column_operation	TypeError: argument 'expr': 'ColumnOperation' object cannot be converted to 'Column'
tests/unit/dataframe/test_na_fill_robust.py::TestNaFillRobust::test_na_fill_schema_preservation	createDataFrame_schema_inference	AssertionError: assert StringType(nullable=True) == IntegerType(nullable=True)
tests/unit/functions/test_udf_comprehensive.py::TestUDFRegression279::test_udf_with_withColumn_regression_279	expression_conversion_column_operation	TypeError: argument 'expr': 'ColumnOperation' object cannot be converted to 'Column'
tests/unit/functions/test_udf_regression_279.py::test_udf_with_withColumn_regression_279	expression_conversion_column_operation	TypeError: argument 'expr': 'ColumnOperation' object cannot be converted to 'Column'
tests/unit/functions/test_udf_comprehensive.py::TestUDFBasicOperations::test_udf_double_return_type	expression_conversion_column_operation	TypeError: argument 'expr': 'ColumnOperation' object cannot be converted to 'Column'
tests/unit/functions/test_udf_comprehensive.py::TestUDFEdgeCases::test_udf_empty_dataframe	expression_conversion_column_operation	TypeError: argument 'expr': 'ColumnOperation' object cannot be converted to 'Column'
tests/unit/functions/test_udf_comprehensive.py::TestUDFBasicOperations::test_udf_boolean_return_type	expression_conversion_column_operation	TypeError: argument 'expr': 'ColumnOperation' object cannot be converted to 'Column'
tests/unit/functions/test_udf_comprehensive.py::TestUDFEdgeCases::test_udf_single_row	expression_conversion_column_operation	TypeError: argument 'expr': 'ColumnOperation' object cannot be converted to 'Column'
tests/unit/functions/test_udf_comprehensive.py::TestUDFMultiArgument::test_udf_two_arguments	expression_conversion_column_operation	TypeError: argument 'expr': 'ColumnOperation' object cannot be converted to 'Column'
tests/unit/functions/test_udf_comprehensive.py::TestUDFEdgeCases::test_udf_large_dataframe	expression_conversion_column_operation	TypeError: argument 'expr': 'ColumnOperation' object cannot be converted to 'Column'
tests/unit/functions/test_udf_comprehensive.py::TestUDFMultiArgument::test_udf_three_arguments	expression_conversion_column_operation	TypeError: argument 'expr': 'ColumnOperation' object cannot be converted to 'Column'
tests/unit/functions/test_udf_comprehensive.py::TestUDFEdgeCases::test_udf_empty_string	expression_conversion_column_operation	TypeError: argument 'expr': 'ColumnOperation' object cannot be converted to 'Column'
tests/unit/functions/test_udf_comprehensive.py::TestUDFMultiArgument::test_udf_mixed_types	expression_conversion_column_operation	TypeError: argument 'expr': 'ColumnOperation' object cannot be converted to 'Column'
tests/unit/functions/test_udf_comprehensive.py::TestUDFBasicOperations::test_udf_string_return_type	expression_conversion_column_operation	TypeError: argument 'expr': 'ColumnOperation' object cannot be converted to 'Column'
tests/unit/functions/test_udf_comprehensive.py::TestUDFEdgeCases::test_udf_zero_value	expression_conversion_column_operation	TypeError: argument 'expr': 'ColumnOperation' object cannot be converted to 'Column'
tests/unit/functions/test_udf_comprehensive.py::TestUDFComplexScenarios::test_udf_chained_operations	expression_conversion_column_operation	TypeError: argument 'expr': 'ColumnOperation' object cannot be converted to 'Column'
tests/unit/functions/test_udf_comprehensive.py::TestUDFInDifferentOperations::test_udf_in_select	expression_conversion_column_operation	TypeError: argument 'expr': 'ColumnOperation' object cannot be converted to 'Column'
tests/unit/functions/test_udf_comprehensive.py::TestUDFBasicOperations::test_udf_integer_return_type	expression_conversion_column_operation	TypeError: argument 'expr': 'ColumnOperation' object cannot be converted to 'Column'
tests/unit/functions/test_udf_comprehensive.py::TestUDFInDifferentOperations::test_udf_in_withColumn	expression_conversion_column_operation	TypeError: argument 'expr': 'ColumnOperation' object cannot be converted to 'Column'
tests/unit/functions/test_udf_comprehensive.py::TestUDFComplexScenarios::test_udf_with_literal	expression_conversion_column_operation	TypeError: argument 'expr': 'ColumnOperation' object cannot be converted to 'Column'
tests/unit/functions/test_udf_comprehensive.py::TestUDFComplexScenarios::test_udf_multiple_columns_same_udf	expression_conversion_column_operation	TypeError: argument 'expr': 'ColumnOperation' object cannot be converted to 'Column'
tests/unit/functions/test_udf_comprehensive.py::TestUDFComplexScenarios::test_udf_in_orderBy	expression_conversion_column_operation	TypeError: argument 'expr': 'ColumnOperation' object cannot be converted to 'Column'
tests/unit/functions/test_udf_comprehensive.py::TestUDFInDifferentOperations::test_udf_in_groupBy_aggregation	expression_conversion_column_operation	TypeError: argument 'expr': 'ColumnOperation' object cannot be converted to 'Column'
tests/unit/functions/test_udf_comprehensive.py::TestUDFWithDifferentDataTypes::test_udf_with_long_type	expression_conversion_column_operation	TypeError: argument 'expr': 'ColumnOperation' object cannot be converted to 'Column'
tests/unit/functions/test_udf_comprehensive.py::TestUDFNullHandling::test_udf_with_null_input	expression_conversion_column_operation	TypeError: argument 'expr': 'ColumnOperation' object cannot be converted to 'Column'
tests/unit/functions/test_udf_comprehensive.py::TestUDFWithDifferentDataTypes::test_udf_with_float_type	expression_conversion_column_operation	TypeError: argument 'expr': 'ColumnOperation' object cannot be converted to 'Column'
tests/unit/functions/test_udf_comprehensive.py::TestUDFNullHandling::test_udf_with_null_return	expression_conversion_column_operation	TypeError: argument 'expr': 'ColumnOperation' object cannot be converted to 'Column'
tests/unit/functions/test_udf_comprehensive.py::TestUDFCustomName::test_udf_with_custom_name	expression_conversion_column_operation	TypeError: argument 'expr': 'ColumnOperation' object cannot be converted to 'Column'
tests/unit/test_array_parameter_formats.py::TestArrayParameterFormats::test_array_with_mixed_types	expression_conversion_column_operation	TypeError: argument 'expr': 'ColumnOperation' object cannot be converted to 'Column'
tests/unit/test_array_parameter_formats.py::TestArrayParameterFormats::test_array_with_all_null_columns	expression_conversion_column_operation	TypeError: argument 'expr': 'ColumnOperation' object cannot be converted to 'Column'
tests/unit/test_array_parameter_formats.py::TestArrayParameterFormats::test_array_with_single_column	expression_conversion_column_operation	TypeError: argument 'expr': 'ColumnOperation' object cannot be converted to 'Column'
tests/unit/test_array_parameter_formats.py::TestArrayParameterFormats::test_array_in_groupby_context	expression_conversion_column_operation	TypeError: argument 'expr': 'ColumnOperation' object cannot be converted to 'Column'
tests/unit/test_array_parameter_formats.py::TestArrayParameterFormats::test_array_with_string_columns	expression_conversion_column_operation	TypeError: argument 'expr': 'ColumnOperation' object cannot be converted to 'Column'
tests/unit/test_array_parameter_formats.py::TestArrayParameterFormats::test_array_with_numeric_types	expression_conversion_column_operation	TypeError: argument 'expr': 'ColumnOperation' object cannot be converted to 'Column'
tests/unit/test_array_parameter_formats.py::TestArrayParameterFormats::test_array_in_union	expression_conversion_column_operation	TypeError: argument 'expr': 'ColumnOperation' object cannot be converted to 'Column'
tests/unit/test_array_parameter_formats.py::TestArrayParameterFormats::test_array_with_three_columns	expression_conversion_column_operation	TypeError: argument 'expr': 'ColumnOperation' object cannot be converted to 'Column'
tests/unit/test_array_parameter_formats.py::TestArrayParameterFormats::test_array_with_list_of_strings	expression_conversion_column_operation	TypeError: argument 'expr': 'ColumnOperation' object cannot be converted to 'Column'
tests/unit/test_array_parameter_formats.py::TestArrayParameterFormats::test_array_with_boolean_types	expression_conversion_column_operation	TypeError: argument 'expr': 'ColumnOperation' object cannot be converted to 'Column'
tests/unit/test_array_parameter_formats.py::TestArrayParameterFormats::test_array_in_join	expression_conversion_column_operation	TypeError: argument 'expr': 'ColumnOperation' object cannot be converted to 'Column'
tests/unit/test_array_parameter_formats.py::TestArrayParameterFormats::test_array_with_computed_columns	expression_conversion_column_operation	TypeError: argument 'expr': 'ColumnOperation' object cannot be converted to 'Column'
tests/unit/test_column_case_variations.py::TestColumnCaseVariations::test_drop_all_case_variations	createDataFrame_schema_or_columns	TypeError: argument of type 'function' is not iterable
tests/unit/test_array_parameter_formats.py::TestArrayParameterFormats::test_array_with_special_characters_in_column_names	expression_conversion_column_operation	TypeError: argument 'expr': 'ColumnOperation' object cannot be converted to 'Column'
tests/unit/test_array_parameter_formats.py::TestArrayParameterFormats::test_array_with_mixed_types_comprehensive	expression_conversion_column_operation	TypeError: argument 'expr': 'ColumnOperation' object cannot be converted to 'Column'
tests/unit/test_array_parameter_formats.py::TestArrayParameterFormats::test_array_with_window_functions	expression_conversion_column_operation	TypeError: argument 'expr': 'ColumnOperation' object cannot be converted to 'Column'
tests/unit/test_array_parameter_formats.py::TestArrayParameterFormats::test_array_with_column_objects	expression_conversion_column_operation	TypeError: argument 'expr': 'ColumnOperation' object cannot be converted to 'Column'
tests/unit/test_array_parameter_formats.py::TestArrayParameterFormats::test_array_preserves_order	expression_conversion_column_operation	TypeError: argument 'expr': 'ColumnOperation' object cannot be converted to 'Column'
tests/unit/test_array_parameter_formats.py::TestArrayParameterFormats::test_array_with_list_of_computed_columns	expression_conversion_column_operation	TypeError: argument 'expr': 'ColumnOperation' object cannot be converted to 'Column'
tests/unit/test_array_parameter_formats.py::TestArrayParameterFormats::test_array_with_large_number_of_columns	expression_conversion_column_operation	TypeError: argument 'expr': 'ColumnOperation' object cannot be converted to 'Column'
tests/unit/test_array_parameter_formats.py::TestArrayParameterFormats::test_array_with_list_of_column_objects	expression_conversion_column_operation	TypeError: argument 'expr': 'ColumnOperation' object cannot be converted to 'Column'
tests/unit/test_array_parameter_formats.py::TestArrayParameterFormats::test_array_with_null_values	expression_conversion_column_operation	TypeError: argument 'expr': 'ColumnOperation' object cannot be converted to 'Column'
tests/unit/test_array_parameter_formats.py::TestArrayParameterFormats::test_array_with_empty_strings	expression_conversion_column_operation	TypeError: argument 'expr': 'ColumnOperation' object cannot be converted to 'Column'
tests/unit/test_array_parameter_formats.py::TestArrayParameterFormats::test_array_with_computed_expressions	expression_conversion_column_operation	TypeError: argument 'expr': 'ColumnOperation' object cannot be converted to 'Column'
tests/unit/test_array_parameter_formats.py::TestArrayParameterFormats::test_array_all_formats_together	expression_conversion_column_operation	TypeError: argument 'expr': 'ColumnOperation' object cannot be converted to 'Column'
tests/unit/test_array_parameter_formats.py::TestArrayParameterFormats::test_array_with_zero_and_negative_numbers	expression_conversion_column_operation	TypeError: argument 'expr': 'ColumnOperation' object cannot be converted to 'Column'
tests/unit/test_array_parameter_formats.py::TestArrayParameterFormats::test_array_with_nested_expressions	expression_conversion_column_operation	TypeError: argument 'expr': 'ColumnOperation' object cannot be converted to 'Column'
tests/unit/test_create_map.py::TestCreateMap::test_create_map_empty_list_returns_empty_map	expression_conversion_column_operation	TypeError: argument 'expr': 'ColumnOperation' object cannot be converted to 'Column'
tests/unit/test_array_parameter_formats.py::TestArrayParameterFormats::test_array_all_formats_with_mixed_types	expression_conversion_column_operation	TypeError: argument 'expr': 'ColumnOperation' object cannot be converted to 'Column'
tests/unit/test_create_map.py::TestCreateMap::test_create_map_empty_in_groupby_context	expression_conversion_column_operation	TypeError: argument 'expr': 'ColumnOperation' object cannot be converted to 'Column'
tests/unit/test_create_map.py::TestCreateMap::test_create_map_in_withcolumn	expression_conversion_column_operation	TypeError: argument 'expr': 'ColumnOperation' object cannot be converted to 'Column'
tests/unit/test_create_map.py::TestCreateMap::test_create_map_in_groupby_agg	expression_conversion_column_operation	TypeError: argument 'exprs': 'ColumnOperation' object cannot be converted to 'Column'
tests/unit/test_create_map.py::TestCreateMap::test_create_map_empty_in_join	expression_conversion_column_operation	TypeError: argument 'expr': 'ColumnOperation' object cannot be converted to 'Column'
tests/unit/test_create_map.py::TestCreateMap::test_create_map_empty_list_with_different_data_types	expression_conversion_column_operation	TypeError: argument 'expr': 'ColumnOperation' object cannot be converted to 'Column'
tests/unit/test_create_map.py::TestCreateMap::test_create_map_empty_with_window_functions	expression_conversion_column_operation	TypeError: argument 'expr': 'ColumnOperation' object cannot be converted to 'Column'
tests/unit/test_create_map.py::TestCreateMap::test_create_map_empty_in_union	expression_conversion_column_operation	TypeError: argument 'expr': 'ColumnOperation' object cannot be converted to 'Column'
tests/unit/test_column_case_variations.py::TestColumnCaseVariations::test_window_functions_with_case_variations	expression_conversion_other	TypeError: argument 'expr': 'WindowFunction' object cannot be converted to 'Column'
tests/unit/test_create_map.py::TestCreateMap::test_create_map_empty_preserves_type	expression_conversion_column_operation	TypeError: argument 'expr': 'ColumnOperation' object cannot be converted to 'Column'
tests/unit/test_create_map.py::TestCreateMap::test_create_map_empty_with_null_handling	expression_conversion_column_operation	TypeError: argument 'expr': 'ColumnOperation' object cannot be converted to 'Column'
tests/unit/test_create_map.py::TestCreateMap::test_create_map_empty_returns_empty_map	expression_conversion_column_operation	TypeError: argument 'expr': 'ColumnOperation' object cannot be converted to 'Column'
tests/unit/test_create_map.py::TestCreateMap::test_create_map_empty_with_different_data_types	expression_conversion_column_operation	TypeError: argument 'expr': 'ColumnOperation' object cannot be converted to 'Column'
tests/unit/test_create_map.py::TestCreateMap::test_create_map_empty_tuple_returns_empty_map	expression_conversion_column_operation	TypeError: argument 'expr': 'ColumnOperation' object cannot be converted to 'Column'
tests/unit/test_create_map.py::TestCreateMap::test_create_map_empty_list_in_join	expression_conversion_column_operation	TypeError: argument 'expr': 'ColumnOperation' object cannot be converted to 'Column'
tests/unit/test_create_map.py::TestCreateMap::test_create_map_empty_list_in_union	expression_conversion_column_operation	TypeError: argument 'expr': 'ColumnOperation' object cannot be converted to 'Column'
tests/unit/test_create_map.py::TestCreateMap::test_create_map_empty_list_show	expression_conversion_column_operation	TypeError: argument 'expr': 'ColumnOperation' object cannot be converted to 'Column'
tests/unit/test_first_method.py::TestDataFrameFirst::test_first_after_groupby_agg	expression_conversion_other	TypeError: argument 'exprs': 'dict' object cannot be converted to 'Column'
tests/unit/test_issue_355.py::TestIssue355DiamondDependency::test_unionByName_diamond_dependency_with_withColumn	expression_conversion_column_operation	TypeError: argument 'expr': 'ColumnOperation' object cannot be converted to 'Column'
tests/unit/test_issue_355.py::TestIssue355DiamondDependency::test_unionByName_diamond_dependency	expression_conversion_literal	TypeError: argument 'expr': 'Literal' object cannot be converted to 'Column'
tests/unit/test_issue_355.py::TestIssue355DiamondDependency::test_unionByName_diamond_dependency_with_aggregations	expression_conversion_column_operation	TypeError: argument 'exprs': 'ColumnOperation' object cannot be converted to 'Column'
tests/unit/test_issue_355.py::TestIssue355DiamondDependency::test_unionByName_diamond_dependency_complex_expressions	expression_conversion_column_operation	TypeError: argument 'expr': 'ColumnOperation' object cannot be converted to 'Column'
tests/unit/test_issue_270_tuple_dataframe.py::TestIssue270TupleDataFrame::test_tuple_data_preserves_order	wrapper_columns_callable	AssertionError: assert <function _PySparkCompatDataFrame.__getattr__.<locals>._wrapped at 0x11499cd30> == ['Name', 'Id', 'Dept']
tests/unit/test_issue_355.py::TestIssue355DiamondDependency::test_unionByName_diamond_dependency_with_window_functions	expression_conversion_other	TypeError: argument 'expr': 'WindowFunction' object cannot be converted to 'Column'
tests/unit/test_issue_355.py::TestIssue355DiamondDependency::test_unionByName_diamond_dependency_with_select	expression_conversion_literal	TypeError: argument 'expr': 'Literal' object cannot be converted to 'Column'
tests/unit/test_issue_355.py::TestIssue355DiamondDependency::test_unionByName_diamond_dependency_single_row	expression_conversion_literal	TypeError: argument 'expr': 'Literal' object cannot be converted to 'Column'
tests/unit/test_issues_225_231.py::TestIssue230CaseInsensitiveColumnMatching::test_drop_case_insensitive	createDataFrame_schema_or_columns	TypeError: argument of type 'function' is not iterable
tests/unit/test_issues_225_231.py::TestIssue230CaseInsensitiveColumnMatching::test_dropDuplicates_case_insensitive	wrapper_dropduplicates_subset	TypeError: _distinct() got an unexpected keyword argument 'subset'
tests/unit/test_window_arithmetic.py::TestWindowFunctionArithmetic::test_window_function_radd	expression_conversion_windowspec	TypeError: argument 'window': 'WindowSpec' object cannot be converted to 'Window'
tests/unit/test_window_arithmetic.py::TestWindowFunctionArithmetic::test_window_function_add	expression_conversion_windowspec	TypeError: argument 'window': 'WindowSpec' object cannot be converted to 'Window'
tests/unit/test_window_arithmetic.py::TestWindowFunctionArithmetic::test_window_function_subtract	expression_conversion_windowspec	TypeError: argument 'window': 'WindowSpec' object cannot be converted to 'Window'
tests/unit/test_window_arithmetic.py::TestWindowFunctionArithmetic::test_window_function_rsub	expression_conversion_windowspec	TypeError: argument 'window': 'WindowSpec' object cannot be converted to 'Window'
tests/unit/test_window_arithmetic.py::TestWindowFunctionArithmetic::test_window_function_rdiv	expression_conversion_windowspec	TypeError: argument 'window': 'WindowSpec' object cannot be converted to 'Window'
tests/unit/test_window_arithmetic.py::TestWindowFunctionArithmetic::test_window_function_divide	expression_conversion_windowspec	TypeError: argument 'window': 'WindowSpec' object cannot be converted to 'Window'
tests/unit/test_window_arithmetic.py::TestWindowFunctionArithmetic::test_window_function_negate	expression_conversion_windowspec	TypeError: argument 'window': 'WindowSpec' object cannot be converted to 'Window'
tests/parity/dataframe/test_double_join_empty_aggregated.py::TestDoubleJoinEmptyAggregated::test_columns_preserved_in_double_join_with_empty_aggregated	expression_conversion_column_operation	TypeError: argument 'expr': 'ColumnOperation' object cannot be converted to 'Column'
tests/unit/test_window_arithmetic.py::TestWindowFunctionArithmetic::test_multiple_window_functions_with_arithmetic	expression_conversion_windowspec	TypeError: argument 'window': 'WindowSpec' object cannot be converted to 'Window'
tests/unit/test_window_arithmetic.py::TestWindowFunctionArithmetic::test_window_arithmetic_with_nulls	expression_conversion_windowspec	TypeError: argument 'window': 'WindowSpec' object cannot be converted to 'Window'
tests/unit/test_window_arithmetic.py::TestWindowFunctionArithmetic::test_complex_nested_arithmetic	expression_conversion_windowspec	TypeError: argument 'window': 'WindowSpec' object cannot be converted to 'Window'
tests/unit/test_window_arithmetic.py::TestWindowFunctionArithmetic::test_window_arithmetic_in_orderby	expression_conversion_windowspec	TypeError: argument 'window': 'WindowSpec' object cannot be converted to 'Window'
tests/unit/test_window_arithmetic.py::TestWindowFunctionArithmetic::test_window_arithmetic_in_filter	expression_conversion_column_operation	TypeError: argument 'expr': 'ColumnOperation' object cannot be converted to 'Column'
tests/unit/test_issues_225_231.py::TestIssue229PandasDataFrameSupport::test_createDataFrame_from_pandas_empty	createDataFrame_schema_or_columns	TypeError: argument of type 'function' is not iterable
tests/unit/test_issues_225_231.py::TestIssue229PandasDataFrameSupport::test_createDataFrame_from_pandas	createDataFrame_schema_or_columns	TypeError: argument of type 'function' is not iterable
tests/unit/test_issues_225_231.py::TestIssue229PandasDataFrameSupport::test_createDataFrame_from_pandas_with_schema	createDataFrame_schema_inference	AssertionError: assert StringType(nullable=True) == IntegerType(nullable=True)
