# test_id	category	error (first 200 chars)
tests/test_issue_290_udf_multiple_arguments.py::TestIssue290UdfMultipleArguments::test_udf_in_select	select_items_type	TypeError: select() items must be str (column name) or Column (expression)
tests/test_issue_286_aggregate_function_arithmetic.py::TestIssue286AggregateFunctionArithmetic::test_count_plus_one	str_to_column	TypeError: argument 'col': 'str' object cannot be converted to 'Column'
tests/test_issue_286_aggregate_function_arithmetic.py::TestIssue286AggregateFunctionArithmetic::test_sum_multiply	str_to_column	TypeError: argument 'col': 'str' object cannot be converted to 'Column'
tests/test_issue_286_aggregate_function_arithmetic.py::TestIssue286AggregateFunctionArithmetic::test_avg_divide	str_to_column	TypeError: argument 'col': 'str' object cannot be converted to 'Column'
tests/test_issue_202_select_with_list.py::TestIssue202SelectWithList::test_select_with_tuple_of_column_names	select_items_type	TypeError: select() items must be str (column name) or Column (expression)
tests/test_issue_286_aggregate_function_arithmetic.py::TestIssue286AggregateFunctionArithmetic::test_max_modulo	str_to_column	TypeError: argument 'col': 'str' object cannot be converted to 'Column'
tests/test_issue_288_casewhen_operators.py::TestIssue288CaseWhenOperators::test_casewhen_bitwise_not	other	TypeError: bad operand type for unary ~: 'builtins.Column'
tests/parity/functions/test_aggregate_cast_parity.py::TestAggregateCastParity::test_cast_with_count_distinct	other	AttributeError: 'builtins.Column' object has no attribute 'name'
tests/test_issue_260_eq_null_safe.py::TestIssue260EqNullSafe::test_eqnullsafe_in_groupby_aggregation	str_to_column	TypeError: argument 'col': 'str' object cannot be converted to 'Column'
tests/parity/functions/test_null_handling.py::TestNullHandlingFunctionsParity::test_nanvl	select_items_type	TypeError: select() items must be str (column name) or Column (expression)
tests/parity/functions/test_aggregate_cast_parity.py::TestAggregateCastParity::test_cast_with_stddev_variance	other	AttributeError: 'builtins.Column' object has no attribute 'name'
tests/test_issue_286_aggregate_function_arithmetic.py::TestIssue286AggregateFunctionArithmetic::test_multiple_aggregate_arithmetic	str_to_column	TypeError: argument 'col': 'str' object cannot be converted to 'Column'
tests/test_issue_286_aggregate_function_arithmetic.py::TestIssue286AggregateFunctionArithmetic::test_arithmetic_with_nulls	str_to_column	TypeError: argument 'col': 'str' object cannot be converted to 'Column'
tests/test_issue_286_aggregate_function_arithmetic.py::TestIssue286AggregateFunctionArithmetic::test_arithmetic_with_floats	str_to_column	TypeError: argument 'col': 'str' object cannot be converted to 'Column'
tests/test_issue_286_aggregate_function_arithmetic.py::TestIssue286AggregateFunctionArithmetic::test_arithmetic_with_negative_numbers	str_to_column	TypeError: argument 'col': 'str' object cannot be converted to 'Column'
tests/test_issue_286_aggregate_function_arithmetic.py::TestIssue286AggregateFunctionArithmetic::test_arithmetic_with_zero	str_to_column	TypeError: argument 'col': 'str' object cannot be converted to 'Column'
tests/test_issue_288_casewhen_operators.py::TestIssue288CaseWhenOperators::test_casewhen_modulo_by_zero	other	assert nan is None
tests/test_issue_290_udf_multiple_arguments.py::TestIssue290UdfMultipleArguments::test_udf_in_groupby_agg	str_to_column	TypeError: argument 'col': 'str' object cannot be converted to 'Column'
tests/test_issue_286_aggregate_function_arithmetic.py::TestIssue286AggregateFunctionArithmetic::test_division_by_zero_handling	str_to_column	TypeError: argument 'col': 'str' object cannot be converted to 'Column'
tests/test_issue_153_to_timestamp_returns_none.py::TestIssue153ToTimestampReturnsNone::test_to_timestamp_with_clean_string	other	AssertionError: assert False
tests/test_issue_286_aggregate_function_arithmetic.py::TestIssue286AggregateFunctionArithmetic::test_modulo_by_zero_handling	str_to_column	TypeError: argument 'col': 'str' object cannot be converted to 'Column'
tests/test_issue_286_aggregate_function_arithmetic.py::TestIssue286AggregateFunctionArithmetic::test_min_function_arithmetic	str_to_column	TypeError: argument 'col': 'str' object cannot be converted to 'Column'
tests/test_issue_213_createDataFrame_with_single_type.py::test_createDataFrame_with_single_date_type	other	AttributeError: 'DateType' object has no attribute 'fieldNames'
tests/test_issue_288_casewhen_operators.py::TestIssue288CaseWhenOperators::test_casewhen_all_reverse_operators	other	assert nan is None
tests/parity/internal/test_session.py::TestSessionParity::test_createDataFrame_empty	other	TypeError: object of type 'function' has no len()
tests/test_issue_213_createDataFrame_with_single_type.py::test_createDataFrame_with_single_string_type	other	AttributeError: 'StringType' object has no attribute 'fieldNames'
tests/parity/dataframe/test_pivot_grouped_data_parity.py::TestPivotGroupedDataParity::test_pivot_sum_parity	other	AttributeError: 'builtins.GroupedData' object has no attribute 'pivot'
tests/test_issue_158_dropped_column_error.py::TestIssue158DroppedColumnError::test_select_dropped_column_with_f_col	select_items_type	TypeError: select() items must be str (column name) or Column (expression)
tests/test_issue_286_aggregate_function_arithmetic.py::TestIssue286AggregateFunctionArithmetic::test_complex_nested_operations	str_to_column	TypeError: argument 'col': 'str' object cannot be converted to 'Column'
tests/test_issue_213_createDataFrame_with_single_type.py::test_createDataFrame_with_single_integer_type	other	AttributeError: 'IntegerType' object has no attribute 'fieldNames'
tests/test_issue_286_aggregate_function_arithmetic.py::TestIssue286AggregateFunctionArithmetic::test_all_arithmetic_operators	str_to_column	TypeError: argument 'col': 'str' object cannot be converted to 'Column'
tests/parity/dataframe/test_pivot_grouped_data_parity.py::TestPivotGroupedDataParity::test_pivot_avg_parity	other	AttributeError: 'builtins.GroupedData' object has no attribute 'pivot'
tests/test_issue_261_between.py::TestIssue261Between::test_between_with_date_values	other	TypeError: arithmetic operands must be Column or scalar (int, float, bool, str, None)
tests/parity/functions/test_string.py::TestStringFunctionsParity::test_string_upper	other	AttributeError: 'builtins.Column' object has no attribute 'name'
tests/test_issue_214_sort_with_list.py::test_sort_with_list_of_column_names	other	TypeError: 'list' object cannot be converted to 'PyString'
tests/test_issue_286_aggregate_function_arithmetic.py::TestIssue286AggregateFunctionArithmetic::test_reverse_all_operators	str_to_column	TypeError: argument 'col': 'str' object cannot be converted to 'Column'
tests/test_issue_288_casewhen_operators.py::TestIssue288CaseWhenOperators::test_casewhen_empty_dataframe	other	AttributeError: 'str' object has no attribute 'fieldNames'
tests/test_issue_214_sort_with_list.py::test_sort_with_df_columns	other	TypeError: 'function' object cannot be converted to 'PyString'
tests/parity/dataframe/test_pivot_grouped_data_parity.py::TestPivotGroupedDataParity::test_pivot_count_parity	other	AttributeError: 'builtins.GroupedData' object has no attribute 'pivot'
tests/parity/functions/test_array.py::TestArrayFunctionsParity::test_size	other	RuntimeError: invalid series dtype: expected `List`, got `str`
tests/test_issue_286_aggregate_function_arithmetic.py::TestIssue286AggregateFunctionArithmetic::test_count_star_arithmetic	str_to_column	TypeError: argument 'col': 'str' object cannot be converted to 'Column'
tests/test_issue_214_sort_with_list.py::test_sort_with_explicit_column_list	other	TypeError: 'list' object cannot be converted to 'PyString'
tests/test_issue_262_arraytype_positional.py::TestIssue262ArrayTypePositional::test_arraytype_positional_arguments	other	assert '["A","B"]' == ['A', 'B']
tests/parity/functions/test_string.py::TestStringFunctionsParity::test_string_lower	other	AttributeError: 'builtins.Column' object has no attribute 'name'
tests/test_issue_286_aggregate_function_arithmetic.py::TestIssue286AggregateFunctionArithmetic::test_empty_group_handling	str_to_column	TypeError: argument 'col': 'str' object cannot be converted to 'Column'
tests/parity/dataframe/test_pivot_grouped_data_parity.py::TestPivotGroupedDataParity::test_pivot_max_parity	other	AttributeError: 'builtins.GroupedData' object has no attribute 'pivot'
tests/test_issue_214_sort_with_list.py::test_sort_with_tuple	other	TypeError: 'tuple' object cannot be converted to 'PyString'
tests/parity/functions/test_array.py::TestArrayFunctionsParity::test_element_at	other	RuntimeError: invalid series dtype: expected `List`, got `str`
tests/parity/functions/test_string.py::TestStringFunctionsParity::test_string_length	other	AssertionError: DataFrames are not equivalent:
tests/test_issue_286_aggregate_function_arithmetic.py::TestIssue286AggregateFunctionArithmetic::test_large_numbers	str_to_column	TypeError: argument 'col': 'str' object cannot be converted to 'Column'
tests/parity/dataframe/test_pivot_grouped_data_parity.py::TestPivotGroupedDataParity::test_pivot_min_parity	other	AttributeError: 'builtins.GroupedData' object has no attribute 'pivot'
tests/test_issue_289_struct_function.py::TestIssue289StructFunction::test_struct_basic	other	TypeError: py_struct() takes 1 positional arguments but 2 were given
tests/test_issue_215_row_kwargs_init.py::test_row_kwargs_with_createDataFrame	other	ValueError: When schema is None, data must be a list of dicts
tests/parity/functions/test_array.py::TestArrayFunctionsParity::test_explode	other	AssertionError: DataFrames are not equivalent:
tests/test_issue_286_aggregate_function_arithmetic.py::TestIssue286AggregateFunctionArithmetic::test_mixed_aggregate_functions	str_to_column	TypeError: argument 'col': 'str' object cannot be converted to 'Column'
tests/test_issue_262_arraytype_positional.py::TestIssue262ArrayTypePositional::test_arraytype_positional_with_dataframe	other	assert '["a","b"]' == ['a', 'b']
tests/test_issue_289_struct_function.py::TestIssue289StructFunction::test_struct_with_col_function	other	TypeError: py_struct() takes 1 positional arguments but 3 were given
tests/test_issue_286_aggregate_function_arithmetic.py::TestIssue286AggregateFunctionArithmetic::test_arithmetic_with_alias	str_to_column	TypeError: argument 'col': 'str' object cannot be converted to 'Column'
tests/parity/dataframe/test_pivot_grouped_data_parity.py::TestPivotGroupedDataParity::test_pivot_issue_267_example	other	AttributeError: 'builtins.GroupedData' object has no attribute 'pivot'
tests/parity/functions/test_array.py::TestArrayFunctionsParity::test_array_distinct	other	RuntimeError: array_distinct: invalid series dtype: expected `List`, got `str`
tests/test_issue_291_power_negative_exponent.py::TestIssue291PowerNegativeExponent::test_power_negative_exponent_exact_issue	other	TypeError: bad operand type for unary -: 'builtins.Column'
tests/parity/functions/test_string.py::TestStringFunctionsParity::test_string_substring	other	AttributeError: 'builtins.Column' object has no attribute 'name'
tests/test_issue_289_struct_function.py::TestIssue289StructFunction::test_struct_single_column	other	TypeError: argument 'cols': Can't extract `str` to `Vec`
tests/test_issue_286_aggregate_function_arithmetic.py::TestIssue286AggregateFunctionArithmetic::test_arithmetic_precedence	str_to_column	TypeError: argument 'col': 'str' object cannot be converted to 'Column'
tests/test_issue_263_isnan_string.py::TestIssue263IsnanString::test_isnan_on_string_column_filter_does_not_error_and_returns_empty	other	RuntimeError: `is_nan` operation not supported for dtype `str`
tests/test_issue_291_power_negative_exponent.py::TestIssue291PowerNegativeExponent::test_power_negative_exponent_multiple_values	other	TypeError: bad operand type for unary -: 'builtins.Column'
tests/test_issue_289_struct_function.py::TestIssue289StructFunction::test_struct_with_nulls	other	TypeError: py_struct() takes 1 positional arguments but 3 were given
tests/parity/functions/test_array.py::TestArrayFunctionsParity::test_array_join	other	RuntimeError: invalid series dtype: expected `List`, got `str`
tests/test_issue_263_isnan_string.py::TestIssue263IsnanString::test_isnan_on_numeric_column_true_only_for_nan	other	assert None is True
tests/test_issue_291_power_negative_exponent.py::TestIssue291PowerNegativeExponent::test_power_negative_exponent_in_select	other	TypeError: bad operand type for unary -: 'builtins.Column'
tests/test_issue_289_struct_function.py::TestIssue289StructFunction::test_struct_in_select	other	TypeError: py_struct() takes 1 positional arguments but 2 were given
tests/parity/functions/test_array.py::TestArrayFunctionsParity::test_array_union	other	RuntimeError: array_union: invalid series dtype: expected `List`, got `str`
tests/test_issue_289_struct_function.py::TestIssue289StructFunction::test_struct_multiple_types	other	TypeError: py_struct() takes 1 positional arguments but 4 were given
tests/test_issue_263_isnan_string.py::TestIssue263IsnanString::test_isnan_literal_matches_python_math	other	RuntimeError: `is_nan` operation not supported for dtype `null`
tests/test_issue_291_power_negative_exponent.py::TestIssue291PowerNegativeExponent::test_power_negative_exponent_with_show	other	TypeError: bad operand type for unary -: 'builtins.Column'
tests/test_issue_289_struct_function.py::TestIssue289StructFunction::test_struct_with_expressions	other	TypeError: py_struct() takes 1 positional arguments but 3 were given
tests/parity/functions/test_array.py::TestArrayFunctionsParity::test_array_sort	other	RuntimeError: invalid series dtype: expected `List`, got `str`
tests/parity/functions/test_string.py::TestStringFunctionsParity::test_string_concat	other	AssertionError: DataFrames are not equivalent:
tests/test_issue_263_isnan_string.py::TestIssue263IsnanString::test_isnan_on_string_and_numeric_columns_in_select	other	RuntimeError: `is_nan` operation not supported for dtype `str`
tests/test_issue_289_struct_function.py::TestIssue289StructFunction::test_struct_with_literals	other	TypeError: py_struct() takes 1 positional arguments but 3 were given
tests/test_issue_291_power_negative_exponent.py::TestIssue291PowerNegativeExponent::test_unary_minus_standalone_in_withcolumn	other	TypeError: bad operand type for unary -: 'builtins.Column'
tests/test_issue_164_schema_inference_numeric.py::TestIssue164SchemaInferenceNumeric::test_schema_inference_for_numeric_columns	other	AssertionError: Expected numeric type, got StringType
tests/parity/dataframe/test_set_operations.py::TestSetOperationsParity::test_union	other	TypeError: argument 'other': '_PySparkCompatDataFrame' object cannot be converted to 'DataFrame'
tests/test_issue_289_struct_function.py::TestIssue289StructFunction::test_struct_in_groupby_agg	str_to_column	TypeError: argument 'col': 'str' object cannot be converted to 'Column'
tests/test_issue_164_schema_inference_numeric.py::TestIssue164SchemaInferenceNumeric::test_schema_inference_for_integer_columns	other	AssertionError: Expected LongType, got StringType
tests/test_issue_263_isnan_string.py::TestIssue263IsnanString::test_isnan_in_when_otherwise_expression	other	AssertionError: assert 'ok' == 'nan'
tests/parity/functions/test_string.py::TestStringFunctionsParity::test_string_split	other	AssertionError: DataFrames are not equivalent:
tests/test_issue_291_power_operator_float_column.py::TestIssue291PowerOperatorFloatColumn::test_float_power_column	other	TypeError: unsupported operand type(s) for ** or pow(): 'float' and 'builtins.Column'
tests/test_issue_164_schema_inference_numeric.py::TestIssue164SchemaInferenceNumeric::test_schema_inference_mixed_types	other	AssertionError: assert 'StringType' == 'LongType'
tests/test_issue_289_struct_function.py::TestIssue289StructFunction::test_struct_field_access	other	TypeError: py_struct() takes 1 positional arguments but 3 were given
tests/parity/dataframe/test_set_operations.py::TestSetOperationsParity::test_union_all	other	TypeError: argument 'other': '_PySparkCompatDataFrame' object cannot be converted to 'DataFrame'
tests/test_fixture_compatibility.py::TestFixtureCompatibility::test_session_creation_in_fixture	other	AssertionError: assert 'Sparkless' == 'test_fixture'
tests/test_issue_289_struct_function.py::TestIssue289StructFunction::test_nested_struct	other	TypeError: py_struct() takes 1 positional arguments but 2 were given
tests/test_issue_291_power_operator_float_column.py::TestIssue291PowerOperatorFloatColumn::test_float_power_column_operation	other	TypeError: unsupported operand type(s) for ** or pow(): 'float' and 'builtins.Column'
tests/test_issue_280_join_groupby_ambiguity.py::TestJoinThenGroupByNoAmbiguity::test_basic_left_join_then_groupby	other	TypeError: argument 'cols': 'list' object cannot be converted to 'PyString'
tests/test_fixture_compatibility.py::TestFixtureCompatibility::test_multiple_sessions_in_fixture	other	AttributeError: type object 'SparkSession' has no attribute '_active_sessions'
tests/parity/functions/test_string.py::TestStringFunctionsParity::test_string_regexp_extract	other	AssertionError: DataFrames are not equivalent:
tests/test_issue_289_struct_function.py::TestIssue289StructFunction::test_struct_with_arrays	other	TypeError: py_struct() takes 1 positional arguments but 2 were given
tests/parity/dataframe/test_set_operations.py::TestSetOperationsParity::test_intersect	other	AttributeError: 'builtins.DataFrame' object has no attribute 'intersect'
tests/test_fixture_compatibility.py::TestFixtureCompatibility::test_session_context_manager	other	AttributeError: __enter__
tests/test_issue_280_join_groupby_ambiguity.py::TestJoinThenGroupByNoAmbiguity::test_inner_join_then_groupby	other	TypeError: argument 'cols': 'list' object cannot be converted to 'PyString'
tests/test_issue_291_power_operator_float_column.py::TestIssue291PowerOperatorFloatColumn::test_column_power_number	other	TypeError: unsupported operand type(s) for ** or pow(): 'builtins.Column' and 'int'
tests/test_issue_289_struct_function.py::TestIssue289StructFunction::test_struct_in_join	other	TypeError: py_struct() takes 1 positional arguments but 2 were given
tests/test_fixture_compatibility.py::TestFixtureCompatibility::test_session_cleanup_after_test	other	AttributeError: type object 'SparkSession' has no attribute '_active_sessions'
tests/parity/functions/test_cast_alias_select_parity.py::TestCastAliasSelectParity::test_cast_alias_select_basic_parity	str_to_column	TypeError: argument 'col': 'str' object cannot be converted to 'Column'
tests/parity/functions/test_string.py::TestStringFunctionsParity::test_string_trim	other	AssertionError: DataFrames are not equivalent:
tests/parity/dataframe/test_set_operations.py::TestSetOperationsParity::test_except	other	AttributeError: 'builtins.DataFrame' object has no attribute 'exceptAll'
tests/test_issue_289_struct_function.py::TestIssue289StructFunction::test_struct_with_aliased_columns	other	TypeError: py_struct() takes 1 positional arguments but 2 were given
tests/test_issue_291_power_operator_float_column.py::TestIssue291PowerOperatorFloatColumn::test_integer_power_column	other	TypeError: unsupported operand type(s) for ** or pow(): 'int' and 'builtins.Column'
tests/test_fixture_compatibility.py::TestFixtureCompatibility::test_sparkcontext_available_in_session	other	AttributeError: 'builtins.SparkSession' object has no attribute 'sparkContext'
tests/parity/functions/test_cast_alias_select_parity.py::TestCastAliasSelectParity::test_cast_alias_select_multiple_aggregations_parity	str_to_column	TypeError: argument 'col': 'str' object cannot be converted to 'Column'
tests/test_issue_280_join_groupby_ambiguity.py::TestJoinThenGroupByNoAmbiguity::test_outer_join_then_groupby	other	assert {3: 1, 1: 1, 2: 1} == {1: 1, None: 1, 3: 1}
tests/test_issue_289_struct_function.py::TestIssue289StructFunction::test_struct_multiple_operations	other	TypeError: py_struct() takes 1 positional arguments but 2 were given
tests/test_issue_287_na_replace.py::TestIssue287NAReplace::test_na_replace_empty_dataframe	other	AttributeError: 'str' object has no attribute 'fieldNames'
tests/test_issue_291_power_operator_float_column.py::TestIssue291PowerOperatorFloatColumn::test_column_power_column	other	TypeError: unsupported operand type(s) for ** or pow(): 'builtins.Column' and 'builtins.Column'
tests/parity/functions/test_cast_alias_select_parity.py::TestCastAliasSelectParity::test_cast_alias_select_with_filter_parity	str_to_column	TypeError: argument 'col': 'str' object cannot be converted to 'Column'
tests/test_issue_289_struct_function.py::TestIssue289StructFunction::test_struct_empty_dataframe	other	TypeError: py_struct() takes 1 positional arguments but 2 were given
tests/test_issue_280_join_groupby_ambiguity.py::TestJoinThenGroupByNoAmbiguity::test_single_column_join_then_groupby	str_to_column	TypeError: argument 'col': 'str' object cannot be converted to 'Column'
tests/parity/functions/test_string.py::TestStringFunctionsParity::test_string_ltrim	other	AssertionError: DataFrames are not equivalent:
tests/parity/functions/test_datetime.py::TestDatetimeFunctionsParity::test_year	other	RuntimeError: `year` operation not supported for dtype `str`
tests/test_issue_289_struct_function.py::TestIssue289StructFunction::test_struct_with_conditional	str_to_column	TypeError: argument 'value': 'str' object cannot be converted to 'Column'
tests/test_issue_291_power_operator_float_column.py::TestIssue291PowerOperatorFloatColumn::test_float_power_nested_expression	other	TypeError: unsupported operand type(s) for ** or pow(): 'float' and 'builtins.Column'
tests/test_issue_280_join_groupby_ambiguity.py::TestJoinThenGroupByNoAmbiguity::test_three_column_join_then_groupby	other	TypeError: argument 'cols': 'list' object cannot be converted to 'PyString'
tests/parity/functions/test_string.py::TestStringFunctionsParity::test_string_rtrim	other	AssertionError: DataFrames are not equivalent:
tests/test_issue_289_struct_function.py::TestIssue289StructFunction::test_struct_with_string_functions	other	TypeError: py_struct() takes 1 positional arguments but 2 were given
tests/test_function_api_compatibility.py::TestFunctionAPIs::test_function_signatures_match_pyspark	select_items_type	TypeError: select() items must be str (column name) or Column (expression)
tests/parity/functions/test_datetime.py::TestDatetimeFunctionsParity::test_month	other	RuntimeError: `month` operation not supported for dtype `str`
tests/test_issue_291_power_operator_float_column.py::TestIssue291PowerOperatorFloatColumn::test_power_in_select	other	TypeError: unsupported operand type(s) for ** or pow(): 'float' and 'builtins.Column'
tests/test_issue_289_struct_function.py::TestIssue289StructFunction::test_struct_with_math_operations	other	TypeError: py_struct() takes 1 positional arguments but 3 were given
tests/test_groupby_rollup_cube_with_list.py::test_groupBy_with_list	other	TypeError: argument 'cols': 'list' object cannot be converted to 'PyString'
tests/parity/functions/test_datetime.py::TestDatetimeFunctionsParity::test_dayofmonth	other	RuntimeError: `day` operation not supported for dtype `str`
tests/test_issue_291_power_operator_float_column.py::TestIssue291PowerOperatorFloatColumn::test_power_in_filter	other	TypeError: unsupported operand type(s) for ** or pow(): 'float' and 'builtins.Column'
tests/test_issue_289_struct_function.py::TestIssue289StructFunction::test_struct_large_number_of_fields	other	TypeError: py_struct() takes 1 positional arguments but 8 were given
tests/test_groupby_rollup_cube_with_list.py::test_groupBy_with_tuple	other	TypeError: argument 'cols': 'tuple' object cannot be converted to 'PyString'
tests/parity/sql/test_ddl.py::TestSQLDDLParity::test_drop_table_if_exists	other	RuntimeError: SQL: only SELECT is supported, got Drop { object_type: Table, if_exists: true, names: [ObjectName([Ident { value: "non_existent_table", quote_style: None }])], cascade: false, restrict: 
tests/parity/functions/test_string.py::TestStringFunctionsParity::test_string_lpad	other	AttributeError: 'builtins.Column' object has no attribute 'name'
tests/test_groupby_rollup_cube_with_list.py::test_groupBy_with_df_columns	other	TypeError: 'function' object is not subscriptable
tests/test_issue_291_power_operator_float_column.py::TestIssue291PowerOperatorFloatColumn::test_power_with_nulls	other	TypeError: unsupported operand type(s) for ** or pow(): 'float' and 'builtins.Column'
tests/parity/functions/test_datetime.py::TestDatetimeFunctionsParity::test_dayofweek	other	RuntimeError: `weekday` operation not supported for dtype `str`
tests/test_issue_291_power_operator_float_column.py::TestIssue291PowerOperatorFloatColumn::test_power_with_arithmetic_combination	other	TypeError: unsupported operand type(s) for ** or pow(): 'float' and 'builtins.Column'
tests/test_issue_291_power_operator_float_column.py::TestIssue291PowerOperatorFloatColumn::test_power_zero_exponent	other	TypeError: unsupported operand type(s) for ** or pow(): 'builtins.Column' and 'int'
tests/parity/functions/test_string.py::TestStringFunctionsParity::test_string_rpad	other	AttributeError: 'builtins.Column' object has no attribute 'name'
tests/parity/functions/test_datetime.py::TestDatetimeFunctionsParity::test_date_add	other	AssertionError: DataFrames are not equivalent:
tests/test_issue_280_join_groupby_ambiguity.py::TestJoinThenGroupByNoAmbiguity::test_join_then_aggregate_with_join_keys	str_to_column	TypeError: argument 'col': 'str' object cannot be converted to 'Column'
tests/test_issue_291_power_operator_float_column.py::TestIssue291PowerOperatorFloatColumn::test_power_with_conditional	other	TypeError: unsupported operand type(s) for ** or pow(): 'float' and 'builtins.Column'
tests/test_groupby_rollup_cube_with_list.py::test_rollup_with_list	other	AttributeError: 'builtins.CubeRollupData' object has no attribute 'count'
tests/test_issue_291_power_operator_float_column.py::TestIssue291PowerOperatorFloatColumn::test_power_zero_base	other	TypeError: unsupported operand type(s) for ** or pow(): 'float' and 'builtins.Column'
tests/test_groupby_rollup_cube_with_list.py::test_rollup_with_tuple	other	AttributeError: 'builtins.CubeRollupData' object has no attribute 'count'
tests/test_issue_291_power_operator_float_column.py::TestIssue291PowerOperatorFloatColumn::test_power_multiple_columns	other	TypeError: unsupported operand type(s) for ** or pow(): 'builtins.Column' and 'builtins.Column'
tests/test_issue_280_join_groupby_ambiguity.py::TestJoinThenGroupByNoAmbiguity::test_join_different_data_types_then_groupby	other	TypeError: argument 'cols': 'list' object cannot be converted to 'PyString'
tests/parity/functions/test_string.py::TestStringFunctionsParity::test_string_like	other	AssertionError: DataFrames are not equivalent:
tests/test_groupby_rollup_cube_with_list.py::test_rollup_backward_compatibility	other	TypeError: DataFrame.rollup() takes 1 positional arguments but 2 were given
tests/parity/functions/test_datetime.py::TestDatetimeFunctionsParity::test_date_sub	other	AssertionError: DataFrames are not equivalent:
tests/test_issue_291_power_operator_float_column.py::TestIssue291PowerOperatorFloatColumn::test_power_negative_exponent	other	TypeError: bad operand type for unary -: 'builtins.Column'
tests/test_issue_292_rlike_lookaround.py::TestIssue292RlikeLookaround::test_rlike_lookahead_with_special_characters	other	assert 0 == 2
tests/test_issue_291_power_operator_float_column.py::TestIssue291PowerOperatorFloatColumn::test_power_one_exponent	other	TypeError: unsupported operand type(s) for ** or pow(): 'builtins.Column' and 'int'
tests/test_groupby_rollup_cube_with_list.py::test_cube_with_list	other	AttributeError: 'builtins.CubeRollupData' object has no attribute 'count'
tests/test_groupby_rollup_cube_with_list.py::test_cube_with_tuple	other	AttributeError: 'builtins.CubeRollupData' object has no attribute 'count'
tests/parity/functions/test_string.py::TestStringFunctionsParity::test_string_rlike	other	AssertionError: DataFrames are not equivalent:
tests/test_issue_291_power_operator_float_column.py::TestIssue291PowerOperatorFloatColumn::test_power_chained_operations	other	TypeError: unsupported operand type(s) for ** or pow(): 'float' and 'builtins.Column'
tests/test_issue_292_rlike_lookaround.py::TestIssue292RlikeLookaround::test_rlike_lookahead_case_sensitivity	other	assert 0 == 1
tests/parity/functions/test_datetime.py::TestDatetimeFunctionsParity::test_date_format	other	RuntimeError: `to_string` operation not supported for dtype `str`
tests/test_issue_291_power_operator_float_column.py::TestIssue291PowerOperatorFloatColumn::test_power_one_base	other	TypeError: unsupported operand type(s) for ** or pow(): 'float' and 'builtins.Column'
tests/test_groupby_rollup_cube_with_list.py::test_cube_backward_compatibility	other	TypeError: DataFrame.cube() takes 1 positional arguments but 2 were given
tests/test_issue_291_power_operator_float_column.py::TestIssue291PowerOperatorFloatColumn::test_power_in_groupby_agg	str_to_column	TypeError: argument 'col': 'str' object cannot be converted to 'Column'
tests/test_issue_291_power_operator_float_column.py::TestIssue291PowerOperatorFloatColumn::test_power_decimal_base_exponent	other	TypeError: unsupported operand type(s) for ** or pow(): 'builtins.Column' and 'builtins.Column'
tests/test_issue_292_rlike_lookaround.py::TestIssue292RlikeLookaround::test_rlike_lookbehind_with_escaped_characters	other	assert 0 == 1
tests/parity/functions/test_datetime.py::TestDatetimeFunctionsParity::test_to_date	other	AssertionError: DataFrames are not equivalent:
tests/parity/functions/test_string.py::TestStringFunctionsParity::test_concat_ws	other	AssertionError: DataFrames are not equivalent:
tests/test_issue_291_power_operator_float_column.py::TestIssue291PowerOperatorFloatColumn::test_power_in_union	other	TypeError: unsupported operand type(s) for ** or pow(): 'float' and 'builtins.Column'
tests/test_issue_291_power_operator_float_column.py::TestIssue291PowerOperatorFloatColumn::test_power_mixed_types	other	TypeError: unsupported operand type(s) for ** or pow(): 'int' and 'builtins.Column'
tests/test_issue_292_rlike_lookaround.py::TestIssue292RlikeLookaround::test_rlike_lookahead_with_quantified_groups	other	assert 0 == 1
tests/parity/functions/test_format_string_parity.py::TestFormatStringParity::test_format_string_basic_parity	other	TypeError: py_format_string() takes 2 positional arguments but 3 were given
tests/test_issue_291_power_operator_float_column.py::TestIssue291PowerOperatorFloatColumn::test_power_with_alias	other	TypeError: unsupported operand type(s) for ** or pow(): 'float' and 'builtins.Column'
tests/parity/functions/test_string.py::TestStringFunctionsParity::test_ascii	other	AssertionError: DataFrames are not equivalent:
tests/test_issue_291_power_operator_float_column.py::TestIssue291PowerOperatorFloatColumn::test_power_empty_dataframe	other	TypeError: unsupported operand type(s) for ** or pow(): 'float' and 'builtins.Column'
tests/test_issue_292_rlike_lookaround.py::TestIssue292RlikeLookaround::test_rlike_negative_lookahead_with_boundaries	other	assert 0 >= 1
tests/test_issue_296_udf_decorator.py::TestIssue296UdfDecorator::test_udf_decorator_with_union	other	TypeError: argument 'other': '_PySparkCompatDataFrame' object cannot be converted to 'DataFrame'
tests/test_issue_293_explode_withcolumn.py::TestIssue293ExplodeWithColumn::test_explode_in_withcolumn	str_to_column	TypeError: argument 'col': 'str' object cannot be converted to 'Column'
tests/test_issue_291_power_operator_float_column.py::TestIssue291PowerOperatorFloatColumn::test_power_fractional_exponent	other	TypeError: unsupported operand type(s) for ** or pow(): 'builtins.Column' and 'float'
tests/parity/functions/test_format_string_parity.py::TestFormatStringParity::test_format_string_multiple_args_parity	other	TypeError: py_format_string() takes 2 positional arguments but 4 were given
tests/test_issue_291_power_operator_float_column.py::TestIssue291PowerOperatorFloatColumn::test_power_very_large_exponent	other	TypeError: unsupported operand type(s) for ** or pow(): 'builtins.Column' and 'builtins.Column'
tests/parity/functions/test_string.py::TestStringFunctionsParity::test_hex	other	AssertionError: DataFrames are not equivalent:
tests/test_issue_293_explode_withcolumn.py::TestIssue293ExplodeWithColumn::test_explode_in_select	str_to_column	TypeError: argument 'col': 'str' object cannot be converted to 'Column'
tests/test_issue_291_power_operator_float_column.py::TestIssue291PowerOperatorFloatColumn::test_power_large_numbers	other	TypeError: unsupported operand type(s) for ** or pow(): 'builtins.Column' and 'builtins.Column'
tests/test_issue_291_power_operator_float_column.py::TestIssue291PowerOperatorFloatColumn::test_power_float_base_integer_exponent	other	TypeError: unsupported operand type(s) for ** or pow(): 'float' and 'builtins.Column'
tests/parity/functions/test_format_string_parity.py::TestFormatStringParity::test_format_string_with_null_parity	other	TypeError: py_format_string() takes 2 positional arguments but 3 were given
tests/parity/functions/test_string.py::TestStringFunctionsParity::test_base64	other	AssertionError: DataFrames are not equivalent:
tests/parity/dataframe/test_window.py::TestWindowOperationsParity::test_sum_over_window	str_to_column	TypeError: argument 'col': 'str' object cannot be converted to 'Column'
tests/test_issue_293_explode_withcolumn.py::TestIssue293ExplodeWithColumn::test_explode_with_integers	str_to_column	TypeError: argument 'col': 'str' object cannot be converted to 'Column'
tests/test_issue_291_power_operator_float_column.py::TestIssue291PowerOperatorFloatColumn::test_power_small_numbers	other	TypeError: unsupported operand type(s) for ** or pow(): 'builtins.Column' and 'int'
tests/test_issue_291_power_operator_float_column.py::TestIssue291PowerOperatorFloatColumn::test_power_in_multiple_withcolumns	other	TypeError: unsupported operand type(s) for ** or pow(): 'builtins.Column' and 'int'
tests/parity/functions/test_string.py::TestStringFunctionsParity::test_initcap	other	AssertionError: DataFrames are not equivalent:
tests/test_issue_292_rlike_lookaround.py::TestIssue292RlikeLookaround::test_rlike_negative_lookahead	other	assert 0 == 1
tests/parity/dataframe/test_window.py::TestWindowOperationsParity::test_lag	str_to_column	TypeError: argument 'column': 'str' object cannot be converted to 'Column'
tests/test_issue_291_power_operator_float_column.py::TestIssue291PowerOperatorFloatColumn::test_power_string_coercion	other	TypeError: unsupported operand type(s) for ** or pow(): 'float' and 'builtins.Column'
tests/test_issue_293_explode_withcolumn.py::TestIssue293ExplodeWithColumn::test_explode_with_empty_arrays	str_to_column	TypeError: argument 'col': 'str' object cannot be converted to 'Column'
tests/test_issue_292_rlike_lookaround.py::TestIssue292RlikeLookaround::test_rlike_positive_lookahead	other	assert 0 == 1
tests/test_issue_293_explode_withcolumn.py::TestIssue293ExplodeWithColumn::test_explode_with_null_arrays	str_to_column	TypeError: argument 'col': 'str' object cannot be converted to 'Column'
tests/test_issue_291_power_operator_float_column.py::TestIssue291PowerOperatorFloatColumn::test_power_in_orderby	other	TypeError: unsupported operand type(s) for ** or pow(): 'float' and 'builtins.Column'
tests/parity/dataframe/test_window.py::TestWindowOperationsParity::test_lead	str_to_column	TypeError: argument 'column': 'str' object cannot be converted to 'Column'
tests/parity/functions/test_string.py::TestStringFunctionsParity::test_soundex	other	AssertionError: DataFrames are not equivalent:
tests/test_issue_292_rlike_lookaround.py::TestIssue292RlikeLookaround::test_rlike_lookbehind	other	assert 0 == 3
tests/test_issue_293_explode_withcolumn.py::TestIssue293ExplodeWithColumn::test_explode_outer_with_null_arrays	str_to_column	TypeError: argument 'col': 'str' object cannot be converted to 'Column'
tests/test_issue_291_power_operator_float_column.py::TestIssue291PowerOperatorFloatColumn::test_power_complex_nested_expression	other	TypeError: unsupported operand type(s) for ** or pow(): 'builtins.Column' and 'builtins.Column'
tests/parity/functions/test_math.py::TestMathFunctionsParity::test_math_abs	other	AssertionError: DataFrames are not equivalent:
tests/test_issue_293_explode_withcolumn.py::TestIssue293ExplodeWithColumn::test_explode_with_multiple_columns	str_to_column	TypeError: argument 'col': 'str' object cannot be converted to 'Column'
tests/test_issue_292_rlike_lookaround.py::TestIssue292RlikeLookaround::test_rlike_negative_lookbehind	other	assert 0 >= 1
tests/parity/functions/test_string.py::TestStringFunctionsParity::test_translate	other	AttributeError: 'builtins.Column' object has no attribute 'name'
tests/test_issue_295_withColumnRenamed_nonexistent.py::TestIssue295WithColumnRenamedNonexistent::test_withColumnRenamed_after_groupby	str_to_column	TypeError: argument 'col': 'str' object cannot be converted to 'Column'
tests/parity/dataframe/test_window.py::TestWindowOperationsParity::test_first_value	str_to_column	TypeError: argument 'col': 'str' object cannot be converted to 'Column'
tests/parity/functions/test_math.py::TestMathFunctionsParity::test_math_round	other	OverflowError: out of range integral type conversion attempted
tests/test_issue_292_rlike_lookaround.py::TestIssue292RlikeLookaround::test_rlike_complex_lookaround	other	assert 0 == 1
tests/test_issue_293_explode_withcolumn.py::TestIssue293ExplodeWithColumn::test_explode_chained_operations	str_to_column	TypeError: argument 'col': 'str' object cannot be converted to 'Column'
tests/test_issue_330_struct_field_alias.py::TestIssue330StructFieldAlias::test_struct_field_with_alias_special_characters	select_items_type	TypeError: select() items must be str (column name) or Column (expression)
tests/parity/functions/test_string.py::TestStringFunctionsParity::test_levenshtein	other	AssertionError: DataFrames are not equivalent:
tests/test_issue_292_rlike_lookaround.py::TestIssue292RlikeLookaround::test_regexp_alias_lookaround	other	assert 0 == 1
tests/test_issue_293_explode_withcolumn.py::TestIssue293ExplodeWithColumn::test_explode_with_floats	str_to_column	TypeError: argument 'col': 'str' object cannot be converted to 'Column'
tests/test_issue_330_struct_field_alias.py::TestIssue330StructFieldAlias::test_struct_field_with_alias_with_join	select_items_type	TypeError: select() items must be str (column name) or Column (expression)
tests/parity/functions/test_math.py::TestMathFunctionsParity::test_math_sqrt	other	AttributeError: 'builtins.Column' object has no attribute 'name'
tests/test_issue_330_struct_field_alias.py::TestIssue330StructFieldAlias::test_struct_field_with_alias_with_union	select_items_type	TypeError: select() items must be str (column name) or Column (expression)
tests/test_issue_336_window_function_comparison.py::TestIssue336WindowFunctionComparison::test_window_function_comparison_with_empty_dataframe	other	AttributeError: 'str' object has no attribute 'fieldNames'
tests/test_issue_293_explode_withcolumn.py::TestIssue293ExplodeWithColumn::test_explode_with_booleans	str_to_column	TypeError: argument 'col': 'str' object cannot be converted to 'Column'
tests/parity/functions/test_string.py::TestStringFunctionsParity::test_crc32	other	AssertionError: DataFrames are not equivalent:
tests/test_issue_292_rlike_lookaround.py::TestIssue292RlikeLookaround::test_regexp_like_alias_lookaround	other	assert 0 == 1
tests/test_issue_330_struct_field_alias.py::TestIssue330StructFieldAlias::test_struct_field_with_alias_with_groupby	select_items_type	TypeError: select() items must be str (column name) or Column (expression)
tests/test_issue_293_explode_withcolumn.py::TestIssue293ExplodeWithColumn::test_explode_with_mixed_types	str_to_column	TypeError: argument 'col': 'str' object cannot be converted to 'Column'
tests/parity/functions/test_string.py::TestStringFunctionsParity::test_xxhash64	other	AssertionError: DataFrames are not equivalent:
tests/test_issue_330_struct_field_alias.py::TestIssue330StructFieldAlias::test_struct_field_with_alias_with_window_function	select_items_type	TypeError: select() items must be str (column name) or Column (expression)
tests/parity/functions/test_math.py::TestMathFunctionsParity::test_math_pow	other	AttributeError: 'builtins.Column' object has no attribute 'name'
tests/test_issue_293_explode_withcolumn.py::TestIssue293ExplodeWithColumn::test_explode_with_single_element_arrays	str_to_column	TypeError: argument 'col': 'str' object cannot be converted to 'Column'
tests/test_issue_292_rlike_lookaround.py::TestIssue292RlikeLookaround::test_rlike_case_insensitive_lookaround	other	assert 0 == 2
tests/test_issue_330_struct_field_alias.py::TestIssue330StructFieldAlias::test_struct_field_with_alias_multiple_selects	select_items_type	TypeError: select() items must be str (column name) or Column (expression)
tests/test_issue_295_withColumnRenamed_nonexistent.py::TestIssue295WithColumnRenamedNonexistent::test_withColumnRenamed_after_union	other	TypeError: argument 'other': '_PySparkCompatDataFrame' object cannot be converted to 'DataFrame'
tests/parity/functions/test_string.py::TestStringFunctionsParity::test_get_json_object	other	AssertionError: DataFrames are not equivalent:
tests/parity/functions/test_math.py::TestMathFunctionsParity::test_math_log	other	AssertionError: DataFrames are not equivalent:
tests/test_issue_292_rlike_lookaround.py::TestIssue292RlikeLookaround::test_rlike_multiple_lookaheads	other	assert 0 == 1
tests/test_issue_330_struct_field_alias.py::TestIssue330StructFieldAlias::test_struct_field_with_alias_schema_verification	select_items_type	TypeError: select() items must be str (column name) or Column (expression)
tests/test_issue_293_explode_withcolumn.py::TestIssue293ExplodeWithColumn::test_explode_with_large_arrays	str_to_column	TypeError: argument 'col': 'str' object cannot be converted to 'Column'
tests/parity/functions/test_aggregate.py::TestAggregateFunctionsParity::test_agg_sum	other	AssertionError: DataFrames are not equivalent:
tests/parity/functions/test_string.py::TestStringFunctionsParity::test_json_tuple	other	AssertionError: DataFrames are not equivalent:
tests/parity/functions/test_math.py::TestMathFunctionsParity::test_math_exp	other	AssertionError: DataFrames are not equivalent:
tests/test_issue_292_rlike_lookaround.py::TestIssue292RlikeLookaround::test_rlike_lookaround_with_nulls	other	assert 0 == 1
tests/test_issue_293_explode_withcolumn.py::TestIssue293ExplodeWithColumn::test_explode_with_groupby_agg	str_to_column	TypeError: argument 'col': 'str' object cannot be converted to 'Column'
tests/parity/functions/test_aggregate.py::TestAggregateFunctionsParity::test_agg_avg	other	AssertionError: DataFrames are not equivalent:
tests/test_issue_296_udf_decorator.py::TestIssue296UdfDecorator::test_udf_decorator_with_complex_aggregation	str_to_column	TypeError: argument 'col': 'str' object cannot be converted to 'Column'
tests/test_issue_326_format_string.py::TestIssue326FormatString::test_format_string_empty_strings	other	TypeError: py_format_string() takes 2 positional arguments but 3 were given
tests/test_issue_331_array_contains_join.py::TestIssue331ArrayContainsJoin::test_array_contains_join_basic	other	AttributeError: 'builtins.Column' object has no attribute 'name'
tests/test_issue_293_explode_withcolumn.py::TestIssue293ExplodeWithColumn::test_explode_with_orderby	str_to_column	TypeError: argument 'col': 'str' object cannot be converted to 'Column'
tests/parity/functions/test_math.py::TestMathFunctionsParity::test_math_sin	other	AssertionError: DataFrames are not equivalent:
tests/parity/functions/test_string.py::TestStringFunctionsParity::test_substring_index	other	AttributeError: 'builtins.Column' object has no attribute 'name'
tests/test_issue_326_format_string.py::TestIssue326FormatString::test_format_string_many_columns	other	TypeError: py_format_string() takes 2 positional arguments but 7 were given
tests/parity/functions/test_aggregate.py::TestAggregateFunctionsParity::test_agg_count	other	AssertionError: DataFrames are not equivalent:
tests/test_issue_292_rlike_lookaround.py::TestIssue292RlikeLookaround::test_rlike_in_select	other	assert None is False
tests/test_issue_293_explode_withcolumn.py::TestIssue293ExplodeWithColumn::test_explode_with_distinct	str_to_column	TypeError: argument 'col': 'str' object cannot be converted to 'Column'
tests/test_issue_295_withColumnRenamed_nonexistent.py::TestIssue295WithColumnRenamedNonexistent::test_withColumnRenamed_complex_nested_operations	str_to_column	TypeError: argument 'col': 'str' object cannot be converted to 'Column'
tests/test_issue_297_join_different_case_select.py::TestIssue297JoinDifferentCaseSelect::test_join_different_case_select_third_case	other	RuntimeError: not found: name
tests/parity/functions/test_math.py::TestMathFunctionsParity::test_math_cos	other	AssertionError: DataFrames are not equivalent:
tests/test_issue_326_format_string.py::TestIssue326FormatString::test_format_string_numeric_edge_cases	other	TypeError: py_format_string() takes 2 positional arguments but 6 were given
tests/test_issue_331_array_contains_join.py::TestIssue331ArrayContainsJoin::test_array_contains_join_inner	other	AttributeError: 'builtins.Column' object has no attribute 'name'
tests/parity/functions/test_string.py::TestStringFunctionsParity::test_repeat	other	AssertionError: DataFrames are not equivalent:
tests/parity/functions/test_aggregate.py::TestAggregateFunctionsParity::test_agg_max	other	AssertionError: DataFrames are not equivalent:
tests/test_issue_297_join_different_case_select.py::TestIssue297JoinDifferentCaseSelect::test_join_different_case_select_left_column	other	RuntimeError: not found: name
tests/test_issue_292_rlike_lookaround.py::TestIssue292RlikeLookaround::test_rlike_in_withcolumn	other	assert None is False
tests/test_issue_293_explode_withcolumn.py::TestIssue293ExplodeWithColumn::test_explode_with_union	str_to_column	TypeError: argument 'col': 'str' object cannot be converted to 'Column'
tests/parity/functions/test_math.py::TestMathFunctionsParity::test_math_tan	other	AssertionError: DataFrames are not equivalent:
tests/test_issue_326_format_string.py::TestIssue326FormatString::test_format_string_unicode	other	TypeError: py_format_string() takes 2 positional arguments but 4 were given
tests/test_issue_292_rlike_lookaround.py::TestIssue292RlikeLookaround::test_rlike_chained_operations	other	assert 0 == 2
tests/parity/functions/test_string.py::TestStringFunctionsParity::test_reverse	other	AssertionError: DataFrames are not equivalent:
tests/test_issue_331_array_contains_join.py::TestIssue331ArrayContainsJoin::test_array_contains_join_left	other	AttributeError: 'builtins.Column' object has no attribute 'name'
tests/test_issue_293_explode_withcolumn.py::TestIssue293ExplodeWithColumn::test_explode_with_computed_column	str_to_column	TypeError: argument 'col': 'str' object cannot be converted to 'Column'
tests/parity/functions/test_aggregate.py::TestAggregateFunctionsParity::test_agg_min	other	AssertionError: DataFrames are not equivalent:
tests/test_issue_297_join_different_case_select.py::TestIssue297JoinDifferentCaseSelect::test_different_join_types	other	RuntimeError: not found: name
tests/test_issue_292_rlike_lookaround.py::TestIssue292RlikeLookaround::test_rlike_lookahead_with_anchors	other	assert 0 == 1
tests/test_issue_326_format_string.py::TestIssue326FormatString::test_format_string_special_characters_in_format	other	TypeError: py_format_string() takes 2 positional arguments but 3 were given
tests/parity/functions/test_math.py::TestMathFunctionsParity::test_math_ceil	other	AssertionError: DataFrames are not equivalent:
tests/test_issue_293_explode_withcolumn.py::TestIssue293ExplodeWithColumn::test_explode_with_when_otherwise	str_to_column	TypeError: argument 'col': 'str' object cannot be converted to 'Column'
tests/test_issue_297_join_different_case_select.py::TestIssue297JoinDifferentCaseSelect::test_multiple_ambiguous_columns	other	RuntimeError: not found: name
tests/parity/functions/test_aggregate_cast_parity.py::TestAggregateCastParity::test_mean_cast_string_issue_265	other	AssertionError: Cast column not found in schema
tests/test_issue_331_array_contains_join.py::TestIssue331ArrayContainsJoin::test_array_contains_join_multiple_matches	other	AttributeError: 'builtins.Column' object has no attribute 'name'
tests/test_issue_297_join_different_case_select.py::TestIssue297JoinDifferentCaseSelect::test_chained_operations_after_select	other	RuntimeError: not found: name
tests/test_issue_326_format_string.py::TestIssue326FormatString::test_format_string_all_null	other	TypeError: py_format_string() takes 2 positional arguments but 4 were given
tests/test_issue_293_explode_withcolumn.py::TestIssue293ExplodeWithColumn::test_explode_with_cast	str_to_column	TypeError: argument 'col': 'str' object cannot be converted to 'Column'
tests/test_issue_292_rlike_lookaround.py::TestIssue292RlikeLookaround::test_rlike_nested_lookahead	other	assert 0 == 1
tests/parity/functions/test_math.py::TestMathFunctionsParity::test_math_floor	other	AssertionError: DataFrames are not equivalent:
tests/test_issue_297_join_different_case_select.py::TestIssue297JoinDifferentCaseSelect::test_groupby_after_select_with_ambiguous_column	other	RuntimeError: not found: name
tests/test_issue_326_format_string.py::TestIssue326FormatString::test_format_string_mixed_types	other	TypeError: py_format_string() takes 2 positional arguments but 5 were given
tests/test_issue_331_array_contains_join.py::TestIssue331ArrayContainsJoin::test_array_contains_join_no_matches	other	AttributeError: 'builtins.Column' object has no attribute 'name'
tests/test_issue_292_rlike_lookaround.py::TestIssue292RlikeLookaround::test_rlike_lookbehind_with_digits	other	assert 0 == 1
tests/test_issue_293_explode_withcolumn.py::TestIssue293ExplodeWithColumn::test_explode_with_string_operations	str_to_column	TypeError: argument 'col': 'str' object cannot be converted to 'Column'
tests/test_issue_293_explode_withcolumn.py::TestIssue293ExplodeWithColumn::test_explode_with_multiple_explodes	str_to_column	TypeError: argument 'col': 'str' object cannot be converted to 'Column'
tests/test_issue_292_rlike_lookaround.py::TestIssue292RlikeLookaround::test_rlike_combined_lookahead_lookbehind	other	assert 0 == 1
tests/test_issue_331_array_contains_join.py::TestIssue331ArrayContainsJoin::test_array_contains_join_null_arrays	other	AttributeError: 'builtins.Column' object has no attribute 'name'
tests/test_issue_297_join_different_case_select.py::TestIssue297JoinDifferentCaseSelect::test_multiple_matches_uses_requested_name	other	RuntimeError: not found: name
tests/test_issue_293_explode_withcolumn.py::TestIssue293ExplodeWithColumn::test_explode_with_join	str_to_column	TypeError: argument 'col': 'str' object cannot be converted to 'Column'
tests/test_issue_292_rlike_lookaround.py::TestIssue292RlikeLookaround::test_rlike_negative_lookahead_multiple_conditions	other	assert 0 == 2
tests/test_issue_297_join_different_case_select.py::TestIssue297JoinDifferentCaseSelect::test_empty_dataframes	other	RuntimeError: not found: name
tests/test_issue_296_udf_decorator.py::TestIssue296UdfDecorator::test_udf_decorator_in_groupby_agg	str_to_column	TypeError: argument 'col': 'str' object cannot be converted to 'Column'
tests/test_issue_326_format_string.py::TestIssue326FormatString::test_format_string_long_strings	other	TypeError: py_format_string() takes 2 positional arguments but 3 were given
tests/test_issue_331_array_contains_join.py::TestIssue331ArrayContainsJoin::test_array_contains_join_null_ids	other	AttributeError: 'builtins.Column' object has no attribute 'name'
tests/test_issue_297_join_different_case_select.py::TestIssue297JoinDifferentCaseSelect::test_null_values_in_joined_columns	other	RuntimeError: not found: name
tests/test_issue_293_explode_withcolumn.py::TestIssue293ExplodeWithColumn::test_explode_outer_with_empty_arrays	str_to_column	TypeError: argument 'col': 'str' object cannot be converted to 'Column'
tests/test_issue_292_rlike_lookaround.py::TestIssue292RlikeLookaround::test_rlike_lookahead_with_word_boundaries	other	assert 0 >= 1
tests/test_issue_297_join_different_case_select.py::TestIssue297JoinDifferentCaseSelect::test_different_case_variations	other	RuntimeError: not found: name
tests/test_issue_293_explode_withcolumn.py::TestIssue293ExplodeWithColumn::test_explode_with_alias	str_to_column	TypeError: argument 'col': 'str' object cannot be converted to 'Column'
tests/test_issue_331_array_contains_join.py::TestIssue331ArrayContainsJoin::test_array_contains_join_right	other	AttributeError: 'builtins.Column' object has no attribute 'name'
tests/test_issue_292_rlike_lookaround.py::TestIssue292RlikeLookaround::test_rlike_lookbehind_with_fixed_width	other	assert 0 == 1
tests/test_issue_297_join_different_case_select.py::TestIssue297JoinDifferentCaseSelect::test_with_column_after_select	other	RuntimeError: not found: name
tests/test_issue_293_explode_withcolumn.py::TestIssue293ExplodeWithColumn::test_explode_with_filter_after	str_to_column	TypeError: argument 'col': 'str' object cannot be converted to 'Column'
tests/test_issue_297_join_different_case_select.py::TestIssue297JoinDifferentCaseSelect::test_drop_after_select	other	RuntimeError: not found: name
tests/test_issue_292_rlike_lookaround.py::TestIssue292RlikeLookaround::test_rlike_lookahead_with_alternation	other	assert 0 == 2
tests/test_issue_331_array_contains_join.py::TestIssue331ArrayContainsJoin::test_array_contains_join_outer	other	AttributeError: 'builtins.Column' object has no attribute 'name'
tests/test_issue_292_rlike_lookaround.py::TestIssue292RlikeLookaround::test_rlike_lookahead_with_capture_groups	other	assert 0 == 2
tests/test_issue_326_format_string.py::TestIssue326FormatString::test_format_string_basic	other	TypeError: py_format_string() takes 2 positional arguments but 3 were given
tests/test_issue_293_explode_withcolumn.py::TestIssue293ExplodeWithColumn::test_explode_with_filter_before	str_to_column	TypeError: argument 'col': 'str' object cannot be converted to 'Column'
tests/test_issue_331_array_contains_join.py::TestIssue331ArrayContainsJoin::test_array_contains_join_with_select	other	AttributeError: 'builtins.Column' object has no attribute 'name'
tests/test_issue_329_log_float_constant.py::TestIssue329LogFloatConstant::test_log_with_column_base	other	TypeError: argument 'base': must be real number, not builtins.Column
tests/test_issue_326_format_string.py::TestIssue326FormatString::test_format_string_multiple_columns	other	TypeError: py_format_string() takes 2 positional arguments but 4 were given
tests/test_issue_292_rlike_lookaround.py::TestIssue292RlikeLookaround::test_rlike_multiple_negative_lookaheads	other	assert 0 == 2
tests/test_issue_293_explode_withcolumn.py::TestIssue293ExplodeWithColumn::test_explode_with_select_subset	str_to_column	TypeError: argument 'col': 'str' object cannot be converted to 'Column'
tests/test_issue_331_array_contains_join.py::TestIssue331ArrayContainsJoin::test_array_contains_join_with_filter	other	AttributeError: 'builtins.Column' object has no attribute 'name'
tests/test_issue_326_format_string.py::TestIssue326FormatString::test_format_string_with_null_values	other	TypeError: py_format_string() takes 2 positional arguments but 3 were given
tests/test_issue_293_explode_withcolumn.py::TestIssue293ExplodeWithColumn::test_explode_with_count	str_to_column	TypeError: argument 'col': 'str' object cannot be converted to 'Column'
tests/test_issue_292_rlike_lookaround.py::TestIssue292RlikeLookaround::test_rlike_lookbehind_with_character_classes	other	assert 0 == 1
tests/test_issue_326_format_string.py::TestIssue326FormatString::test_format_string_in_select	other	TypeError: py_format_string() takes 2 positional arguments but 3 were given
tests/test_issue_331_array_contains_join.py::TestIssue331ArrayContainsJoin::test_array_contains_join_column_name_conflicts	other	AttributeError: 'builtins.Column' object has no attribute 'name'
tests/test_issue_294_hour_minute_second_string_timestamps.py::TestIssue294HourMinuteSecondStringTimestamps::test_hour_minute_second_from_string_timestamps	other	RuntimeError: `hour` operation not supported for dtype `str`
tests/test_issue_292_rlike_lookaround.py::TestIssue292RlikeLookaround::test_rlike_lookahead_with_non_capturing_groups	other	assert 0 == 2
tests/test_issue_326_format_string.py::TestIssue326FormatString::test_format_string_different_format_specifiers	other	TypeError: py_format_string() takes 2 positional arguments but 4 were given
tests/test_issue_358_getfield.py::TestIssue358GetField::test_getfield_struct_field_by_name	other	AttributeError: 'builtins.Column' object has no attribute 'getField'
tests/test_issue_292_rlike_lookaround.py::TestIssue292RlikeLookaround::test_rlike_complex_nested_lookaround	other	assert 0 == 1
tests/test_issue_331_array_contains_join.py::TestIssue331ArrayContainsJoin::test_array_contains_join_empty_dataframes	other	AttributeError: 'builtins.Column' object has no attribute 'name'
tests/test_issue_294_hour_minute_second_string_timestamps.py::TestIssue294HourMinuteSecondStringTimestamps::test_hour_minute_second_with_different_timezone_formats	other	RuntimeError: `hour` operation not supported for dtype `str`
tests/test_issue_358_getfield.py::TestIssue358GetField::test_getfield_nested_array_access	other	AttributeError: 'builtins.Column' object has no attribute 'getField'
tests/test_issue_330_struct_field_alias.py::TestIssue330StructFieldAlias::test_struct_field_with_alias	select_items_type	TypeError: select() items must be str (column name) or Column (expression)
tests/test_issue_294_hour_minute_second_string_timestamps.py::TestIssue294HourMinuteSecondStringTimestamps::test_hour_minute_second_with_different_formats	other	RuntimeError: `hour` operation not supported for dtype `str`
tests/test_issue_292_rlike_lookaround.py::TestIssue292RlikeLookaround::test_rlike_lookahead_with_unicode	other	assert 0 == 2
tests/test_issue_327_orderby_ascending.py::TestIssue327OrderByAscending::test_orderby_empty_dataframe	other	AttributeError: 'str' object has no attribute 'fieldNames'
tests/test_issue_330_struct_field_alias.py::TestIssue330StructFieldAlias::test_struct_field_with_alias_multiple_fields	select_items_type	TypeError: select() items must be str (column name) or Column (expression)
tests/test_issue_331_array_contains_join.py::TestIssue331ArrayContainsJoin::test_array_contains_join_empty_arrays	other	AttributeError: 'builtins.Column' object has no attribute 'name'
tests/test_issue_358_getfield.py::TestIssue358GetField::test_getfield_negative_index	other	AttributeError: 'builtins.Column' object has no attribute 'getField'
tests/test_issue_294_hour_minute_second_string_timestamps.py::TestIssue294HourMinuteSecondStringTimestamps::test_hour_minute_second_in_select	str_to_column	TypeError: argument 'col': 'str' object cannot be converted to 'Column'
tests/test_issue_292_rlike_lookaround.py::TestIssue292RlikeLookaround::test_rlike_lookbehind_multiple_fixed_widths	other	assert 0 == 1
tests/test_issue_358_getfield.py::TestIssue358GetField::test_getfield_chained_access	other	AttributeError: 'builtins.Column' object has no attribute 'getField'
tests/test_issue_337_grouped_data_mean.py::TestIssue337GroupedDataMean::test_grouped_data_mean_with_column_object	other	TypeError: argument 'column': 'Column' object cannot be converted to 'PyString'
tests/test_issue_331_array_contains_join.py::TestIssue331ArrayContainsJoin::test_array_contains_join_duplicate_values	other	AttributeError: 'builtins.Column' object has no attribute 'name'
tests/test_issue_294_hour_minute_second_string_timestamps.py::TestIssue294HourMinuteSecondStringTimestamps::test_hour_minute_second_with_filter	str_to_column	TypeError: argument 'col': 'str' object cannot be converted to 'Column'
tests/test_issue_292_rlike_lookaround.py::TestIssue292RlikeLookaround::test_rlike_lookahead_in_groupby_filter	str_to_column	TypeError: argument 'col': 'str' object cannot be converted to 'Column'
tests/test_issue_330_struct_field_alias.py::TestIssue330StructFieldAlias::test_struct_field_with_alias_and_other_columns	select_items_type	TypeError: select() items must be str (column name) or Column (expression)
tests/test_issue_294_hour_minute_second_string_timestamps.py::TestIssue294HourMinuteSecondStringTimestamps::test_hour_minute_second_with_null_values	str_to_column	TypeError: argument 'col': 'str' object cannot be converted to 'Column'
tests/test_issue_292_rlike_lookaround.py::TestIssue292RlikeLookaround::test_rlike_lookahead_performance_large_dataset	other	assert 0 > 0
tests/test_issue_330_struct_field_alias.py::TestIssue330StructFieldAlias::test_struct_field_with_alias_null_values	select_items_type	TypeError: select() items must be str (column name) or Column (expression)
tests/test_issue_331_array_contains_join.py::TestIssue331ArrayContainsJoin::test_array_contains_join_string_arrays	other	AttributeError: 'builtins.Column' object has no attribute 'name'
tests/test_issue_337_grouped_data_mean.py::TestIssue337GroupedDataMean::test_grouped_data_mean_with_column_alias_in_groupBy	select_items_type	TypeError: select() items must be str (column name) or Column (expression)
tests/test_issue_294_hour_minute_second_string_timestamps.py::TestIssue294HourMinuteSecondStringTimestamps::test_hour_minute_second_in_groupby_agg	str_to_column	TypeError: argument 'col': 'str' object cannot be converted to 'Column'
tests/test_issue_330_struct_field_alias.py::TestIssue330StructFieldAlias::test_struct_field_with_alias_nested_struct	select_items_type	TypeError: select() items must be str (column name) or Column (expression)
tests/test_issue_361_createDataFrame_rdd.py::TestIssue361CreateDataFrameRdd::test_createDataFrame_from_rdd_with_schema_list	other	TypeError: 'function' object is not iterable
tests/test_issue_331_array_contains_join.py::TestIssue331ArrayContainsJoin::test_array_contains_join_float_arrays	other	AttributeError: 'builtins.Column' object has no attribute 'name'
tests/test_issue_330_struct_field_alias.py::TestIssue330StructFieldAlias::test_struct_field_without_alias_still_works	select_items_type	TypeError: select() items must be str (column name) or Column (expression)
tests/test_issue_359_na_drop.py::TestIssue359NADrop::test_na_drop_subset_as_string	other	TypeError: argument 'subset': Can't extract `str` to `Vec`
tests/test_issue_361_createDataFrame_rdd.py::TestIssue361CreateDataFrameRdd::test_createDataFrame_from_rdd_show_matches_expected	other	TypeError: 'function' object is not iterable
tests/test_issue_330_struct_field_alias.py::TestIssue330StructFieldAlias::test_struct_field_with_alias_chained_operations	select_items_type	TypeError: select() items must be str (column name) or Column (expression)
tests/test_issue_331_array_contains_join.py::TestIssue331ArrayContainsJoin::test_array_contains_join_large_arrays	other	AttributeError: 'builtins.Column' object has no attribute 'name'
tests/test_issue_337_grouped_data_mean.py::TestIssue337GroupedDataMean::test_grouped_data_mean_with_empty_dataframe	other	AttributeError: 'str' object has no attribute 'fieldNames'
tests/test_issue_330_struct_field_alias.py::TestIssue330StructFieldAlias::test_struct_field_with_alias_empty_dataframe	select_items_type	TypeError: select() items must be str (column name) or Column (expression)
tests/test_issue_361_createDataFrame_rdd.py::TestIssue361CreateDataFrameRdd::test_createDataFrame_from_rdd_empty_dataframe	other	TypeError: 'function' object is not iterable
tests/test_issue_331_array_contains_join.py::TestIssue331ArrayContainsJoin::test_array_contains_join_with_where_clause	other	AttributeError: 'builtins.Column' object has no attribute 'name'
tests/test_issue_330_struct_field_alias.py::TestIssue330StructFieldAlias::test_struct_field_with_alias_mixed_nulls	select_items_type	TypeError: select() items must be str (column name) or Column (expression)
tests/test_issue_339_column_subscript.py::TestIssue339ColumnSubscript::test_column_subscript_in_select	select_items_type	TypeError: select() items must be str (column name) or Column (expression)
tests/test_issue_361_createDataFrame_rdd.py::TestIssue361CreateDataFrameRdd::test_createDataFrame_from_rdd_single_row	other	TypeError: 'function' object is not iterable
tests/test_issue_330_struct_field_alias.py::TestIssue330StructFieldAlias::test_struct_field_with_alias_different_data_types	select_items_type	TypeError: select() items must be str (column name) or Column (expression)
tests/test_issue_331_array_contains_join.py::TestIssue331ArrayContainsJoin::test_array_contains_join_with_aggregation	other	AttributeError: 'builtins.Column' object has no attribute 'name'
tests/test_issue_368_f_dataframe.py::TestIssue368FDataFrame::test_f_dataframe_union_reduce	other	TypeError: descriptor 'union' for 'builtins.DataFrame' objects doesn't apply to a '_PySparkCompatDataFrame' object
tests/test_issue_330_struct_field_alias.py::TestIssue330StructFieldAlias::test_struct_field_with_alias_case_sensitivity	select_items_type	TypeError: select() items must be str (column name) or Column (expression)
tests/test_issue_361_createDataFrame_rdd.py::TestIssue361CreateDataFrameRdd::test_createDataFrame_from_rdd_preserves_schema_order	other	TypeError: 'function' object is not iterable
tests/test_issue_368_f_dataframe.py::TestIssue368FDataFrame::test_f_has_dataframe_attribute	other	AssertionError: assert <class 'builtins.DataFrame'> is <class 'sparkless.sql._robin_compat._PySparkCompatDataFrame'>
tests/test_issue_366_alias_posexplode.py::TestIssue366AliasPosexplode::test_alias_accepts_single_name	other	AttributeError: 'tuple' object has no attribute 'alias'
tests/test_issue_331_array_contains_join.py::TestIssue331ArrayContainsJoin::test_array_contains_join_with_window_functions	other	AttributeError: 'builtins.Column' object has no attribute 'name'
tests/test_issue_368_f_dataframe.py::TestIssue368FDataFrame::test_f_dataframe_union_multiple_dfs	other	TypeError: descriptor 'union' for 'builtins.DataFrame' objects doesn't apply to a '_PySparkCompatDataFrame' object
tests/test_issue_366_alias_posexplode.py::TestIssue366AliasPosexplode::test_alias_accepts_two_names	other	AttributeError: 'tuple' object has no attribute 'alias'
tests/test_issue_359_na_drop.py::TestIssue359NADropRobust::test_na_drop_empty_dataframe	other	AttributeError: 'str' object has no attribute 'fieldNames'
tests/test_issue_368_f_dataframe.py::TestIssue368FDataFrame::test_f_dataframe_union_empty_df	other	AttributeError: 'str' object has no attribute 'fieldNames'
tests/test_issue_331_array_contains_join.py::TestIssue331ArrayContainsJoin::test_array_contains_join_with_union	other	AttributeError: 'builtins.Column' object has no attribute 'name'
tests/test_issue_366_alias_posexplode.py::TestIssue366AliasPosexplode::test_alias_empty_raises	other	AttributeError: 'tuple' object has no attribute 'alias'
tests/test_issue_368_f_dataframe.py::TestIssue368FDataFrame::test_f_dataframe_unionbyname	other	AssertionError: assert False
tests/test_issue_366_alias_posexplode.py::TestIssue366AliasPosexplode::test_posexplode_alias_select	other	AttributeError: 'tuple' object has no attribute 'alias'
tests/test_issue_369_isin_negation.py::TestIssue369IsinNegation::test_negation_isin_string_column_int_list	other	TypeError: bad operand type for unary ~: 'builtins.Column'
tests/test_issue_331_array_contains_join.py::TestIssue331ArrayContainsJoin::test_array_contains_join_with_distinct	other	AttributeError: 'builtins.Column' object has no attribute 'name'
tests/test_issue_369_isin_negation.py::TestIssue369IsinNegation::test_negation_isin_show	other	TypeError: bad operand type for unary ~: 'builtins.Column'
tests/test_issue_366_alias_posexplode.py::TestIssue366AliasPosexplode::test_posexplode_alias_two_names_select	other	AttributeError: 'tuple' object has no attribute 'alias'
tests/test_issue_331_array_contains_join.py::TestIssue331ArrayContainsJoin::test_array_contains_join_with_limit	other	AttributeError: 'builtins.Column' object has no attribute 'name'
tests/test_issue_369_isin_negation.py::TestIssue369IsinNegation::test_isin_without_negation_string_column_int_list	other	RuntimeError: 'is_in' cannot check for Int64 values in String data
tests/test_issue_366_alias_posexplode.py::TestIssue366AliasPosexplode::test_posexplode_alias_two_names_no_type_error	other	AttributeError: 'tuple' object has no attribute 'alias'
tests/test_issue_331_array_contains_join.py::TestIssue331ArrayContainsJoin::test_array_contains_join_multiple_conditions_same_df	other	AttributeError: 'builtins.Column' object has no attribute 'name'
tests/test_issue_373_round_string.py::TestIssue373RoundString::test_round_string_column	str_to_column	TypeError: argument 'col': 'str' object cannot be converted to 'Column'
tests/test_issue_393_sum_string_column.py::TestIssue393SumStringColumn::test_sum_string_column_with_nulls	str_to_column	TypeError: argument 'col': 'str' object cannot be converted to 'Column'
tests/test_issue_366_alias_posexplode.py::TestIssue366AliasPosexplode::test_posexplode_alias_two_names_single_element	other	AttributeError: 'tuple' object has no attribute 'alias'
tests/test_issue_369_isin_negation.py::TestIssue369IsinNegation::test_negation_isin_string_to_string	other	TypeError: bad operand type for unary ~: 'builtins.Column'
tests/test_issue_373_round_string.py::TestIssue373RoundString::test_round_string_with_decimals	str_to_column	TypeError: argument 'col': 'str' object cannot be converted to 'Column'
tests/test_issue_331_array_contains_join.py::TestIssue331ArrayContainsJoin::test_array_contains_join_with_nested_select	other	AttributeError: 'builtins.Column' object has no attribute 'name'
tests/test_issue_393_sum_string_column.py::TestIssue393SumStringColumn::test_sum_string_column_no_partition_running_sum	str_to_column	TypeError: argument 'col': 'str' object cannot be converted to 'Column'
tests/test_issue_366_alias_posexplode.py::TestIssue366AliasPosexplode::test_posexplode_alias_two_names_empty_array	other	AttributeError: 'tuple' object has no attribute 'alias'
tests/test_issue_406_aggregate_cast_decimal_drop.py::TestIssue406AggregateCastDecimalDrop::test_avg_cast_decimal_drop	str_to_column	TypeError: argument 'col': 'str' object cannot be converted to 'Column'
tests/test_issue_373_round_string.py::TestIssue373RoundString::test_round_string_negative_numbers	str_to_column	TypeError: argument 'col': 'str' object cannot be converted to 'Column'
tests/test_issue_337_grouped_data_mean.py::TestIssue337GroupedDataMean::test_grouped_data_mean_with_alias	select_items_type	TypeError: select() items must be str (column name) or Column (expression)
tests/test_issue_331_array_contains_join.py::TestIssue331ArrayContainsJoin::test_array_contains_join_with_case_when	other	AttributeError: 'builtins.Column' object has no attribute 'name'
tests/test_issue_406_aggregate_cast_decimal_drop.py::TestIssue406AggregateCastDecimalDrop::test_min_max_cast_decimal_drop	str_to_column	TypeError: argument 'col': 'str' object cannot be converted to 'Column'
tests/test_issue_393_sum_string_column.py::TestIssue393SumStringColumn::test_avg_string_column_multiple_partitions	str_to_column	TypeError: argument 'col': 'str' object cannot be converted to 'Column'
tests/test_issue_366_alias_posexplode.py::TestIssue366AliasPosexplode::test_posexplode_outer_alias_two_names	other	AttributeError: 'str' object has no attribute 'fieldNames'
tests/test_issue_373_round_string.py::TestIssue373RoundString::test_round_string_scientific_notation	str_to_column	TypeError: argument 'col': 'str' object cannot be converted to 'Column'
tests/test_issue_406_aggregate_cast_decimal_drop.py::TestIssue406AggregateCastDecimalDrop::test_agg_cast_decimal_drop_then_show_and_collect	str_to_column	TypeError: argument 'col': 'str' object cannot be converted to 'Column'
tests/test_issue_331_array_contains_join.py::TestIssue331ArrayContainsJoin::test_array_contains_join_with_coalesce	other	AttributeError: 'builtins.Column' object has no attribute 'name'
tests/test_issue_393_sum_string_column.py::TestIssue393SumStringColumn::test_sum_string_column_decimal_like	str_to_column	TypeError: argument 'col': 'str' object cannot be converted to 'Column'
tests/test_issue_373_round_string.py::TestIssue373RoundString::test_round_string_with_whitespace	str_to_column	TypeError: argument 'col': 'str' object cannot be converted to 'Column'
tests/test_issue_366_alias_posexplode.py::TestIssue366AliasPosexplode::test_explode_alias_single_name	str_to_column	TypeError: argument 'col': 'str' object cannot be converted to 'Column'
tests/test_issue_406_aggregate_cast_decimal_drop.py::TestIssue406AggregateCastDecimalDrop::test_single_group_agg_cast_decimal_drop	str_to_column	TypeError: argument 'col': 'str' object cannot be converted to 'Column'
tests/test_issue_373_round_string.py::TestIssue373RoundString::test_round_string_integer_strings	str_to_column	TypeError: argument 'col': 'str' object cannot be converted to 'Column'
tests/test_issue_393_sum_string_column.py::TestIssue393SumStringColumn::test_sum_string_column_single_row_partition	str_to_column	TypeError: argument 'col': 'str' object cannot be converted to 'Column'
tests/test_issue_331_array_contains_join.py::TestIssue331ArrayContainsJoin::test_array_contains_join_with_cast	other	AttributeError: 'builtins.Column' object has no attribute 'name'
tests/test_issue_366_alias_posexplode.py::TestIssue366AliasPosexplode::test_posexplode_empty_array	other	AttributeError: 'tuple' object has no attribute 'alias'
tests/test_issue_366_alias_posexplode.py::TestIssue366AliasPosexplode::test_posexplode_nested_arrays	other	AttributeError: 'tuple' object has no attribute 'alias'
tests/test_issue_413_union_createDataFrame.py::TestIssue413UnionCreateDataFrame::test_union_chained_three_dataframes	other	TypeError: argument 'other': '_PySparkCompatDataFrame' object cannot be converted to 'DataFrame'
tests/test_issue_359_na_drop.py::TestIssue359NADropRobust::test_na_drop_subset_empty_list_behavior	other	pyo3_runtime.PanicException: called `Result::unwrap()` on an `Err` value: ComputeError(ErrString("cannot return empty fold because the number of output rows is unknown"))
tests/test_issue_373_round_string.py::TestIssue373RoundString::test_round_mixed_string_numeric_columns	str_to_column	TypeError: argument 'col': 'str' object cannot be converted to 'Column'
tests/test_issue_407_stddev_window.py::TestIssue407StddevWindow::test_stddev_over_window_partition	other	ValueError: Invalid column type: <class 'builtins.Column'>. Must be str or Column
tests/test_issue_331_array_contains_join.py::TestIssue331ArrayContainsJoin::test_array_contains_join_schema_verification	other	AttributeError: 'builtins.Column' object has no attribute 'name'
tests/test_issue_393_sum_string_column.py::TestIssue393SumStringColumn::test_sum_string_column_select_after	str_to_column	TypeError: argument 'col': 'str' object cannot be converted to 'Column'
tests/test_issue_373_round_string.py::TestIssue373RoundString::test_round_string_zero	str_to_column	TypeError: argument 'col': 'str' object cannot be converted to 'Column'
tests/test_issue_413_union_createDataFrame.py::TestIssue413UnionCreateDataFrame::test_union_empty_dataframe_left	other	TypeError: argument 'other': '_PySparkCompatDataFrame' object cannot be converted to 'DataFrame'
tests/test_issue_371_cast_decimal.py::TestIssue371CastDecimal::test_with_column_cast_decimal_10_0	other	ValueError: unknown type name: Decimal(10,0)
tests/test_issue_366_alias_posexplode.py::TestIssue366AliasPosexplode::test_posexplode_outer_null_handling	other	AttributeError: 'str' object has no attribute 'fieldNames'
tests/test_issue_374_join_aliased_columns.py::TestIssue374JoinAliasedColumns::test_join_aliased_column_refs	other	AttributeError: 'builtins.DataFrame' object has no attribute 'alias'
tests/test_issue_413_union_createDataFrame.py::TestIssue413UnionCreateDataFrame::test_union_empty_dataframe_right	other	TypeError: argument 'other': '_PySparkCompatDataFrame' object cannot be converted to 'DataFrame'
tests/test_issue_371_cast_decimal.py::TestIssue371CastDecimal::test_cast_decimal_lowercase	other	ValueError: unknown type name: decimal(10,0)
tests/test_issue_374_join_aliased_columns.py::TestIssue374JoinAliasedColumns::test_join_multiple_aliased_tables	other	AttributeError: 'builtins.DataFrame' object has no attribute 'alias'
tests/test_issue_371_cast_decimal.py::TestIssue371CastDecimal::test_cast_decimal_in_select	other	ValueError: unknown type name: Decimal(10,0)
tests/test_issue_374_join_aliased_columns.py::TestIssue374JoinAliasedColumns::test_join_aliased_column_without_prefix	other	AttributeError: 'builtins.DataFrame' object has no attribute 'alias'
tests/test_issue_413_union_createDataFrame.py::TestIssue413UnionCreateDataFrame::test_union_both_empty	other	TypeError: argument 'other': '_PySparkCompatDataFrame' object cannot be converted to 'DataFrame'
tests/test_issue_407_stddev_window.py::TestIssue407StddevWindow::test_stddev_pop_over_window	str_to_column	TypeError: argument 'col': 'str' object cannot be converted to 'Column'
tests/test_issue_371_cast_decimal.py::TestIssue371CastDecimal::test_cast_decimal_different_precision_scale	other	ValueError: unknown type name: Decimal(5,2)
tests/test_issue_374_join_aliased_columns.py::TestIssue374JoinAliasedColumns::test_join_aliased_self_join	other	AttributeError: 'builtins.DataFrame' object has no attribute 'alias'
tests/test_issue_413_union_createDataFrame.py::TestIssue413UnionCreateDataFrame::test_union_with_nulls	other	TypeError: argument 'other': '_PySparkCompatDataFrame' object cannot be converted to 'DataFrame'
tests/test_issue_371_cast_decimal.py::TestIssue371CastDecimal::test_cast_decimal_after_filter	other	ValueError: unknown type name: Decimal(10,0)
tests/test_issue_374_join_aliased_columns.py::TestIssue374JoinAliasedColumns::test_join_complex_condition_with_aliases	other	AttributeError: 'builtins.DataFrame' object has no attribute 'alias'
tests/test_issue_396_to_date_cast.py::TestIssue396ToDateCast::test_to_date_cast_string_type_exact_issue	other	TypeError: argument 'type_name': 'StringType' object cannot be converted to 'PyString'
tests/test_issue_371_cast_decimal.py::TestIssue371CastDecimal::test_cast_decimal_with_nulls	other	ValueError: unknown type name: Decimal(10,0)
tests/test_issue_415_orderby_list.py::test_orderby_then_select	other	TypeError: 'list' object cannot be converted to 'PyString'
tests/test_issue_413_union_createDataFrame.py::TestIssue413UnionCreateDataFrame::test_unionAll_alias	other	AttributeError: 'builtins.DataFrame' object has no attribute 'unionAll'
tests/test_issue_432_cast_datetime_date_noop.py::test_cast_leap_day	other	AssertionError: assert '2024-02-29' == datetime.date(2024, 2, 29)
tests/test_issue_371_cast_decimal.py::TestIssue371CastDecimal::test_cast_float_to_decimal	other	ValueError: unknown type name: Decimal(10,1)
tests/test_issue_360_input_file_name.py::TestIssue360InputFileName::test_input_file_name_select_only	other	assert 1 == 2
tests/test_issue_415_orderby_list.py::test_orderby_with_explicit_list_variable	other	TypeError: 'list' object cannot be converted to 'PyString'
tests/test_issue_413_union_createDataFrame.py::TestIssue413UnionCreateDataFrame::test_union_single_column	other	TypeError: argument 'other': '_PySparkCompatDataFrame' object cannot be converted to 'DataFrame'
tests/test_issue_392_window_sum_peers.py::TestIssue392WindowSumPeers::test_sum_order_by_subset_of_partition_by	str_to_column	TypeError: argument 'col': 'str' object cannot be converted to 'Column'
tests/test_issue_396_to_date_cast.py::TestIssue396ToDateCast::test_to_date_cast_with_show	other	TypeError: argument 'type_name': 'StringType' object cannot be converted to 'PyString'
tests/test_issue_371_cast_decimal.py::TestIssue371CastDecimal::test_cast_decimal_show_then_collect	other	ValueError: unknown type name: Decimal(10,0)
tests/test_issue_360_input_file_name.py::TestIssue360InputFileNameRobust::test_input_file_name_empty_dataframe	other	AttributeError: 'str' object has no attribute 'fieldNames'
tests/test_issue_392_window_sum_peers.py::TestIssue392WindowSumPeers::test_sum_order_by_differs_from_partition_running_sum	str_to_column	TypeError: argument 'col': 'str' object cannot be converted to 'Column'
tests/test_issue_408_rdd_flatmap.py::test_rdd_flatmap_words	other	AttributeError: 'function' object has no attribute 'flatMap'
tests/test_issue_413_union_createDataFrame.py::TestIssue413UnionCreateDataFrame::test_union_many_columns_different_names	other	TypeError: argument 'other': '_PySparkCompatDataFrame' object cannot be converted to 'DataFrame'
tests/test_issue_415_orderby_list.py::test_orderby_list_empty_dataframe	other	AttributeError: 'str' object has no attribute 'fieldNames'
tests/test_issue_371_cast_decimal.py::TestIssue371CastDecimal::test_cast_decimal_single_digit_precision	other	ValueError: unknown type name: Decimal(1,0)
tests/test_issue_367_array_empty.py::TestIssue367ArrayEmpty::test_array_empty_in_union	other	TypeError: argument 'other': '_PySparkCompatDataFrame' object cannot be converted to 'DataFrame'
tests/test_issue_392_window_sum_peers.py::TestIssue392WindowSumPeers::test_avg_order_by_subset_of_partition_by	str_to_column	TypeError: argument 'col': 'str' object cannot be converted to 'Column'
tests/test_issue_408_rdd_flatmap.py::test_rdd_flatmap_empty_iterable	other	AttributeError: 'function' object has no attribute 'flatMap'
tests/test_issue_413_union_createDataFrame.py::TestIssue413UnionCreateDataFrame::test_union_then_select	other	TypeError: argument 'other': '_PySparkCompatDataFrame' object cannot be converted to 'DataFrame'
tests/test_issue_408_rdd_flatmap.py::test_rdd_flatmap_then_map	other	AttributeError: 'function' object has no attribute 'flatMap'
tests/test_issue_358_getfield.py::TestIssue358GetField::test_getfield_array_index	other	AttributeError: 'builtins.Column' object has no attribute 'getField'
tests/test_issue_413_union_createDataFrame.py::TestIssue413UnionCreateDataFrame::test_union_then_order_by	other	TypeError: argument 'other': '_PySparkCompatDataFrame' object cannot be converted to 'DataFrame'
tests/test_issue_372_pandas_column_order.py::TestIssue372PandasColumnOrder::test_create_dataframe_from_list_of_dicts_alphabetical	other	AssertionError: Expected alphabetical order, got <function _PySparkCompatDataFrame.__getattr__.<locals>._wrapped at 0x117e27040>
tests/test_issue_358_getfield.py::TestIssue358GetField::test_getfield_equivalent_to_getitem	other	AttributeError: 'builtins.Column' object has no attribute 'getField'
tests/test_issue_392_window_sum_peers.py::TestIssue392WindowSumPeers::test_sum_single_row_partition	str_to_column	TypeError: argument 'col': 'str' object cannot be converted to 'Column'
tests/test_issue_408_rdd_flatmap.py::test_rdd_flatmap_empty_rdd	other	AttributeError: 'function' object has no attribute 'flatMap'
tests/test_issue_437_mean_string_column.py::TestIssue437MeanStringColumn::test_avg_string_column_same_as_mean	str_to_column	TypeError: argument 'col': 'str' object cannot be converted to 'Column'
tests/test_issue_413_union_createDataFrame.py::TestIssue413UnionCreateDataFrame::test_union_then_filter	other	TypeError: argument 'other': '_PySparkCompatDataFrame' object cannot be converted to 'DataFrame'
tests/test_issue_430_posexplode_alias_execution.py::test_posexplode_alias_string_array	other	AttributeError: 'tuple' object has no attribute 'alias'
tests/test_issue_392_window_sum_peers.py::TestIssue392WindowSumPeers::test_sum_three_rows_all_peers	str_to_column	TypeError: argument 'col': 'str' object cannot be converted to 'Column'
tests/test_issue_408_rdd_flatmap.py::test_rdd_flatmap_one_element_per_row	other	AttributeError: 'function' object has no attribute 'flatMap'
tests/test_issue_437_mean_string_column.py::TestIssue437MeanStringColumn::test_mean_string_column_multiple_aggregations	str_to_column	TypeError: argument 'col': 'str' object cannot be converted to 'Column'
tests/test_issue_434_ltrim_rtrim_in_expr.py::test_expr_ltrim_rtrim_exact_issue_434	select_items_type	TypeError: select() items must be str (column name) or Column (expression)
tests/test_issue_397_groupby_alias.py::TestIssue397GroupByAlias::test_groupby_alias_exact_issue	other	TypeError: argument 'cols': 'Column' object cannot be converted to 'PyString'
tests/test_issue_413_union_createDataFrame.py::TestIssue413UnionCreateDataFrame::test_union_count	other	TypeError: argument 'other': '_PySparkCompatDataFrame' object cannot be converted to 'DataFrame'
tests/test_issue_392_window_sum_peers.py::TestIssue392WindowSumPeers::test_sum_with_nulls_excluded	str_to_column	TypeError: argument 'col': 'str' object cannot be converted to 'Column'
tests/test_issue_430_posexplode_alias_execution.py::test_posexplode_alias_column_object	other	AttributeError: 'tuple' object has no attribute 'alias'
tests/test_issue_408_rdd_flatmap.py::test_rdd_flatmap_tuples_for_pair_ops	other	AttributeError: 'function' object has no attribute 'flatMap'
tests/test_issue_437_mean_string_column.py::TestIssue437MeanStringColumn::test_mean_string_column_select_after	str_to_column	TypeError: argument 'col': 'str' object cannot be converted to 'Column'
tests/test_issue_434_ltrim_rtrim_in_expr.py::test_expr_ltrim_only	select_items_type	TypeError: select() items must be str (column name) or Column (expression)
tests/test_issue_414_row_number_over_descending.py::TestIssue414RowNumberOverDescending::test_row_number_over_partition_order_desc	str_to_column	TypeError: argument 'col': 'str' object cannot be converted to 'Column'
tests/test_issue_397_groupby_alias.py::TestIssue397GroupByAlias::test_groupby_alias_with_show	other	TypeError: argument 'cols': 'Column' object cannot be converted to 'PyString'
tests/test_issue_392_window_sum_peers.py::TestIssue392WindowSumPeers::test_sum_order_by_multiple_cols_subset_of_partition_by	str_to_column	TypeError: argument 'col': 'str' object cannot be converted to 'Column'
tests/test_issue_408_rdd_flatmap.py::test_rdd_flatmap_then_filter	other	AttributeError: 'function' object has no attribute 'flatMap'
tests/test_issue_430_posexplode_alias_execution.py::test_posexplode_alias_show_no_none	other	AttributeError: 'tuple' object has no attribute 'alias'
tests/test_issue_437_mean_string_column.py::TestIssue437MeanStringColumn::test_mean_string_column_scientific_notation	str_to_column	TypeError: argument 'col': 'str' object cannot be converted to 'Column'
tests/test_issue_422_fillna_float.py::TestIssue422FillnaFloat::test_fillna_float_dict_int_column	other	TypeError: replace: to_replace and value must be None, int, float, bool, or str
tests/test_issue_392_window_sum_peers.py::TestIssue392WindowSumPeers::test_sum_no_order_by_partition_total	str_to_column	TypeError: argument 'col': 'str' object cannot be converted to 'Column'
tests/test_issue_414_row_number_over_descending.py::TestIssue414RowNumberOverDescending::test_row_number_over_order_desc_no_partition	str_to_column	TypeError: argument 'col': 'str' object cannot be converted to 'Column'
tests/test_issue_434_ltrim_rtrim_in_expr.py::test_expr_rtrim_only	select_items_type	TypeError: select() items must be str (column name) or Column (expression)
tests/test_issue_397_groupby_alias.py::TestIssue397GroupByAlias::test_groupby_multiple_cols_one_aliased	other	TypeError: argument 'cols': 'Column' object cannot be converted to 'PyString'
tests/test_issue_408_rdd_flatmap.py::test_rdd_flatmap_then_count_take_first	other	AttributeError: 'function' object has no attribute 'flatMap'
tests/test_issue_431_date_datetime_comparison.py::test_date_less_than_datetime	other	AssertionError: assert '2024-01-01' == datetime.date(2024, 1, 1)
tests/test_issue_437_mean_string_column.py::TestIssue437MeanStringColumn::test_mean_string_column_mixed_int_float_strings	str_to_column	TypeError: argument 'col': 'str' object cannot be converted to 'Column'
tests/test_issue_414_row_number_over_descending.py::TestIssue414RowNumberOverDescending::test_row_number_over_partition_order_asc	str_to_column	TypeError: argument 'col': 'str' object cannot be converted to 'Column'
tests/test_issue_435_alias_cast_select.py::test_alias_cast_string_type	other	TypeError: argument 'type_name': 'StringType' object cannot be converted to 'PyString'
tests/test_issue_408_rdd_flatmap.py::test_rdd_flatmap_empty_string_split	other	AttributeError: 'function' object has no attribute 'flatMap'
tests/test_issue_397_groupby_alias.py::TestIssue397GroupByAlias::test_groupby_all_cols_aliased	other	TypeError: argument 'cols': 'Column' object cannot be converted to 'PyString'
tests/test_issue_437_mean_string_column.py::TestIssue437MeanStringColumn::test_mean_string_column_all_nulls_returns_none	str_to_column	TypeError: argument 'col': 'str' object cannot be converted to 'Column'
tests/test_issue_414_row_number_over_descending.py::TestIssue414RowNumberOverDescending::test_row_number_with_column_pattern	str_to_column	TypeError: argument 'col': 'str' object cannot be converted to 'Column'
tests/test_issue_393_sum_string_column.py::TestIssue393SumStringColumn::test_avg_string_column	str_to_column	TypeError: argument 'col': 'str' object cannot be converted to 'Column'
tests/test_issue_435_alias_cast_select.py::test_alias_cast_multiple_columns	other	TypeError: argument 'type_name': 'IntegerType' object cannot be converted to 'PyString'
tests/test_issue_408_rdd_flatmap.py::test_rdd_flatmap_then_reduce	other	AttributeError: 'function' object has no attribute 'flatMap'
tests/test_issue_434_ltrim_rtrim_in_expr.py::test_expr_rtrim_ltrim_order	select_items_type	TypeError: select() items must be str (column name) or Column (expression)
tests/test_issue_397_groupby_alias.py::TestIssue397GroupByAlias::test_groupby_alias_avg_max_min	other	TypeError: argument 'cols': 'Column' object cannot be converted to 'PyString'
tests/test_issue_431_date_datetime_comparison.py::test_date_eq_datetime	other	AssertionError: assert '2024-01-01T00:00:00.000000' == datetime.datetime(2024, 1, 1, 0, 0)
tests/test_issue_438_leftsemi_join.py::TestIssue438LeftsemiJoin::test_leftsemi_join_excludes_right_columns	other	ValueError: how must be 'inner', 'left', 'right', 'outer', 'left_semi', or 'left_anti'
tests/test_issue_414_row_number_over_descending.py::TestIssue414RowNumberOverDescending::test_sum_over_partition_order_desc	str_to_column	TypeError: argument 'col': 'str' object cannot be converted to 'Column'
tests/test_issue_393_sum_string_column.py::TestIssue393SumStringColumn::test_sum_string_column_running_sum	str_to_column	TypeError: argument 'col': 'str' object cannot be converted to 'Column'
tests/test_issue_435_alias_cast_select.py::test_alias_cast_double_type	other	TypeError: argument 'type_name': 'DoubleType' object cannot be converted to 'PyString'
tests/test_issue_408_rdd_flatmap.py::test_rdd_flatmap_chain_double_flatmap	other	AttributeError: 'function' object has no attribute 'flatMap'
tests/test_issue_422_fillna_float.py::TestIssue422FillnaFloat::test_fillna_float_empty_dataframe	other	AttributeError: 'str' object has no attribute 'fieldNames'
tests/test_issue_434_ltrim_rtrim_in_expr.py::test_expr_trim_with_ltrim_rtrim	select_items_type	TypeError: select() items must be str (column name) or Column (expression)
tests/test_issue_431_date_datetime_comparison.py::test_date_lte_datetime	other	AssertionError: assert '2024-01-01T00:00:00.000000' == datetime.datetime(2024, 1, 1, 0, 0)
tests/test_issue_397_groupby_alias.py::TestIssue397GroupByAlias::test_groupby_alias_count	other	TypeError: argument 'cols': 'Column' object cannot be converted to 'PyString'
tests/test_issue_439_array_distinct.py::TestIssue439ArrayDistinct::test_array_distinct_all_duplicates_string	str_to_column	TypeError: argument 'col': 'str' object cannot be converted to 'Column'
tests/test_issue_414_row_number_over_descending.py::TestIssue414RowNumberOverDescending::test_lag_over_partition_order_desc	str_to_column	TypeError: argument 'col': 'str' object cannot be converted to 'Column'
tests/test_issue_408_rdd_flatmap.py::test_rdd_flatmap_preserves_order	other	AttributeError: 'function' object has no attribute 'flatMap'
tests/test_issue_435_alias_cast_select.py::test_alias_cast_with_nulls	other	TypeError: argument 'type_name': 'IntegerType' object cannot be converted to 'PyString'
tests/test_issue_431_date_datetime_comparison.py::test_date_gte_datetime	other	AssertionError: assert '2024-06-15' == datetime.date(2024, 6, 15)
tests/test_issue_397_groupby_alias.py::TestIssue397GroupByAlias::test_groupby_alias_with_nulls	other	TypeError: argument 'cols': 'Column' object cannot be converted to 'PyString'
tests/test_issue_439_array_distinct.py::TestIssue439ArrayDistinct::test_array_distinct_zero_values	str_to_column	TypeError: argument 'col': 'str' object cannot be converted to 'Column'
tests/test_issue_414_row_number_over_descending.py::TestIssue414RowNumberOverDescending::test_first_over_partition_order_desc	str_to_column	TypeError: argument 'col': 'str' object cannot be converted to 'Column'
tests/test_issue_412_builder_callable.py::TestIssue412BuilderCallable::test_builder_callable_returns_self	other	TypeError: '_SparkSessionBuilder' object is not callable
tests/test_issue_435_alias_cast_select.py::test_alias_cast_then_filter	other	TypeError: argument 'type_name': 'IntegerType' object cannot be converted to 'PyString'
tests/test_issue_434_ltrim_rtrim_in_expr.py::test_expr_ltrim_rtrim_with_nulls	select_items_type	TypeError: select() items must be str (column name) or Column (expression)
tests/test_issue_412_builder_callable.py::TestIssue412BuilderCallable::test_builder_callable_full_chain	other	TypeError: '_SparkSessionBuilder' object is not callable
tests/test_issue_431_date_datetime_comparison.py::test_datetime_less_than_date	other	AssertionError: assert '2023-06-15T10:00:00.000000' == datetime.datetime(2023, 6, 15, 10, 0)
tests/test_issue_397_groupby_alias.py::TestIssue397GroupByAlias::test_groupby_alias_select_after	other	TypeError: argument 'cols': 'Column' object cannot be converted to 'PyString'
tests/test_issue_438_leftsemi_join.py::TestIssue438LeftsemiJoin::test_leftanti_join_excludes_right_columns	other	ValueError: how must be 'inner', 'left', 'right', 'outer', 'left_semi', or 'left_anti'
tests/test_issue_439_array_distinct.py::TestIssue439ArrayDistinct::test_array_distinct_chained_with_filter	str_to_column	TypeError: argument 'col': 'str' object cannot be converted to 'Column'
tests/test_issue_412_builder_callable.py::TestIssue412BuilderCallable::test_builder_property_and_call_equivalent	other	TypeError: '_SparkSessionBuilder' object is not callable
tests/test_issue_414_row_number_over_descending.py::TestIssue414RowNumberOverDescending::test_mixed_order_asc_desc	str_to_column	TypeError: argument 'col': 'str' object cannot be converted to 'Column'
tests/test_issue_435_alias_cast_select.py::test_alias_cast_column_with_underscore	other	TypeError: argument 'type_name': 'IntegerType' object cannot be converted to 'PyString'
tests/test_issue_434_ltrim_rtrim_in_expr.py::test_expr_ltrim_empty_string	select_items_type	TypeError: select() items must be str (column name) or Column (expression)
tests/test_issue_431_date_datetime_comparison.py::test_date_ne_datetime	other	AssertionError: assert '2024-01-01T12:00:00.000000' == datetime.datetime(2024, 1, 1, 12, 0)
tests/test_issue_438_leftsemi_join.py::TestIssue438LeftsemiJoin::test_leftsemi_join_multiple_keys	other	ValueError: how must be 'inner', 'left', 'right', 'outer', 'left_semi', or 'left_anti'
tests/test_issue_397_groupby_alias.py::TestIssue397GroupByAlias::test_groupby_alias_agg_alias_matches_issue_expected	other	TypeError: argument 'cols': 'Column' object cannot be converted to 'PyString'
tests/test_issue_439_array_distinct.py::TestIssue439ArrayDistinct::test_array_distinct_unicode_strings	str_to_column	TypeError: argument 'col': 'str' object cannot be converted to 'Column'
tests/test_issue_413_union_createDataFrame.py::TestIssue413UnionCreateDataFrame::test_union_createDataFrame_tuple_column_names	other	TypeError: argument 'other': '_PySparkCompatDataFrame' object cannot be converted to 'DataFrame'
tests/test_issue_422_fillna_float.py::TestIssue422FillnaFloat::test_fillna_float_subset_string_single_column	other	TypeError: argument 'subset': Can't extract `str` to `Vec`
tests/test_issue_414_row_number_over_descending.py::TestIssue414RowNumberOverDescending::test_single_row_per_partition	str_to_column	TypeError: argument 'col': 'str' object cannot be converted to 'Column'
tests/test_issue_435_alias_cast_select.py::test_alias_cast_then_select_subset	other	TypeError: argument 'type_name': 'IntegerType' object cannot be converted to 'PyString'
tests/test_issue_434_ltrim_rtrim_in_expr.py::test_expr_rtrim_empty_string	select_items_type	TypeError: select() items must be str (column name) or Column (expression)
tests/test_issue_438_leftsemi_join.py::TestIssue438LeftsemiJoin::test_leftsemi_join_no_matches	other	ValueError: how must be 'inner', 'left', 'right', 'outer', 'left_semi', or 'left_anti'
tests/test_issue_439_array_distinct.py::TestIssue439ArrayDistinct::test_array_distinct_multiple_rows_mixed	str_to_column	TypeError: argument 'col': 'str' object cannot be converted to 'Column'
tests/test_issue_397_groupby_alias.py::TestIssue397GroupByAlias::test_groupby_list_syntax_with_alias	other	TypeError: argument 'cols': 'list' object cannot be converted to 'PyString'
tests/test_issue_435_alias_cast_select.py::test_alias_cast_long_type	other	TypeError: argument 'type_name': 'LongType' object cannot be converted to 'PyString'
tests/test_issue_414_row_number_over_descending.py::TestIssue414RowNumberOverDescending::test_avg_over_partition_order_desc	str_to_column	TypeError: argument 'col': 'str' object cannot be converted to 'Column'
tests/test_issue_434_ltrim_rtrim_in_expr.py::test_expr_triple_nested_trim	select_items_type	TypeError: select() items must be str (column name) or Column (expression)
tests/test_issue_422_fillna_float.py::TestIssue422FillnaFloat::test_fillna_float_chained_fillna	other	AssertionError: assert ('0.0' == 0.0)
tests/test_issue_398_withfield_window.py::TestIssue398WithFieldWindow::test_withfield_window_exact_issue	other	TypeError: argument 'cols': Can't extract `str` to `Vec`
tests/test_issue_438_leftsemi_join.py::TestIssue438LeftsemiJoin::test_leftsemi_join_all_match	other	ValueError: how must be 'inner', 'left', 'right', 'outer', 'left_semi', or 'left_anti'
tests/test_issue_413_union_createDataFrame.py::TestIssue413UnionCreateDataFrame::test_union_different_column_order_by_position	other	TypeError: argument 'other': '_PySparkCompatDataFrame' object cannot be converted to 'DataFrame'
tests/test_issue_435_alias_cast_select.py::test_alias_cast_mixed_with_plain_select	other	TypeError: argument 'type_name': 'IntegerType' object cannot be converted to 'PyString'
tests/test_issue_415_orderby_list.py::test_orderby_with_list_of_column_names	other	TypeError: 'list' object cannot be converted to 'PyString'
tests/test_issue_434_ltrim_rtrim_in_expr.py::test_expr_ltrim_rtrim_column_with_underscore	select_items_type	TypeError: select() items must be str (column name) or Column (expression)
tests/test_issue_398_withfield_window.py::TestIssue398WithFieldWindow::test_withfield_window_select_struct	other	TypeError: argument 'cols': Can't extract `str` to `Vec`
tests/test_issue_436_concat_cast_string.py::test_concat_literal_cast_string_exact_issue_436	other	TypeError: argument 'type_name': 'StringType' object cannot be converted to 'PyString'
tests/test_issue_438_leftsemi_join.py::TestIssue438LeftsemiJoin::test_leftsemi_join_schema_only_left_columns	other	ValueError: how must be 'inner', 'left', 'right', 'outer', 'left_semi', or 'left_anti'
tests/test_issue_429_posexplode_no_alias.py::test_posexplode_without_alias_no_type_error	select_items_type	TypeError: select() items must be str (column name) or Column (expression)
tests/test_issue_415_orderby_list.py::test_orderby_with_single_column_list	other	TypeError: 'list' object cannot be converted to 'PyString'
tests/test_issue_429_posexplode_no_alias.py::test_posexplode_without_alias_schema_projection	select_items_type	TypeError: select() items must be str (column name) or Column (expression)
tests/test_issue_398_withfield_window.py::TestIssue398WithFieldWindow::test_withfield_row_number	other	TypeError: argument 'cols': Can't extract `str` to `Vec`
tests/test_issue_436_concat_cast_string.py::test_concat_literal_col_cast_string	other	TypeError: argument 'type_name': 'StringType' object cannot be converted to 'PyString'
tests/test_issue_434_ltrim_rtrim_in_expr.py::test_expr_ltrim_inside_upper	select_items_type	TypeError: select() items must be str (column name) or Column (expression)
tests/test_issue_438_leftsemi_join.py::TestIssue438LeftsemiJoin::test_leftsemi_join_then_select	other	ValueError: how must be 'inner', 'left', 'right', 'outer', 'left_semi', or 'left_anti'
tests/test_issue_432_cast_datetime_date_noop.py::test_cast_datetime_to_timestamp_noop	other	AssertionError: assert '2023-01-01T12:00:00.000000' == datetime.datetime(2023, 1, 1, 12, 0)
tests/test_issue_429_posexplode_no_alias.py::test_posexplode_outer_without_alias_no_type_error	other	AttributeError: 'str' object has no attribute 'fieldNames'
tests/test_issue_398_withfield_window.py::TestIssue398WithFieldWindow::test_withfield_sum	other	TypeError: argument 'cols': Can't extract `str` to `Vec`
tests/test_issue_439_array_distinct.py::TestIssue439ArrayDistinct::test_array_distinct_integer_arrays_preserves_type	str_to_column	TypeError: argument 'col': 'str' object cannot be converted to 'Column'
tests/test_issue_432_cast_datetime_date_noop.py::test_cast_date_to_date_noop	other	AssertionError: assert '2024-01-01' == datetime.date(2024, 1, 1)
tests/test_issue_429_posexplode_no_alias.py::test_posexplode_without_alias_chained_operations	select_items_type	TypeError: select() items must be str (column name) or Column (expression)
tests/test_issue_439_array_distinct.py::TestIssue439ArrayDistinct::test_array_distinct_string_arrays	str_to_column	TypeError: argument 'col': 'str' object cannot be converted to 'Column'
tests/test_issue_398_withfield_window.py::TestIssue398WithFieldWindow::test_withfield_avg	other	TypeError: argument 'cols': Can't extract `str` to `Vec`
tests/test_issue_434_ltrim_rtrim_in_expr.py::test_expr_ltrim_rtrim_case_insensitive	select_items_type	TypeError: select() items must be str (column name) or Column (expression)
tests/test_issue_415_orderby_list.py::test_orderby_with_df_columns	other	TypeError: 'function' object cannot be converted to 'PyString'
tests/test_issue_432_cast_datetime_date_noop.py::test_exact_scenario_from_issue_432	other	RuntimeError: conversion from `str` to `datetime[s]` failed in column 'DateTimeString' for 2 out of 2 values: ["2023-01-01 12:00:00", "2023-01-01 12:00:00"]
tests/test_to_timestamp_compatibility.py::TestToTimestampCompatibility::test_to_timestamp_rejects_unsupported_type	other	AssertionError: Regex pattern did not match.
tests/test_issue_429_posexplode_no_alias.py::test_posexplode_without_alias_empty_array	other	AttributeError: 'str' object has no attribute 'fieldNames'
tests/test_issue_398_withfield_window.py::TestIssue398WithFieldWindow::test_withfield_window_with_nulls_in_partition	other	TypeError: argument 'cols': Can't extract `str` to `Vec`
tests/test_issue_439_array_distinct.py::TestIssue439ArrayDistinct::test_array_distinct_with_column_expr	other	RuntimeError: array_distinct: invalid series dtype: expected `List`, got `str`
tests/test_issue_436_concat_cast_string.py::test_concat_expression_cast_string	other	AttributeError: 'builtins.Column' object has no attribute 'name'
tests/test_issue_434_ltrim_rtrim_in_expr.py::test_expr_multiple_columns_ltrim_rtrim	select_items_type	TypeError: select() items must be str (column name) or Column (expression)
tests/test_issue_415_orderby_list.py::test_orderby_with_string_columns	other	TypeError: 'list' object cannot be converted to 'PyString'
tests/test_issue_439_array_distinct.py::TestIssue439ArrayDistinct::test_array_distinct_empty_array	str_to_column	TypeError: argument 'col': 'str' object cannot be converted to 'Column'
tests/test_issue_436_concat_cast_string.py::test_concat_cast_string_with_nulls	other	TypeError: argument 'type_name': 'StringType' object cannot be converted to 'PyString'
tests/test_issue_434_ltrim_rtrim_in_expr.py::test_expr_ltrim_whitespace_only	select_items_type	TypeError: select() items must be str (column name) or Column (expression)
tests/test_issue_398_withfield_window.py::TestIssue398WithFieldWindow::test_withfield_multiple_window_fields	other	TypeError: argument 'cols': Can't extract `str` to `Vec`
tests/test_issue_432_cast_datetime_date_noop.py::test_cast_string_to_timestamp_still_works	other	RuntimeError: conversion from `str` to `datetime[s]` failed in column 's' for 1 out of 1 values: ["2024-01-15 10:30:00"]
tests/test_issue_429_posexplode_no_alias.py::test_posexplode_without_alias_single_element	select_items_type	TypeError: select() items must be str (column name) or Column (expression)
tests/unit/dataframe/test_fillna_subset.py::TestFillnaSubset::test_fillna_subset_issue_234_string_variant	other	TypeError: argument 'subset': Can't extract `str` to `Vec`
tests/test_issue_415_orderby_list.py::test_orderby_with_three_columns	other	TypeError: 'list' object cannot be converted to 'PyString'
tests/test_issue_436_concat_cast_string.py::test_concat_multiple_cast_expressions	other	TypeError: argument 'type_name': 'StringType' object cannot be converted to 'PyString'
tests/test_issue_398_withfield_window.py::TestIssue398WithFieldWindow::test_withfield_window_then_filter	other	TypeError: argument 'cols': Can't extract `str` to `Vec`
tests/test_issue_439_array_distinct.py::TestIssue439ArrayDistinct::test_array_distinct_single_element	str_to_column	TypeError: argument 'col': 'str' object cannot be converted to 'Column'
tests/test_issue_435_alias_cast_select.py::test_alias_cast_select_exact_issue_435	other	TypeError: argument 'type_name': 'IntegerType' object cannot be converted to 'PyString'
tests/test_issue_432_cast_datetime_date_noop.py::test_cast_string_to_date_still_works	other	AssertionError: assert '2024-01-15' == datetime.date(2024, 1, 15)
tests/test_issue_429_posexplode_no_alias.py::test_posexplode_without_alias_mixed_columns	select_items_type	TypeError: select() items must be str (column name) or Column (expression)
tests/test_issue_415_orderby_list.py::test_orderby_then_limit	other	TypeError: 'list' object cannot be converted to 'PyString'
tests/test_type_strictness.py::TestTypeStrictness::test_to_timestamp_rejects_unsupported_types	other	AssertionError: Regex pattern did not match.
tests/test_issue_436_concat_cast_string.py::test_concat_abs_cast_string	other	TypeError: argument 'type_name': 'StringType' object cannot be converted to 'PyString'
tests/test_issue_432_cast_datetime_date_noop.py::test_cast_datetime_to_timestamp_with_nulls	other	AssertionError: assert '2023-01-01T12:00:00.000000' == datetime.datetime(2023, 1, 1, 12, 0)
tests/test_issue_398_withfield_window.py::TestIssue398WithFieldWindow::test_withfield_chain_three_with_window_middle	other	TypeError: argument 'cols': Can't extract `str` to `Vec`
tests/test_issue_439_array_distinct.py::TestIssue439ArrayDistinct::test_array_distinct_with_nulls_in_array	str_to_column	TypeError: argument 'col': 'str' object cannot be converted to 'Column'
tests/test_issue_429_posexplode_no_alias.py::test_posexplode_without_alias_column_object	select_items_type	TypeError: select() items must be str (column name) or Column (expression)
tests/test_issue_453_alias_cast_withcolumn.py::test_alias_cast_withcolumn_column_with_underscore	other	TypeError: argument 'type_name': 'IntegerType' object cannot be converted to 'PyString'
tests/unit/dataframe/test_fillna_subset.py::TestFillnaSubset::test_fillna_subset_boolean_values	other	RuntimeError: got invalid or ambiguous dtypes: '[bool, dyn int]' in expression 'fill_null'
tests/test_type_strictness.py::TestTypeStrictness::test_to_date_requires_string	other	AssertionError: Regex pattern did not match.
tests/test_issue_406_aggregate_cast_decimal_drop.py::TestIssue406AggregateCastDecimalDrop::test_groupby_agg_cast_decimal_drop	str_to_column	TypeError: argument 'col': 'str' object cannot be converted to 'Column'
tests/test_issue_436_concat_cast_string.py::test_concat_length_cast_string	other	TypeError: argument 'type_name': 'StringType' object cannot be converted to 'PyString'
tests/test_issue_432_cast_datetime_date_noop.py::test_cast_date_to_date_with_nulls	other	AssertionError: assert '2024-01-01' == datetime.date(2024, 1, 1)
tests/test_issue_435_alias_cast_select.py::test_cast_without_alias_still_works	other	TypeError: argument 'type_name': 'IntegerType' object cannot be converted to 'PyString'
tests/test_issue_439_array_distinct.py::TestIssue439ArrayDistinct::test_array_distinct_null_array_returns_null	str_to_column	TypeError: argument 'col': 'str' object cannot be converted to 'Column'
tests/test_issue_430_posexplode_alias_execution.py::test_posexplode_alias_two_names_returns_exploded_rows	other	AttributeError: 'tuple' object has no attribute 'alias'
tests/test_issue_453_alias_cast_withcolumn.py::test_alias_cast_withcolumn_mixed_with_plain	other	TypeError: argument 'type_name': 'IntegerType' object cannot be converted to 'PyString'
tests/test_issue_436_concat_cast_string.py::test_concat_filter_after	other	TypeError: argument 'type_name': 'StringType' object cannot be converted to 'PyString'
tests/test_issue_441_map_column_subscript.py::test_map_column_subscript_with_column_key_exact_issue_441	other	TypeError: 'builtins.Column' object is not subscriptable
tests/test_issue_406_aggregate_cast_decimal_drop.py::TestIssue406AggregateCastDecimalDrop::test_agg_cast_decimal_drop_different_precision_scale	str_to_column	TypeError: argument 'col': 'str' object cannot be converted to 'Column'
tests/test_issue_432_cast_datetime_date_noop.py::test_cast_date_to_timestamp_midnight	other	AssertionError: assert '2024-03-15T00:00:00.000000' == datetime.datetime(2024, 3, 15, 0, 0)
tests/test_issue_439_array_distinct.py::TestIssue439ArrayDistinct::test_array_distinct_float_arrays_preserves_type	str_to_column	TypeError: argument 'col': 'str' object cannot be converted to 'Column'
tests/test_issue_430_posexplode_alias_execution.py::test_posexplode_alias_no_none_values	other	AttributeError: 'tuple' object has no attribute 'alias'
tests/test_issue_453_alias_cast_withcolumn.py::test_alias_cast_withcolumn_replace_existing_column	other	TypeError: argument 'type_name': 'IntegerType' object cannot be converted to 'PyString'
tests/unit/dataframe/test_inferschema_parity.py::TestInferSchemaParity::test_csv_no_header_default_behavior	other	AttributeError: 'builtin_function_or_method' object has no attribute 'csv'
tests/test_issue_436_concat_cast_string.py::test_concat_float_cast_string	other	TypeError: argument 'type_name': 'StringType' object cannot be converted to 'PyString'
tests/test_issue_406_aggregate_cast_decimal_drop.py::TestIssue406AggregateCastDecimalDrop::test_agg_cast_decimal_drop_with_nulls	str_to_column	TypeError: argument 'col': 'str' object cannot be converted to 'Column'
tests/test_issue_441_map_column_subscript.py::test_map_column_subscript_key_not_found	other	TypeError: 'builtins.Column' object is not subscriptable
tests/test_issue_439_array_distinct.py::TestIssue439ArrayDistinct::test_array_distinct_boolean_arrays	str_to_column	TypeError: argument 'col': 'str' object cannot be converted to 'Column'
tests/test_issue_430_posexplode_alias_execution.py::test_posexplode_alias_chained_filter_orderby	other	AttributeError: 'tuple' object has no attribute 'alias'
tests/test_issue_453_alias_cast_withcolumn.py::test_alias_cast_withcolumn_chain_three_ops	other	TypeError: argument 'type_name': 'IntegerType' object cannot be converted to 'PyString'
tests/test_issue_432_cast_datetime_date_noop.py::test_cast_datetime_to_date_truncates_time	other	AssertionError: assert '2024-05-10' == datetime.date(2024, 5, 10)
tests/unit/dataframe/test_inferschema_parity.py::TestInferSchemaParity::test_create_dataframe_type_inference	other	AssertionError: age should be LongType
tests/test_issue_436_concat_cast_string.py::test_concat_with_column_alias_cast	other	TypeError: argument 'type_name': 'StringType' object cannot be converted to 'PyString'
tests/test_issue_441_map_column_subscript.py::test_map_column_subscript_chained_with_columns	other	TypeError: 'builtins.Column' object is not subscriptable
tests/test_issue_430_posexplode_alias_execution.py::test_posexplode_alias_empty_array	other	AttributeError: 'tuple' object has no attribute 'alias'
tests/test_issue_441_map_column_subscript.py::test_map_column_subscript_in_select	other	TypeError: 'builtins.Column' object is not subscriptable
tests/test_issue_453_alias_cast_withcolumn.py::test_alias_cast_withcolumn_after_filter	other	TypeError: argument 'type_name': 'IntegerType' object cannot be converted to 'PyString'
tests/test_issue_439_array_distinct.py::TestIssue439ArrayDistinct::test_array_distinct_all_duplicates_int	str_to_column	TypeError: argument 'col': 'str' object cannot be converted to 'Column'
tests/test_issue_432_cast_datetime_date_noop.py::test_cast_date_only_string_to_timestamp	other	RuntimeError: conversion from `str` to `datetime[s]` failed in column 's' for 1 out of 1 values: ["2024-01-15"]
tests/unit/dataframe/test_inferschema_parity.py::TestInferSchemaParity::test_csv_with_unicode_characters	other	AttributeError: 'builtin_function_or_method' object has no attribute 'option'
tests/test_issue_437_mean_string_column.py::TestIssue437MeanStringColumn::test_mean_string_column_exact_issue_scenario	other	assert None == 2.0
tests/test_issue_430_posexplode_alias_execution.py::test_posexplode_alias_single_element	other	AttributeError: 'tuple' object has no attribute 'alias'
tests/test_issue_453_alias_cast_withcolumn.py::test_alias_cast_withcolumn_empty_dataframe	other	AttributeError: 'str' object has no attribute 'fieldNames'
tests/test_issue_432_cast_datetime_date_noop.py::test_cast_select_with_cast	other	AssertionError: assert '2023-01-01T12:00:00.000000' == datetime.datetime(2023, 1, 1, 12, 0)
tests/unit/dataframe/test_inferschema_parity.py::TestInferSchemaParity::test_csv_with_special_characters	other	AttributeError: 'builtin_function_or_method' object has no attribute 'option'
tests/test_issue_441_map_column_subscript.py::test_map_column_subscript_then_filter	other	TypeError: 'builtins.Column' object is not subscriptable
tests/unit/dataframe/test_column_substr.py::TestColumnSubstr::test_substr_in_orderBy	other	TypeError: 'Column' object cannot be converted to 'PyString'
tests/test_issue_437_mean_string_column.py::TestIssue437MeanStringColumn::test_mean_string_column_groupby	str_to_column	TypeError: argument 'col': 'str' object cannot be converted to 'Column'
tests/test_issue_430_posexplode_alias_execution.py::test_posexplode_alias_mixed_columns	other	AttributeError: 'tuple' object has no attribute 'alias'
tests/test_issue_448_drop_duplicates_list_column.py::test_drop_duplicates_string_arrays	other	assert ['[', '"', 'x', '"', ',', '"', 'y', '"', ']'] == ['x', 'y']
tests/test_issue_441_map_column_subscript.py::test_map_column_subscript_null_key_returns_null	other	TypeError: 'builtins.Column' object is not subscriptable
tests/test_issue_437_mean_string_column.py::TestIssue437MeanStringColumn::test_mean_string_column_decimal_values	str_to_column	TypeError: argument 'col': 'str' object cannot be converted to 'Column'
tests/test_issue_430_posexplode_alias_execution.py::test_posexplode_outer_alias_returns_exploded_rows	other	AttributeError: 'str' object has no attribute 'fieldNames'
tests/unit/dataframe/test_inferschema_parity.py::TestInferSchemaParity::test_create_dataframe_with_partial_nulls	other	AssertionError: age should be LongType (nullable)
tests/test_issue_432_cast_datetime_date_noop.py::test_cast_with_datatype_objects	other	TypeError: argument 'type_name': 'TimestampType' object cannot be converted to 'PyString'
tests/unit/dataframe/test_column_substr.py::TestColumnSubstr::test_substr_equals_substring_function	other	AttributeError: 'builtins.Column' object has no attribute 'name'
tests/test_issue_441_map_column_subscript.py::test_map_column_subscript_coalesce_default	other	TypeError: 'builtins.Column' object is not subscriptable
tests/test_issue_437_mean_string_column.py::TestIssue437MeanStringColumn::test_mean_string_column_with_nulls	str_to_column	TypeError: argument 'col': 'str' object cannot be converted to 'Column'
tests/test_issues_376_382_robust.py::test_robust_round_string_with_whitespace	str_to_column	TypeError: argument 'col': 'str' object cannot be converted to 'Column'
tests/unit/dataframe/test_inferschema_parity.py::TestInferSchemaParity::test_csv_empty_file	other	AttributeError: 'builtin_function_or_method' object has no attribute 'option'
tests/test_issue_437_mean_string_column.py::TestIssue437MeanStringColumn::test_mean_string_column_single_row_per_group	str_to_column	TypeError: argument 'col': 'str' object cannot be converted to 'Column'
tests/unit/dataframe/test_column_astype.py::TestColumnAstype::test_astype_double_to_int	other	assert None == 3
tests/test_issue_441_map_column_subscript.py::test_map_column_subscript_multiple_in_select	other	TypeError: 'builtins.Column' object is not subscriptable
tests/unit/dataframe/test_casewhen_windowfunction_cast.py::TestCaseWhenCast::test_casewhen_cast_to_long_issue_243	other	AssertionError: Expected LongType, got <class 'sparkless.spark_types.StringType'>
tests/test_issues_376_382_robust.py::test_robust_round_string_with_decimals_and_whitespace	str_to_column	TypeError: argument 'col': 'str' object cannot be converted to 'Column'
tests/unit/dataframe/test_inferschema_parity.py::TestInferSchemaParity::test_create_dataframe_empty_list	other	AssertionError: Regex pattern did not match.
tests/test_issue_441_map_column_subscript.py::test_map_column_subscript_orderby_result	other	TypeError: 'builtins.Column' object is not subscriptable
tests/unit/dataframe/test_column_astype.py::TestColumnAstype::test_astype_string_to_boolean	other	RuntimeError: casting from string to boolean failed for value ''
tests/test_issues_376_382_robust.py::test_robust_select_table_prefixed_after_join	other	AttributeError: 'builtins.DataFrame' object has no attribute 'alias'
tests/test_issue_448_drop_duplicates_list_column.py::test_drop_duplicates_all_duplicate_rows	other	AssertionError: assert ['[', '1', ',', '2', ',', '3', ']'] == [1, 2, 3]
tests/unit/dataframe/test_inferschema_parity.py::TestInferSchemaParity::test_create_dataframe_sparse_data	other	AssertionError: age should be LongType
tests/test_issue_441_map_column_subscript.py::test_map_column_subscript_when_otherwise	other	TypeError: 'builtins.Column' object is not subscriptable
tests/unit/dataframe/test_casewhen_windowfunction_cast.py::TestCaseWhenCast::test_casewhen_cast_to_int	other	assert None == 100
tests/unit/dataframe/test_column_substr.py::TestColumnSubstr::test_substr_negative_start	other	AssertionError: substr(-4, 3) failed
tests/unit/dataframe/test_casewhen_windowfunction_cast.py::TestCaseWhenCast::test_casewhen_cast_to_double	other	AssertionError: assert False
tests/test_issues_376_382_robust.py::test_robust_self_join_manager_column_and_row_count	other	RuntimeError: SQL: only SELECT is supported, got Drop { object_type: Table, if_exists: true, names: [ObjectName([Ident { value: "employees", quote_style: None }])], cascade: false, restrict: false, pu
tests/unit/dataframe/test_inferschema_parity.py::TestInferSchemaParity::test_create_dataframe_zero_values	other	AssertionError: int_val should be LongType
tests/test_issue_445_between_string_column_numeric_bounds.py::test_between_string_column_in_select_expression	other	RuntimeError: cannot compare string with numeric type (i32)
tests/unit/dataframe/test_column_astype.py::TestColumnAstype::test_astype_in_groupBy	str_to_column	TypeError: argument 'col': 'str' object cannot be converted to 'Column'
tests/unit/dataframe/test_casewhen_windowfunction_cast.py::TestCaseWhenCast::test_casewhen_cast_with_multiple_when	str_to_column	TypeError: argument 'value': 'str' object cannot be converted to 'Column'
tests/unit/dataframe/test_inferschema_parity.py::TestInferSchemaParity::test_create_dataframe_large_dataset	other	AssertionError: id should be LongType
tests/test_issues_376_382_robust.py::test_robust_join_compound_condition	other	AttributeError: 'builtins.DataFrame' object has no attribute 'alias'
tests/unit/dataframe/test_casewhen_windowfunction_cast.py::TestCaseWhenCast::test_casewhen_cast_with_datatype_object	other	TypeError: argument 'type_name': 'LongType' object cannot be converted to 'PyString'
tests/unit/dataframe/test_column_substr.py::TestColumnSubstr::test_substr_pyspark_parity_comprehensive	other	AssertionError: substr(-1, 3) failed for row 0 (text='Hello'): expected 'o', got 'Hel'
tests/test_issues_376_382_robust.py::test_robust_sql_where_table_prefixed	other	RuntimeError: SQL: only SELECT is supported, got Drop { object_type: Table, if_exists: true, names: [ObjectName([Ident { value: "employees", quote_style: None }])], cascade: false, restrict: false, pu
tests/unit/dataframe/test_inferschema_parity.py::TestInferSchemaParity::test_csv_column_order_preserved	other	AttributeError: 'builtin_function_or_method' object has no attribute 'option'
tests/unit/dataframe/test_column_astype.py::TestColumnAstype::test_astype_on_all_column_operations	other	AttributeError: 'builtins.Column' object has no attribute 'name'
tests/unit/dataframe/test_column_substr.py::TestColumnSubstr::test_substr_in_groupBy	str_to_column	TypeError: argument 'col': 'str' object cannot be converted to 'Column'
tests/test_issues_376_382_robust.py::test_robust_sql_group_by_table_prefixed	other	RuntimeError: SQL: only SELECT is supported, got Drop { object_type: Table, if_exists: true, names: [ObjectName([Ident { value: "employees", quote_style: None }])], cascade: false, restrict: false, pu
tests/unit/dataframe/test_inferschema_parity.py::TestInferSchemaParity::test_csv_with_commas_in_quoted_strings	other	AttributeError: 'builtin_function_or_method' object has no attribute 'option'
tests/test_issue_445_between_string_column_numeric_bounds.py::test_between_string_column_then_orderby	other	TypeError: 'Column' object cannot be converted to 'PyString'
tests/unit/dataframe/test_inferschema_parity.py::TestInferSchemaParity::test_create_dataframe_with_bytes	other	AssertionError: data should be BinaryType
tests/test_issue_451_drop_duplicates_struct_column.py::test_drop_duplicates_struct_column_after_materialization_exact_issue_451	other	TypeError: py_struct() takes 1 positional arguments but 2 were given
tests/unit/dataframe/test_column_astype.py::TestColumnAstype::test_astype_with_datatype_object	other	TypeError: argument 'type_name': 'StringType' object cannot be converted to 'PyString'
tests/test_issue_445_between_string_column_numeric_bounds.py::test_between_string_column_in_when_otherwise	str_to_column	TypeError: argument 'value': 'str' object cannot be converted to 'Column'
tests/test_issues_376_382_robust.py::test_robust_sql_three_joins_select_third_table	other	RuntimeError: SQL: only SELECT is supported, got Drop { object_type: Table, if_exists: true, names: [ObjectName([Ident { value: "employees", quote_style: None }])], cascade: false, restrict: false, pu
tests/test_issue_451_drop_duplicates_struct_column.py::test_drop_duplicates_struct_column_before_materialization	other	TypeError: py_struct() takes 1 positional arguments but 2 were given
tests/unit/dataframe/test_inferschema_parity.py::TestInferSchemaParity::test_csv_with_semicolon_delimiter	other	AttributeError: 'builtin_function_or_method' object has no attribute 'option'
tests/unit/dataframe/test_column_astype.py::TestColumnAstype::test_astype_zero_and_negative	other	RuntimeError: casting from i64 to boolean not supported
tests/unit/dataframe/test_column_substr.py::TestColumnSubstr::test_substr_chained_with_other_operations	other	AttributeError: 'builtins.Column' object has no attribute 'name'
tests/unit/dataframe/test_inferschema_parity.py::TestInferSchemaParity::test_csv_with_newlines_in_quoted_strings	other	AttributeError: 'builtin_function_or_method' object has no attribute 'option'
tests/test_issue_445_between_string_column_numeric_bounds.py::test_between_string_column_not_between	other	TypeError: bad operand type for unary ~: 'builtins.Column'
tests/test_issue_451_drop_duplicates_struct_column.py::test_distinct_struct_column_after_materialization	other	TypeError: py_struct() takes 1 positional arguments but 2 were given
tests/unit/dataframe/test_inferschema_parity.py::TestInferSchemaParity::test_create_dataframe_with_none_values	other	AssertionError: age should be LongType
tests/test_notebooks.py::test_quickstart	str_to_column	TypeError: argument 'col': 'str' object cannot be converted to 'Column'
tests/unit/dataframe/test_casewhen_windowfunction_cast.py::TestWindowFunctionCast::test_window_function_cast_with_sum	str_to_column	TypeError: argument 'col': 'str' object cannot be converted to 'Column'
tests/unit/dataframe/test_inferschema_parity.py::TestInferSchemaParity::test_create_dataframe_with_very_large_integers	other	AssertionError: id should be LongType
tests/test_issue_451_drop_duplicates_struct_column.py::test_drop_duplicates_subset_with_struct_column	other	TypeError: py_struct() takes 1 positional arguments but 2 were given
tests/unit/dataframe/test_inferschema_parity.py::TestInferSchemaParity::test_csv_with_quoted_values	other	AttributeError: 'builtin_function_or_method' object has no attribute 'option'
tests/test_issue_453_alias_cast_withcolumn.py::test_alias_cast_withcolumn_exact_issue_453	other	TypeError: argument 'type_name': 'IntegerType' object cannot be converted to 'PyString'
tests/unit/dataframe/test_inferschema_parity.py::TestInferSchemaParity::test_csv_with_escaped_quotes	other	AttributeError: 'builtin_function_or_method' object has no attribute 'option'
tests/test_sparkcontext_validation.py::TestSessionValidation::test_col_does_not_require_active_session	other	AttributeError: type object 'SparkSession' has no attribute '_active_sessions'
tests/unit/dataframe/test_fillna_subset.py::TestFillnaSubset::test_fillna_subset_type_mismatch_int_column_string_fill	other	AssertionError: assert '' is None
tests/unit/dataframe/test_inferschema_parity.py::TestInferSchemaParity::test_csv_with_phone_numbers	other	AttributeError: 'builtin_function_or_method' object has no attribute 'option'
tests/test_issue_453_alias_cast_withcolumn.py::test_alias_cast_withcolumn_multiple_columns	other	TypeError: argument 'type_name': 'IntegerType' object cannot be converted to 'PyString'
tests/test_issue_448_drop_duplicates_list_column.py::test_drop_duplicates_with_list_column_exact_issue_448	other	AssertionError: assert ['[', '1', ',', '2', ',', '3', ']'] == [1, 2, 3]
tests/unit/dataframe/test_inferschema_parity.py::TestInferSchemaParity::test_create_dataframe_with_very_long_strings	other	AssertionError: id should be LongType
tests/unit/dataframe/test_fillna_subset.py::TestFillnaSubset::test_fillna_subset_type_mismatch_string_column_int_fill	other	AssertionError: assert '999' is None
tests/unit/dataframe/test_fillna_subset.py::TestFillnaSubset::test_fillna_subset_string_single_column	other	TypeError: argument 'subset': Can't extract `str` to `Vec`
tests/test_sparkcontext_validation.py::TestSessionValidation::test_lit_does_not_require_active_session	other	AttributeError: type object 'SparkSession' has no attribute '_active_sessions'
tests/unit/dataframe/test_column_astype.py::TestColumnAstype::test_astype_substring_date_pyspark_parity	select_items_type	TypeError: select() items must be str (column name) or Column (expression)
tests/test_issue_453_alias_cast_withcolumn.py::test_alias_cast_select_still_works	other	TypeError: argument 'type_name': 'IntegerType' object cannot be converted to 'PyString'
tests/unit/dataframe/test_inferschema_parity.py::TestInferSchemaParity::test_csv_with_multiple_headers	other	AttributeError: 'builtin_function_or_method' object has no attribute 'option'
tests/test_sparkcontext_validation.py::TestSessionValidation::test_expr_requires_active_session	other	AttributeError: type object 'SparkSession' has no attribute '_active_sessions'
tests/unit/dataframe/test_inferschema_parity.py::TestInferSchemaParity::test_csv_with_time_values	other	AttributeError: 'builtin_function_or_method' object has no attribute 'option'
tests/test_sparkcontext_validation.py::TestSessionValidation::test_when_requires_active_session	other	AttributeError: type object 'SparkSession' has no attribute '_active_sessions'
tests/unit/dataframe/test_fillna_subset.py::TestFillnaSubset::test_fillna_subset_type_mismatch_float_column_string_fill	other	AssertionError: assert 'FREE' is None
tests/unit/dataframe/test_inferschema_parity.py::TestInferSchemaParity::test_create_dataframe_with_boolean_edge_cases	other	AssertionError: flag should be BooleanType
tests/test_issue_453_alias_cast_withcolumn.py::test_alias_cast_withcolumn_then_select	other	TypeError: argument 'type_name': 'IntegerType' object cannot be converted to 'PyString'
tests/test_sparkcontext_validation.py::TestSessionValidation::test_aggregate_functions_require_session	other	AttributeError: type object 'SparkSession' has no attribute '_active_sessions'
tests/unit/dataframe/test_chained_arithmetic.py::TestChainedArithmetic::test_reverse_operations_in_orderby	other	TypeError: 'Column' object cannot be converted to 'PyString'
tests/unit/dataframe/test_column_astype.py::TestColumnAstype::test_astype_boolean	other	RuntimeError: casting from i64 to boolean not supported
tests/test_sparkcontext_validation.py::TestSessionValidation::test_window_functions_require_session	other	AttributeError: type object 'SparkSession' has no attribute '_active_sessions'
tests/unit/dataframe/test_fillna_subset.py::TestFillnaSubset::test_fillna_subset_type_mismatch_boolean_column_string_fill	other	AssertionError: assert 'YES' is None
tests/unit/dataframe/test_inferschema_parity.py::TestInferSchemaParity::test_create_dataframe_with_float_precision	other	AssertionError: value should be DoubleType
tests/unit/dataframe/test_inferschema_parity.py::TestInferSchemaParity::test_csv_with_whitespace_only_values	other	AttributeError: 'builtin_function_or_method' object has no attribute 'option'
tests/test_issue_453_alias_cast_withcolumn.py::test_alias_cast_withcolumn_string_type	other	TypeError: argument 'type_name': 'StringType' object cannot be converted to 'PyString'
tests/test_sparkcontext_validation.py::TestSessionValidation::test_datetime_functions_require_session	other	AttributeError: type object 'SparkSession' has no attribute '_active_sessions'
tests/test_issue_448_drop_duplicates_list_column.py::test_drop_duplicates_empty_list_column_explicit_schema	other	AssertionError: assert ['[', ']'] == []
tests/unit/dataframe/test_inferschema_parity.py::TestInferSchemaParity::test_create_dataframe_with_negative_floats	other	AssertionError: temp should be DoubleType
tests/test_sparkcontext_validation.py::TestSessionValidation::test_multiple_sessions	other	assert <sparkless.sql._session.SparkSession object at 0x114746d60> in [<sparkless.sql._session.SparkSession object at 0x114722f40>, <sparkless.sql._session.SparkSession object at 0x114722040>]
tests/test_issue_453_alias_cast_withcolumn.py::test_alias_cast_withcolumn_double_type	other	TypeError: argument 'type_name': 'DoubleType' object cannot be converted to 'PyString'
tests/unit/dataframe/test_fillna_subset.py::TestFillnaSubset::test_fillna_subset_other_columns_unchanged	other	TypeError: argument 'subset': Can't extract `str` to `Vec`
tests/unit/dataframe/test_inferschema_parity.py::TestInferSchemaParity::test_create_dataframe_with_many_columns	other	AssertionError: col_0 should be LongType
tests/unit/dataframe/test_na_fill.py::TestNaFill::test_na_fill_different_types	other	RuntimeError: got invalid or ambiguous dtypes: '[bool, dyn int]' in expression 'fill_null'
tests/unit/dataframe/test_chained_arithmetic.py::TestChainedArithmetic::test_reverse_operations_with_cast	other	assert None == 5
tests/test_issue_453_alias_cast_withcolumn.py::test_alias_cast_withcolumn_long_type	other	TypeError: argument 'type_name': 'LongType' object cannot be converted to 'PyString'
tests/test_to_timestamp_compatibility.py::TestToTimestampCompatibility::test_to_timestamp_timestamp_type_pass_through	other	AttributeError: 'builtins.Column' object has no attribute 'name'
tests/unit/dataframe/test_fillna_subset.py::TestFillnaSubset::test_fillna_dict_value_ignores_subset	other	TypeError: argument 'subset': Can't extract `str` to `Vec`
tests/unit/dataframe/test_inferschema_parity.py::TestInferSchemaParity::test_create_dataframe_with_all_true_booleans	other	AssertionError: flag should be BooleanType
tests/unit/dataframe/test_join_type_coercion.py::TestJoinTypeCoercion::test_join_int64_with_string	other	AssertionError: assert (1234, 'A', 'X') in {('1234', 'A', 'X'), ('4567', 'B', 'Y')}
tests/test_issue_453_alias_cast_withcolumn.py::test_alias_cast_withcolumn_with_nulls	other	TypeError: argument 'type_name': 'IntegerType' object cannot be converted to 'PyString'
tests/unit/dataframe/test_fillna_subset.py::TestFillnaSubset::test_fillna_subset_nonexistent_column_raises_error	other	TypeError: argument 'subset': Can't extract `str` to `Vec`
tests/unit/dataframe/test_column_astype.py::TestColumnAstype::test_astype_substring_to_date	other	AttributeError: 'builtins.Column' object has no attribute 'name'
tests/unit/dataframe/test_fillna_subset.py::TestFillnaSubset::test_fillna_subset_type_mismatch_dict_value	other	TypeError: replace: to_replace and value must be None, int, float, bool, or str
tests/test_issue_453_alias_cast_withcolumn.py::test_alias_cast_withcolumn_then_filter	other	TypeError: argument 'type_name': 'IntegerType' object cannot be converted to 'PyString'
tests/unit/dataframe/test_inferschema_parity.py::TestInferSchemaParity::test_csv_with_single_character_values	other	AttributeError: 'builtin_function_or_method' object has no attribute 'option'
tests/unit/dataframe/test_join_type_coercion.py::TestJoinTypeCoercion::test_join_int32_with_string	other	AssertionError: assert (100, 'A', 'X') in {('200', 'B', 'Y'), ('100', 'A', 'X')}
tests/unit/dataframe/test_chained_arithmetic.py::TestChainedArithmetic::test_reverse_operations_modulo_by_zero	other	assert nan is None
tests/unit/dataframe/test_inferschema_parity.py::TestInferSchemaParity::test_csv_with_numeric_string_suffixes	other	AttributeError: 'builtin_function_or_method' object has no attribute 'option'
tests/unit/dataframe/test_join_type_coercion.py::TestJoinTypeCoercion::test_join_float_with_string	other	AssertionError: assert (1.5, 'A', 'X') in {('2.5', 'B', 'Y'), ('1.5', 'A', 'X')}
tests/unit/dataframe/test_inferschema_parity.py::TestInferSchemaParity::test_csv_default_no_infer_schema	other	AttributeError: 'builtin_function_or_method' object has no attribute 'option'
tests/unit/dataframe/test_inferschema_parity.py::TestInferSchemaParity::test_csv_explicit_infer_schema_false	other	AttributeError: 'builtin_function_or_method' object has no attribute 'option'
tests/unit/dataframe/test_na_fill.py::TestNaFill::test_na_fill_subset_string	other	TypeError: argument 'subset': Can't extract `str` to `Vec`
tests/unit/dataframe/test_inferschema_parity.py::TestInferSchemaParity::test_csv_with_very_long_column_names	other	AttributeError: 'builtin_function_or_method' object has no attribute 'option'
tests/unit/dataframe/test_na_fill_robust.py::TestNaFillRobust::test_na_fill_partial_dict	other	TypeError: replace: to_replace and value must be None, int, float, bool, or str
tests/unit/dataframe/test_inferschema_parity.py::TestInferSchemaParity::test_create_dataframe_with_infinity_and_nan	other	AssertionError: value should be DoubleType
tests/unit/dataframe/test_robin_plan.py::TestRobinPlan::test_robin_plan_is_json_serializable	other	AttributeError: 'builtins.DataFrame' object has no attribute '_operations_queue'
tests/unit/dataframe/test_join_type_coercion.py::TestJoinTypeCoercionParity::test_pyspark_parity_double_precision_string	other	AssertionError: assert False
tests/unit/dataframe/test_union_type_coercion.py::TestUnionTypeCoercionEdgeCases::test_union_double_with_string	other	TypeError: argument 'other': '_PySparkCompatDataFrame' object cannot be converted to 'DataFrame'
tests/unit/dataframe/test_inferschema_parity.py::TestInferSchemaParity::test_create_dataframe_with_very_small_floats	other	AssertionError: value should be DoubleType
tests/unit/dataframe/test_join_type_coercion.py::TestJoinTypeCoercion::test_join_multiple_keys_with_type_mismatch	other	AssertionError: assert (1234, 'A', 'X', 'M') in {('1234', 'A', 'X', 'M'), ('4567', 'B', 'Y', 'N')}
tests/unit/dataframe/test_pivot_grouped_data.py::TestPivotGroupedData::test_pivot_count	other	AttributeError: 'builtins.GroupedData' object has no attribute 'pivot'
tests/unit/dataframe/test_inferschema_parity.py::TestInferSchemaParity::test_csv_with_special_characters_in_column_names	other	AttributeError: 'builtin_function_or_method' object has no attribute 'option'
tests/unit/dataframe/test_join_type_coercion.py::TestJoinTypeCoercion::test_join_type_coercion_parity_pyspark	other	AssertionError: assert '1234' == 1234
tests/unit/dataframe/test_pivot_grouped_data.py::TestPivotGroupedData::test_pivot_max	other	AttributeError: 'builtins.GroupedData' object has no attribute 'pivot'
tests/unit/dataframe/test_union_type_coercion.py::TestUnionTypeCoercionEdgeCases::test_union_float_with_double	other	TypeError: argument 'other': '_PySparkCompatDataFrame' object cannot be converted to 'DataFrame'
tests/unit/dataframe/test_inferschema_parity.py::TestInferSchemaParity::test_create_dataframe_with_very_large_floats	other	AssertionError: value should be DoubleType
tests/unit/dataframe/test_string_arithmetic.py::TestStringArithmetic::test_string_arithmetic_with_orderby	other	TypeError: 'Column' object cannot be converted to 'PyString'
tests/unit/dataframe/test_pivot_grouped_data.py::TestPivotGroupedData::test_pivot_min	other	AttributeError: 'builtins.GroupedData' object has no attribute 'pivot'
tests/unit/dataframe/test_inferschema_parity.py::TestInferSchemaParity::test_csv_with_unicode_in_column_names	other	AttributeError: 'builtin_function_or_method' object has no attribute 'option'
tests/unit/dataframe/test_join_type_coercion.py::TestJoinTypeCoercionParity::test_pyspark_parity_null_values_in_join_keys	other	AssertionError: assert (100 in {'100', '200'} or 100.0 in {'100', '200'})
tests/unit/dataframe/test_join_type_coercion.py::TestJoinTypeCoercion::test_join_left_outer_with_type_mismatch	other	AssertionError: assert 1234 in {'4567', '1234', '9999'}
tests/unit/dataframe/test_union_type_coercion.py::TestUnionTypeCoercionEdgeCases::test_union_negative_numbers	other	TypeError: argument 'other': '_PySparkCompatDataFrame' object cannot be converted to 'DataFrame'
tests/unit/dataframe/test_na_fill_robust.py::TestNaFillRobust::test_na_fill_type_mismatch_silently_ignored	other	AssertionError: assert '1' == 1
tests/unit/dataframe/test_inferschema_parity.py::TestInferSchemaParity::test_create_dataframe_with_all_float_zeros	other	AssertionError: value should be DoubleType
tests/unit/dataframe/test_pivot_grouped_data.py::TestPivotGroupedData::test_pivot_count_distinct	other	AttributeError: 'builtins.GroupedData' object has no attribute 'pivot'
tests/unit/dataframe/test_na_fill_robust.py::TestNaFillRobust::test_na_fill_with_groupby	str_to_column	TypeError: argument 'col': 'str' object cannot be converted to 'Column'
tests/unit/dataframe/test_string_arithmetic.py::TestStringArithmetic::test_string_arithmetic_with_groupby_aggregation	other	assert None == 30.0
tests/unit/dataframe/test_pivot_grouped_data.py::TestPivotGroupedData::test_pivot_collect_list	other	AttributeError: 'builtins.GroupedData' object has no attribute 'pivot'
tests/unit/dataframe/test_inferschema_parity.py::TestInferSchemaParity::test_csv_with_duplicate_column_names	other	AttributeError: 'builtin_function_or_method' object has no attribute 'option'
tests/unit/dataframe/test_na_fill_robust.py::TestNaFillRobust::test_na_fill_dict_ignores_subset	other	TypeError: replace: to_replace and value must be None, int, float, bool, or str
tests/unit/dataframe/test_join_type_coercion.py::TestJoinTypeCoercionParity::test_pyspark_parity_invalid_numeric_strings	other	AssertionError: assert (1234 in {'1234', '4567'} or 1234.0 in {'1234', '4567'})
tests/unit/dataframe/test_inferschema_parity.py::TestInferSchemaParity::test_create_dataframe_with_all_integer_zeros	other	AssertionError: value should be LongType
tests/unit/dataframe/test_union_type_coercion.py::TestUnionTypeCoercionEdgeCases::test_union_zero_values	other	TypeError: argument 'other': '_PySparkCompatDataFrame' object cannot be converted to 'DataFrame'
tests/unit/dataframe/test_join_type_coercion.py::TestJoinTypeCoercionParity::test_pyspark_parity_int64_string_inner	other	AssertionError: assert False
tests/unit/dataframe/test_string_arithmetic.py::TestStringArithmetic::test_string_arithmetic_chained_with_cast	other	assert None == 5
tests/unit/dataframe/test_pivot_grouped_data.py::TestPivotGroupedData::test_pivot_collect_set	other	AttributeError: 'builtins.GroupedData' object has no attribute 'pivot'
tests/unit/dataframe/test_inferschema_parity.py::TestInferSchemaParity::test_create_dataframe_with_only_one_row	other	AssertionError: age should be LongType
tests/unit/dataframe/test_union_type_coercion.py::TestUnionTypeCoercion::test_union_int64_with_string	other	TypeError: argument 'other': '_PySparkCompatDataFrame' object cannot be converted to 'DataFrame'
tests/unit/dataframe/test_inferschema_parity.py::TestInferSchemaParity::test_create_dataframe_with_all_false_booleans	other	AssertionError: flag should be BooleanType
tests/unit/dataframe/test_na_fill_robust.py::TestNaFillRobust::test_na_fill_with_union	other	TypeError: argument 'other': '_PySparkCompatDataFrame' object cannot be converted to 'DataFrame'
tests/unit/dataframe/test_join_type_coercion.py::TestJoinTypeCoercionParity::test_pyspark_parity_multiple_keys_complex	other	AssertionError: assert ((100, 'A') in {('100', 'A'), ('200', 'B')} or (100.0, 'A') in {('100', 'A'), ('200', 'B')})
tests/unit/dataframe/test_pivot_grouped_data.py::TestPivotGroupedData::test_pivot_first	other	AttributeError: 'builtins.GroupedData' object has no attribute 'pivot'
tests/unit/dataframe/test_union_type_coercion.py::TestUnionTypeCoercionEdgeCases::test_union_large_numbers	other	TypeError: argument 'other': '_PySparkCompatDataFrame' object cannot be converted to 'DataFrame'
tests/unit/dataframe/test_withfield.py::TestWithField::test_withfield_combined_with_select	other	AttributeError: 'builtins.Column' object has no attribute 'withField'
tests/examples/test_unified_infrastructure_example.py::TestUnifiedInfrastructure::test_comparison	other	AssertionError: Schema mismatch
tests/unit/dataframe/test_pivot_grouped_data.py::TestPivotGroupedData::test_pivot_last	other	AttributeError: 'builtins.GroupedData' object has no attribute 'pivot'
tests/unit/dataframe/test_union_type_coercion.py::TestUnionTypeCoercion::test_union_string_with_int64	other	TypeError: argument 'other': '_PySparkCompatDataFrame' object cannot be converted to 'DataFrame'
tests/unit/dataframe/test_union_type_coercion.py::TestUnionTypeCoercionParityRobust::test_pyspark_parity_float_string_decimal_values	other	TypeError: argument 'other': '_PySparkCompatDataFrame' object cannot be converted to 'DataFrame'
tests/unit/dataframe/test_withfield.py::TestWithField::test_withfield_all_null_structs	other	AttributeError: 'builtins.Column' object has no attribute 'withField'
tests/unit/dataframe/test_union_type_coercion.py::TestUnionTypeCoercionEdgeCases::test_union_decimal_precision	other	TypeError: argument 'other': '_PySparkCompatDataFrame' object cannot be converted to 'DataFrame'
tests/unit/dataframe/test_pivot_grouped_data.py::TestPivotGroupedData::test_pivot_stddev	other	AttributeError: 'builtins.GroupedData' object has no attribute 'pivot'
tests/unit/dataframe/test_union_type_coercion.py::TestUnionTypeCoercion::test_union_int32_with_string	other	TypeError: argument 'other': '_PySparkCompatDataFrame' object cannot be converted to 'DataFrame'
tests/unit/dataframe/test_union_type_coercion.py::TestUnionTypeCoercionParityRobust::test_pyspark_parity_schema_verification	other	TypeError: argument 'other': '_PySparkCompatDataFrame' object cannot be converted to 'DataFrame'
tests/unit/dataframe/test_pivot_grouped_data.py::TestPivotGroupedData::test_pivot_variance	other	AttributeError: 'builtins.GroupedData' object has no attribute 'pivot'
tests/unit/dataframe/test_withfield.py::TestWithField::test_withfield_empty_dataframe	other	AttributeError: 'builtins.Column' object has no attribute 'withField'
tests/unit/dataframe/test_union_type_coercion.py::TestUnionTypeCoercionEdgeCases::test_union_scientific_notation_strings	other	TypeError: argument 'other': '_PySparkCompatDataFrame' object cannot be converted to 'DataFrame'
tests/unit/dataframe/test_withfield.py::TestWithField::test_withfield_different_data_types	other	AttributeError: 'builtins.Column' object has no attribute 'withField'
tests/unit/dataframe/test_na_fill_robust.py::TestNaFillRobust::test_na_fill_boolean_false	other	RuntimeError: got invalid or ambiguous dtypes: '[bool, dyn int]' in expression 'fill_null'
tests/unit/dataframe/test_pivot_grouped_data.py::TestPivotGroupedData::test_pivot_mean	other	AttributeError: 'builtins.GroupedData' object has no attribute 'pivot'
tests/unit/dataframe/test_union_type_coercion.py::TestUnionTypeCoercion::test_union_float_with_string	other	TypeError: argument 'other': '_PySparkCompatDataFrame' object cannot be converted to 'DataFrame'
tests/unit/dataframe/test_union_type_coercion.py::TestUnionTypeCoercionParityRobust::test_pyspark_parity_multiple_columns_comprehensive	other	TypeError: argument 'other': '_PySparkCompatDataFrame' object cannot be converted to 'DataFrame'
tests/unit/dataframe/test_join_type_coercion.py::TestJoinTypeCoercionParity::test_pyspark_parity_mixed_numeric_strings	other	AssertionError: assert (0 in {'123', '999', '0', '-456'} or 0.0 in {'123', '999', '0', '-456'})
tests/unit/dataframe/test_withfield.py::TestWithField::test_withfield_reference_other_struct_field	other	AttributeError: 'builtins.Column' object has no attribute 'withField'
tests/unit/dataframe/test_pivot_grouped_data.py::TestPivotGroupedData::test_pivot_multiple_aggregates	other	AttributeError: 'builtins.GroupedData' object has no attribute 'pivot'
tests/unit/dataframe/test_union_type_coercion.py::TestUnionTypeCoercionEdgeCases::test_union_multiple_numeric_types	other	TypeError: argument 'other': '_PySparkCompatDataFrame' object cannot be converted to 'DataFrame'
tests/unit/dataframe/test_withfield.py::TestWithField::test_withfield_nested_struct	other	AttributeError: 'builtins.Column' object has no attribute 'withField'
tests/unit/dataframe/test_string_arithmetic.py::TestStringArithmetic::test_string_arithmetic_result_type	other	AssertionError: assert False
tests/unit/dataframe/test_na_fill_robust.py::TestNaFillRobust::test_na_fill_boolean_true	other	RuntimeError: got invalid or ambiguous dtypes: '[bool, dyn int]' in expression 'fill_null'
tests/unit/dataframe/test_pivot_grouped_data.py::TestPivotGroupedData::test_pivot_single_aggregate_with_alias	other	AttributeError: 'builtins.GroupedData' object has no attribute 'pivot'
tests/unit/dataframe/test_union_type_coercion.py::TestUnionTypeCoercion::test_union_int32_with_int64	other	TypeError: argument 'other': '_PySparkCompatDataFrame' object cannot be converted to 'DataFrame'
tests/unit/dataframe/test_join_type_coercion.py::TestJoinTypeCoercionParity::test_pyspark_parity_scientific_notation_strings	other	assert 0 == 1
tests/unit/dataframe/test_union_type_coercion.py::TestUnionTypeCoercionParityRobust::test_pyspark_parity_order_preservation	other	TypeError: argument 'other': '_PySparkCompatDataFrame' object cannot be converted to 'DataFrame'
tests/unit/dataframe/test_withfield.py::TestWithField::test_withfield_with_string_functions	other	AttributeError: 'builtins.Column' object has no attribute 'withField'
tests/unit/dataframe/test_withfield.py::TestWithField::test_withfield_nested_struct_arithmetic	other	AttributeError: 'builtins.Column' object has no attribute 'withField'
tests/unit/dataframe/test_pivot_grouped_data.py::TestPivotGroupedData::test_pivot_empty_groups	other	AttributeError: 'builtins.GroupedData' object has no attribute 'pivot'
tests/unit/dataframe/test_na_fill_robust.py::TestNaFillRobust::test_na_fill_large_dict	other	TypeError: replace: to_replace and value must be None, int, float, bool, or str
tests/unit/dataframe/test_union_type_coercion.py::TestUnionTypeCoercionEdgeCases::test_union_chained_unions	other	TypeError: argument 'other': '_PySparkCompatDataFrame' object cannot be converted to 'DataFrame'
tests/unit/dataframe/test_withfield.py::TestWithField::test_withfield_empty_struct	other	AttributeError: 'builtins.Column' object has no attribute 'withField'
tests/unit/dataframe/test_union_type_coercion.py::TestUnionTypeCoercion::test_union_int_with_float	other	TypeError: argument 'other': '_PySparkCompatDataFrame' object cannot be converted to 'DataFrame'
tests/unit/dataframe/test_withfield.py::TestWithField::test_withfield_nested_struct_conditional	other	AttributeError: 'builtins.Column' object has no attribute 'withField'
tests/unit/dataframe/test_withfield.py::TestWithField::test_withfield_chained_multiple_times	other	AttributeError: 'builtins.Column' object has no attribute 'withField'
tests/unit/dataframe/test_union_type_coercion.py::TestUnionTypeCoercionParityRobust::test_pyspark_parity_union_by_name_with_type_mismatch	other	RuntimeError: type String is incompatible with expected type Int64
tests/unit/dataframe/test_robin_plan.py::TestRobinPlan::test_filter_select_limit_robin_plan	other	AttributeError: 'builtins.DataFrame' object has no attribute '_operations_queue'
tests/unit/dataframe/test_union_type_coercion.py::TestUnionTypeCoercionEdgeCases::test_union_empty_dataframe	other	TypeError: argument 'other': '_PySparkCompatDataFrame' object cannot be converted to 'DataFrame'
tests/unit/dataframe/test_withfield.py::TestWithField::test_withfield_replace_then_add	other	AttributeError: 'builtins.Column' object has no attribute 'withField'
tests/unit/dataframe/test_join_type_coercion.py::TestJoinTypeCoercionParity::test_pyspark_parity_schema_verification	other	AssertionError: assert not True
tests/unit/dataframe/test_withfield.py::TestWithField::test_withfield_nested_struct_with_outer_column	other	AttributeError: 'builtins.Column' object has no attribute 'withField'
tests/unit/dataframe/test_union_type_coercion.py::TestUnionTypeCoercion::test_union_issue_242_exact_scenario	other	TypeError: argument 'other': '_PySparkCompatDataFrame' object cannot be converted to 'DataFrame'
tests/unit/dataframe/test_withfield.py::TestWithField::test_withfield_with_arithmetic_operations	other	AttributeError: 'builtins.Column' object has no attribute 'withField'
tests/unit/dataframe/test_union_type_coercion.py::TestUnionTypeCoercionParityRobust::test_pyspark_parity_large_dataset	other	TypeError: argument 'other': '_PySparkCompatDataFrame' object cannot be converted to 'DataFrame'
tests/unit/dataframe/test_na_fill_robust.py::TestNaFillRobust::test_na_fill_preserves_non_null_values	other	TypeError: replace: to_replace and value must be None, int, float, bool, or str
tests/unit/dataframe/test_union_type_coercion.py::TestUnionTypeCoercionEdgeCases::test_union_all_null_columns	other	TypeError: argument 'other': '_PySparkCompatDataFrame' object cannot be converted to 'DataFrame'
tests/unit/dataframe/test_withfield.py::TestWithField::test_withfield_deeply_nested_struct	other	AttributeError: 'builtins.Column' object has no attribute 'withField'
tests/unit/dataframe/test_withfield.py::TestWithField::test_withfield_nested_struct_chained_operations	other	AttributeError: 'builtins.Column' object has no attribute 'withField'
tests/unit/dataframe/test_union_type_coercion.py::TestUnionTypeCoercionParity::test_pyspark_parity_int64_string	other	TypeError: argument 'other': '_PySparkCompatDataFrame' object cannot be converted to 'DataFrame'
tests/unit/dataframe/test_withfield.py::TestWithField::test_withfield_preserves_all_existing_fields	other	AttributeError: 'builtins.Column' object has no attribute 'withField'
tests/unit/dataframe/test_union_type_coercion.py::TestUnionTypeCoercionParityRobust::test_pyspark_parity_numeric_promotion_order	other	TypeError: argument 'other': '_PySparkCompatDataFrame' object cannot be converted to 'DataFrame'
tests/unit/dataframe/test_na_fill.py::TestNaFill::test_na_fill_dict	other	TypeError: replace: to_replace and value must be None, int, float, bool, or str
tests/unit/dataframe/test_pivot_grouped_data.py::TestPivotGroupedData::test_pivot_sum	other	AttributeError: 'builtins.GroupedData' object has no attribute 'pivot'
tests/unit/dataframe/test_union_type_coercion.py::TestUnionTypeCoercionEdgeCases::test_union_mixed_nulls_and_values	other	TypeError: argument 'other': '_PySparkCompatDataFrame' object cannot be converted to 'DataFrame'
tests/unit/dataframe/test_withfield.py::TestWithField::test_withfield_with_complex_expression	other	AttributeError: 'builtins.Column' object has no attribute 'withField'
tests/unit/dataframe/test_withfield.py::TestWithField::test_withfield_nested_struct_reference_other_nested	other	AttributeError: 'builtins.Column' object has no attribute 'withField'
tests/unit/dataframe/test_withfield.py::TestWithField::test_withfield_nested_struct_field_access	other	AttributeError: 'builtins.Column' object has no attribute 'withField'
tests/unit/dataframe/test_pivot_grouped_data.py::TestPivotGroupedData::test_pivot_avg	other	AttributeError: 'builtins.GroupedData' object has no attribute 'pivot'
tests/unit/functions/test_column_ordering.py::TestColumnOrderingNulls::test_column_methods_exist	other	AssertionError: assert False
tests/unit/functions/test_first_ignorenulls.py::TestFirstIgnoreNulls::test_first_ignorenulls_no_nulls	str_to_column	TypeError: argument 'col': 'str' object cannot be converted to 'Column'
tests/unit/dataframe/test_union_type_coercion.py::TestUnionTypeCoercionParity::test_pyspark_parity_string_int64	other	TypeError: argument 'other': '_PySparkCompatDataFrame' object cannot be converted to 'DataFrame'
tests/unit/dataframe/test_withfield.py::TestWithField::test_withfield_add_new_field	other	AttributeError: 'builtins.Column' object has no attribute 'withField'
tests/unit/dataframe/test_union_type_coercion.py::TestUnionTypeCoercionEdgeCases::test_union_three_dataframes	other	TypeError: argument 'other': '_PySparkCompatDataFrame' object cannot be converted to 'DataFrame'
tests/unit/dataframe/test_withfield.py::TestWithField::test_withfield_with_conditional_expression	other	AttributeError: 'builtins.Column' object has no attribute 'withField'
tests/unit/dataframe/test_withfield.py::TestWithField::test_withfield_nested_struct_string_expression	other	AttributeError: 'builtins.Column' object has no attribute 'withField'
tests/unit/dataframe/test_union_type_coercion.py::TestUnionTypeCoercionParity::test_pyspark_parity_multiple_numeric_string_columns	other	TypeError: argument 'other': '_PySparkCompatDataFrame' object cannot be converted to 'DataFrame'
tests/unit/dataframe/test_withfield.py::TestWithField::test_withfield_replace_existing_field	other	AttributeError: 'builtins.Column' object has no attribute 'withField'
tests/unit/functions/test_first_ignorenulls.py::TestFirstIgnoreNulls::test_first_ignorenulls_pyspark_parity	str_to_column	TypeError: argument 'col': 'str' object cannot be converted to 'Column'
tests/unit/dataframe/test_withfield.py::TestWithField::test_withfield_with_cast_operation	other	AttributeError: 'builtins.Column' object has no attribute 'withField'
tests/unit/functions/test_aggregate_function_cast.py::test_aggregate_function_cast_with_string_type	other	AssertionError: Cast column not found
tests/unit/dataframe/test_union_type_coercion.py::TestUnionTypeCoercionParityRobust::test_pyspark_parity_exact_output_match	other	TypeError: argument 'other': '_PySparkCompatDataFrame' object cannot be converted to 'DataFrame'
tests/unit/functions/test_aggregate_function_cast.py::test_aggregate_function_cast_with_data_type	other	TypeError: argument 'type_name': 'StringType' object cannot be converted to 'PyString'
tests/unit/functions/test_first_ignorenulls.py::TestFirstIgnoreNulls::test_first_ignorenulls_multiple_aggregations	str_to_column	TypeError: argument 'col': 'str' object cannot be converted to 'Column'
tests/unit/functions/test_first_ignorenulls.py::TestFirstIgnoreNulls::test_first_ignorenulls_with_numeric_values	str_to_column	TypeError: argument 'col': 'str' object cannot be converted to 'Column'
tests/unit/dataframe/test_withfield.py::TestWithField::test_withfield_multiple_nested_structs	other	AttributeError: 'builtins.Column' object has no attribute 'withField'
tests/unit/dataframe/test_withfield.py::TestWithField::test_withfield_replace_with_different_type	other	AttributeError: 'builtins.Column' object has no attribute 'withField'
tests/unit/dataframe/test_withfield.py::TestWithField::test_withfield_with_column_expression	other	AttributeError: 'builtins.Column' object has no attribute 'withField'
tests/unit/dataframe/test_union_type_coercion.py::TestUnionTypeCoercionParity::test_pyspark_parity_null_values	other	TypeError: argument 'other': '_PySparkCompatDataFrame' object cannot be converted to 'DataFrame'
tests/unit/functions/test_first_ignorenulls.py::TestFirstIgnoreNulls::test_first_ignorenulls_different_settings_same_group	str_to_column	TypeError: argument 'col': 'str' object cannot be converted to 'Column'
tests/unit/functions/test_aggregate_function_cast.py::test_aggregate_function_cast_column_name_format	other	assert None is not None
tests/unit/dataframe/test_withfield.py::TestWithField::test_withfield_very_deeply_nested_struct	other	AttributeError: 'builtins.Column' object has no attribute 'withField'
tests/unit/functions/test_first_ignorenulls.py::TestFirstIgnoreNulls::test_first_ignorenulls_mixed_types	str_to_column	TypeError: argument 'col': 'str' object cannot be converted to 'Column'
tests/unit/dataframe/test_union_type_coercion.py::TestUnionTypeCoercionParity::test_pyspark_parity_union_by_name	other	RuntimeError: type String is incompatible with expected type Int64
tests/unit/dataframe/test_withfield.py::TestWithField::test_withfield_with_computed_expression	other	AttributeError: 'builtins.Column' object has no attribute 'withField'
tests/unit/functions/test_date_trunc_polars_backend.py::TestDateTruncPolarsBackend::test_date_trunc_month_on_date_column	str_to_column	TypeError: argument 'col': 'str' object cannot be converted to 'Column'
tests/unit/dataframe/test_withfield.py::TestWithField::test_withfield_multiple_fields_in_sequence	other	AttributeError: 'builtins.Column' object has no attribute 'withField'
tests/unit/functions/test_date_trunc_robust.py::TestDateTruncRobust::test_date_trunc_timestamp_core_units	str_to_column	TypeError: argument 'col': 'str' object cannot be converted to 'Column'
tests/unit/functions/test_first_ignorenulls.py::TestFirstIgnoreNulls::test_first_ignorenulls_with_column_expression	other	AssertionError: assert None == 'A'
tests/unit/functions/test_first_ignorenulls.py::TestFirstIgnoreNulls::test_first_ignorenulls_null_at_different_positions	str_to_column	TypeError: argument 'col': 'str' object cannot be converted to 'Column'
tests/unit/dataframe/test_withfield.py::TestWithField::test_withfield_multiple_chained	other	AttributeError: 'builtins.Column' object has no attribute 'withField'
tests/unit/functions/test_issue_189_string_functions_robust.py::TestIssue189StringFunctionsRobust::test_get_json_object_missing_path_and_invalid_json	str_to_column	TypeError: argument 'col': 'str' object cannot be converted to 'Column'
tests/unit/dataframe/test_withfield.py::TestWithField::test_withfield_with_null_literal	other	AttributeError: 'builtins.Column' object has no attribute 'withField'
tests/unit/functions/test_date_trunc_robust.py::TestDateTruncRobust::test_date_trunc_on_date_column	str_to_column	TypeError: argument 'col': 'str' object cannot be converted to 'Column'
tests/unit/dataframe/test_withfield.py::TestWithField::test_withfield_nested_struct_with_null	other	AttributeError: 'builtins.Column' object has no attribute 'withField'
tests/unit/functions/test_first_ignorenulls.py::TestFirstIgnoreNulls::test_first_ignorenulls_large_group	str_to_column	TypeError: argument 'col': 'str' object cannot be converted to 'Column'
tests/unit/functions/test_first_ignorenulls.py::TestFirstIgnoreNulls::test_first_ignorenulls_with_boolean_values	str_to_column	TypeError: argument 'col': 'str' object cannot be converted to 'Column'
tests/unit/functions/test_issue_189_string_functions_robust.py::TestIssue189StringFunctionsRobust::test_json_tuple_missing_fields_and_invalid_json	str_to_column	TypeError: argument 'col': 'str' object cannot be converted to 'Column'
tests/unit/functions/test_date_trunc_robust.py::TestDateTruncRobust::test_date_trunc_preserves_nulls	str_to_column	TypeError: argument 'col': 'str' object cannot be converted to 'Column'
tests/unit/dataframe/test_withfield.py::TestWithField::test_withfield_with_array_field	other	AttributeError: 'builtins.Column' object has no attribute 'withField'
tests/unit/dataframe/test_withfield.py::TestWithField::test_withfield_null_struct	other	AttributeError: 'builtins.Column' object has no attribute 'withField'
tests/unit/functions/test_first_ignorenulls.py::TestFirstIgnoreNulls::test_first_ignorenulls_type_preservation	str_to_column	TypeError: argument 'col': 'str' object cannot be converted to 'Column'
tests/unit/functions/test_first_ignorenulls.py::TestFirstIgnoreNulls::test_first_ignorenulls_with_float_values	str_to_column	TypeError: argument 'col': 'str' object cannot be converted to 'Column'
tests/unit/functions/test_issue_189_string_functions_robust.py::TestIssue189StringFunctionsRobust::test_regexp_extract_all_multiple_matches_and_nulls	str_to_column	TypeError: argument 'str': 'str' object cannot be converted to 'Column'
tests/unit/functions/test_first_ignorenulls.py::TestFirstIgnoreNulls::test_first_with_ignorenulls_true	str_to_column	TypeError: argument 'col': 'str' object cannot be converted to 'Column'
tests/unit/dataframe/test_withfield.py::TestWithField::test_withfield_combined_with_filter	other	AttributeError: 'builtins.Column' object has no attribute 'withField'
tests/unit/dataframe/test_withfield.py::TestWithField::test_withfield_issue_235_example	other	AttributeError: 'builtins.Column' object has no attribute 'withField'
tests/unit/functions/test_first_ignorenulls.py::TestFirstIgnoreNulls::test_first_ignorenulls_with_empty_strings	str_to_column	TypeError: argument 'col': 'str' object cannot be converted to 'Column'
tests/unit/functions/test_first_ignorenulls.py::TestFirstIgnoreNulls::test_first_ignorenulls_in_select	str_to_column	TypeError: argument 'col': 'str' object cannot be converted to 'Column'
tests/unit/functions/test_first_ignorenulls.py::TestFirstIgnoreNulls::test_first_with_ignorenulls_false	str_to_column	TypeError: argument 'col': 'str' object cannot be converted to 'Column'
tests/unit/functions/test_first_ignorenulls.py::TestFirstIgnoreNulls::test_first_ignorenulls_single_row_group	str_to_column	TypeError: argument 'col': 'str' object cannot be converted to 'Column'
tests/unit/functions/test_first_ignorenulls.py::TestFirstIgnoreNulls::test_first_ignorenulls_with_alias	str_to_column	TypeError: argument 'col': 'str' object cannot be converted to 'Column'
tests/unit/session/test_sql_describe_detail.py::TestDescribeDetail::test_describe_detail_basic	other	RuntimeError: SQL: only SELECT is supported, got Drop { object_type: Table, if_exists: true, names: [ObjectName([Ident { value: "test_detail_basic", quote_style: None }])], cascade: false, restrict: f
tests/unit/functions/test_regexp_extract_all_189.py::test_regexp_extract_all_basic_groups	other	NotImplementedError: regexp_extract_all: group index != 0 is not yet supported; use idx=0 for full match
tests/unit/functions/test_first_ignorenulls.py::TestFirstIgnoreNulls::test_first_default_behavior	str_to_column	TypeError: argument 'col': 'str' object cannot be converted to 'Column'
tests/unit/functions/test_first_ignorenulls.py::TestFirstIgnoreNulls::test_first_ignorenulls_empty_group	str_to_column	TypeError: argument 'col': 'str' object cannot be converted to 'Column'
tests/unit/functions/test_first_ignorenulls.py::TestFirstIgnoreNulls::test_first_ignorenulls_complex_scenario	str_to_column	TypeError: argument 'col': 'str' object cannot be converted to 'Column'
tests/unit/functions/test_first_ignorenulls.py::TestFirstIgnoreNulls::test_first_ignorenulls_with_groupby	str_to_column	TypeError: argument 'col': 'str' object cannot be converted to 'Column'
tests/unit/functions/test_first_ignorenulls.py::TestFirstIgnoreNulls::test_first_ignorenulls_with_orderby	str_to_column	TypeError: argument 'col': 'str' object cannot be converted to 'Column'
tests/unit/functions/test_issue_189_string_functions_robust.py::TestIssue189StringFunctionsRobust::test_translate_edge_cases	select_items_type	TypeError: select() items must be str (column name) or Column (expression)
tests/unit/session/test_sql_describe_detail.py::TestDescribeDetail::test_describe_detail_non_delta_table_raises	other	RuntimeError: SQL: only SELECT is supported, got Drop { object_type: Table, if_exists: true, names: [ObjectName([Ident { value: "test_non_delta", quote_style: None }])], cascade: false, restrict: fals
tests/unit/session/test_sql_describe_detail.py::TestDescribeDetail::test_describe_detail_large_table	other	RuntimeError: SQL: only SELECT is supported, got Drop { object_type: Table, if_exists: true, names: [ObjectName([Ident { value: "test_detail_large", quote_style: None }])], cascade: false, restrict: f
tests/unit/functions/test_first_ignorenulls.py::TestFirstIgnoreNulls::test_first_ignorenulls_all_nulls	str_to_column	TypeError: argument 'col': 'str' object cannot be converted to 'Column'
tests/unit/functions/test_issue_189_string_functions_robust.py::TestIssue189StringFunctionsRobust::test_substring_index_edge_cases	select_items_type	TypeError: select() items must be str (column name) or Column (expression)
tests/examples/test_unified_infrastructure_example.py::TestUnifiedInfrastructure::test_aggregation_comparison	str_to_column	TypeError: argument 'col': 'str' object cannot be converted to 'Column'
tests/unit/session/test_sql_describe_detail.py::TestDescribeDetail::test_describe_detail_matches_delta_table_detail	other	RuntimeError: SQL: only SELECT is supported, got Drop { object_type: Table, if_exists: true, names: [ObjectName([Ident { value: "test_detail_parity", quote_style: None }])], cascade: false, restrict: 
tests/unit/session/test_sql_complex_merge.py::TestComplexMergeBasic::test_merge_with_matched_condition	other	RuntimeError: SQL: only SELECT is supported, got Drop { object_type: Table, if_exists: true, names: [ObjectName([Ident { value: "test_db", quote_style: None }, Ident { value: "target", quote_style: No
tests/unit/session/test_sql_describe_detail.py::TestDescribeDetail::test_describe_detail_different_data_types	other	RuntimeError: SQL: only SELECT is supported, got Drop { object_type: Table, if_exists: true, names: [ObjectName([Ident { value: "test_detail_types", quote_style: None }])], cascade: false, restrict: f
tests/unit/session/test_sql_complex_merge.py::TestMergeNotMatchedBySource::test_merge_not_matched_by_source_no_condition	other	RuntimeError: SQL: only SELECT is supported, got Drop { object_type: Table, if_exists: true, names: [ObjectName([Ident { value: "test_db", quote_style: None }, Ident { value: "target4", quote_style: N
tests/unit/functions/test_issue_189_string_functions_robust.py::TestIssue189StringFunctionsRobust::test_levenshtein_nulls_and_empty_strings	str_to_column	TypeError: argument 'col1': 'str' object cannot be converted to 'Column'
tests/unit/session/test_sql_describe_detail.py::TestDescribeDetail::test_describe_detail_partition_columns	other	RuntimeError: SQL: only SELECT is supported, got Drop { object_type: Table, if_exists: true, names: [ObjectName([Ident { value: "test_detail_partitioned", quote_style: None }])], cascade: false, restr
tests/unit/session/test_sql_in_clause.py::test_sql_in_clause_basic	other	RuntimeError: SQL: only SELECT is supported, got Drop { object_type: Table, if_exists: true, names: [ObjectName([Ident { value: "in_unit_test", quote_style: None }])], cascade: false, restrict: false,
tests/unit/session/test_sql_complex_merge.py::TestComplexMergeBasic::test_merge_multiple_when_matched	other	RuntimeError: SQL: only SELECT is supported, got Drop { object_type: Table, if_exists: true, names: [ObjectName([Ident { value: "test_db", quote_style: None }, Ident { value: "target2", quote_style: N
tests/unit/session/test_sql_create_table_as_select.py::test_create_table_as_select_basic	other	RuntimeError: SQL: only SELECT is supported, got Drop { object_type: Table, if_exists: true, names: [ObjectName([Ident { value: "employees_ctas", quote_style: None }])], cascade: false, restrict: fals
tests/unit/functions/test_issue_189_string_functions_robust.py::TestIssue189StringFunctionsRobust::test_soundex_null_and_empty	str_to_column	TypeError: argument 'col': 'str' object cannot be converted to 'Column'
tests/unit/session/test_sql_complex_merge.py::TestMergeComplexExpressions::test_merge_with_expression_in_set	other	RuntimeError: SQL: only SELECT is supported, got Drop { object_type: Table, if_exists: true, names: [ObjectName([Ident { value: "test_db", quote_style: None }, Ident { value: "target4", quote_style: N
tests/unit/session/test_sql_describe_detail.py::TestDescribeDetail::test_describe_detail_empty_table	other	RuntimeError: SQL: only SELECT is supported, got Drop { object_type: Table, if_exists: true, names: [ObjectName([Ident { value: "test_detail_empty", quote_style: None }])], cascade: false, restrict: f
tests/unit/session/test_sql_cte_robust.py::test_cte_with_join	other	RuntimeError: SQL: only SELECT is supported, got Drop { object_type: Table, if_exists: true, names: [ObjectName([Ident { value: "employees", quote_style: None }])], cascade: false, restrict: false, pu
tests/unit/session/test_sql_complex_merge.py::TestComplexMergeBasic::test_merge_first_clause_wins	other	RuntimeError: SQL: only SELECT is supported, got Drop { object_type: Table, if_exists: true, names: [ObjectName([Ident { value: "test_db", quote_style: None }, Ident { value: "target3", quote_style: N
tests/unit/session/test_sql_like_clause.py::test_sql_like_simple_prefix_pattern	other	RuntimeError: SQL: only SELECT is supported, got Drop { object_type: Table, if_exists: true, names: [ObjectName([Ident { value: "like_unit_test", quote_style: None }])], cascade: false, restrict: fals
tests/unit/session/test_sql_complex_merge.py::TestMergeComplexExpressions::test_merge_with_arithmetic_expression	other	RuntimeError: SQL: only SELECT is supported, got Drop { object_type: Table, if_exists: true, names: [ObjectName([Ident { value: "test_db", quote_style: None }, Ident { value: "target5", quote_style: N
tests/unit/functions/test_issue_189_string_functions_robust.py::TestIssue189StringFunctionsRobust::test_crc32_known_values_and_null	str_to_column	TypeError: argument 'col': 'str' object cannot be converted to 'Column'
tests/unit/session/test_sql_describe_detail.py::TestDescribeDetail::test_describe_detail_nonexistent_table	other	RuntimeError: SQL: only SELECT is supported, got Drop { object_type: Table, if_exists: true, names: [ObjectName([Ident { value: "test_nonexistent_detail", quote_style: None }])], cascade: false, restr
tests/unit/session/test_sql_complex_merge.py::TestMergeNotMatchedBySource::test_merge_delete_not_matched_by_source	other	RuntimeError: SQL: only SELECT is supported, got Drop { object_type: Table, if_exists: true, names: [ObjectName([Ident { value: "test_db", quote_style: None }, Ident { value: "target3", quote_style: N
tests/unit/functions/test_issue_189_string_functions_robust.py::TestIssue189StringFunctionsRobust::test_xxhash64_known_values_and_null	str_to_column	TypeError: argument 'col': 'str' object cannot be converted to 'Column'
tests/unit/session/test_sql_cte_robust.py::test_cte_with_multiple_joins	other	RuntimeError: SQL: only SELECT is supported, got Drop { object_type: Table, if_exists: true, names: [ObjectName([Ident { value: "employees", quote_style: None }])], cascade: false, restrict: false, pu
tests/unit/session/test_sql_update.py::test_update_table_basic	other	RuntimeError: SQL: only SELECT is supported, got Drop { object_type: Table, if_exists: true, names: [ObjectName([Ident { value: "update_test", quote_style: None }])], cascade: false, restrict: false, 
tests/unit/session/test_sql_complex_merge.py::TestMergeInsertAll::test_merge_insert_all	other	RuntimeError: SQL: only SELECT is supported, got Drop { object_type: Table, if_exists: true, names: [ObjectName([Ident { value: "test_db", quote_style: None }, Ident { value: "target5", quote_style: N
tests/unit/session/test_sql_describe_detail.py::TestDescribeDetail::test_describe_detail_multiple_writes	other	RuntimeError: SQL: only SELECT is supported, got Drop { object_type: Table, if_exists: true, names: [ObjectName([Ident { value: "test_detail_multiple", quote_style: None }])], cascade: false, restrict
tests/unit/spark_types/test_array_type_robust.py::TestArrayTypeRobust::test_array_type_elementtype_in_complex_schema	other	assert '["python","spark","data"]' == ['python', 'spark', 'data']
tests/unit/session/test_sql_cte_robust.py::test_cte_with_left_join	other	RuntimeError: SQL: only SELECT is supported, got Drop { object_type: Table, if_exists: true, names: [ObjectName([Ident { value: "employees", quote_style: None }])], cascade: false, restrict: false, pu
tests/unit/session/test_sql_complex_merge.py::TestMergeInsertAll::test_merge_insert_only_unmatched	other	RuntimeError: SQL: only SELECT is supported, got Drop { object_type: Table, if_exists: true, names: [ObjectName([Ident { value: "test_db", quote_style: None }, Ident { value: "target6", quote_style: N
tests/unit/spark_types/test_array_type_robust.py::TestArrayTypeRobust::test_array_type_elementtype_with_all_primitive_types	other	assert '["a","b","c"]' == ['a', 'b', 'c']
tests/unit/session/test_sql_describe_detail.py::TestDescribeDetail::test_describe_detail_complex_schema	other	RuntimeError: SQL: only SELECT is supported, got Drop { object_type: Table, if_exists: true, names: [ObjectName([Ident { value: "test_detail_complex", quote_style: None }])], cascade: false, restrict:
tests/unit/spark_types/test_array_type_robust.py::TestArrayTypeRobust::test_array_type_elementtype_with_select_operation	other	AssertionError: assert '[1,2,3,4,5]' == [1, 2, 3, 4, 5]
tests/unit/session/test_sql_cte_robust.py::test_cte_with_where_clause	other	RuntimeError: SQL: only SELECT is supported, got Drop { object_type: Table, if_exists: true, names: [ObjectName([Ident { value: "employees", quote_style: None }])], cascade: false, restrict: false, pu
tests/unit/session/test_sql_complex_merge.py::TestMergeEdgeCases::test_merge_no_matches	other	RuntimeError: SQL: only SELECT is supported, got Drop { object_type: Table, if_exists: true, names: [ObjectName([Ident { value: "test_db", quote_style: None }, Ident { value: "target7", quote_style: N
tests/unit/spark_types/test_array_type_robust.py::TestArrayTypeRobust::test_array_type_elementtype_nested_arrays	other	assert '[["a","b"],["c","d"],["e"]]' == [['a', 'b'], ['c', 'd'], ['e']]
tests/unit/session/test_sql_describe_detail.py::TestDescribeDetail::test_describe_detail_all_required_columns	other	RuntimeError: SQL: only SELECT is supported, got Drop { object_type: Table, if_exists: true, names: [ObjectName([Ident { value: "test_detail_columns", quote_style: None }])], cascade: false, restrict:
tests/unit/spark_types/test_array_type_robust.py::TestArrayTypeRobust::test_array_type_elementtype_empty_array	other	AssertionError: assert '[]' == []
tests/unit/spark_types/test_array_type_robust.py::TestArrayTypeRobust::test_array_type_elementtype_with_filter_operation	str_to_column	TypeError: argument 'col': 'str' object cannot be converted to 'Column'
tests/unit/spark_types/test_array_type_keywords.py::TestArrayTypeKeywords::test_array_type_in_schema_with_elementtype	other	AttributeError: 'StringType' object has no attribute 'element_type'
tests/unit/session/test_sql_cte_robust.py::test_cte_with_aggregation_after_join	other	RuntimeError: SQL: only SELECT is supported, got Drop { object_type: Table, if_exists: true, names: [ObjectName([Ident { value: "employees", quote_style: None }])], cascade: false, restrict: false, pu
tests/unit/session/test_sql_complex_merge.py::TestMergeEdgeCases::test_merge_empty_source	other	RuntimeError: SQL: only SELECT is supported, got Drop { object_type: Table, if_exists: true, names: [ObjectName([Ident { value: "test_db", quote_style: None }, Ident { value: "target8", quote_style: N
tests/unit/spark_types/test_array_type_robust.py::TestArrayTypeRobust::test_array_type_elementtype_triple_nested	other	AssertionError: assert '[[[1,2],[3,4]],[[5,6],[7,8]]]' == [[[1, 2], [3, 4]], [[5, 6], [7, 8]]]
tests/unit/spark_types/test_array_type_keywords.py::TestArrayTypeKeywords::test_array_type_issue_247_example	other	AssertionError: assert False
tests/unit/spark_types/test_array_type_robust.py::TestArrayTypeRobust::test_array_type_elementtype_with_decimal_type	other	assert 25 == 3
tests/unit/spark_types/test_array_type_robust.py::TestArrayTypeRobust::test_array_type_elementtype_array_with_nulls	other	assert '["a",null,"b",null,"c"]' == ['a', None, 'b', None, 'c']
tests/unit/session/test_sql_describe_detail.py::TestDescribeDetail::test_describe_detail_multiple_partitions	other	RuntimeError: SQL: only SELECT is supported, got Drop { object_type: Table, if_exists: true, names: [ObjectName([Ident { value: "test_detail_multi_partition", quote_style: None }])], cascade: false, r
tests/unit/spark_types/test_array_type_robust.py::TestArrayTypeRobust::test_array_type_elementtype_with_explode_operation	str_to_column	TypeError: argument 'col': 'str' object cannot be converted to 'Column'
tests/unit/session/test_sql_cte_robust.py::test_cte_with_self_join	other	RuntimeError: SQL: only SELECT is supported, got Drop { object_type: Table, if_exists: true, names: [ObjectName([Ident { value: "employees", quote_style: None }])], cascade: false, restrict: false, pu
tests/unit/session/test_sql_complex_merge.py::TestMergeEdgeCases::test_merge_all_matched_deleted	other	RuntimeError: SQL: only SELECT is supported, got Drop { object_type: Table, if_exists: true, names: [ObjectName([Ident { value: "test_db", quote_style: None }, Ident { value: "target9", quote_style: N
tests/unit/spark_types/test_array_type_robust.py::TestArrayTypeRobust::test_array_type_elementtype_with_map_type	other	assert 41 == 2
tests/unit/spark_types/test_array_type_robust.py::TestArrayTypeRobust::test_array_type_elementtype_nullable_array_field	other	AssertionError: assert '[1,2,3]' == [1, 2, 3]
tests/unit/session/test_sql_describe_detail.py::TestDescribeDetail::test_describe_detail_table_properties	other	RuntimeError: SQL: only SELECT is supported, got Drop { object_type: Table, if_exists: true, names: [ObjectName([Ident { value: "test_detail_properties", quote_style: None }])], cascade: false, restri
tests/unit/test_column_case_variations.py::TestColumnCaseVariations::test_select_all_case_variations	other	AttributeError: 'NoneType' object has no attribute 'fields'
tests/unit/spark_types/test_array_type_robust.py::TestArrayTypeRobust::test_array_type_elementtype_with_withcolumn_operation	str_to_column	TypeError: argument 'col': 'str' object cannot be converted to 'Column'
tests/unit/spark_types/test_array_type_robust.py::TestArrayTypeRobust::test_array_type_elementtype_with_struct_type	other	assert 51 == 2
tests/unit/session/test_sql_describe_detail.py::TestDescribeDetail::test_describe_detail_overwrite_operation	other	RuntimeError: SQL: only SELECT is supported, got Drop { object_type: Table, if_exists: true, names: [ObjectName([Ident { value: "test_detail_overwrite", quote_style: None }])], cascade: false, restric
tests/unit/spark_types/test_array_type_robust.py::TestArrayTypeRobust::test_array_type_elementtype_with_groupby_operation	str_to_column	TypeError: argument 'col': 'str' object cannot be converted to 'Column'
tests/unit/spark_types/test_array_type_robust.py::TestArrayTypeRobust::test_array_type_elementtype_with_nullable_element	other	assert '["a",null,"b",null,"c"]' == ['a', None, 'b', None, 'c']
tests/unit/test_column_case_variations.py::TestColumnCaseVariations::test_join_all_case_variations	other	RuntimeError: not found: ID
tests/unit/test_column_case_variations.py::TestColumnCaseVariations::test_groupBy_all_case_variations	str_to_column	TypeError: argument 'col': 'str' object cannot be converted to 'Column'
tests/unit/session/test_sql_describe_detail.py::TestDescribeDetail::test_describe_detail_special_characters_in_name	other	RuntimeError: SQL: only SELECT is supported, got Drop { object_type: Table, if_exists: true, names: [ObjectName([Ident { value: "test_detail_special_123", quote_style: None }])], cascade: false, restr
tests/unit/test_array_parameter_formats.py::TestArrayParameterFormats::test_array_in_select_statement	select_items_type	TypeError: select() items must be str (column name) or Column (expression)
tests/unit/spark_types/test_array_type_robust.py::TestArrayTypeRobust::test_array_type_elementtype_with_union_operation	other	TypeError: argument 'other': '_PySparkCompatDataFrame' object cannot be converted to 'DataFrame'
tests/unit/spark_types/test_array_type_robust.py::TestArrayTypeRobust::test_array_type_elementtype_with_non_nullable_array	other	assert False
tests/integration/test_case_sensitivity.py::TestCaseSensitivityConfiguration::test_default_case_insensitive	other	AttributeError: 'builtin_function_or_method' object has no attribute 'is_case_sensitive'
tests/unit/test_column_case_variations.py::TestColumnCaseVariations::test_agg_all_case_variations	str_to_column	TypeError: argument 'col': 'str' object cannot be converted to 'Column'
tests/unit/spark_types/test_array_type_robust.py::TestArrayTypeRobust::test_array_type_elementtype_with_date_type	other	assert 40 == 3
tests/integration/test_case_sensitivity.py::TestCaseSensitivityConfiguration::test_case_sensitive_mode	other	AttributeError: 'builtin_function_or_method' object has no attribute 'is_case_sensitive'
tests/unit/test_column_case_variations.py::TestColumnCaseVariations::test_rollup_cube_all_case_variations	other	TypeError: DataFrame.rollup() takes 1 positional arguments but 2 were given
tests/unit/test_column_case_variations.py::TestColumnCaseVariations::test_selectExpr_all_case_variations	other	TypeError: argument 'exprs': Can't extract `str` to `Vec`
tests/unit/test_create_map.py::TestCreateMap::test_create_map_with_empty_string_keys	select_items_type	TypeError: select() items must be str (column name) or Column (expression)
tests/unit/test_column_case_variations.py::TestColumnCaseVariations::test_pivot_all_case_variations	other	AttributeError: 'builtins.GroupedData' object has no attribute 'pivot'
tests/unit/spark_types/test_array_type_robust.py::TestArrayTypeRobust::test_array_type_elementtype_with_timestamp_type	other	assert 45 == 2
tests/unit/test_create_map.py::TestCreateMap::test_create_map_with_computed_values	select_items_type	TypeError: select() items must be str (column name) or Column (expression)
tests/unit/test_column_case_variations.py::TestColumnCaseVariations::test_sampleBy_all_case_variations	other	AttributeError: 'builtins.DataFrame' object has no attribute 'sampleBy'
tests/unit/test_column_case_variations.py::TestColumnCaseVariations::test_chained_operations_all_cases	str_to_column	TypeError: argument 'col': 'str' object cannot be converted to 'Column'
tests/integration/test_case_sensitivity.py::TestCaseSensitivityConfiguration::test_case_insensitive_groupBy	str_to_column	TypeError: argument 'col': 'str' object cannot be converted to 'Column'
tests/unit/test_create_map.py::TestCreateMap::test_create_map_with_column_values	select_items_type	TypeError: select() items must be str (column name) or Column (expression)
tests/unit/test_create_map.py::TestCreateMap::test_create_map_after_union	select_items_type	TypeError: select() items must be str (column name) or Column (expression)
tests/unit/test_create_map.py::TestCreateMap::test_create_map_multiple_maps_in_select	select_items_type	TypeError: select() items must be str (column name) or Column (expression)
tests/unit/test_create_map.py::TestCreateMap::test_create_map_empty_multiple_times	select_items_type	TypeError: select() items must be str (column name) or Column (expression)
tests/unit/test_column_case_variations.py::TestColumnCaseVariations::test_freqItems_all_case_variations	other	AttributeError: 'builtins.DataFrame' object has no attribute 'freqItems'
tests/unit/test_create_map.py::TestCreateMap::test_create_map_empty_list_in_select	select_items_type	TypeError: select() items must be str (column name) or Column (expression)
tests/unit/test_column_case_variations.py::TestColumnCaseVariations::test_subset_operations_with_case_variations	other	TypeError: argument 'other': '_PySparkCompatDataFrame' object cannot be converted to 'DataFrame'
tests/integration/test_case_sensitivity.py::TestCaseSensitivityConfiguration::test_case_insensitive_join	other	RuntimeError: not found: ID
tests/unit/test_create_map.py::TestCreateMap::test_create_map_multiple_pairs	select_items_type	TypeError: select() items must be str (column name) or Column (expression)
tests/unit/test_create_map.py::TestCreateMap::test_create_map_with_null_keys	select_items_type	TypeError: select() items must be str (column name) or Column (expression)
tests/unit/test_column_case_variations.py::TestColumnCaseVariations::test_crosstab_all_case_variations	other	AttributeError: 'builtins.DataFrame' object has no attribute 'crosstab'
tests/unit/test_column_case_variations.py::TestColumnCaseVariations::test_expressions_with_case_variations	other	AttributeError: 'builtins.Column' object has no attribute 'name'
tests/unit/test_create_map.py::TestCreateMap::test_create_map_empty_with_computed_columns	select_items_type	TypeError: select() items must be str (column name) or Column (expression)
tests/unit/test_create_map.py::TestCreateMap::test_create_map_all_literals	select_items_type	TypeError: select() items must be str (column name) or Column (expression)
tests/unit/test_create_map.py::TestCreateMap::test_create_map_with_null_values	select_items_type	TypeError: select() items must be str (column name) or Column (expression)
tests/unit/test_create_map.py::TestCreateMap::test_create_map_with_special_characters_in_keys	select_items_type	TypeError: select() items must be str (column name) or Column (expression)
tests/unit/test_create_map.py::TestCreateMap::test_create_map_large_number_of_pairs	select_items_type	TypeError: select() items must be str (column name) or Column (expression)
tests/integration/test_case_sensitivity.py::TestCaseSensitivityConfiguration::test_case_sensitive_withColumn_fails_with_wrong_case	other	AttributeError: module 'robin_sparkless' has no attribute 'upper'
tests/unit/test_column_case_variations.py::TestColumnCaseVariations::test_complex_query_all_case_variations	str_to_column	TypeError: argument 'col': 'str' object cannot be converted to 'Column'
tests/unit/test_create_map.py::TestCreateMap::test_create_map_empty_in_nested_expressions	select_items_type	TypeError: select() items must be str (column name) or Column (expression)
tests/unit/test_create_map.py::TestCreateMap::test_create_map_nested_in_expressions	select_items_type	TypeError: select() items must be str (column name) or Column (expression)
tests/unit/test_create_map.py::TestCreateMap::test_create_map_with_numeric_types	select_items_type	TypeError: select() items must be str (column name) or Column (expression)
tests/unit/test_column_case_variations.py::TestColumnCaseVariations::test_issue_264_withColumn_case_insensitive	other	AttributeError: 'builtins.Column' object has no attribute 'name'
tests/unit/test_column_case_variations.py::TestColumnCaseVariations::test_distinct_with_case_variations	other	TypeError: argument 'other': '_PySparkCompatDataFrame' object cannot be converted to 'DataFrame'
tests/unit/test_create_map.py::TestCreateMap::test_create_map_empty_in_select	select_items_type	TypeError: select() items must be str (column name) or Column (expression)
tests/unit/test_column_case_variations.py::TestColumnCaseVariations::test_attribute_access_all_case_variations	other	AttributeError: 'builtins.Column' object has no attribute 'name'
tests/unit/test_create_map.py::TestCreateMap::test_create_map_empty_list_multiple_times	select_items_type	TypeError: select() items must be str (column name) or Column (expression)
tests/unit/test_create_map.py::TestCreateMap::test_create_map_empty_list_and_create_map_equivalent	select_items_type	TypeError: select() items must be str (column name) or Column (expression)
tests/integration/test_case_sensitivity.py::TestCaseSensitivityConfiguration::test_case_sensitive_groupBy_fails_with_wrong_case	str_to_column	TypeError: argument 'col': 'str' object cannot be converted to 'Column'
tests/unit/test_first_method.py::TestDataFrameFirst::test_first_with_different_data_types	other	assert <builtins.Column object at 0x10cbaaa30> is True
tests/unit/test_create_map.py::TestCreateMap::test_create_map_with_boolean_values	select_items_type	TypeError: select() items must be str (column name) or Column (expression)
tests/unit/test_column_case_variations.py::TestColumnCaseVariations::test_unpivot_all_case_variations	other	AttributeError: 'builtins.DataFrame' object has no attribute 'unpivot'
tests/unit/test_column_case_variations.py::TestColumnCaseVariations::test_fillna_all_case_variations	other	TypeError: replace: to_replace and value must be None, int, float, bool, or str
tests/unit/test_issue_270_tuple_dataframe.py::TestIssue270TupleDataFrame::test_tuple_data_with_structtype_schema	other	TypeError: 'function' object is not subscriptable
tests/unit/test_first_method.py::TestDataFrameFirst::test_first_after_union	other	TypeError: argument 'other': '_PySparkCompatDataFrame' object cannot be converted to 'DataFrame'
tests/unit/test_first_method.py::TestDataFrameFirst::test_first_with_null_values	other	assert <builtins.Column object at 0x115f30d30> is None
tests/unit/test_issue_270_tuple_dataframe.py::TestIssue270TupleDataFrame::test_mixed_tuple_and_dict_data	other	TypeError: 'function' object is not subscriptable
tests/unit/test_create_map.py::TestCreateMap::test_create_map_with_literals	select_items_type	TypeError: select() items must be str (column name) or Column (expression)
tests/unit/test_issue_270_tuple_dataframe.py::TestIssue270TupleDataFrame::test_list_data_with_structtype_schema	other	TypeError: 'function' object is not subscriptable
tests/unit/test_issue_270_tuple_dataframe.py::TestIssue270TupleDataFrame::test_tuple_data_with_long_schema	other	TypeError: object of type 'function' has no len()
tests/integration/test_case_sensitivity.py::TestCaseSensitivityConfiguration::test_case_sensitive_attribute_access_requires_exact_case	other	AttributeError: 'builtins.Column' object has no attribute 'name'
tests/unit/test_first_method.py::TestDataFrameFirst::test_first_with_nested_struct	other	TypeError: 'builtins.Column' object is not subscriptable
tests/unit/test_issue_270_tuple_dataframe.py::TestIssue270TupleDataFrame::test_tuple_data_operations_comprehensive	other	TypeError: replace: to_replace and value must be None, int, float, bool, or str
tests/unit/test_first_method.py::TestDataFrameFirst::test_first_empty_dataframe_returns_none	other	assert <sparkless.sql._robin_compat._PySparkCompatDataFrame object at 0x1147dcb80> is None
tests/unit/test_first_method.py::TestDataFrameFirst::test_first_with_all_nulls	other	assert <builtins.Column object at 0x10cbaaa30> is None
tests/unit/test_issue_270_tuple_dataframe.py::TestIssue270TupleDataFrame::test_tuple_data_single_column	other	TypeError: 'function' object is not subscriptable
tests/unit/test_create_map.py::TestCreateMap::test_create_map_empty_list_with_computed_columns	select_items_type	TypeError: select() items must be str (column name) or Column (expression)
tests/unit/test_first_method.py::TestDataFrameFirst::test_first_with_array_column	other	TypeError: arithmetic operands must be Column or scalar (int, float, bool, str, None)
tests/integration/test_case_sensitivity.py::TestCaseSensitivityConfiguration::test_case_sensitive_issue_264_scenario	other	AttributeError: module 'robin_sparkless' has no attribute 'upper'
tests/unit/test_issue_270_tuple_dataframe.py::TestIssue270TupleDataFrame::test_tuple_data_union_operations	other	TypeError: argument 'other': '_PySparkCompatDataFrame' object cannot be converted to 'DataFrame'
tests/unit/test_issue_270_tuple_dataframe.py::TestIssue270TupleDataFrame::test_tuple_data_mismatched_length	other	Failed: DID NOT RAISE <class 'sparkless.core.exceptions.validation.IllegalArgumentException'>
tests/unit/test_first_method.py::TestDataFrameFirst::test_first_after_select	other	Failed: DID NOT RAISE <class 'KeyError'>
tests/unit/test_issue_270_tuple_dataframe.py::TestIssue270TupleDataFrame::test_tuple_data_operations_work	other	TypeError: replace: to_replace and value must be None, int, float, bool, or str
tests/unit/test_issue_270_tuple_dataframe.py::TestIssue270TupleDataFrame::test_tuple_data_empty_dataframe_with_schema	other	TypeError: object of type 'function' has no len()
tests/integration/test_case_sensitivity.py::TestCaseSensitivityConfiguration::test_ambiguity_detection	other	KeyError: "Key 'name' not found in row"
tests/unit/test_issue_270_tuple_dataframe.py::TestIssue270TupleDataFrame::test_tuple_data_empty_schema	other	RuntimeError: create_dataframe_from_rows: schema must not be empty when rows are not empty
tests/unit/test_first_method.py::TestDataFrameFirst::test_first_vs_head_difference	other	TypeError: DataFrame.head() missing 1 required positional argument: 'n'
tests/unit/test_issue_270_tuple_dataframe.py::TestIssue270TupleDataFrame::test_tuple_data_error_message_matches_pyspark	other	Failed: DID NOT RAISE <class 'Exception'>
tests/unit/test_issues_225_231.py::TestIssue227GetItem::test_getItem_with_split_result	other	AttributeError: 'builtins.Column' object has no attribute 'getItem'
tests/unit/test_issues_225_231.py::TestIssue226IsinWithValues::test_isin_with_strings	other	TypeError: Column.isin() takes 1 positional arguments but 2 were given
tests/unit/test_issues_225_231.py::TestIssue226IsinWithValues::test_isin_with_column_method	other	TypeError: Column.isin() takes 1 positional arguments but 2 were given
tests/unit/test_issues_225_231.py::TestIssue226IsinWithValues::test_isin_with_single_value	other	TypeError: 'int' object cannot be converted to 'PyList'
tests/unit/test_issues_225_231.py::TestIssue227GetItem::test_getItem_out_of_bounds	other	AttributeError: 'builtins.Column' object has no attribute 'getItem'
tests/unit/test_issues_225_231.py::TestIssue228RegexLookAheadLookBehind::test_regexp_extract_with_lookbehind	other	RuntimeError: regex error: regex parse error:
tests/unit/test_issues_225_231.py::TestIssue227GetItem::test_getItem_with_map_key	other	AttributeError: 'builtins.Column' object has no attribute 'getItem'
tests/unit/test_issues_225_231.py::TestIssue226IsinWithValues::test_isin_with_star_args	other	TypeError: Column.isin() takes 1 positional arguments but 2 were given
tests/unit/test_issues_225_231.py::TestIssue226IsinWithValues::test_isin_with_mixed_types	other	TypeError: Column.isin() takes 1 positional arguments but 2 were given
tests/unit/test_issues_225_231.py::TestIssue227GetItem::test_getItem_with_array_index	other	AttributeError: 'builtins.Column' object has no attribute 'getItem'
tests/unit/test_issues_225_231.py::TestIssue225StringToNumericCoercion::test_numeric_eq_string	other	RuntimeError: cannot compare string with numeric type (i64)
tests/unit/test_issues_225_231.py::TestIssue227GetItem::test_getItem_negative_index	other	AttributeError: 'builtins.Column' object has no attribute 'getItem'
tests/unit/test_issues_225_231.py::TestIssue228RegexLookAheadLookBehind::test_regexp_extract_with_complex_lookaround	other	RuntimeError: regex error: regex parse error:
tests/unit/test_issues_225_231.py::TestIssue228RegexLookAheadLookBehind::test_regexp_extract_with_lookahead	other	RuntimeError: regex error: regex parse error:
tests/unit/test_issues_225_231.py::TestIssue230CaseInsensitiveColumnMatching::test_selectExpr_case_insensitive	other	TypeError: argument 'exprs': Can't extract `str` to `Vec`
tests/unit/test_issues_225_231.py::TestIssue230CaseInsensitiveColumnMatching::test_groupBy_case_insensitive	str_to_column	TypeError: argument 'col': 'str' object cannot be converted to 'Column'
tests/unit/test_issues_225_231.py::TestIssue230CaseInsensitiveColumnMatching::test_join_case_insensitive	other	RuntimeError: not found: ID
tests/unit/test_window_arithmetic.py::TestWindowFunctionArithmetic::test_window_function_rmul	select_items_type	TypeError: select() items must be str (column name) or Column (expression)
tests/unit/test_window_arithmetic.py::TestWindowFunctionArithmetic::test_window_function_multiply	select_items_type	TypeError: select() items must be str (column name) or Column (expression)
tests/unit/test_window_arithmetic.py::TestWindowFunctionArithmetic::test_lead_with_arithmetic	str_to_column	TypeError: argument 'column': 'str' object cannot be converted to 'Column'
tests/unit/test_window_arithmetic.py::TestWindowFunctionArithmetic::test_window_function_chained_operations	select_items_type	TypeError: select() items must be str (column name) or Column (expression)
tests/unit/test_window_arithmetic.py::TestWindowFunctionArithmetic::test_lag_with_arithmetic	str_to_column	TypeError: argument 'column': 'str' object cannot be converted to 'Column'
tests/unit/test_window_arithmetic.py::TestWindowFunctionArithmetic::test_sum_window_with_arithmetic	str_to_column	TypeError: argument 'col': 'str' object cannot be converted to 'Column'
tests/unit/test_window_arithmetic.py::TestWindowFunctionArithmetic::test_ntile_with_arithmetic	select_items_type	TypeError: select() items must be str (column name) or Column (expression)
tests/unit/test_window_arithmetic.py::TestWindowFunctionArithmetic::test_avg_window_with_arithmetic	str_to_column	TypeError: argument 'col': 'str' object cannot be converted to 'Column'
tests/parity/dataframe/test_filter.py::TestFilterParity::test_filter_with_and_operator	other	AttributeError: 'str' object has no attribute 'fieldNames'
tests/parity/dataframe/test_filter.py::TestFilterParity::test_filter_with_or_operator	other	AttributeError: 'str' object has no attribute 'fieldNames'
tests/parity/dataframe/test_filter_isinstance_ordering.py::TestIsInstanceOrdering::test_logical_operations_in_filters	other	TypeError: bad operand type for unary ~: 'builtins.Column'
tests/parity/dataframe/test_groupby.py::TestGroupByParity::test_aggregation	str_to_column	TypeError: argument 'col': 'str' object cannot be converted to 'Column'
